/var/spool/slurmd/job7908989/slurm_script: line 17: activate: No such file or directory

CondaError: Run 'conda init' before 'conda activate'


Intel MKL ERROR: Parameter 4 was incorrect on entry to DPOTRF.

Intel MKL ERROR: Parameter 6 was incorrect on entry to DGEMV .

Intel MKL ERROR: Parameter 6 was incorrect on entry to DGEMV .

Intel MKL ERROR: Parameter 6 was incorrect on entry to DGEMV .
/leonardo/pub/userexternal/sperego0/software/flare/flare_v1.3.3-fix/flare/md/fake.py:76: UserWarning: FakeMD runs out of frames.
  warnings.warn("FakeMD runs out of frames.")
Warning: stress not available
Warning: stress not available
Warning: stress not available
Warning: stress not available
Warning: stress not available
Warning: stress not available
Warning: stress not available
Warning: stress not available
Warning: stress not available
Warning: stress not available
Precomputing KnK for hyps optimization
Done precomputing. Time: 0.005021095275878906
Hyperparameters:
[2.e+00 1.e-01 5.e-02 1.e-03]
Likelihood gradient:
[-1.15076302e+01  3.63564808e+03  3.46127295e+05  0.00000000e+00]
Likelihood:
-2663.5273299464243


Hyperparameters:
[1.99996642e+00 1.10608242e-01 1.05994429e+00 1.00000000e-03]
Likelihood gradient:
[  -35.10302659    69.69909323 -3931.32050745     0.        ]
Likelihood:
-4514.454628783843


Hyperparameters:
[1.99998886e+00 1.03518847e-01 3.85007408e-01 1.00000000e-03]
Likelihood gradient:
[  -34.20736504   594.92426766 -9704.53046079     0.        ]
Likelihood:
-464.97322684553455


Hyperparameters:
[1.67617703e+00 6.63789528e+00 3.29101208e-01 1.00000000e-03]
Likelihood gradient:
[-2.95346012e+01 -1.33928736e+00 -1.11063174e+04  0.00000000e+00]
Likelihood:
178.11897324118854


Hyperparameters:
[-2.64937875e+01  7.49805641e+00  3.12843335e-01  1.00000000e-03]
Likelihood gradient:
[ 9.13842360e+00 -1.19013321e+00 -1.14765380e+04  0.00000000e+00]
Likelihood:
-176.4682937181242


Hyperparameters:
[-3.98126063e+00  6.81064338e+00  3.25836102e-01  1.00000000e-03]
Likelihood gradient:
[ 4.57764685e+01 -1.30744303e+00 -1.11957703e+04  0.00000000e+00]
Likelihood:
105.03701847858974


Hyperparameters:
[2.17302933e-02 6.68841329e+00 3.28146369e-01 1.00000000e-03]
Likelihood gradient:
[1.38407064e+05 3.24054450e-02 2.18157156e+04 0.00000000e+00]
Likelihood:
-6419.057634197195


Hyperparameters:
[1.13790107e+00 6.65433137e+00 3.28790550e-01 1.00000000e-03]
Likelihood gradient:
[ 4.85146409e+01 -1.33375675e+00 -1.10346065e+04  0.00000000e+00]
Likelihood:
182.52434334114878


Hyperparameters:
[1.42869458e+00 6.64545208e+00 3.28958377e-01 1.00000000e-03]
Likelihood gradient:
[-7.41891582e+00 -1.33710204e+00 -1.10864606e+04  0.00000000e+00]
Likelihood:
184.90058686985958


Hyperparameters:
[1.42226705e+00 6.71246709e+00 3.27718957e-01 1.00000000e-03]
Likelihood gradient:
[-6.46221126e+00 -1.32398939e+00 -1.11152283e+04  0.00000000e+00]
Likelihood:
198.62507001920312


Hyperparameters:
[1.39655694e+00 6.98052714e+00 3.22761277e-01 1.00000000e-03]
Likelihood gradient:
[-2.41535636e+00 -1.27403860e+00 -1.12309160e+04  0.00000000e+00]
Likelihood:
253.82675900093


Hyperparameters:
[1.29371649e+00 8.05276733e+00 3.02930559e-01 1.00000000e-03]
Likelihood gradient:
[ 1.79095537e+01 -1.10606851e+00 -1.17011049e+04  0.00000000e+00]
Likelihood:
479.3752642933032


Hyperparameters:
[8.82354694e-01 1.23417281e+01 2.23607683e-01 1.00000000e-03]
Likelihood gradient:
[ 2.54914919e+02 -7.08517991e-01 -1.32803394e+04  0.00000000e+00]
Likelihood:
1431.7859030950085


Hyperparameters:
[-7.63092495e-01  2.94975713e+01 -9.36838173e-02  1.00000000e-03]
Likelihood gradient:
[-8.74846386e+02 -4.51740621e-02 -2.30465644e+04  0.00000000e+00]
Likelihood:
2315.536813022757


Hyperparameters:
[-7.34488125e+00  9.81209439e+01 -1.36284982e+00  1.00000000e-03]
Likelihood gradient:
[ 2.41626530e+01 -9.19170275e-02  3.05606661e+03  0.00000000e+00]
Likelihood:
-5763.986348409097


Hyperparameters:
[-2.33391391e+00  4.58753474e+01 -3.96585233e-01  1.00000000e-03]
Likelihood gradient:
[ 4.89990983e+01 -1.94153127e-01  9.64530968e+03  0.00000000e+00]
Likelihood:
-566.3756350652939


Hyperparameters:
[-1.11567807e+00  3.31737165e+01 -1.61672876e-01  1.00000000e-03]
Likelihood gradient:
[-1.51551835e+02 -2.18823202e-01  1.25061008e+04  0.00000000e+00]
Likelihood:
2295.2209723548713


Hyperparameters:
[-9.04228785e-01  3.09690935e+01 -1.20899121e-01  1.00000000e-03]
Likelihood gradient:
[-4.28151574e+02 -1.63353181e-01  2.86400837e+03  0.00000000e+00]
Likelihood:
2607.0323370755586


Hyperparameters:
[-6.15294665e+00  3.84184539e+01 -2.58781692e-01  1.00000000e-03]
Likelihood gradient:
[ 3.51052330e+01 -2.30752999e-01  1.29209044e+04  0.00000000e+00]
Likelihood:
809.981398757558


Hyperparameters:
[-1.66715651e+00  3.20518957e+01 -1.40941051e-01  1.00000000e-03]
Likelihood gradient:
[-3.04240319e+00 -2.29078897e-01  1.01267700e+04  0.00000000e+00]
Likelihood:
2567.077242763715


Hyperparameters:
[-1.17571356e+00  3.13544043e+01 -1.28030961e-01  1.00000000e-03]
Likelihood gradient:
[-1.57699553e+02 -1.99735529e-01  6.33849126e+03  0.00000000e+00]
Likelihood:
2646.112246634335


Hyperparameters:
[-1.29637357e+00  3.08436618e+01 -1.18594745e-01  1.00000000e-03]
Likelihood gradient:
[-1.09382648e+02 -1.93418829e-01  2.43835238e+03  0.00000000e+00]
Likelihood:
2704.604556507652


Hyperparameters:
[-1.47801666e+00  3.04603150e+01 -1.11536826e-01  1.00000000e-03]
Likelihood gradient:
[-5.38017991e+01 -1.89103037e-01 -1.69750109e+03  0.00000000e+00]
Likelihood:
2722.2226517088266


Hyperparameters:
[-1.55622229e+00  3.05436426e+01 -1.13104092e-01  1.00000000e-03]
Likelihood gradient:
[-3.40465859e+01 -1.95278572e-01 -5.83925221e+02  0.00000000e+00]
Likelihood:
2727.281020193249


Hyperparameters:
[-1.69045333e+00  3.05845324e+01 -1.13920843e-01  1.00000000e-03]
Likelihood gradient:
[-9.21346974 -0.20117493  3.1154255   0.        ]
Likelihood:
2730.1540049790747


Hyperparameters:
[-1.74006840e+00  3.05816719e+01 -1.13910423e-01  1.00000000e-03]
Likelihood gradient:
[-2.09068897 -0.20257168 13.70812545  0.        ]
Likelihood:
2730.37956039012


Hyperparameters:
[-1.75479412e+00  3.05776152e+01 -1.13869788e-01  1.00000000e-03]
Likelihood gradient:
[-0.15147983 -0.20291327 -7.40371998  0.        ]
Likelihood:
2730.382214672807


Hyperparameters:
[-1.75614741e+00  3.05759145e+01 -1.13863667e-01  1.00000000e-03]
Likelihood gradient:
[  0.02242287  -0.2029526  -10.87458192   0.        ]
Likelihood:
2730.3812538312723


Hyperparameters:
[-1.75488217e+00  3.05775046e+01 -1.13869389e-01  1.00000000e-03]
Likelihood gradient:
[-0.14048644 -0.20291618 -7.62688418  0.        ]
Likelihood:
2730.382160050327


Hyperparameters:
[-1.75480005e+00  3.05776078e+01 -1.13869761e-01  1.00000000e-03]
Likelihood gradient:
[-0.15065319 -0.2029134  -7.41996457  0.        ]
Likelihood:
2730.3822110364526


Hyperparameters:
[-1.75479452e+00  3.05776147e+01 -1.13869786e-01  1.00000000e-03]
Likelihood gradient:
[-0.15152905 -0.20291326 -7.40406994  0.        ]
Likelihood:
2730.38221452832


Hyperparameters:
[-1.75479416e+00  3.05776152e+01 -1.13869787e-01  1.00000000e-03]
Likelihood gradient:
[-0.1519555  -0.20291363 -7.40038183  0.        ]
Likelihood:
2730.3822146542097


Hyperparameters:
[-1.75479413e+00  3.05776152e+01 -1.13869788e-01  1.00000000e-03]
Likelihood gradient:
[-0.15174601 -0.20291342 -7.40239735  0.        ]
Likelihood:
2730.3822147424726


Hyperparameters:
[-1.75479413e+00  3.05776152e+01 -1.13869788e-01  1.00000000e-03]
Likelihood gradient:
[-0.15192585 -0.2029135  -7.40022312  0.        ]
Likelihood:
2730.3822147752753


Hyperparameters:
[-1.75479414e+00  3.05776152e+01 -1.13869788e-01  1.00000000e-03]
Likelihood gradient:
[-0.15215327 -0.20291356 -7.40011821  0.        ]
Likelihood:
2730.3822147235805


Hyperparameters:
[-1.75479413e+00  3.05776152e+01 -1.13869788e-01  1.00000000e-03]
Likelihood gradient:
[-0.1518636  -0.20291352 -7.40032912  0.        ]
Likelihood:
2730.3822147584087


Hyperparameters:
[-1.75479413e+00  3.05776152e+01 -1.13869788e-01  1.00000000e-03]
Likelihood gradient:
[-0.15105475 -0.20291286 -7.4078534   0.        ]
Likelihood:
2730.382214853573


Hyperparameters:
[-1.75479413e+00  3.05776152e+01 -1.13869788e-01  1.00000000e-03]
Likelihood gradient:
[-0.15161596 -0.20291343 -7.40240375  0.        ]
Likelihood:
2730.382214964131


Hyperparameters:
[-1.75479413e+00  3.05776152e+01 -1.13869788e-01  1.00000000e-03]
Likelihood gradient:
[-0.15155346 -0.20291322 -7.40360563  0.        ]
Likelihood:
2730.3822148587396


Hyperparameters:
[-1.75479413e+00  3.05776152e+01 -1.13869788e-01  1.00000000e-03]
Likelihood gradient:
[-0.1518206  -0.20291348 -7.40149591  0.        ]
Likelihood:
2730.38221471985


Hyperparameters:
[-1.75614741e+00  3.05759145e+01 -1.13863667e-01  1.00000000e-03]
Likelihood gradient:
[  0.02218398  -0.20295276 -10.87187771   0.        ]
Likelihood:
2730.381253928006


Hyperparameters:
[-1.75502718e+00  3.05773223e+01 -1.13868734e-01  1.00000000e-03]
Likelihood gradient:
[-0.12147734 -0.20291992 -8.00240261  0.        ]
Likelihood:
2730.382067465487


Hyperparameters:
[-1.75483739e+00  3.05775609e+01 -1.13869592e-01  1.00000000e-03]
Likelihood gradient:
[-0.14587624 -0.20291444 -7.51425371  0.        ]
Likelihood:
2730.382188026526


Hyperparameters:
[-1.75480228e+00  3.05776050e+01 -1.13869751e-01  1.00000000e-03]
Likelihood gradient:
[-0.15027015 -0.20291332 -7.42638326  0.        ]
Likelihood:
2730.3822098001865


Hyperparameters:
[-1.75479569e+00  3.05776133e+01 -1.13869781e-01  1.00000000e-03]
Likelihood gradient:
[-0.15158956 -0.20291335 -7.40683994  0.        ]
Likelihood:
2730.382213856523


Hyperparameters:
[-1.75479445e+00  3.05776148e+01 -1.13869786e-01  1.00000000e-03]
Likelihood gradient:
[-0.1518922  -0.20291354 -7.4016653   0.        ]
Likelihood:
2730.38221442929


Hyperparameters:
[-1.75479418e+00  3.05776152e+01 -1.13869787e-01  1.00000000e-03]
Likelihood gradient:
[-0.15138398 -0.20291315 -7.40491893  0.        ]
Likelihood:
2730.3822146341736


Hyperparameters:
[-1.75479413e+00  3.05776152e+01 -1.13869788e-01  1.00000000e-03]
Likelihood gradient:
[-0.15141382 -0.20291317 -7.40405515  0.        ]
Likelihood:
2730.3822147086785


Hyperparameters:
[-1.75479415e+00  3.05776152e+01 -1.13869788e-01  1.00000000e-03]
Likelihood gradient:
[-0.15118935 -0.202913   -7.40565779  0.        ]
Likelihood:
2730.3822148059917


Hyperparameters:
[-1.75479417e+00  3.05776152e+01 -1.13869787e-01  1.00000000e-03]
Likelihood gradient:
[-0.15141669 -0.20291317 -7.40527904  0.        ]
Likelihood:
2730.382214679821


Hyperparameters:
[-1.75479416e+00  3.05776152e+01 -1.13869787e-01  1.00000000e-03]
Likelihood gradient:
[-0.15158659 -0.2029132  -7.40441984  0.        ]
Likelihood:
2730.382214753541


Hyperparameters:
[-1.75479416e+00  3.05776152e+01 -1.13869787e-01  1.00000000e-03]
Likelihood gradient:
[-0.15185606 -0.20291354 -7.40183916  0.        ]
Likelihood:
2730.3822148378094


Warning: stress not available
Precomputing KnK for hyps optimization
Done precomputing. Time: 0.0060389041900634766
Hyperparameters:
[-1.75479412e+00  3.05776152e+01 -1.13869788e-01  1.00000000e-03]
Likelihood gradient:
[-5.33507835e-02 -3.26522870e-01  5.29223684e+03  0.00000000e+00]
Likelihood:
3325.80501780336


Hyperparameters:
[-1.75480430e+00  3.05775529e+01  8.96130210e-01  1.00000000e-03]
Likelihood gradient:
[ 4.13459007e+01 -3.26775699e-01 -5.12567193e+03  0.00000000e+00]
Likelihood:
-4188.462668503637


Hyperparameters:
[-1.75479518e+00  3.05776087e+01 -8.77399211e-03  1.00000000e-03]
Likelihood gradient:
[-3.20955920e+01 -2.53660586e-01 -7.52274621e+07  0.00000000e+00]
Likelihood:
-315323.54173918726


Hyperparameters:
[-1.75479446e+00  3.05776132e+01 -8.03285011e-02  1.00000000e-03]
Likelihood gradient:
[-1.22541265e+01 -3.23542851e-01 -4.20464310e+04  0.00000000e+00]
Likelihood:
2921.817859835386


Hyperparameters:
[-1.75479419e+00  3.05776148e+01 -1.06782132e-01  1.00000000e-03]
Likelihood gradient:
[-2.53412493e+00 -3.26210901e-01  5.79242681e+02  0.00000000e+00]
Likelihood:
3347.528306095939


Hyperparameters:
[-4.59381459e+00  3.02514421e+01 -1.04416684e-01  1.00000000e-03]
Likelihood gradient:
[ 4.63937785e+01 -3.32311368e-01 -1.24212547e+03  0.00000000e+00]
Likelihood:
3218.6506379834846


Hyperparameters:
[-1.80103044e+00  3.05723027e+01 -1.06743608e-01  1.00000000e-03]
Likelihood gradient:
[ 3.76705603e+00 -3.26459738e-01  5.64577813e+02  0.00000000e+00]
Likelihood:
3347.4757828543106


Hyperparameters:
[-1.76792669e+00  3.05761060e+01 -1.06771190e-01  1.00000000e-03]
Likelihood gradient:
[-6.70934739e-01 -3.26283580e-01  5.75276673e+02  0.00000000e+00]
Likelihood:
3347.5430089098227


Hyperparameters:
[-1.76821686e+00  3.05601714e+01 -1.06728939e-01  1.00000000e-03]
Likelihood gradient:
[-6.44419727e-01 -3.26451408e-01  5.42327084e+02  0.00000000e+00]
Likelihood:
3347.5717240210997


Hyperparameters:
[-1.76937755e+00  3.04964332e+01 -1.06559937e-01  1.00000000e-03]
Likelihood gradient:
[-5.41174651e-01 -3.27125950e-01  4.09885436e+02  0.00000000e+00]
Likelihood:
3347.672575052122


Hyperparameters:
[-1.77293457e+00  3.01512646e+01 -1.06201580e-01  1.00000000e-03]
Likelihood gradient:
[ -0.16943631  -0.33084236 125.87643461   0.        ]
Likelihood:
3347.880035142115


Hyperparameters:
[-1.77851536e+00  2.90955150e+01 -1.05654718e-01  1.00000000e-03]
Likelihood gradient:
[   0.41161313   -0.34276801 -316.90729945    0.        ]
Likelihood:
3348.177702679315


Hyperparameters:
[-1.78351915e+00  2.72205290e+01 -1.05190093e-01  1.00000000e-03]
Likelihood gradient:
[ 9.32688851e-01 -3.66254275e-01 -7.02221936e+02  0.00000000e+00]
Likelihood:
3348.597268714924


Hyperparameters:
[-1.78931634e+00  2.38934498e+01 -1.04669422e-01  1.00000000e-03]
Likelihood gradient:
[ 1.53230327e+00 -4.17071823e-01 -1.14429309e+03  0.00000000e+00]
Likelihood:
3349.4037083023777


Hyperparameters:
[-1.81250512e+00  1.05851329e+01 -1.02586738e-01  1.00000000e-03]
Likelihood gradient:
[ 3.87995470e+00 -9.38071319e-01 -3.02680547e+03  0.00000000e+00]
Likelihood:
3353.1112713326256


Hyperparameters:
[-1.90526022e+00 -4.26481347e+01 -9.42560014e-02  1.00000000e-03]
Likelihood gradient:
[ 1.26406034e+01  2.35119738e-01 -1.27802501e+04  0.00000000e+00]
Likelihood:
3275.287386738062


Hyperparameters:
[-1.81979515e+00  6.40129652e+00 -1.01931989e-01  1.00000000e-03]
Likelihood gradient:
[ 4.60314313e+00 -1.53555067e+00 -3.65848455e+03  0.00000000e+00]
Likelihood:
3355.8595668559446


Hyperparameters:
[-1.82940569e+00  8.85688364e-01 -1.01068824e-01  1.00000000e-03]
Likelihood gradient:
[ 5.51366545e+00 -1.50938303e+00 -4.52162165e+03  0.00000000e+00]
Likelihood:
3367.7935055150647


Hyperparameters:
[-1.86733296e+00 -2.08812232e+01 -9.76624127e-02  1.00000000e-03]
Likelihood gradient:
[ 9.19214462e+00  4.76858540e-01 -8.30589126e+03  0.00000000e+00]
Likelihood:
3318.5573785083598


Hyperparameters:
[-1.83181227e+00 -4.95477420e-01 -1.00852679e-01  1.00000000e-03]
Likelihood gradient:
[    5.6660035    -34.98476426 -4743.89684238     0.        ]
Likelihood:
3363.141181253689


Hyperparameters:
[-1.82942670e+00  8.73632104e-01 -1.01066937e-01  1.00000000e-03]
Likelihood gradient:
[ 5.50869541e+00 -1.25964930e+00 -4.52353744e+03  0.00000000e+00]
Likelihood:
3367.8016137549657


Hyperparameters:
[-1.82946074e+00  8.54098943e-01 -1.01063880e-01  1.00000000e-03]
Likelihood gradient:
[ 5.51746863e+00 -8.04492805e-01 -4.52664728e+03  0.00000000e+00]
Likelihood:
3367.8079331079134


Hyperparameters:
[-1.92709456e+00 -6.49099012e+01 -9.30488457e-02  1.00000000e-03]
Likelihood gradient:
[ 1.47127562e+01  1.57427240e-01 -1.45561918e+04  0.00000000e+00]
Likelihood:
3254.2351864661523


Hyperparameters:
[-1.83275161e+00 -1.36256343e+00 -1.00793723e-01  1.00000000e-03]
Likelihood gradient:
[ 5.86354463e+00  4.64758280e+00 -4.80472537e+03  0.00000000e+00]
Likelihood:
3364.6847444716122


Hyperparameters:
[-1.83005944e+00  4.50823087e-01 -1.01014731e-01  1.00000000e-03]
Likelihood gradient:
[    5.40552364    50.68204778 -4577.77169349     0.        ]
Likelihood:
3362.0170850925715


Hyperparameters:
[-1.82953650e+00  8.03066283e-01 -1.01057661e-01  1.00000000e-03]
Likelihood gradient:
[ 5.50847194e+00  6.37501656e-01 -4.53295681e+03  0.00000000e+00]
Likelihood:
3367.785507567264


Hyperparameters:
[-1.82947485e+00  8.44591601e-01 -1.01062722e-01  1.00000000e-03]
Likelihood gradient:
[ 5.51133263e+00 -5.65182215e-01 -4.52782088e+03  0.00000000e+00]
Likelihood:
3367.8092070518014


Hyperparameters:
[-1.82947036e+00  8.44588833e-01 -1.01063284e-01  1.00000000e-03]
Likelihood gradient:
[ 5.51027132e+00 -5.68215486e-01 -4.52724460e+03  0.00000000e+00]
Likelihood:
3367.8117847964622


Hyperparameters:
[-1.82945241e+00  8.44577758e-01 -1.01065534e-01  1.00000000e-03]
Likelihood gradient:
[ 5.49753178e+00 -5.85650402e-01 -4.52494028e+03  0.00000000e+00]
Likelihood:
3367.8220902566136


Hyperparameters:
[-1.82938062e+00  8.44533460e-01 -1.01074535e-01  1.00000000e-03]
Likelihood gradient:
[ 5.50960532e+00 -5.63685087e-01 -4.51574459e+03  0.00000000e+00]
Likelihood:
3367.8632620146473


Hyperparameters:
[-1.82909343e+00  8.44356268e-01 -1.01110537e-01  1.00000000e-03]
Likelihood gradient:
[ 5.46909440e+00 -5.76886347e-01 -4.47896913e+03  0.00000000e+00]
Likelihood:
3368.027115920133


Hyperparameters:
[-1.82794467e+00  8.43647499e-01 -1.01254547e-01  1.00000000e-03]
Likelihood gradient:
[ 5.38058197e+00 -5.45732034e-01 -4.33253020e+03  0.00000000e+00]
Likelihood:
3368.669248033457


Hyperparameters:
[-1.82334964e+00  8.40812423e-01 -1.01830586e-01  1.00000000e-03]
Likelihood gradient:
[ 4.97390965e+00 -4.77657672e-01 -3.75683599e+03  0.00000000e+00]
Likelihood:
3371.0277904676414


Hyperparameters:
[-1.80223970e+00  8.31766627e-01 -1.03532076e-01  1.00000000e-03]
Likelihood gradient:
[ 2.76871498e+00 -2.29225574e-01 -2.14893504e+03  0.00000000e+00]
Likelihood:
3376.138125729565


Hyperparameters:
[-1.77526682e+00  8.23720050e-01 -1.05805495e-01  1.00000000e-03]
Likelihood gradient:
[-1.20546713e-01  5.54047654e-03 -1.94920303e+02  0.00000000e+00]
Likelihood:
3378.8251450355556


Hyperparameters:
[-1.77545719e+00  8.23971001e-01 -1.06030902e-01  1.00000000e-03]
Likelihood gradient:
[-2.23986025e-02 -4.08659619e-03 -1.14963422e+01  0.00000000e+00]
Likelihood:
3378.8482010324033


Hyperparameters:
[-1.77558504e+00  8.23796566e-01 -1.06044988e-01  1.00000000e-03]
Likelihood gradient:
[ 0.00980792  0.01217697 -0.06201792  0.        ]
Likelihood:
3378.8481574270554


Hyperparameters:
[-1.77548526e+00  8.23932703e-01 -1.06033995e-01  1.00000000e-03]
Likelihood gradient:
[-0.02936366 -0.01521454 -8.98375736  0.        ]
Likelihood:
3378.8482057387455


Hyperparameters:
[-1.77550717e+00  8.23843065e-01 -1.06034829e-01  1.00000000e-03]
Likelihood gradient:
[ 1.76435082e-03  1.51522242e-02 -8.30817420e+00  0.00000000e+00]
Likelihood:
3378.848191734385


Hyperparameters:
[-1.77548695e+00  8.23925784e-01 -1.06034059e-01  1.00000000e-03]
Likelihood gradient:
[-1.88289711e-02 -3.61027412e-03 -8.93217818e+00  0.00000000e+00]
Likelihood:
3378.848204810998


Hyperparameters:
[-1.77548540e+00  8.23932138e-01 -1.06034000e-01  1.00000000e-03]
Likelihood gradient:
[-2.25097961e-02 -7.18773379e-03 -8.97918735e+00  0.00000000e+00]
Likelihood:
3378.8482056870052


Hyperparameters:
[-1.77548527e+00  8.23932646e-01 -1.06033995e-01  1.00000000e-03]
Likelihood gradient:
[-0.02337092 -0.00916097 -8.98451357  0.        ]
Likelihood:
3378.8482058728605


Hyperparameters:
[-1.77548527e+00  8.23932646e-01 -1.06033995e-01  1.00000000e-03]
Likelihood gradient:
[-2.30459259e-02 -1.89329883e-03 -8.98650399e+00  0.00000000e+00]
Likelihood:
3378.8482056730863


Hyperparameters:
[-1.77548527e+00  8.23932646e-01 -1.06033995e-01  1.00000000e-03]
Likelihood gradient:
[-2.29390695e-02 -5.28051296e-03 -8.98598366e+00  0.00000000e+00]
Likelihood:
3378.848205364534


Hyperparameters:
[-1.77548527e+00  8.23932646e-01 -1.06033995e-01  1.00000000e-03]
Likelihood gradient:
[-1.02319377e-02  7.68298170e-03 -8.98852842e+00  0.00000000e+00]
Likelihood:
3378.848205915876


Hyperparameters:
[-1.77548572e+00  8.23933013e-01 -1.06034034e-01  1.00000000e-03]
Likelihood gradient:
[-1.68805679e-02  2.93356547e-03 -8.95568187e+00  0.00000000e+00]
Likelihood:
3378.8482056507437


Hyperparameters:
[-1.77548532e+00  8.23932686e-01 -1.06033999e-01  1.00000000e-03]
Likelihood gradient:
[-1.66695652e-02 -2.33358829e-03 -8.98367131e+00  0.00000000e+00]
Likelihood:
3378.8482058176496


Hyperparameters:
[-1.77548528e+00  8.23932648e-01 -1.06033995e-01  1.00000000e-03]
Likelihood gradient:
[-1.27428253e-02  7.89431737e-03 -8.98641720e+00  0.00000000e+00]
Likelihood:
3378.8482056030743


Hyperparameters:
[-1.77548527e+00  8.23932646e-01 -1.06033995e-01  1.00000000e-03]
Likelihood gradient:
[-0.01012249  0.01235884 -8.98869655  0.        ]
Likelihood:
3378.848205550623


Hyperparameters:
[-1.77548527e+00  8.23932646e-01 -1.06033995e-01  1.00000000e-03]
Likelihood gradient:
[-2.14670378e-02 -5.80809419e-03 -8.98598261e+00  0.00000000e+00]
Likelihood:
3378.848205685508


Hyperparameters:
[-1.77548572e+00  8.23933013e-01 -1.06034034e-01  1.00000000e-03]
Likelihood gradient:
[-8.70580384e-03  3.86595851e-03 -8.95633766e+00  0.00000000e+00]
Likelihood:
3378.8482055609575


Hyperparameters:
[-1.77548539e+00  8.23932738e-01 -1.06034005e-01  1.00000000e-03]
Likelihood gradient:
[-1.21771924e-02  5.88012551e-03 -8.97945950e+00  0.00000000e+00]
Likelihood:
3378.848205503091


Hyperparameters:
[-1.77548533e+00  8.23932692e-01 -1.06034000e-01  1.00000000e-03]
Likelihood gradient:
[-1.87767746e-02 -1.78508255e-03 -8.98079380e+00  0.00000000e+00]
Likelihood:
3378.8482054163815


Hyperparameters:
[-1.77548530e+00  8.23932669e-01 -1.06033998e-01  1.00000000e-03]
Likelihood gradient:
[-2.00642143e-02 -4.55972852e-03 -8.98371026e+00  0.00000000e+00]
Likelihood:
3378.848205489807


Hyperparameters:
[-1.77548529e+00  8.23932658e-01 -1.06033996e-01  1.00000000e-03]
Likelihood gradient:
[-2.13405033e-02 -2.74329581e-03 -8.98371890e+00  0.00000000e+00]
Likelihood:
3378.8482054081624


Hyperparameters:
[-1.77548528e+00  8.23932652e-01 -1.06033996e-01  1.00000000e-03]
Likelihood gradient:
[-0.01909979 -0.00899482 -8.98321225  0.        ]
Likelihood:
3378.848205175027


Hyperparameters:
[-1.77548528e+00  8.23932649e-01 -1.06033995e-01  1.00000000e-03]
Likelihood gradient:
[-2.06479214e-02  4.76102609e-03 -8.98601958e+00  0.00000000e+00]
Likelihood:
3378.84820532105


Hyperparameters:
[-1.77548527e+00  8.23932648e-01 -1.06033995e-01  1.00000000e-03]
Likelihood gradient:
[-2.46627897e-02 -6.89077512e-03 -8.98557922e+00  0.00000000e+00]
Likelihood:
3378.848205362906


Hyperparameters:
[-1.77548527e+00  8.23932647e-01 -1.06033995e-01  1.00000000e-03]
Likelihood gradient:
[-3.64689639e-03  1.02298372e-02 -8.98811773e+00  0.00000000e+00]
Likelihood:
3378.8482054017077


Hyperparameters:
[-1.77548527e+00  8.23932647e-01 -1.06033995e-01  1.00000000e-03]
Likelihood gradient:
[-2.34278234e-02 -8.49459918e-03 -8.98378164e+00  0.00000000e+00]
Likelihood:
3378.8482053135504


Hyperparameters:
[-1.77548527e+00  8.23932646e-01 -1.06033995e-01  1.00000000e-03]
Likelihood gradient:
[-1.56603147e-02  5.27347109e-03 -8.98873910e+00  0.00000000e+00]
Likelihood:
3378.848205264435


Hyperparameters:
[-1.77548527e+00  8.23932646e-01 -1.06033995e-01  1.00000000e-03]
Likelihood gradient:
[-2.44563607e-02 -2.24452422e-03 -8.98628550e+00  0.00000000e+00]
Likelihood:
3378.8482054677625


Warning: stress not available
Precomputing KnK for hyps optimization
Done precomputing. Time: 0.006612062454223633
Hyperparameters:
[-1.77548527e+00  8.23932646e-01 -1.06033995e-01  1.00000000e-03]
Likelihood gradient:
[-3.23935044e+00 -1.75008277e+00  2.92104204e+03  0.00000000e+00]
Likelihood:
3872.4486406877986


Hyperparameters:
[-1.77660533e+00  8.23327526e-01  9.03965203e-01  1.00000000e-03]
Likelihood gradient:
[ 4.32729246e+01 -1.66297477e+00 -5.55806654e+03  0.00000000e+00]
Likelihood:
-4567.663675701818


Hyperparameters:
[-1.77555323e+00  8.23895933e-01 -4.47557640e-02  1.00000000e-03]
Likelihood gradient:
[-2.52125872e+01 -1.81496305e+00 -4.74434204e+05  0.00000000e+00]
Likelihood:
-2602.81660005087


Hyperparameters:
[-1.77549925e+00  8.23925097e-01 -9.34330188e-02  1.00000000e-03]
Likelihood gradient:
[-7.71232104e+00 -1.74431679e+00 -1.10701537e+04  0.00000000e+00]
Likelihood:
3830.1952085881057


Hyperparameters:
[-1.77548878e+00  8.23930749e-01 -1.02868062e-01  1.00000000e-03]
Likelihood gradient:
[ -4.32984522  -1.73260577 174.7206174    0.        ]
Likelihood:
3877.4600780248093


Hyperparameters:
[-3.76480997e+00  4.09518909e-02 -1.01992053e-01  1.00000000e-03]
Likelihood gradient:
[   51.69612071 22797.86906102 -9042.34179063     0.        ]
Likelihood:
2913.8609861133136


Hyperparameters:
[-2.40380511e+00  5.76631115e-01 -1.02591380e-01  1.00000000e-03]
Likelihood gradient:
[43.9499146  14.41066815 23.47005777  0.        ]
Likelihood:
3859.8732248056367


Hyperparameters:
[-1.81221203e+00  8.09476813e-01 -1.02851891e-01  1.00000000e-03]
Likelihood gradient:
[  0.93535444  -1.3561258  171.96654687   0.        ]
Likelihood:
3877.5111635968387


Hyperparameters:
[-1.80698830e+00  7.37943754e-01 -1.02844337e-01  1.00000000e-03]
Likelihood gradient:
[  0.2058756    1.22574896 163.29916543   0.        ]
Likelihood:
3877.5321216923758


Hyperparameters:
[-1.80638752e+00  7.57618406e-01 -1.02733526e-01  1.00000000e-03]
Likelihood gradient:
[ 0.08211036  0.40005427 58.99516086  0.        ]
Likelihood:
3877.560773584607


Hyperparameters:
[-1.80595866e+00  7.67067300e-01 -1.02670224e-01  1.00000000e-03]
Likelihood gradient:
[-0.00433209  0.01074988 -0.8659993   0.        ]
Likelihood:
3877.564994615381


Hyperparameters:
[-1.80598787e+00  7.67351895e-01 -1.02671282e-01  1.00000000e-03]
Likelihood gradient:
[0.03971775 0.04714948 0.1336756  0.        ]
Likelihood:
3877.5649738857655


Hyperparameters:
[-1.80595941e+00  7.67074570e-01 -1.02670251e-01  1.00000000e-03]
Likelihood gradient:
[ 0.01556761  0.04500692 -0.84802782  0.        ]
Likelihood:
3877.5649945238356


Hyperparameters:
[-1.80595871e+00  7.67067802e-01 -1.02670225e-01  1.00000000e-03]
Likelihood gradient:
[-0.0082944   0.01034371 -0.86428859  0.        ]
Likelihood:
3877.5649948135733


Hyperparameters:
[-1.80595871e+00  7.67067805e-01 -1.02670226e-01  1.00000000e-03]
Likelihood gradient:
[ 0.00664264  0.02388978 -0.86744268  0.        ]
Likelihood:
3877.5649949553226


Hyperparameters:
[-1.80595906e+00  7.67071188e-01 -1.02670238e-01  1.00000000e-03]
Likelihood gradient:
[ 0.01195444  0.03014575 -0.85657938  0.        ]
Likelihood:
3877.564994482099


Hyperparameters:
[-1.80595872e+00  7.67067897e-01 -1.02670226e-01  1.00000000e-03]
Likelihood gradient:
[-0.00355709  0.01954593 -0.86575687  0.        ]
Likelihood:
3877.564994785869


Hyperparameters:
[-1.80595871e+00  7.67067806e-01 -1.02670226e-01  1.00000000e-03]
Likelihood gradient:
[-0.00553586  0.01723461 -0.86587957  0.        ]
Likelihood:
3877.564994972201


Hyperparameters:
[-1.80595871e+00  7.67067806e-01 -1.02670226e-01  1.00000000e-03]
Likelihood gradient:
[ 0.0081082   0.0280681  -0.86913845  0.        ]
Likelihood:
3877.564995043902


Hyperparameters:
[-1.80595872e+00  7.67067851e-01 -1.02670226e-01  1.00000000e-03]
Likelihood gradient:
[-0.01414921  0.01248012 -0.86382426  0.        ]
Likelihood:
3877.564994718914


Hyperparameters:
[-1.80595871e+00  7.67067806e-01 -1.02670226e-01  1.00000000e-03]
Likelihood gradient:
[-0.01248952  0.00685004 -0.86307988  0.        ]
Likelihood:
3877.5649949190865


Hyperparameters:
[-1.80597546e+00  7.67102767e-01 -1.02670416e-01  1.00000000e-03]
Likelihood gradient:
[ 0.0165718   0.03848325 -0.6831896   0.        ]
Likelihood:
3877.5649802844455


Hyperparameters:
[-1.80595882e+00  7.67068039e-01 -1.02670227e-01  1.00000000e-03]
Likelihood gradient:
[ 0.0208772   0.04336912 -0.8697122   0.        ]
Likelihood:
3877.564994489373


Hyperparameters:
[-1.80595871e+00  7.67067806e-01 -1.02670226e-01  1.00000000e-03]
Likelihood gradient:
[ 0.0065803   0.03183273 -0.86844373  0.        ]
Likelihood:
3877.5649945851246


Hyperparameters:
[-1.80595871e+00  7.67067806e-01 -1.02670226e-01  1.00000000e-03]
Likelihood gradient:
[ 0.00836564  0.03094765 -0.86811006  0.        ]
Likelihood:
3877.564994626471


Hyperparameters:
[-1.80595871e+00  7.67067806e-01 -1.02670226e-01  1.00000000e-03]
Likelihood gradient:
[ 0.01534928  0.03486072 -0.86984281  0.        ]
Likelihood:
3877.5649948061828


Hyperparameters:
[-1.80597546e+00  7.67102767e-01 -1.02670416e-01  1.00000000e-03]
Likelihood gradient:
[ 0.02021578  0.04117074 -0.68450615  0.        ]
Likelihood:
3877.5649800169413


Hyperparameters:
[-1.80596709e+00  7.67085286e-01 -1.02670321e-01  1.00000000e-03]
Likelihood gradient:
[ 0.01671856  0.038814   -0.77610261  0.        ]
Likelihood:
3877.5649872240965


Hyperparameters:
[-1.80596290e+00  7.67076546e-01 -1.02670273e-01  1.00000000e-03]
Likelihood gradient:
[ 0.00452588  0.02609775 -0.82192315  0.        ]
Likelihood:
3877.5649912515055


Hyperparameters:
[-1.80596081e+00  7.67072176e-01 -1.02670249e-01  1.00000000e-03]
Likelihood gradient:
[ 0.00576973  0.02893098 -0.84384139  0.        ]
Likelihood:
3877.5649929085002


Hyperparameters:
[-1.80595976e+00  7.67069991e-01 -1.02670237e-01  1.00000000e-03]
Likelihood gradient:
[-0.01053834  0.00900761 -0.85359767  0.        ]
Likelihood:
3877.5649939288505


Hyperparameters:
[-1.80595923e+00  7.67068898e-01 -1.02670231e-01  1.00000000e-03]
Likelihood gradient:
[ 0.01160854  0.02786516 -0.86240975  0.        ]
Likelihood:
3877.564994431975


Hyperparameters:
[-1.80595897e+00  7.67068352e-01 -1.02670228e-01  1.00000000e-03]
Likelihood gradient:
[ 0.00529308  0.02594778 -0.86549313  0.        ]
Likelihood:
3877.5649947014435


Hyperparameters:
[-1.80595884e+00  7.67068079e-01 -1.02670227e-01  1.00000000e-03]
Likelihood gradient:
[ 0.01807555  0.04697209 -0.86919942  0.        ]
Likelihood:
3877.564994805416


Hyperparameters:
[-1.80595878e+00  7.67067942e-01 -1.02670226e-01  1.00000000e-03]
Likelihood gradient:
[ 0.020069    0.04371662 -0.87077241  0.        ]
Likelihood:
3877.5649942966547


Hyperparameters:
[-1.80595874e+00  7.67067874e-01 -1.02670226e-01  1.00000000e-03]
Likelihood gradient:
[-0.00759505  0.01699693 -0.86618749  0.        ]
Likelihood:
3877.5649946165913


Hyperparameters:
[-1.80595873e+00  7.67067840e-01 -1.02670226e-01  1.00000000e-03]
Likelihood gradient:
[ 0.02332974  0.04728074 -0.87056528  0.        ]
Likelihood:
3877.5649943552116


Hyperparameters:
[-1.80595872e+00  7.67067823e-01 -1.02670226e-01  1.00000000e-03]
Likelihood gradient:
[-0.01645762  0.01365054 -0.86424761  0.        ]
Likelihood:
3877.5649948861264


Warning: stress not available
Precomputing KnK for hyps optimization
Done precomputing. Time: 0.00809931755065918
Hyperparameters:
[-1.80595871e+00  7.67067806e-01 -1.02670226e-01  1.00000000e-03]
Likelihood gradient:
[ 5.81829054e+00 -1.20418040e+00  5.04232402e+03  0.00000000e+00]
Likelihood:
4492.391699477239


Hyperparameters:
[-1.80479328e+00  7.66826603e-01  9.07329073e-01  1.00000000e-03]
Likelihood gradient:
[ 4.62010126e+01 -1.55124659e+00 -6.01670610e+03  0.00000000e+00]
Likelihood:
-4955.456457819877


Hyperparameters:
[-1.80586040e+00  7.67047459e-01 -1.74699295e-02  1.00000000e-03]
Likelihood gradient:
[-1.85782558e+01 -1.33142126e+00 -9.36777617e+06  0.00000000e+00]
Likelihood:
-68000.59197321451


Hyperparameters:
[-1.80592944e+00  7.67061747e-01 -7.73017509e-02  1.00000000e-03]
Likelihood gradient:
[-2.49305148e+00 -1.25373103e+00 -4.16557652e+04  0.00000000e+00]
Likelihood:
4158.846272907922


Hyperparameters:
[-1.80595342e+00  7.67066711e-01 -9.80871547e-02  1.00000000e-03]
Likelihood gradient:
[  4.34219089  -1.22369619 508.69523005   0.        ]
Likelihood:
4505.5140950425375


Hyperparameters:
[ 2.37061517e+00 -4.58820283e-01 -9.89274742e-02  1.00000000e-03]
Likelihood gradient:
[ -46.5053358   -40.03610277 1515.0849913     0.        ]
Likelihood:
4483.516828193437


Hyperparameters:
[-0.29026613  0.32218922 -0.09839211  0.001     ]
Likelihood gradient:
[ -9714.06150046    172.303778   -15338.26365475      0.        ]
Likelihood:
2701.336589231316


Hyperparameters:
[-1.38082984e+00  6.42286413e-01 -9.81726889e-02  1.00000000e-03]
Likelihood gradient:
[-103.54175712    5.92946983  343.74730766    0.        ]
Likelihood:
4488.898957554853


Hyperparameters:
[-1.77465047e+00  7.57878815e-01 -9.80934528e-02  1.00000000e-03]
Likelihood gradient:
[-2.04953133e-01 -8.93300032e-01  5.05185581e+02  0.00000000e+00]
Likelihood:
4505.616372683244


Hyperparameters:
[-1.78725056e+00  5.86275816e-01 -9.79930433e-02  1.00000000e-03]
Likelihood gradient:
[  1.59343963  11.67366822 398.0700253    0.        ]
Likelihood:
4504.930411860201


Hyperparameters:
[-1.77647626e+00  7.33013116e-01 -9.80789032e-02  1.00000000e-03]
Likelihood gradient:
[5.77178370e-02 1.42897370e-01 4.89718428e+02 0.00000000e+00]
Likelihood:
4505.631655600668


Hyperparameters:
[-1.77654664e+00  7.33640844e-01 -9.80160388e-02  1.00000000e-03]
Likelihood gradient:
[3.82919421e-02 9.42714240e-02 4.19889339e+02 0.00000000e+00]
Likelihood:
4505.660252132911


Hyperparameters:
[-1.77689540e+00  7.33295986e-01 -9.78783576e-02  1.00000000e-03]
Likelihood gradient:
[6.59311014e-02 1.29238580e-01 2.66228200e+02 0.00000000e+00]
Likelihood:
4505.707097084423


Hyperparameters:
[-1.77672417e+00  7.37211740e-01 -9.76393336e-02  1.00000000e-03]
Likelihood gradient:
[-0.06721753 -0.06175108 -3.38917415  0.        ]
Likelihood:
4505.738889963601


Hyperparameters:
[-1.77717336e+00  7.35765184e-01 -9.76420312e-02  1.00000000e-03]
Likelihood gradient:
[ 0.02169523  0.02155914 -0.17454335  0.        ]
Likelihood:
4505.73848830734


Hyperparameters:
[-1.77674544e+00  7.37143239e-01 -9.76394614e-02  1.00000000e-03]
Likelihood gradient:
[-0.06176593 -0.05571215 -3.23870589  0.        ]
Likelihood:
4505.738874024179


Hyperparameters:
[-1.77672521e+00  7.37208393e-01 -9.76393398e-02  1.00000000e-03]
Likelihood gradient:
[-0.04983387 -0.04081571 -3.38557041  0.        ]
Likelihood:
4505.738889211194


Hyperparameters:
[-1.77672423e+00  7.37211568e-01 -9.76393339e-02  1.00000000e-03]
Likelihood gradient:
[-0.06046694 -0.05776636 -3.38962633  0.        ]
Likelihood:
4505.738890080596


Hyperparameters:
[-1.77672423e+00  7.37211565e-01 -9.76393339e-02  1.00000000e-03]
Likelihood gradient:
[-0.03718495 -0.02935025 -3.39504602  0.        ]
Likelihood:
4505.738890193881


Hyperparameters:
[-1.77672638e+00  7.37213528e-01 -9.76394643e-02  1.00000000e-03]
Likelihood gradient:
[-0.06404328 -0.06217375 -3.23883316  0.        ]
Likelihood:
4505.738888457847


Hyperparameters:
[-1.77672431e+00  7.37211637e-01 -9.76393387e-02  1.00000000e-03]
Likelihood gradient:
[-0.04703146 -0.04135064 -3.38745196  0.        ]
Likelihood:
4505.738889806218


Hyperparameters:
[-1.77672423e+00  7.37211565e-01 -9.76393340e-02  1.00000000e-03]
Likelihood gradient:
[-0.06683531 -0.05816938 -3.38937843  0.        ]
Likelihood:
4505.738889892054


Hyperparameters:
[-1.77672423e+00  7.37211565e-01 -9.76393339e-02  1.00000000e-03]
Likelihood gradient:
[-0.06417047 -0.0592529  -3.389032    0.        ]
Likelihood:
4505.738889942673


Hyperparameters:
[-1.77672423e+00  7.37211565e-01 -9.76393339e-02  1.00000000e-03]
Likelihood gradient:
[-0.03908847 -0.03121977 -3.39539802  0.        ]
Likelihood:
4505.738889921664


Hyperparameters:
[-1.77672638e+00  7.37213528e-01 -9.76394643e-02  1.00000000e-03]
Likelihood gradient:
[-0.05539507 -0.04985509 -3.24297049  0.        ]
Likelihood:
4505.738888081392


Hyperparameters:
[-1.77672530e+00  7.37212546e-01 -9.76393991e-02  1.00000000e-03]
Likelihood gradient:
[-0.05101513 -0.04741247 -3.31776586  0.        ]
Likelihood:
4505.738888976793


Hyperparameters:
[-1.77672477e+00  7.37212055e-01 -9.76393665e-02  1.00000000e-03]
Likelihood gradient:
[-0.05724818 -0.04209244 -3.35465554  0.        ]
Likelihood:
4505.738889559818


Hyperparameters:
[-1.77672450e+00  7.37211810e-01 -9.76393502e-02  1.00000000e-03]
Likelihood gradient:
[-0.04533739 -0.04160332 -3.37323492  0.        ]
Likelihood:
4505.73888965217


Hyperparameters:
[-1.77672436e+00  7.37211687e-01 -9.76393421e-02  1.00000000e-03]
Likelihood gradient:
[-0.05363969 -0.04427619 -3.38270052  0.        ]
Likelihood:
4505.738889812044


Hyperparameters:
[-1.77672429e+00  7.37211626e-01 -9.76393380e-02  1.00000000e-03]
Likelihood gradient:
[-0.05992017 -0.05197881 -3.3852234   0.        ]
Likelihood:
4505.738889973169


Hyperparameters:
[-1.77672426e+00  7.37211595e-01 -9.76393360e-02  1.00000000e-03]
Likelihood gradient:
[-0.04353035 -0.0426531  -3.39050255  0.        ]
Likelihood:
4505.738889736396


Hyperparameters:
[-1.77672424e+00  7.37211580e-01 -9.76393350e-02  1.00000000e-03]
Likelihood gradient:
[-0.05755626 -0.05778764 -3.38922503  0.        ]
Likelihood:
4505.738889836123


Hyperparameters:
[-1.77672424e+00  7.37211572e-01 -9.76393344e-02  1.00000000e-03]
Likelihood gradient:
[-0.06804395 -0.05629926 -3.38877356  0.        ]
Likelihood:
4505.738890042224


Hyperparameters:
[-1.77672423e+00  7.37211568e-01 -9.76393342e-02  1.00000000e-03]
Likelihood gradient:
[-0.08350792 -0.07141418 -3.38433202  0.        ]
Likelihood:
4505.738890184363


Hyperparameters:
[-1.77672423e+00  7.37211566e-01 -9.76393340e-02  1.00000000e-03]
Likelihood gradient:
[-0.04628942 -0.04103271 -3.3935917   0.        ]
Likelihood:
4505.738890130149


Hyperparameters:
[-1.77672423e+00  7.37211565e-01 -9.76393340e-02  1.00000000e-03]
Likelihood gradient:
[-0.06400344 -0.06069773 -3.38816551  0.        ]
Likelihood:
4505.738889883923


Warning: stress not available
Precomputing KnK for hyps optimization
Done precomputing. Time: 0.009371519088745117
Hyperparameters:
[-1.77672423e+00  7.37211565e-01 -9.76393339e-02  1.00000000e-03]
Likelihood gradient:
[-1.57134926e+01 -4.54288913e-01 -2.45289760e+03  0.00000000e+00]
Likelihood:
4739.7620575256715


Hyperparameters:
[-1.78319425e+00  7.37024511e-01 -1.10761859e+00  1.00000000e-03]
Likelihood gradient:
[ 4.21914454e+01 -1.76480510e+00  5.34419251e+03  0.00000000e+00]
Likelihood:
-6512.769432805397


Hyperparameters:
[-1.77697325e+00  7.37204365e-01 -1.36512639e-01  1.00000000e-03]
Likelihood gradient:
[-7.87333227e-02 -4.94220594e-01  1.99615002e+04  0.00000000e+00]
Likelihood:
4268.2553931447965


Hyperparameters:
[-1.77673896e+00  7.37211139e-01 -9.99389023e-02  1.00000000e-03]
Likelihood gradient:
[-14.71776778  -0.49976645 365.67144182   0.        ]
Likelihood:
4742.0995752470735


Hyperparameters:
[-2.09426123e+00  7.26649130e-01 -9.98205221e-02  1.00000000e-03]
Likelihood gradient:
[ 2.48832009e+01 -3.79437930e-03  3.24843959e+02  0.00000000e+00]
Likelihood:
4739.48792033352


Hyperparameters:
[-1.86437628e+00  7.34295985e-01 -9.99062289e-02  1.00000000e-03]
Likelihood gradient:
[ -0.66961146  -0.39122603 362.57281594   0.        ]
Likelihood:
4742.682452912422


Hyperparameters:
[-1.86647948e+00  3.54502046e-01 -9.96155084e-02  1.00000000e-03]
Likelihood gradient:
[ -0.55781119 113.27211345  17.94905585   0.        ]
Likelihood:
4731.541237792364


Hyperparameters:
[-1.86471308e+00  6.73478497e-01 -9.98596750e-02  1.00000000e-03]
Likelihood gradient:
[ -0.62209001   3.13537953 308.64888288   0.        ]
Likelihood:
4742.621136409614


Hyperparameters:
[-1.86444670e+00  7.21579763e-01 -9.98964950e-02  1.00000000e-03]
Likelihood gradient:
[-6.41410451e-01  2.57874222e-01  3.51307300e+02  0.00000000e+00]
Likelihood:
4742.686676013182


Hyperparameters:
[-1.86483509e+00  7.21987369e-01 -9.98732207e-02  1.00000000e-03]
Likelihood gradient:
[-6.15243168e-01  2.07618714e-01  3.24471041e+02  0.00000000e+00]
Likelihood:
4742.694537203361


Hyperparameters:
[-1.86638863e+00  7.23617792e-01 -9.97801234e-02  1.00000000e-03]
Likelihood gradient:
[-3.79347424e-01  1.72236825e-01  2.16779616e+02  0.00000000e+00]
Likelihood:
4742.719454541761


Hyperparameters:
[-1.86925842e+00  7.27565437e-01 -9.95926190e-02  1.00000000e-03]
Likelihood gradient:
[-0.05822656 -0.04176034 -1.73036293  0.        ]
Likelihood:
4742.737999014113


Hyperparameters:
[-1.86960858e+00  7.26764880e-01 -9.95938241e-02  1.00000000e-03]
Likelihood gradient:
[-0.01298938 -0.01669803 -0.18795951  0.        ]
Likelihood:
4742.737725766112


Hyperparameters:
[-1.86926905e+00  7.27541152e-01 -9.95926555e-02  1.00000000e-03]
Likelihood gradient:
[-0.03633837 -0.03110296 -1.68638291  0.        ]
Likelihood:
4742.737992000373


Hyperparameters:
[-1.86925879e+00  7.27564606e-01 -9.95926202e-02  1.00000000e-03]
Likelihood gradient:
[-1.69099890e-02  4.70885612e-04 -1.73758796e+00  0.00000000e+00]
Likelihood:
4742.737998766066


Hyperparameters:
[-1.86925844e+00  7.27565409e-01 -9.95926190e-02  1.00000000e-03]
Likelihood gradient:
[-0.05337479 -0.04107143 -1.73165763  0.        ]
Likelihood:
4742.737999444036


Hyperparameters:
[-1.86925844e+00  7.27565409e-01 -9.95926190e-02  1.00000000e-03]
Likelihood gradient:
[-0.08494008 -0.07884906 -1.72324143  0.        ]
Likelihood:
4742.737999559133


Hyperparameters:
[-1.86925861e+00  7.27565007e-01 -9.95926196e-02  1.00000000e-03]
Likelihood gradient:
[-0.06669033 -0.06412484 -1.725698    0.        ]
Likelihood:
4742.737999423871


Hyperparameters:
[-1.86925845e+00  7.27565390e-01 -9.95926190e-02  1.00000000e-03]
Likelihood gradient:
[-0.05901296 -0.05351154 -1.72969738  0.        ]
Likelihood:
4742.7379991162015


Hyperparameters:
[-1.86925844e+00  7.27565408e-01 -9.95926190e-02  1.00000000e-03]
Likelihood gradient:
[-0.07205531 -0.06206028 -1.72616371  0.        ]
Likelihood:
4742.737999754723


Hyperparameters:
[-1.86925844e+00  7.27565399e-01 -9.95926190e-02  1.00000000e-03]
Likelihood gradient:
[-0.05136916 -0.04138281 -1.73007262  0.        ]
Likelihood:
4742.737999535264


Hyperparameters:
[-1.86925844e+00  7.27565408e-01 -9.95926190e-02  1.00000000e-03]
Likelihood gradient:
[-0.07043712 -0.06097109 -1.72601014  0.        ]
Likelihood:
4742.737999380139


Hyperparameters:
[-1.86925844e+00  7.27565408e-01 -9.95926190e-02  1.00000000e-03]
Likelihood gradient:
[-0.06318629 -0.05273131 -1.72848475  0.        ]
Likelihood:
4742.737999901976


Hyperparameters:
[-1.86960858e+00  7.26764880e-01 -9.95938241e-02  1.00000000e-03]
Likelihood gradient:
[-0.002047    0.00351023 -0.19242146  0.        ]
Likelihood:
4742.737725925919


Hyperparameters:
[-1.86943350e+00  7.27165158e-01 -9.95932215e-02  1.00000000e-03]
Likelihood gradient:
[-0.01917617 -0.00940037 -0.96369792  0.        ]
Likelihood:
4742.737869182109


Hyperparameters:
[-1.86934596e+00  7.27365298e-01 -9.95929202e-02  1.00000000e-03]
Likelihood gradient:
[-0.06903178 -0.06468473 -1.33763363  0.        ]
Likelihood:
4742.737935869551


Hyperparameters:
[-1.86930219e+00  7.27465368e-01 -9.95927696e-02  1.00000000e-03]
Likelihood gradient:
[-0.02871656 -0.01131455 -1.54361743  0.        ]
Likelihood:
4742.7379682012925


Hyperparameters:
[-1.86928031e+00  7.27515402e-01 -9.95926943e-02  1.00000000e-03]
Likelihood gradient:
[-0.0233185  -0.00784696 -1.6401235   0.        ]
Likelihood:
4742.737983967778


Hyperparameters:
[-1.86926937e+00  7.27540420e-01 -9.95926566e-02  1.00000000e-03]
Likelihood gradient:
[-0.02573344 -0.01113065 -1.68776349  0.        ]
Likelihood:
4742.737991947655


Hyperparameters:
[-1.86926390e+00  7.27552929e-01 -9.95926378e-02  1.00000000e-03]
Likelihood gradient:
[-0.04423509 -0.03804268 -1.70591873  0.        ]
Likelihood:
4742.737995809352


Hyperparameters:
[-1.86925901e+00  7.27564098e-01 -9.95926210e-02  1.00000000e-03]
Likelihood gradient:
[-0.05529059 -0.04182181 -1.72786082  0.        ]
Likelihood:
4742.737999199271


Hyperparameters:
[-1.86926145e+00  7.27558513e-01 -9.95926294e-02  1.00000000e-03]
Likelihood gradient:
[-0.03327077 -0.02563052 -1.72181166  0.        ]
Likelihood:
4742.737997443908


Hyperparameters:
[-1.86926023e+00  7.27561305e-01 -9.95926252e-02  1.00000000e-03]
Likelihood gradient:
[-0.04669239 -0.03550075 -1.7253201   0.        ]
Likelihood:
4742.737998397775


Hyperparameters:
[-1.86925962e+00  7.27562702e-01 -9.95926231e-02  1.00000000e-03]
Likelihood gradient:
[-0.05722485 -0.05838936 -1.72106344  0.        ]
Likelihood:
4742.737999072966


Hyperparameters:
[-1.86925915e+00  7.27563772e-01 -9.95926215e-02  1.00000000e-03]
Likelihood gradient:
[-0.05786698 -0.04467886 -1.7261631   0.        ]
Likelihood:
4742.737999229705


Warning: stress not available
Precomputing KnK for hyps optimization
Done precomputing. Time: 0.010463237762451172
Hyperparameters:
[-1.86925842e+00  7.27565437e-01 -9.95926190e-02  1.00000000e-03]
Likelihood gradient:
[ 2.91914332e+00 -1.55773723e+00  3.04299656e+03  0.00000000e+00]
Likelihood:
5264.89381475699


Hyperparameters:
[-1.86828953e+00  7.27048410e-01  9.10406784e-01  1.00000000e-03]
Likelihood gradient:
[ 4.86099824e+01 -2.46436611e+00 -6.92962129e+03  0.00000000e+00]
Likelihood:
-5729.317431729495


Hyperparameters:
[-1.86921005e+00  7.27539622e-01 -4.91640794e-02  1.00000000e-03]
Likelihood gradient:
[-1.36085025e+01 -1.46082694e+00 -3.70437690e+05  0.00000000e+00]
Likelihood:
433.3141657240558


Hyperparameters:
[-1.86925055e+00  7.27561233e-01 -9.13796608e-02  1.00000000e-03]
Likelihood gradient:
[ 2.07205412e-01 -1.51418848e+00 -8.94149959e+03  0.00000000e+00]
Likelihood:
5244.157356524542


Hyperparameters:
[-1.86925617e+00  7.27564236e-01 -9.72451104e-02  1.00000000e-03]
Likelihood gradient:
[  2.17364344  -1.52541414 120.06029349   0.        ]
Likelihood:
5268.675206478336


Hyperparameters:
[ 0.27376723 -0.79652341 -0.09771212  0.001     ]
Likelihood gradient:
[ 1.30701088e+04  2.51545438e+00 -2.01619859e+04  0.00000000e+00]
Likelihood:
2933.1050398782318


Hyperparameters:
[-1.86904429e+00  7.27413550e-01 -9.72451565e-02  1.00000000e-03]
Likelihood gradient:
[  2.12407572  -1.53750775 120.05478266   0.        ]
Likelihood:
5268.676071211585


Hyperparameters:
[-1.86895392e+00  7.27349279e-01 -9.72451762e-02  1.00000000e-03]
Likelihood gradient:
[  2.11464631  -1.52874611 120.05001675   0.        ]
Likelihood:
5268.676437934715


Hyperparameters:
[-0.79759334 -0.03458707 -0.09747865  0.001     ]
Likelihood gradient:
[ -1120.40449132 -37562.25040916 -13852.24535787      0.        ]
Likelihood:
3749.3024514536082


Hyperparameters:
[-1.86889694e+00  7.27308755e-01 -9.72451887e-02  1.00000000e-03]
Likelihood gradient:
[  2.13129579  -1.48901001 120.04112917   0.        ]
Likelihood:
5268.676668003589


Hyperparameters:
[-1.86887269e+00  7.27291507e-01 -9.72451939e-02  1.00000000e-03]
Likelihood gradient:
[  2.08977202  -1.53977043 120.04936136   0.        ]
Likelihood:
5268.67676587642


Hyperparameters:
[-1.33323302e+00  3.46352220e-01 -9.73619209e-02  1.00000000e-03]
Likelihood gradient:
[-162.23261447  120.19168466 -135.4861348     0.        ]
Likelihood:
5224.983026602369


Hyperparameters:
[-1.83687565e+00  7.04535672e-01 -9.72521668e-02  1.00000000e-03]
Likelihood gradient:
[ -2.7014095   -0.36300629 118.13220326   0.        ]
Likelihood:
5268.7178257628275


Hyperparameters:
[-1.85734375e+00  6.23734697e-01 -9.72397486e-02  1.00000000e-03]
Likelihood gradient:
[  0.41632333   5.60480312 108.76306729   0.        ]
Likelihood:
5268.535595097001


Hyperparameters:
[-1.84020416e+00  6.91395864e-01 -9.72501473e-02  1.00000000e-03]
Likelihood gradient:
[ -2.19105233   0.37731488 116.64629379   0.        ]
Likelihood:
5268.723051283992


Hyperparameters:
[-1.84356857e+00  6.93006323e-01 -9.72280608e-02  1.00000000e-03]
Likelihood gradient:
[-1.69625454  0.26533908 88.65456989  0.        ]
Likelihood:
5268.7292876969495


Hyperparameters:
[-1.84900760e+00  6.94651880e-01 -9.71949554e-02  1.00000000e-03]
Likelihood gradient:
[-0.83193094  0.21613294 46.73934321  0.        ]
Likelihood:
5268.733866365212


Hyperparameters:
[-1.85436160e+00  6.99300024e-01 -9.71574614e-02  1.00000000e-03]
Likelihood gradient:
[-0.01481108 -0.02715091 -1.12575441  0.        ]
Likelihood:
5268.732622471274


Hyperparameters:
[-1.85034132e+00  6.95809762e-01 -9.71856154e-02  1.00000000e-03]
Likelihood gradient:
[-0.63649066  0.13238041 34.82925276  0.        ]
Likelihood:
5268.734236072647


Hyperparameters:
[-1.85116389e+00  6.96109521e-01 -9.71803450e-02  1.00000000e-03]
Likelihood gradient:
[-0.52010142  0.1178653  28.12759981  0.        ]
Likelihood:
5268.7341847856715


Hyperparameters:
[-1.85051141e+00  6.95871747e-01 -9.71845256e-02  1.00000000e-03]
Likelihood gradient:
[-0.61950912  0.13734745 33.44331395  0.        ]
Likelihood:
5268.7342371847735


Hyperparameters:
[-1.85094205e+00  6.96028678e-01 -9.71817664e-02  1.00000000e-03]
Likelihood gradient:
[-0.55450335  0.12069872 29.93656041  0.        ]
Likelihood:
5268.734212331052


Hyperparameters:
[-1.85059834e+00  6.95903425e-01 -9.71839686e-02  1.00000000e-03]
Likelihood gradient:
[-0.65093567  0.07411767 32.74747242  0.        ]
Likelihood:
5268.734235224374


Hyperparameters:
[-1.85052913e+00  6.95878206e-01 -9.71844120e-02  1.00000000e-03]
Likelihood gradient:
[-0.586099    0.16707592 33.29487415  0.        ]
Likelihood:
5268.734236868153


Hyperparameters:
[-1.85051509e+00  6.95873089e-01 -9.71845020e-02  1.00000000e-03]
Likelihood gradient:
[-0.65410165  0.08423834 33.4230159   0.        ]
Likelihood:
5268.734237234919


Hyperparameters:
[-1.85051799e+00  6.95874147e-01 -9.71844834e-02  1.00000000e-03]
Likelihood gradient:
[-0.62147698  0.12503842 33.39210294  0.        ]
Likelihood:
5268.734237041983


Hyperparameters:
[-1.85051565e+00  6.95873294e-01 -9.71844984e-02  1.00000000e-03]
Likelihood gradient:
[-0.62598822  0.12675324 33.41114972  0.        ]
Likelihood:
5268.734237353685


Hyperparameters:
[-1.85051720e+00  6.95873857e-01 -9.71844885e-02  1.00000000e-03]
Likelihood gradient:
[-0.59812066  0.14774173 33.39130875  0.        ]
Likelihood:
5268.734237149822


Hyperparameters:
[-1.85051593e+00  6.95873394e-01 -9.71844966e-02  1.00000000e-03]
Likelihood gradient:
[-0.62077642  0.12969836 33.40779951  0.        ]
Likelihood:
5268.734236882312


Hyperparameters:
[-1.85051567e+00  6.95873300e-01 -9.71844983e-02  1.00000000e-03]
Likelihood gradient:
[-0.59191041  0.15753734 33.40461626  0.        ]
Likelihood:
5268.734236939219


Hyperparameters:
[-1.85051565e+00  6.95873294e-01 -9.71844984e-02  1.00000000e-03]
Likelihood gradient:
[-0.6014609   0.15009396 33.40803227  0.        ]
Likelihood:
5268.734237052133


Hyperparameters:
[-1.85051565e+00  6.95873294e-01 -9.71844984e-02  1.00000000e-03]
Likelihood gradient:
[-0.67105749  0.0613944  33.42084549  0.        ]
Likelihood:
5268.734237454981


Hyperparameters:
[-1.85051565e+00  6.95873294e-01 -9.71844984e-02  1.00000000e-03]
Likelihood gradient:
[-0.63286132  0.11615551 33.41282706  0.        ]
Likelihood:
5268.7342375056105


Hyperparameters:
[-1.85051565e+00  6.95873294e-01 -9.71844984e-02  1.00000000e-03]
Likelihood gradient:
[-0.63213218  0.11305173 33.41183758  0.        ]
Likelihood:
5268.734237237726


Hyperparameters:
[-1.85051565e+00  6.95873294e-01 -9.71844984e-02  1.00000000e-03]
Likelihood gradient:
[-0.62570982  0.1231953  33.41068045  0.        ]
Likelihood:
5268.7342371249815


Hyperparameters:
[-1.85051565e+00  6.95873294e-01 -9.71844984e-02  1.00000000e-03]
Likelihood gradient:
[-0.6326996   0.11817847 33.41273215  0.        ]
Likelihood:
5268.734237336012


Hyperparameters:
[-1.85116389e+00  6.96109521e-01 -9.71803450e-02  1.00000000e-03]
Likelihood gradient:
[-0.52927229  0.10460753 28.12951405  0.        ]
Likelihood:
5268.734184617513


Hyperparameters:
[-1.85072609e+00  6.95949981e-01 -9.71831501e-02  1.00000000e-03]
Likelihood gradient:
[-0.59251842  0.10923237 31.69821224  0.        ]
Likelihood:
5268.734229820797


Hyperparameters:
[-1.85050367e+00  6.95868927e-01 -9.71845752e-02  1.00000000e-03]
Likelihood gradient:
[-0.63810689  0.11435971 33.51112257  0.        ]
Likelihood:
5268.734237356646


Hyperparameters:
[-1.85063294e+00  6.95916034e-01 -9.71837469e-02  1.00000000e-03]
Likelihood gradient:
[-0.58561945  0.15005023 32.44949445  0.        ]
Likelihood:
5268.734234219017


Hyperparameters:
[-1.85055467e+00  6.95887513e-01 -9.71842484e-02  1.00000000e-03]
Likelihood gradient:
[-0.61102467  0.12863666 33.09330068  0.        ]
Likelihood:
5268.734236501607


Hyperparameters:
[-1.85052565e+00  6.95876938e-01 -9.71844343e-02  1.00000000e-03]
Likelihood gradient:
[-0.62160207  0.13508936 33.32793493  0.        ]
Likelihood:
5268.734236692782


Hyperparameters:
[-1.85051280e+00  6.95872255e-01 -9.71845166e-02  1.00000000e-03]
Likelihood gradient:
[-0.63366491  0.10853517 33.43685025  0.        ]
Likelihood:
5268.7342367732035


Hyperparameters:
[-1.85050731e+00  6.95870253e-01 -9.71845518e-02  1.00000000e-03]
Likelihood gradient:
[-0.64630231  0.10037586 33.48489811  0.        ]
Likelihood:
5268.734237211511


Hyperparameters:
[-1.85050519e+00  6.95869481e-01 -9.71845654e-02  1.00000000e-03]
Likelihood gradient:
[-0.61427949  0.14444807 33.49501985  0.        ]
Likelihood:
5268.734237027729


Hyperparameters:
[-1.85050416e+00  6.95869107e-01 -9.71845720e-02  1.00000000e-03]
Likelihood gradient:
[-0.64272561  0.09589046 33.51020752  0.        ]
Likelihood:
5268.734237308834


Hyperparameters:
[-1.85050387e+00  6.95869000e-01 -9.71845739e-02  1.00000000e-03]
Likelihood gradient:
[-0.64094113  0.10517006 33.51276683  0.        ]
Likelihood:
5268.734237443145


Hyperparameters:
[-1.85050401e+00  6.95869049e-01 -9.71845730e-02  1.00000000e-03]
Likelihood gradient:
[-0.63140853  0.11619784 33.50828381  0.        ]
Likelihood:
5268.734237898365


Warning: stress not available
Precomputing KnK for hyps optimization
Done precomputing. Time: 0.011780977249145508
Hyperparameters:
[-1.85034132e+00  6.95809762e-01 -9.71856154e-02  1.00000000e-03]
Likelihood gradient:
[   3.32332949    7.26881111 2571.09541567    0.        ]
Likelihood:
5773.336335915992


Hyperparameters:
[-1.84903582e+00  6.98665146e-01  9.12809505e-01  1.00000000e-03]
Likelihood gradient:
[ 4.95230562e+01  4.03213486e+00 -7.38414556e+03  0.00000000e+00]
Likelihood:
-6119.19450147876


Hyperparameters:
[-1.85028879e+00  6.95924647e-01 -5.65492425e-02  1.00000000e-03]
Likelihood gradient:
[-9.52484181e+00  7.25316700e+00 -2.18505375e+05  0.00000000e+00]
Likelihood:
3100.108514030104


Hyperparameters:
[-1.85033603e+00  6.95821312e-01 -9.31003717e-02  1.00000000e-03]
Likelihood gradient:
[ 2.03420278e+00  7.28633287e+00 -3.53041137e+03  0.00000000e+00]
Likelihood:
5771.822130026656


Hyperparameters:
[-1.85033898e+00  6.95814872e-01 -9.53781119e-02  1.00000000e-03]
Likelihood gradient:
[ 2.72562007  7.233302   32.05038325  0.        ]
Likelihood:
5775.725092840936


Hyperparameters:
[-1.63065935e+00  1.28038691e+00 -9.54361560e-02  1.00000000e-03]
Likelihood gradient:
[-41.27761393  -7.05189302  21.28609658   0.        ]
Likelihood:
5770.1066276745005


Hyperparameters:
[-1.80787787e+00  8.08804759e-01 -9.53893310e-02  1.00000000e-03]
Likelihood gradient:
[-3.96687395 -0.14661836 34.21363554  0.        ]
Likelihood:
5776.09042851718


Hyperparameters:
[-1.99988863e+00  9.80970990e-01 -9.53443693e-02  1.00000000e-03]
Likelihood gradient:
[21.59293604 -4.97136827 21.50172487  0.        ]
Likelihood:
5773.533858722814


Hyperparameters:
[-1.82546792e+00  8.24576859e-01 -9.53852121e-02  1.00000000e-03]
Likelihood gradient:
[-1.0923551  -0.83673789 34.27924445  0.        ]
Likelihood:
5776.11053984498


Hyperparameters:
[-1.83089635e+00  8.10892615e-01 -9.53595045e-02  1.00000000e-03]
Likelihood gradient:
[-0.25248449 -0.26419684 -1.73396669  0.        ]
Likelihood:
5776.117165946467


Hyperparameters:
[-1.83255467e+00  8.04633605e-01 -9.53604753e-02  1.00000000e-03]
Likelihood gradient:
[0.00950695 0.01564195 0.2544889  0.        ]
Likelihood:
5776.116572025443


Hyperparameters:
[-1.83125502e+00  8.09538877e-01 -9.53597144e-02  1.00000000e-03]
Likelihood gradient:
[-0.18913899 -0.19604062 -1.30462924  0.        ]
Likelihood:
5776.11722352234


Hyperparameters:
[-1.83138417e+00  8.09070741e-01 -9.53597924e-02  1.00000000e-03]
Likelihood gradient:
[-0.15337091 -0.16695217 -1.15025338  0.        ]
Likelihood:
5776.1172160110655


Hyperparameters:
[-1.83128162e+00  8.09442453e-01 -9.53597305e-02  1.00000000e-03]
Likelihood gradient:
[-0.18376451 -0.19149914 -1.27154166  0.        ]
Likelihood:
5776.117223185594


Hyperparameters:
[-1.83126059e+00  8.09518694e-01 -9.53597178e-02  1.00000000e-03]
Likelihood gradient:
[-0.17611013 -0.1836193  -1.30292777  0.        ]
Likelihood:
5776.117223266225


Hyperparameters:
[-1.83125615e+00  8.09534792e-01 -9.53597151e-02  1.00000000e-03]
Likelihood gradient:
[-0.20043058 -0.21839679 -1.29915222  0.        ]
Likelihood:
5776.117223666688


Hyperparameters:
[-1.83125703e+00  8.09531592e-01 -9.53597156e-02  1.00000000e-03]
Likelihood gradient:
[-0.18072224 -0.18376371 -1.30641592  0.        ]
Likelihood:
5776.1172231089295


Hyperparameters:
[-1.83125625e+00  8.09534411e-01 -9.53597152e-02  1.00000000e-03]
Likelihood gradient:
[-0.18896045 -0.20270424 -1.30211062  0.        ]
Likelihood:
5776.117223434083


Hyperparameters:
[-1.83125615e+00  8.09534771e-01 -9.53597151e-02  1.00000000e-03]
Likelihood gradient:
[-0.16738243 -0.17587275 -1.310121    0.        ]
Likelihood:
5776.117223623316


Hyperparameters:
[-1.83125446e+00  8.09532133e-01 -9.53597323e-02  1.00000000e-03]
Likelihood gradient:
[-0.20312029 -0.21251512 -1.27515639  0.        ]
Likelihood:
5776.1172251460775


Hyperparameters:
[-1.83124771e+00  8.09521581e-01 -9.53598011e-02  1.00000000e-03]
Likelihood gradient:
[-0.22163726 -0.22645522 -1.17001602  0.        ]
Likelihood:
5776.117232011264


Hyperparameters:
[-1.83122071e+00  8.09479372e-01 -9.53600764e-02  1.00000000e-03]
Likelihood gradient:
[-0.18678864 -0.19354644 -0.78415632  0.        ]
Likelihood:
5776.117260883997


Hyperparameters:
[-1.83111268e+00  8.09310537e-01 -9.53611776e-02  1.00000000e-03]
Likelihood gradient:
[-0.20440788 -0.1835749   0.80036746  0.        ]
Likelihood:
5776.117370578706


Hyperparameters:
[-1.83084102e+00  8.08709051e-01 -9.53636607e-02  1.00000000e-03]
Likelihood gradient:
[-0.23995627 -0.14300749  4.36569965  0.        ]
Likelihood:
5776.117655778864


Hyperparameters:
[-1.83089871e+00  8.08476281e-01 -9.53643897e-02  1.00000000e-03]
Likelihood gradient:
[-0.23227346 -0.13144889  5.45913624  0.        ]
Likelihood:
5776.117649523039


Hyperparameters:
[-1.83085157e+00  8.08666509e-01 -9.53637939e-02  1.00000000e-03]
Likelihood gradient:
[-0.25205327 -0.16056742  4.56956777  0.        ]
Likelihood:
5776.1176551162425


Hyperparameters:
[-1.83084296e+00  8.08701256e-01 -9.53636851e-02  1.00000000e-03]
Likelihood gradient:
[-0.27572816 -0.1812888   4.41465054  0.        ]
Likelihood:
5776.117655493412


Hyperparameters:
[-1.83084132e+00  8.08707839e-01 -9.53636645e-02  1.00000000e-03]
Likelihood gradient:
[-0.24369092 -0.15140554  4.37518576  0.        ]
Likelihood:
5776.1176554582635


Hyperparameters:
[-1.83084105e+00  8.08708961e-01 -9.53636610e-02  1.00000000e-03]
Likelihood gradient:
[-0.25109795 -0.16154144  4.37187111  0.        ]
Likelihood:
5776.117656205184


Hyperparameters:
[-1.83084106e+00  8.08708914e-01 -9.53636611e-02  1.00000000e-03]
Likelihood gradient:
[-0.24835909 -0.15673854  4.36994387  0.        ]
Likelihood:
5776.117656108941


Hyperparameters:
[-1.83084105e+00  8.08708960e-01 -9.53636610e-02  1.00000000e-03]
Likelihood gradient:
[-0.24361558 -0.15075335  4.36859551  0.        ]
Likelihood:
5776.117655542494


Hyperparameters:
[-1.83084105e+00  8.08708961e-01 -9.53636610e-02  1.00000000e-03]
Likelihood gradient:
[-0.23556092 -0.13714939  4.36515976  0.        ]
Likelihood:
5776.117655975246


Hyperparameters:
[-1.83084105e+00  8.08708961e-01 -9.53636610e-02  1.00000000e-03]
Likelihood gradient:
[-0.23915663 -0.14289775  4.36739607  0.        ]
Likelihood:
5776.117655988097


Hyperparameters:
[-1.83089871e+00  8.08476281e-01 -9.53643897e-02  1.00000000e-03]
Likelihood gradient:
[-0.25472821 -0.15277645  5.46684761  0.        ]
Likelihood:
5776.117650008491


Hyperparameters:
[-1.83086652e+00  8.08606174e-01 -9.53639829e-02  1.00000000e-03]
Likelihood gradient:
[-0.25097163 -0.15291289  4.85531553  0.        ]
Likelihood:
5776.117653788107


Hyperparameters:
[-1.83085079e+00  8.08669651e-01 -9.53637841e-02  1.00000000e-03]
Likelihood gradient:
[-0.25132182 -0.16480826  4.55824968  0.        ]
Likelihood:
5776.117654750769


Hyperparameters:
[-1.83084469e+00  8.08694266e-01 -9.53637070e-02  1.00000000e-03]
Likelihood gradient:
[-0.25643738 -0.17046695  4.44265344  0.        ]
Likelihood:
5776.11765578007


Hyperparameters:
[-1.83084809e+00  8.08680550e-01 -9.53637499e-02  1.00000000e-03]
Likelihood gradient:
[-0.24519546 -0.15318106  4.50428967  0.        ]
Likelihood:
5776.117655237011


Hyperparameters:
[-1.83084582e+00  8.08689714e-01 -9.53637212e-02  1.00000000e-03]
Likelihood gradient:
[-0.2817204  -0.18359942  4.46963617  0.        ]
Likelihood:
5776.117655230577


Hyperparameters:
[-1.83084499e+00  8.08693066e-01 -9.53637107e-02  1.00000000e-03]
Likelihood gradient:
[-0.25250695 -0.15564496  4.44589478  0.        ]
Likelihood:
5776.117654994272


Hyperparameters:
[-1.83084473e+00  8.08694115e-01 -9.53637075e-02  1.00000000e-03]
Likelihood gradient:
[-0.26306993 -0.17107141  4.4449009   0.        ]
Likelihood:
5776.117655366394


Hyperparameters:
[-1.83084471e+00  8.08694191e-01 -9.53637072e-02  1.00000000e-03]
Likelihood gradient:
[-0.23467003 -0.14102117  4.43642197  0.        ]
Likelihood:
5776.1176553378045


Hyperparameters:
[-1.83084470e+00  8.08694229e-01 -9.53637071e-02  1.00000000e-03]
Likelihood gradient:
[-0.24096817 -0.1485371   4.43650139  0.        ]
Likelihood:
5776.117655301903


Hyperparameters:
[-1.83084469e+00  8.08694247e-01 -9.53637070e-02  1.00000000e-03]
Likelihood gradient:
[-0.24695175 -0.16026459  4.44108192  0.        ]
Likelihood:
5776.117655042459


Hyperparameters:
[-1.83084469e+00  8.08694257e-01 -9.53637070e-02  1.00000000e-03]
Likelihood gradient:
[-0.24684548 -0.15548383  4.44041022  0.        ]
Likelihood:
5776.117655099126


Warning: stress not available
Precomputing KnK for hyps optimization
Done precomputing. Time: 0.013327360153198242
Hyperparameters:
[-1.83084102e+00  8.08709051e-01 -9.53636607e-02  1.00000000e-03]
Likelihood gradient:
[  3.99724389  -0.33904534 334.53412508   0.        ]
Likelihood:
6173.682305823482


Hyperparameters:
[-1.81877372e+00  8.07685504e-01  9.14563729e-01  1.00000000e-03]
Likelihood gradient:
[ 5.19941933e+01 -5.01477631e-01 -7.83821110e+03  0.00000000e+00]
Likelihood:
-6506.6046647589965


Hyperparameters:
[-1.83077451e+00  8.08703409e-01 -8.97974143e-02  1.00000000e-03]
Likelihood gradient:
[ 2.21561754e+00 -3.47512511e-01 -9.74687158e+03  0.00000000e+00]
Likelihood:
6148.8697038541395


Hyperparameters:
[-1.83083858e+00  8.08708843e-01 -9.51588354e-02  1.00000000e-03]
Likelihood gradient:
[ 3.93386678 -0.33976534 13.83854532  0.        ]
Likelihood:
6173.718055002038


Hyperparameters:
[-1.81260534e+00  8.07132812e-01 -9.51623941e-02  1.00000000e-03]
Likelihood gradient:
[ 0.96483336 -0.28590046 13.51977067  0.        ]
Likelihood:
6173.780597953597


Hyperparameters:
[-1.81144687e+00  5.36973777e-01 -9.51533941e-02  1.00000000e-03]
Likelihood gradient:
[ 0.72695752 36.18307419 -1.37591073  0.        ]
Likelihood:
6170.396269986362


Hyperparameters:
[-1.81256894e+00  7.98644081e-01 -9.51621113e-02  1.00000000e-03]
Likelihood gradient:
[ 0.98862198  0.16223747 13.05581687  0.        ]
Likelihood:
6173.781219114984


Hyperparameters:
[-1.81139679e+00  7.99123073e-01 -9.51607161e-02  1.00000000e-03]
Likelihood gradient:
[ 0.78495312  0.12150491 10.47291232  0.        ]
Likelihood:
6173.78344621711


Hyperparameters:
[-1.80683338e+00  8.00317532e-01 -9.51549771e-02  1.00000000e-03]
Likelihood gradient:
[ 0.03389271  0.07444219 -0.10105887  0.        ]
Likelihood:
6173.7897804086515


Hyperparameters:
[-1.80659992e+00  8.01761269e-01 -9.51550041e-02  1.00000000e-03]
Likelihood gradient:
[-0.02394154 -0.01664655 -0.13338645  0.        ]
Likelihood:
6173.790042828969


Hyperparameters:
[-1.80671843e+00  8.01511363e-01 -9.51550603e-02  1.00000000e-03]
Likelihood gradient:
[ 0.00804831  0.00620319 -0.00831644  0.        ]
Likelihood:
6173.789931408852


Hyperparameters:
[-1.80660113e+00  8.01758712e-01 -9.51550047e-02  1.00000000e-03]
Likelihood gradient:
[-5.41183729e-03  2.23443665e-05 -1.37082258e-01  0.00000000e+00]
Likelihood:
6173.7900415152635


Hyperparameters:
[-1.80659993e+00  8.01761247e-01 -9.51550041e-02  1.00000000e-03]
Likelihood gradient:
[-0.02367411 -0.01730075 -0.13254261  0.        ]
Likelihood:
6173.790043032559


Hyperparameters:
[-1.80659994e+00  8.01761227e-01 -9.51550041e-02  1.00000000e-03]
Likelihood gradient:
[-0.00626787  0.00370021 -0.1388244   0.        ]
Likelihood:
6173.790043110515


Hyperparameters:
[-1.80664926e+00  8.01804048e-01 -9.51550849e-02  1.00000000e-03]
Likelihood gradient:
[-0.00214417 -0.00684219  0.00616296  0.        ]
Likelihood:
6173.789996232317


Hyperparameters:
[-1.80660003e+00  8.01761300e-01 -9.51550042e-02  1.00000000e-03]
Likelihood gradient:
[-0.02060732 -0.00962073 -0.13398397  0.        ]
Likelihood:
6173.790042700835


Hyperparameters:
[-1.80659994e+00  8.01761227e-01 -9.51550041e-02  1.00000000e-03]
Likelihood gradient:
[-0.01159152 -0.00114779 -0.13620393  0.        ]
Likelihood:
6173.790042656154


Hyperparameters:
[-1.80659994e+00  8.01761227e-01 -9.51550041e-02  1.00000000e-03]
Likelihood gradient:
[ 0.00229827  0.01777209 -0.14223104  0.        ]
Likelihood:
6173.7900425910175


Hyperparameters:
[-1.80664926e+00  8.01804048e-01 -9.51550849e-02  1.00000000e-03]
Likelihood gradient:
[-0.00677076 -0.00613676  0.00831995  0.        ]
Likelihood:
6173.789995638108


Hyperparameters:
[-1.80662460e+00  8.01782638e-01 -9.51550445e-02  1.00000000e-03]
Likelihood gradient:
[-0.01735597 -0.00962518 -0.06292952  0.        ]
Likelihood:
6173.79001900472


Hyperparameters:
[-1.80661227e+00  8.01771932e-01 -9.51550243e-02  1.00000000e-03]
Likelihood gradient:
[-0.01949886 -0.01661521 -0.09643245  0.        ]
Likelihood:
6173.790031187258


Hyperparameters:
[-1.80660611e+00  8.01766580e-01 -9.51550142e-02  1.00000000e-03]
Likelihood gradient:
[-0.01569378 -0.01569345 -0.11751239  0.        ]
Likelihood:
6173.790036950493


Hyperparameters:
[-1.80660302e+00  8.01763904e-01 -9.51550091e-02  1.00000000e-03]
Likelihood gradient:
[-0.00267196  0.0138344  -0.13259468  0.        ]
Likelihood:
6173.790039792799


Hyperparameters:
[-1.80660148e+00  8.01762565e-01 -9.51550066e-02  1.00000000e-03]
Likelihood gradient:
[-0.00660459  0.00326017 -0.136802    0.        ]
Likelihood:
6173.790041563909


Hyperparameters:
[-1.80660071e+00  8.01761896e-01 -9.51550054e-02  1.00000000e-03]
Likelihood gradient:
[-0.02286828 -0.0228357  -0.13112775  0.        ]
Likelihood:
6173.790042405517


Hyperparameters:
[-1.80660033e+00  8.01761562e-01 -9.51550047e-02  1.00000000e-03]
Likelihood gradient:
[-0.01858618 -0.01419485 -0.13411128  0.        ]
Likelihood:
6173.790042550208


Hyperparameters:
[-1.80660013e+00  8.01761394e-01 -9.51550044e-02  1.00000000e-03]
Likelihood gradient:
[-0.00610091  0.00661021 -0.13752642  0.        ]
Likelihood:
6173.7900427483055


Hyperparameters:
[-1.80660004e+00  8.01761311e-01 -9.51550042e-02  1.00000000e-03]
Likelihood gradient:
[-0.03096613 -0.02428621 -0.13187343  0.        ]
Likelihood:
6173.790043012468


Hyperparameters:
[-1.80659999e+00  8.01761269e-01 -9.51550042e-02  1.00000000e-03]
Likelihood gradient:
[-0.0217736  -0.01260942 -0.13471511  0.        ]
Likelihood:
6173.790042917946


Hyperparameters:
[-1.80659997e+00  8.01761248e-01 -9.51550041e-02  1.00000000e-03]
Likelihood gradient:
[-0.01184227 -0.00628894 -0.13525607  0.        ]
Likelihood:
6173.790042961067


Warning: stress not available
Precomputing KnK for hyps optimization
Done precomputing. Time: 0.019035816192626953
Hyperparameters:
[-1.80659994e+00  8.01761227e-01 -9.51550041e-02  1.00000000e-03]
Likelihood gradient:
[  3.20867673   1.37204825 998.07352961   0.        ]
Likelihood:
6602.734678956249


Hyperparameters:
[-1.80335294e+00  8.03149662e-01  9.14838822e-01  1.00000000e-03]
Likelihood gradient:
[ 5.44867852e+01 -1.17247573e-01 -8.30297778e+03  0.00000000e+00]
Likelihood:
-6884.400010172147


Hyperparameters:
[-1.80655131e+00  8.01782023e-01 -8.00273622e-02  1.00000000e-03]
Likelihood gradient:
[-1.84623232e+00  1.41631786e+00 -3.73976734e+04  0.00000000e+00]
Likelihood:
6367.2739104653265


Hyperparameters:
[-1.80659817e+00  8.01761987e-01 -9.46026107e-02  1.00000000e-03]
Likelihood gradient:
[ 3.05792594  1.40517964 80.12604238  0.        ]
Likelihood:
6603.033716287768


Hyperparameters:
[-1.64321665e+00  8.77318793e-01 -9.46241274e-02  1.00000000e-03]
Likelihood gradient:
[-31.57659866  -2.12896316  46.72074653   0.        ]
Likelihood:
6601.03879658935


Hyperparameters:
[-1.78497410e+00  8.11762173e-01 -9.46054585e-02  1.00000000e-03]
Likelihood gradient:
[-0.76753027  0.80567638 77.49260887  0.        ]
Likelihood:
6603.090633298607


Hyperparameters:
[-1.80450687e+00  9.34512755e-01 -9.45914814e-02  1.00000000e-03]
Likelihood gradient:
[ 2.68426488 -3.8902483  60.8453253   0.        ]
Likelihood:
6602.8294533584485


Hyperparameters:
[-1.78739264e+00  8.26961099e-01 -9.46037279e-02  1.00000000e-03]
Likelihood gradient:
[-3.09832886e-01  4.23030310e-02  7.54499985e+01  0.00000000e+00]
Likelihood:
6603.09608211424


Hyperparameters:
[-1.78918869e+00  8.27756158e-01 -9.45577557e-02  1.00000000e-03]
Likelihood gradient:
[-0.0286795  -0.01494102 -1.51333788  0.        ]
Likelihood:
6603.0963215599


Hyperparameters:
[-1.78935094e+00  8.27457342e-01 -9.45585151e-02  1.00000000e-03]
Likelihood gradient:
[ 0.0064967   0.00355289 -0.17150214  0.        ]
Likelihood:
6603.096162192436


Hyperparameters:
[-1.78919039e+00  8.27753037e-01 -9.45577636e-02  1.00000000e-03]
Likelihood gradient:
[-0.01509188 -0.00850148 -1.5026323   0.        ]
Likelihood:
6603.096319809736


Hyperparameters:
[-1.78918871e+00  8.27756127e-01 -9.45577558e-02  1.00000000e-03]
Likelihood gradient:
[-0.02872861 -0.0170512  -1.51210999  0.        ]
Likelihood:
6603.0963214991825


Hyperparameters:
[-1.78918869e+00  8.27756158e-01 -9.45577557e-02  1.00000000e-03]
Likelihood gradient:
[-0.03542159 -0.02453353 -1.50943407  0.        ]
Likelihood:
6603.096321851717


Hyperparameters:
[-1.78918869e+00  8.27756158e-01 -9.45577557e-02  1.00000000e-03]
Likelihood gradient:
[-0.02693256 -0.01574312 -1.50999846  0.        ]
Likelihood:
6603.096321665809


Hyperparameters:
[-1.78918869e+00  8.27756158e-01 -9.45577557e-02  1.00000000e-03]
Likelihood gradient:
[-6.09452990e-03 -7.87581536e-04 -1.51701940e+00  0.00000000e+00]
Likelihood:
6603.096321923729


Hyperparameters:
[-1.78919624e+00  8.27768085e-01 -9.45582160e-02  1.00000000e-03]
Likelihood gradient:
[-0.03222904 -0.02601096 -0.72789132  0.        ]
Likelihood:
6603.096314763272


Hyperparameters:
[-1.78918881e+00  8.27756349e-01 -9.45577631e-02  1.00000000e-03]
Likelihood gradient:
[-0.02674722 -0.0161853  -1.49856327  0.        ]
Likelihood:
6603.096321760953


Hyperparameters:
[-1.78918869e+00  8.27756160e-01 -9.45577558e-02  1.00000000e-03]
Likelihood gradient:
[-0.0190323  -0.00769581 -1.5163322   0.        ]
Likelihood:
6603.096321735444


Hyperparameters:
[-1.78918869e+00  8.27756158e-01 -9.45577557e-02  1.00000000e-03]
Likelihood gradient:
[-0.00628979 -0.00232917 -1.51925932  0.        ]
Likelihood:
6603.096321610501


Hyperparameters:
[-1.78918869e+00  8.27756158e-01 -9.45577557e-02  1.00000000e-03]
Likelihood gradient:
[-0.02136846 -0.01200197 -1.51202797  0.        ]
Likelihood:
6603.096321837365


Hyperparameters:
[-1.78919624e+00  8.27768085e-01 -9.45582160e-02  1.00000000e-03]
Likelihood gradient:
[-0.02457241 -0.01621773 -0.73387333  0.        ]
Likelihood:
6603.0963149058825


Hyperparameters:
[-1.78919247e+00  8.27762121e-01 -9.45579858e-02  1.00000000e-03]
Likelihood gradient:
[-0.040949   -0.03101137 -1.11700967  0.        ]
Likelihood:
6603.096318152886


Hyperparameters:
[-1.78919058e+00  8.27759139e-01 -9.45578708e-02  1.00000000e-03]
Likelihood gradient:
[-0.02930814 -0.02143297 -1.31670572  0.        ]
Likelihood:
6603.096320181723


Hyperparameters:
[-1.78918964e+00  8.27757649e-01 -9.45578132e-02  1.00000000e-03]
Likelihood gradient:
[-0.02966586 -0.01830748 -1.41466701  0.        ]
Likelihood:
6603.096321332365


Hyperparameters:
[-1.78918916e+00  8.27756903e-01 -9.45577845e-02  1.00000000e-03]
Likelihood gradient:
[-1.16695623e-03  6.02847423e-03 -1.47023658e+00  0.00000000e+00]
Likelihood:
6603.096321259287


Hyperparameters:
[-1.78918893e+00  8.27756530e-01 -9.45577701e-02  1.00000000e-03]
Likelihood gradient:
[-0.01523711 -0.00897047 -1.49064323  0.        ]
Likelihood:
6603.096321713318


Hyperparameters:
[-1.78918881e+00  8.27756344e-01 -9.45577629e-02  1.00000000e-03]
Likelihood gradient:
[-0.02026063 -0.00743547 -1.50369513  0.        ]
Likelihood:
6603.0963217580265


Hyperparameters:
[-1.78918875e+00  8.27756251e-01 -9.45577593e-02  1.00000000e-03]
Likelihood gradient:
[-0.02189612 -0.0136418  -1.50792649  0.        ]
Likelihood:
6603.096321871908


Hyperparameters:
[-1.78918872e+00  8.27756204e-01 -9.45577575e-02  1.00000000e-03]
Likelihood gradient:
[-0.02115867 -0.01076769 -1.51081099  0.        ]
Likelihood:
6603.096321738081


Hyperparameters:
[-1.78918871e+00  8.27756181e-01 -9.45577566e-02  1.00000000e-03]
Likelihood gradient:
[-0.01861311 -0.00834615 -1.51278278  0.        ]
Likelihood:
6603.096321539757


Hyperparameters:
[-1.78918870e+00  8.27756169e-01 -9.45577561e-02  1.00000000e-03]
Likelihood gradient:
[-6.90511068e-03  1.43695156e-03 -1.51679436e+00  0.00000000e+00]
Likelihood:
6603.096322192923


Hyperparameters:
[-1.78918870e+00  8.27756175e-01 -9.45577564e-02  1.00000000e-03]
Likelihood gradient:
[-7.18443826e-03  1.24655507e-03 -1.51724013e+00  0.00000000e+00]
Likelihood:
6603.0963217125645


Warning: stress not available
Precomputing KnK for hyps optimization
Done precomputing. Time: 0.017590761184692383
Hyperparameters:
[-1.78918869e+00  8.27756158e-01 -9.45577557e-02  1.00000000e-03]
Likelihood gradient:
[ 6.70988446e+00 -9.27600139e-01  4.52978118e+03  0.00000000e+00]
Likelihood:
7213.615633225176


Hyperparameters:
[-1.78769260e+00  8.27549332e-01  9.15441115e-01  1.00000000e-03]
Likelihood gradient:
[ 5.56955047e+01 -2.12378696e+00 -8.77215161e+03  0.00000000e+00]
Likelihood:
-7259.814289523491


Hyperparameters:
[-1.78910658e+00  8.27744806e-01 -3.91260422e-02  1.00000000e-03]
Likelihood gradient:
[-1.04882860e+01 -4.03417072e-01 -9.24685552e+05  0.00000000e+00]
Likelihood:
-4037.617378785755


Hyperparameters:
[-1.78917162e+00  8.27753798e-01 -8.30333558e-02  1.00000000e-03]
Likelihood gradient:
[ 2.80637227e+00 -9.13507948e-01 -2.18671156e+04  0.00000000e+00]
Likelihood:
7129.772347463269


Hyperparameters:
[-1.78918512e+00  8.27755663e-01 -9.21429792e-02  1.00000000e-03]
Likelihood gradient:
[  5.86718426  -0.9486985  292.33748085   0.        ]
Likelihood:
7219.549126926635


Hyperparameters:
[ 0.21750719  0.49953197 -0.09248287  0.001     ]
Likelihood gradient:
[ 24534.75030045     64.2574642  -32700.7914053       0.        ]
Likelihood:
3571.555612927441


Hyperparameters:
[-1.7889853e+00  8.2772298e-01 -9.2143013e-02  1.0000000e-03]
Likelihood gradient:
[  5.84361392  -0.9384269  292.3289604    0.        ]
Likelihood:
7219.5505155197225


Hyperparameters:
[-1.78886183e+00  8.27702786e-01 -9.21430340e-02  1.00000000e-03]
Likelihood gradient:
[  5.82524491  -0.92831162 292.32371691   0.        ]
Likelihood:
7219.551370785761


Hyperparameters:
[-0.78567732  0.66361738 -0.09231295  0.001     ]
Likelihood gradient:
[-1074.16408955    13.2173996  -1763.46540947     0.        ]
Likelihood:
6937.8760026328055


Hyperparameters:
[-1.63139159e+00  8.01946238e-01 -9.21697057e-02  1.00000000e-03]
Likelihood gradient:
[-28.004982     0.40072506 274.82874518   0.        ]
Likelihood:
7218.16341130466


Hyperparameters:
[-1.75340023e+00  8.21902525e-01 -9.21490403e-02  1.00000000e-03]
Likelihood gradient:
[ -0.61335711  -0.63692446 290.94001839   0.        ]
Likelihood:
7219.684080973384


Hyperparameters:
[-1.77266527e+00  4.56425707e-01 -9.20527672e-02  1.00000000e-03]
Likelihood gradient:
[  2.90500046  83.44601894 114.12920422   0.        ]
Likelihood:
7210.763611003509


Hyperparameters:
[-1.75555254e+00  7.81071185e-01 -9.21382846e-02  1.00000000e-03]
Likelihood gradient:
[-2.07860617e-01  1.71804036e+00  2.71519329e+02  0.00000000e+00]
Likelihood:
7219.666373787397


Hyperparameters:
[-1.75408413e+00  8.08928383e-01 -9.21456227e-02  1.00000000e-03]
Likelihood gradient:
[-5.12570594e-01  1.95618912e-02  2.84782638e+02  0.00000000e+00]
Likelihood:
7219.688801230526


Hyperparameters:
[-1.75470410e+00  8.09034946e-01 -9.21132645e-02  1.00000000e-03]
Likelihood gradient:
[-4.01682635e-01  2.33486729e-02  2.24393699e+02  0.00000000e+00]
Likelihood:
7219.696673341254


Hyperparameters:
[-1.75598028e+00  8.09682062e-01 -9.20447513e-02  1.00000000e-03]
Likelihood gradient:
[-1.87964086e-01 -2.40158942e-02  9.61644677e+01  0.00000000e+00]
Likelihood:
7219.706699014636


Hyperparameters:
[-1.75710355e+00  8.08990542e-01 -9.19932376e-02  1.00000000e-03]
Likelihood gradient:
[ 0.02350459  0.03364654 -0.51472404  0.        ]
Likelihood:
7219.708078795891


Hyperparameters:
[-1.75697288e+00  8.09645371e-01 -9.19933492e-02  1.00000000e-03]
Likelihood gradient:
[-0.01869281 -0.02336306 -0.34588429  0.        ]
Likelihood:
7219.708223337828


Hyperparameters:
[-1.75703342e+00  8.09379137e-01 -9.19935262e-02  1.00000000e-03]
Likelihood gradient:
[-0.00791347 -0.0099114   0.01094562  0.        ]
Likelihood:
7219.708160165937


Hyperparameters:
[-1.75697398e+00  8.09640527e-01 -9.19933524e-02  1.00000000e-03]
Likelihood gradient:
[-0.00466008 -0.00655475 -0.34155947  0.        ]
Likelihood:
7219.708222536512


Hyperparameters:
[-1.75697291e+00  8.09645247e-01 -9.19933493e-02  1.00000000e-03]
Likelihood gradient:
[ 0.00257769 -0.00552159 -0.35120155  0.        ]
Likelihood:
7219.708223167201


Hyperparameters:
[-1.75697288e+00  8.09645370e-01 -9.19933492e-02  1.00000000e-03]
Likelihood gradient:
[-0.01226074 -0.00474326 -0.3492831   0.        ]
Likelihood:
7219.708223799798


Hyperparameters:
[-1.75703235e+00  8.09665876e-01 -9.19935501e-02  1.00000000e-03]
Likelihood gradient:
[ 0.00204378 -0.02331641  0.05384605  0.        ]
Likelihood:
7219.708161483599


Hyperparameters:
[-1.75697299e+00  8.09645409e-01 -9.19933496e-02  1.00000000e-03]
Likelihood gradient:
[-0.01068014 -0.01576167 -0.34831269  0.        ]
Likelihood:
7219.708222894224


Hyperparameters:
[-1.75697288e+00  8.09645370e-01 -9.19933492e-02  1.00000000e-03]
Likelihood gradient:
[ 0.00754637  0.01058609 -0.35627283  0.        ]
Likelihood:
7219.7082234851605


Hyperparameters:
[-1.75697288e+00  8.09645370e-01 -9.19933492e-02  1.00000000e-03]
Likelihood gradient:
[-0.03289518 -0.02921762 -0.34304224  0.        ]
Likelihood:
7219.708223245514


Hyperparameters:
[-1.75703235e+00  8.09665876e-01 -9.19935501e-02  1.00000000e-03]
Likelihood gradient:
[ 0.00049752 -0.0159933   0.05385913  0.        ]
Likelihood:
7219.708161615643


Hyperparameters:
[-1.75700262e+00  8.09655623e-01 -9.19934497e-02  1.00000000e-03]
Likelihood gradient:
[-0.02298856 -0.0299933  -0.14150491  0.        ]
Likelihood:
7219.7081925226885


Hyperparameters:
[-1.75698775e+00  8.09650497e-01 -9.19933994e-02  1.00000000e-03]
Likelihood gradient:
[ 1.55495406e-04 -3.23594722e-04 -2.51994452e-01  0.00000000e+00]
Likelihood:
7219.708207595466


Hyperparameters:
[-1.75698031e+00  8.09647934e-01 -9.19933743e-02  1.00000000e-03]
Likelihood gradient:
[-0.01535045 -0.01398134 -0.29477319  0.        ]
Likelihood:
7219.708215214412


Hyperparameters:
[-1.75697660e+00  8.09646652e-01 -9.19933618e-02  1.00000000e-03]
Likelihood gradient:
[ 3.49046250e-04 -1.06533266e-04 -3.27717909e-01  0.00000000e+00]
Likelihood:
7219.708219142694


Hyperparameters:
[-1.75697474e+00  8.09646011e-01 -9.19933555e-02  1.00000000e-03]
Likelihood gradient:
[-0.02603782 -0.02189121 -0.33046388  0.        ]
Likelihood:
7219.70822101846


Hyperparameters:
[-1.75697381e+00  8.09645691e-01 -9.19933523e-02  1.00000000e-03]
Likelihood gradient:
[-0.00587804 -0.00261041 -0.34352221  0.        ]
Likelihood:
7219.70822233133


Hyperparameters:
[-1.75697335e+00  8.09645531e-01 -9.19933508e-02  1.00000000e-03]
Likelihood gradient:
[-0.03109626 -0.03247642 -0.33805669  0.        ]
Likelihood:
7219.7082226307175


Hyperparameters:
[-1.75697311e+00  8.09645450e-01 -9.19933500e-02  1.00000000e-03]
Likelihood gradient:
[-0.01797617 -0.01600847 -0.3441723   0.        ]
Likelihood:
7219.708222932786


Hyperparameters:
[-1.75697300e+00  8.09645410e-01 -9.19933496e-02  1.00000000e-03]
Likelihood gradient:
[-0.0388936  -0.04010248 -0.33777996  0.        ]
Likelihood:
7219.708223089405


Hyperparameters:
[-1.75697294e+00  8.09645390e-01 -9.19933494e-02  1.00000000e-03]
Likelihood gradient:
[ 0.01054829  0.00112741 -0.35250344  0.        ]
Likelihood:
7219.708222934312


Hyperparameters:
[-1.75697291e+00  8.09645380e-01 -9.19933493e-02  1.00000000e-03]
Likelihood gradient:
[-0.00702605 -0.01018116 -0.34970987  0.        ]
Likelihood:
7219.708222936319


Warning: stress not available
Precomputing KnK for hyps optimization
Done precomputing. Time: 0.022553682327270508
Hyperparameters:
[-1.75697288e+00  8.09645370e-01 -9.19933492e-02  1.00000000e-03]
Likelihood gradient:
[1.75956083e+00 1.13923655e+00 2.26185766e+03 0.00000000e+00]
Likelihood:
7726.08001710984


Hyperparameters:
[-1.75618717e+00  8.10154080e-01  9.18006217e-01  1.00000000e-03]
Likelihood gradient:
[ 5.65699142e+01 -1.32498778e+00 -9.21707979e+03  0.00000000e+00]
Likelihood:
-7655.845734420986


Hyperparameters:
[-1.75695067e+00  8.09659754e-01 -6.34364946e-02  1.00000000e-03]
Likelihood gradient:
[-7.68893929e+00  1.27267149e+00 -1.39513230e+05  0.00000000e+00]
Likelihood:
6326.801811766927


Hyperparameters:
[-1.75697186e+00  8.09646033e-01 -9.06776156e-02  1.00000000e-03]
Likelihood gradient:
[   1.31721046    1.15619424 -352.13790959    0.        ]
Likelihood:
7727.357075176329


Hyperparameters:
[-6.77272507e-01  1.71455250e+00 -9.09934531e-02  1.00000000e-03]
Likelihood gradient:
[-1710.94642973    -8.42872048 -3236.81856826     0.        ]
Likelihood:
7279.914920932297


Hyperparameters:
[-1.56349724e+00  9.71798980e-01 -9.07342115e-02  1.00000000e-03]
Likelihood gradient:
[ -47.60003241   -5.30051409 -324.57003453    0.        ]
Likelihood:
7723.121291543001


Hyperparameters:
[-1.74614744e+00  8.18718080e-01 -9.06807820e-02  1.00000000e-03]
Likelihood gradient:
[  -0.79236186    0.62015874 -349.3321541     0.        ]
Likelihood:
7727.380239721122


Hyperparameters:
[-1.75962008e+00  8.71497356e-01 -9.06904737e-02  1.00000000e-03]
Likelihood gradient:
[   1.82730677   -2.04571935 -324.588927      0.        ]
Likelihood:
7727.320622285111


Hyperparameters:
[-1.74851092e+00  8.27977053e-01 -9.06824822e-02  1.00000000e-03]
Likelihood gradient:
[-3.38748011e-01  7.19978323e-02 -3.44971407e+02  0.00000000e+00]
Likelihood:
7727.382796579392


Hyperparameters:
[-1.74862762e+00  8.28054091e-01 -9.06973233e-02  1.00000000e-03]
Likelihood gradient:
[-3.11572129e-01  7.30112983e-02 -3.14388634e+02  0.00000000e+00]
Likelihood:
7727.387609897269


Hyperparameters:
[-1.74909442e+00  8.28362242e-01 -9.07566880e-02  1.00000000e-03]
Likelihood gradient:
[-1.80207811e-01  6.40127640e-02 -1.92301923e+02  0.00000000e+00]
Likelihood:
7727.402293978526


Hyperparameters:
[-1.74973243e+00  8.29757084e-01 -9.08502721e-02  1.00000000e-03]
Likelihood gradient:
[-0.02132489 -0.01143368 -0.67717137  0.        ]
Likelihood:
7727.410740354491


Hyperparameters:
[-1.74984105e+00  8.29566182e-01 -9.08505757e-02  1.00000000e-03]
Likelihood gradient:
[-0.00462424 -0.00372891 -0.01709884  0.        ]
Likelihood:
7727.4106333062755


Hyperparameters:
[-1.74973321e+00  8.29755721e-01 -9.08502742e-02  1.00000000e-03]
Likelihood gradient:
[-0.03998981 -0.03044739 -0.66415009  0.        ]
Likelihood:
7727.410740110256


Hyperparameters:
[-1.74973245e+00  8.29757057e-01 -9.08502721e-02  1.00000000e-03]
Likelihood gradient:
[-0.0383203  -0.02831879 -0.66682033  0.        ]
Likelihood:
7727.410740547883


Hyperparameters:
[-1.74973247e+00  8.29757026e-01 -9.08502722e-02  1.00000000e-03]
Likelihood gradient:
[-0.01696951 -0.00284088 -0.67937903  0.        ]
Likelihood:
7727.410740954489


Hyperparameters:
[-1.74979807e+00  8.29790152e-01 -9.08505559e-02  1.00000000e-03]
Likelihood gradient:
[-0.01014137 -0.01427462 -0.07268154  0.        ]
Likelihood:
7727.410672991247


Hyperparameters:
[-1.74973266e+00  8.29757124e-01 -9.08502730e-02  1.00000000e-03]
Likelihood gradient:
[-0.04257874 -0.02635818 -0.66717725  0.        ]
Likelihood:
7727.410740621455


Hyperparameters:
[-1.74973247e+00  8.29757027e-01 -9.08502722e-02  1.00000000e-03]
Likelihood gradient:
[-0.02979419 -0.01552645 -0.67286197  0.        ]
Likelihood:
7727.410740661828


Hyperparameters:
[-1.74973247e+00  8.29757026e-01 -9.08502722e-02  1.00000000e-03]
Likelihood gradient:
[-0.03893132 -0.02760536 -0.67099326  0.        ]
Likelihood:
7727.410740563113


Hyperparameters:
[-1.74973247e+00  8.29757026e-01 -9.08502722e-02  1.00000000e-03]
Likelihood gradient:
[-0.01322971  0.00177948 -0.68060936  0.        ]
Likelihood:
7727.41074055502


Hyperparameters:
[-1.74979807e+00  8.29790152e-01 -9.08505559e-02  1.00000000e-03]
Likelihood gradient:
[-0.00540614 -0.00753587 -0.07514772  0.        ]
Likelihood:
7727.41067320486


Hyperparameters:
[-1.74976527e+00  8.29773589e-01 -9.08504140e-02  1.00000000e-03]
Likelihood gradient:
[-0.02605643 -0.02113161 -0.36963914  0.        ]
Likelihood:
7727.410706264549


Hyperparameters:
[-1.74974887e+00  8.29765308e-01 -9.08503431e-02  1.00000000e-03]
Likelihood gradient:
[-0.04001512 -0.03076965 -0.51707201  0.        ]
Likelihood:
7727.410723717789


Hyperparameters:
[-1.74974067e+00  8.29761167e-01 -9.08503076e-02  1.00000000e-03]
Likelihood gradient:
[-0.01790141 -0.00299808 -0.6019475   0.        ]
Likelihood:
7727.410731962023


Hyperparameters:
[-1.74973657e+00  8.29759097e-01 -9.08502899e-02  1.00000000e-03]
Likelihood gradient:
[-0.02711329 -0.01754133 -0.63642395  0.        ]
Likelihood:
7727.41073671688


Hyperparameters:
[-1.74973452e+00  8.29758062e-01 -9.08502810e-02  1.00000000e-03]
Likelihood gradient:
[-0.0367653  -0.02650073 -0.6510751   0.        ]
Likelihood:
7727.410738030698


Hyperparameters:
[-1.74973349e+00  8.29757544e-01 -9.08502766e-02  1.00000000e-03]
Likelihood gradient:
[-0.02210706 -0.00965031 -0.66598438  0.        ]
Likelihood:
7727.410738934193


Hyperparameters:
[-1.74973298e+00  8.29757285e-01 -9.08502744e-02  1.00000000e-03]
Likelihood gradient:
[-0.03419373 -0.01560538 -0.66893806  0.        ]
Likelihood:
7727.410740112631


Hyperparameters:
[-1.74973272e+00  8.29757156e-01 -9.08502733e-02  1.00000000e-03]
Likelihood gradient:
[-0.02811347 -0.01615148 -0.67096469  0.        ]
Likelihood:
7727.410740485277


Hyperparameters:
[-1.74973259e+00  8.29757091e-01 -9.08502727e-02  1.00000000e-03]
Likelihood gradient:
[-0.01757915 -0.00184962 -0.67619176  0.        ]
Likelihood:
7727.410739954976


Hyperparameters:
[-1.74973253e+00  8.29757059e-01 -9.08502724e-02  1.00000000e-03]
Likelihood gradient:
[-0.01565173 -0.00777923 -0.67815596  0.        ]
Likelihood:
7727.410740334028


Hyperparameters:
[-1.74973250e+00  8.29757043e-01 -9.08502723e-02  1.00000000e-03]
Likelihood gradient:
[-0.04330133 -0.03001658 -0.66674587  0.        ]
Likelihood:
7727.410740247464


Warning: stress not available
Warning: stress not available
Warning: stress not available
Warning: stress not available
Warning: stress not available
Warning: stress not available
Warning: stress not available
Warning: stress not available
Warning: stress not available
Warning: stress not available
Warning: stress not available
Warning: stress not available
Warning: stress not available
Warning: stress not available
Warning: stress not available
Warning: stress not available
Warning: stress not available
Warning: stress not available
Warning: stress not available
Warning: stress not available
Warning: stress not available
Warning: stress not available
Warning: stress not available
Warning: stress not available
Warning: stress not available
Warning: stress not available
Warning: stress not available
Warning: stress not available
Warning: stress not available
Warning: stress not available
Warning: stress not available
Warning: stress not available
Warning: stress not available
Warning: stress not available
Warning: stress not available
Warning: stress not available
Warning: stress not available
Warning: stress not available
Warning: stress not available
Warning: stress not available
Warning: stress not available
Warning: stress not available
Warning: stress not available
Warning: stress not available
Warning: stress not available
Warning: stress not available
Warning: stress not available
Warning: stress not available
Warning: stress not available
Warning: stress not available
Warning: stress not available
Warning: stress not available
Warning: stress not available
Warning: stress not available
Warning: stress not available
Warning: stress not available
Warning: stress not available
Warning: stress not available
Warning: stress not available
Warning: stress not available
Warning: stress not available
Warning: stress not available
Warning: stress not available
Warning: stress not available
Warning: stress not available
Warning: stress not available
Warning: stress not available
Warning: stress not available
Warning: stress not available
Warning: stress not available
Warning: stress not available
Warning: stress not available
Warning: stress not available
Warning: stress not available
Warning: stress not available
Warning: stress not available
Warning: stress not available
Warning: stress not available
Warning: stress not available
Warning: stress not available
Warning: stress not available
Warning: stress not available
Warning: stress not available
Warning: stress not available
Warning: stress not available
Warning: stress not available
Warning: stress not available
