/var/spool/slurmd/job7908985/slurm_script: line 17: activate: No such file or directory

CondaError: Run 'conda init' before 'conda activate'


Intel MKL ERROR: Parameter 4 was incorrect on entry to DPOTRF.

Intel MKL ERROR: Parameter 6 was incorrect on entry to DGEMV .

Intel MKL ERROR: Parameter 6 was incorrect on entry to DGEMV .

Intel MKL ERROR: Parameter 6 was incorrect on entry to DGEMV .
/leonardo/pub/userexternal/sperego0/software/flare/flare_v1.3.3-fix/flare/md/fake.py:76: UserWarning: FakeMD runs out of frames.
  warnings.warn("FakeMD runs out of frames.")
Warning: stress not available
Warning: stress not available
Warning: stress not available
Warning: stress not available
Warning: stress not available
Warning: stress not available
Warning: stress not available
Warning: stress not available
Warning: stress not available
Warning: stress not available
Precomputing KnK for hyps optimization
Done precomputing. Time: 0.005229949951171875
Hyperparameters:
[2.e+00 1.e-01 5.e-02 1.e-03]
Likelihood gradient:
[-7.78888432e+00  4.24144848e+03  2.17394460e+05  0.00000000e+00]
Likelihood:
514.4396568229076


Hyperparameters:
[1.99996382e+00 1.19701734e-01 1.05980782e+00 1.00000000e-03]
Likelihood gradient:
[  -38.88944113    64.4332098  -3946.76991425     0.        ]
Likelihood:
-4501.917479376846


Hyperparameters:
[1.99998836e+00 1.06336248e-01 3.74762944e-01 1.00000000e-03]
Likelihood gradient:
[   -44.15917565    677.63337026 -10191.72004548      0.        ]
Likelihood:
-307.3690823397819


Hyperparameters:
[1.99999612e+00 1.02112354e-01 1.58268227e-01 1.00000000e-03]
Likelihood gradient:
[   -30.1539783    2206.60459174 -16153.0583841       0.        ]
Likelihood:
2572.5085242525574


Hyperparameters:
[1.97841265e+00 1.87287693e+00 1.42836411e-01 1.00000000e-03]
Likelihood gradient:
[-2.97746992e+01 -3.40990672e+00 -1.60981696e+04  0.00000000e+00]
Likelihood:
2964.3523032695985


Hyperparameters:
[-2.20065993e+01  1.96211830e+00  1.38010879e-01  1.00000000e-03]
Likelihood gradient:
[ 1.11707450e+01 -3.33060055e+00 -1.58123383e+04  0.00000000e+00]
Likelihood:
2553.780101694937


Hyperparameters:
[-2.24494386e+00  1.88859083e+00  1.41986716e-01  1.00000000e-03]
Likelihood gradient:
[ 4.08684063e+01 -3.39486127e+00 -1.60851265e+04  0.00000000e+00]
Likelihood:
2968.3490371128228


Hyperparameters:
[5.55133085e-03 1.88021739e+00 1.42439492e-01 1.00000000e-03]
Likelihood gradient:
[ 1.73650822e+06 -1.47016897e+00  4.08672861e+05  0.00000000e+00]
Likelihood:
-31513.265167671976


Hyperparameters:
[-2.24492010e+00  1.88859075e+00  1.41986721e-01  1.00000000e-03]
Likelihood gradient:
[ 4.08681820e+01 -3.39459391e+00 -1.60851233e+04  0.00000000e+00]
Likelihood:
2968.3499356823977


Hyperparameters:
[-2.24478680e+00  1.88859025e+00  1.41986747e-01  1.00000000e-03]
Likelihood gradient:
[ 4.08633016e+01 -3.39492075e+00 -1.60851085e+04  0.00000000e+00]
Likelihood:
2968.3549759915977


Hyperparameters:
[-1.11961773e+00  1.88440382e+00  1.42213120e-01  1.00000000e-03]
Likelihood gradient:
[-1.43241658e+02 -3.46726811e+00 -1.55009641e+04  0.00000000e+00]
Likelihood:
2951.612028765415


Hyperparameters:
[-1.74752352e+00  1.88674008e+00  1.42086792e-01  1.00000000e-03]
Likelihood gradient:
[ 1.19808940e+01 -3.41293403e+00 -1.59829521e+04  0.00000000e+00]
Likelihood:
2981.4080822490405


Hyperparameters:
[-1.57650014e+00  1.91299210e+00  1.40053797e-01  1.00000000e-03]
Likelihood gradient:
[-1.01638956e+01 -3.40795443e+00 -1.57561539e+04  0.00000000e+00]
Likelihood:
3013.9490136368313


Hyperparameters:
[-1.58854626e+00  1.96730843e+00  1.35877946e-01  1.00000000e-03]
Likelihood gradient:
[-1.05002885e+01 -3.37466601e+00 -1.53760838e+04  0.00000000e+00]
Likelihood:
3078.9205521092663


Hyperparameters:
[-1.63673073e+00  2.18457373e+00  1.19174541e-01  1.00000000e-03]
Likelihood gradient:
[-1.19402290e+01 -3.22403134e+00 -1.24965226e+04  0.00000000e+00]
Likelihood:
3315.142480756371


Hyperparameters:
[-1.86736621e+00  2.81613103e+00  7.05455630e-02  1.00000000e-03]
Likelihood gradient:
[-1.57572210e+00 -2.75553910e+00  4.73992721e+04  0.00000000e+00]
Likelihood:
3047.3810171828327


Hyperparameters:
[-1.73532317e+00  2.45455289e+00  9.83865450e-02  1.00000000e-03]
Likelihood gradient:
[   -7.79746634    -3.02081499 -2790.25922494     0.        ]
Likelihood:
3491.772989405259


Hyperparameters:
[-1.81604553e+00  2.52963704e+00  9.24483220e-02  1.00000000e-03]
Likelihood gradient:
[ 4.09374573e-01 -2.96418288e+00  2.49007589e+03  0.00000000e+00]
Likelihood:
3493.5259624538894


Hyperparameters:
[-1.81095461e+00  2.51090498e+00  9.38472337e-02  1.00000000e-03]
Likelihood gradient:
[ 3.46286831e-01 -2.97787881e+00  1.08623846e+03  0.00000000e+00]
Likelihood:
3496.074416613773


Hyperparameters:
[-1.80448012e+00  2.49374266e+00  9.49705282e-02  1.00000000e-03]
Likelihood gradient:
[-2.18104882e-03 -2.99088036e+00  3.29610201e+01  0.00000000e+00]
Likelihood:
3496.7515045697382


Hyperparameters:
[-1.80420194e+00  2.49032939e+00  9.50543511e-02  1.00000000e-03]
Likelihood gradient:
[-2.14039385e-03 -2.99329340e+00 -4.32415556e+01  0.00000000e+00]
Likelihood:
3496.7613705287213


Hyperparameters:
[-1.80390496e+00  2.48259626e+00  9.51410986e-02  1.00000000e-03]
Likelihood gradient:
[-3.06695763e-03 -2.99877722e+00 -1.21742387e+02  0.00000000e+00]
Likelihood:
3496.7774727062706


Hyperparameters:
[-1.80359902e+00  2.46814478e+00  9.52298881e-02  1.00000000e-03]
Likelihood gradient:
[-4.36214817e-03 -3.00907068e+00 -2.01717645e+02  0.00000000e+00]
Likelihood:
3496.8066164381908


Hyperparameters:
[-1.80324086e+00  2.44158776e+00  9.53341925e-02  1.00000000e-03]
Likelihood gradient:
[-5.71823294e-03 -3.02809439e+00 -2.95188724e+02  0.00000000e+00]
Likelihood:
3496.860973079507


Hyperparameters:
[-1.80276650e+00  2.39186227e+00  9.54723088e-02  1.00000000e-03]
Likelihood gradient:
[-7.33793712e-03 -3.06339729e+00 -4.18164986e+02  0.00000000e+00]
Likelihood:
3496.9633013785515


Hyperparameters:
[-1.80208181e+00  2.29726572e+00  9.56709830e-02  1.00000000e-03]
Likelihood gradient:
[-1.06801027e-02 -3.13015595e+00 -5.93489095e+02  0.00000000e+00]
Likelihood:
3497.1559406755423


Hyperparameters:
[-1.80104839e+00  2.11554551e+00  9.59737184e-02  1.00000000e-03]
Likelihood gradient:
[-1.12690362e-02 -3.24965170e+00 -8.57111466e+02  0.00000000e+00]
Likelihood:
3497.5164457746496


Hyperparameters:
[-1.79936512e+00  1.76483443e+00  9.64537606e-02  1.00000000e-03]
Likelihood gradient:
[-1.47101164e-02 -3.38640020e+00 -1.26645563e+03  0.00000000e+00]
Likelihood:
3498.176125184533


Hyperparameters:
[-1.79662206e+00  1.08349241e+00  9.72233919e-02  1.00000000e-03]
Likelihood gradient:
[ 4.24244693e-03 -1.23552228e+00 -1.89931428e+03  0.00000000e+00]
Likelihood:
3498.9060082913384


Hyperparameters:
[-1.79791629e+00  1.24910492e+00  9.68066176e-02  1.00000000e-03]
Likelihood gradient:
[-2.40362055e-02 -2.50738812e+00 -1.55951519e+03  0.00000000e+00]
Likelihood:
3499.3034293803503


Hyperparameters:
[-1.79934518e+00  1.22805701e+00  9.63257112e-02  1.00000000e-03]
Likelihood gradient:
[-4.34144301e-02 -2.39048663e+00 -1.15639867e+03  0.00000000e+00]
Likelihood:
3500.0080409567836


Warning: stress not available
Precomputing KnK for hyps optimization
Done precomputing. Time: 0.005900382995605469
Hyperparameters:
[-1.79934518e+00  1.22805701e+00  9.63257112e-02  1.00000000e-03]
Likelihood gradient:
[-1.22659525e+00 -2.18330646e+00 -2.40254346e+03  0.00000000e+00]
Likelihood:
3932.9438095028745


Hyperparameters:
[-1.79986083e+00  1.22713917e+00 -9.13673740e-01  1.00000000e-03]
Likelihood gradient:
[ 4.76532311e+01 -4.29727133e+00  5.04879060e+03  0.00000000e+00]
Likelihood:
-4233.924153797623


Hyperparameters:
[-1.79937217e+00  1.22800897e+00  4.34649299e-02  1.00000000e-03]
Likelihood gradient:
[-2.33264827e+01 -1.77592716e+00  3.82590294e+05  0.00000000e+00]
Likelihood:
-881.5098314394727


Hyperparameters:
[-1.79935026e+00  1.22804798e+00  8.63890535e-02  1.00000000e-03]
Likelihood gradient:
[-5.46843894e+00 -2.10566271e+00  9.44934600e+03  0.00000000e+00]
Likelihood:
3903.174031692769


Hyperparameters:
[-1.79934639e+00  1.22805486e+00  9.39621538e-02  1.00000000e-03]
Likelihood gradient:
[  -2.22658642   -2.16598939 -128.19741742    0.        ]
Likelihood:
3935.990711251783


Hyperparameters:
[-3.21631383e+00 -1.15711088e-01  9.32666773e-02  1.00000000e-03]
Likelihood gradient:
[   50.81595805 -2771.06284183  1401.34656808     0.        ]
Likelihood:
3696.4292698207682


Hyperparameters:
[-1.80034256e+00  1.22711015e+00  9.39616648e-02  1.00000000e-03]
Likelihood gradient:
[  -2.09219369   -2.15869857 -128.11063628    0.        ]
Likelihood:
3935.994649385374


Hyperparameters:
[-1.82995812e+00  1.19902455e+00  9.39471289e-02  1.00000000e-03]
Likelihood gradient:
[   1.77419913   -1.93028151 -125.07881302    0.        ]
Likelihood:
3936.0487682837756


Hyperparameters:
[-1.82658196e+00  1.14148952e+00  9.39453188e-02  1.00000000e-03]
Likelihood gradient:
[   1.35482414   -1.3716543  -121.33183047    0.        ]
Likelihood:
3936.1509564870994


Hyperparameters:
[-1.81686505e+00  1.01049088e+00  9.38334716e-02  1.00000000e-03]
Likelihood gradient:
[ 0.08251393  0.58863498 -0.6309402   0.        ]
Likelihood:
3936.2316923354338


Hyperparameters:
[-1.81616867e+00  1.05013142e+00  9.38286425e-02  1.00000000e-03]
Likelihood gradient:
[-0.0177491  -0.13172812  3.97208136  0.        ]
Likelihood:
3936.2405396506074


Hyperparameters:
[-1.81628645e+00  1.04288204e+00  9.38328401e-02  1.00000000e-03]
Likelihood gradient:
[-1.53926449e-04 -9.98721662e-03 -2.92027390e-01  0.00000000e+00]
Likelihood:
3936.2410258122536


Hyperparameters:
[-1.81628700e+00  1.04228576e+00  9.38325099e-02  1.00000000e-03]
Likelihood gradient:
[-0.00244514 -0.00090639  0.05688996  0.        ]
Likelihood:
3936.2410284187436


Hyperparameters:
[-1.81630790e+00  1.04222075e+00  9.38325655e-02  1.00000000e-03]
Likelihood gradient:
[ 0.00268169  0.00132167 -0.00715179  0.        ]
Likelihood:
3936.2410218593523


Hyperparameters:
[-1.81628706e+00  1.04228557e+00  9.38325101e-02  1.00000000e-03]
Likelihood gradient:
[-0.0015484  -0.00146158  0.05673918  0.        ]
Likelihood:
3936.241028510972


Hyperparameters:
[-1.81628712e+00  1.04228536e+00  9.38325103e-02  1.00000000e-03]
Likelihood gradient:
[0.00194313 0.00202904 0.05924239 0.        ]
Likelihood:
3936.241028837114


Hyperparameters:
[-1.81628708e+00  1.04228548e+00  9.38325102e-02  1.00000000e-03]
Likelihood gradient:
[-0.00145391 -0.00041557  0.05715507  0.        ]
Likelihood:
3936.241028628425


Hyperparameters:
[-1.81629020e+00  1.04229120e+00  9.38325719e-02  1.00000000e-03]
Likelihood gradient:
[ 0.00197001  0.001543   -0.0064397   0.        ]
Likelihood:
3936.2410276759856


Hyperparameters:
[-1.81628709e+00  1.04228549e+00  9.38325102e-02  1.00000000e-03]
Likelihood gradient:
[0.00085157 0.00072518 0.05820641 0.        ]
Likelihood:
3936.241028657789


Hyperparameters:
[-1.81632016e+00  1.04235170e+00  9.38331882e-02  1.00000000e-03]
Likelihood gradient:
[ 6.26031346e-03 -4.34561953e-04 -6.55122938e-01  0.00000000e+00]
Likelihood:
3936.241018165916


Hyperparameters:
[-1.81628712e+00  1.04228555e+00  9.38325109e-02  1.00000000e-03]
Likelihood gradient:
[0.00137546 0.00130191 0.05800173 0.        ]
Likelihood:
3936.241028472634


Hyperparameters:
[-1.81628709e+00  1.04228549e+00  9.38325102e-02  1.00000000e-03]
Likelihood gradient:
[0.00215615 0.00226054 0.05940928 0.        ]
Likelihood:
3936.241028918974


Hyperparameters:
[-1.81628709e+00  1.04228549e+00  9.38325102e-02  1.00000000e-03]
Likelihood gradient:
[0.00237996 0.00273545 0.05937905 0.        ]
Likelihood:
3936.241028577326


Hyperparameters:
[-1.81628709e+00  1.04228549e+00  9.38325102e-02  1.00000000e-03]
Likelihood gradient:
[0.00215615 0.00226054 0.05940928 0.        ]
Likelihood:
3936.241028918974


Hyperparameters:
[-1.81628709e+00  1.04228549e+00  9.38325102e-02  1.00000000e-03]
Likelihood gradient:
[0.00183357 0.0020098  0.0589924  0.        ]
Likelihood:
3936.2410283601457


Hyperparameters:
[-1.81628709e+00  1.04228549e+00  9.38325102e-02  1.00000000e-03]
Likelihood gradient:
[0.00170329 0.00227599 0.05853674 0.        ]
Likelihood:
3936.2410286431186


Hyperparameters:
[-1.81632016e+00  1.04235170e+00  9.38331882e-02  1.00000000e-03]
Likelihood gradient:
[ 0.00190319 -0.00295758 -0.65691765  0.        ]
Likelihood:
3936.2410180102834


Hyperparameters:
[-1.81630363e+00  1.04231860e+00  9.38328492e-02  1.00000000e-03]
Likelihood gradient:
[ 0.00359523  0.00053746 -0.29839525  0.        ]
Likelihood:
3936.241023281631


Hyperparameters:
[-1.81629536e+00  1.04230204e+00  9.38326797e-02  1.00000000e-03]
Likelihood gradient:
[ 0.00296926  0.00259205 -0.11913348  0.        ]
Likelihood:
3936.2410260387824


Hyperparameters:
[-1.81629122e+00  1.04229376e+00  9.38325950e-02  1.00000000e-03]
Likelihood gradient:
[ 0.00067424  0.00039681 -0.03095646  0.        ]
Likelihood:
3936.241027400567


Hyperparameters:
[-1.81628916e+00  1.04228963e+00  9.38325526e-02  1.00000000e-03]
Likelihood gradient:
[0.000616   0.00028135 0.01321602 0.        ]
Likelihood:
3936.2410278464795


Hyperparameters:
[-1.81628812e+00  1.04228756e+00  9.38325314e-02  1.00000000e-03]
Likelihood gradient:
[0.00285398 0.00275192 0.03753211 0.        ]
Likelihood:
3936.241028058741


Hyperparameters:
[-1.81628760e+00  1.04228652e+00  9.38325208e-02  1.00000000e-03]
Likelihood gradient:
[-0.00111145 -0.00044919  0.04601633  0.        ]
Likelihood:
3936.2410285328433


Hyperparameters:
[-1.81628735e+00  1.04228600e+00  9.38325155e-02  1.00000000e-03]
Likelihood gradient:
[0.00040863 0.00126551 0.05298021 0.        ]
Likelihood:
3936.2410285360475


Hyperparameters:
[-1.81628722e+00  1.04228575e+00  9.38325129e-02  1.00000000e-03]
Likelihood gradient:
[0.00096682 0.00175247 0.05580503 0.        ]
Likelihood:
3936.241028569134


Hyperparameters:
[-1.81628715e+00  1.04228562e+00  9.38325116e-02  1.00000000e-03]
Likelihood gradient:
[-0.00093576 -0.00064201  0.0554894   0.        ]
Likelihood:
3936.241028404411


Hyperparameters:
[-1.81628712e+00  1.04228555e+00  9.38325109e-02  1.00000000e-03]
Likelihood gradient:
[0.00055488 0.00113636 0.05759392 0.        ]
Likelihood:
3936.2410285023343


Hyperparameters:
[-1.81628710e+00  1.04228552e+00  9.38325106e-02  1.00000000e-03]
Likelihood gradient:
[0.00019809 0.00030005 0.05718368 0.        ]
Likelihood:
3936.2410285011847


Warning: stress not available
Precomputing KnK for hyps optimization
Done precomputing. Time: 0.006992340087890625
Hyperparameters:
[-1.81628709e+00  1.04228549e+00  9.38325102e-02  1.00000000e-03]
Likelihood gradient:
[ 6.72566155e+00  4.04087608e-01 -1.10728541e+03  0.00000000e+00]
Likelihood:
4380.127726774913


Hyperparameters:
[-1.81015245e+00  1.04265406e+00 -9.16148792e-01  1.00000000e-03]
Likelihood gradient:
[ 5.04855951e+01 -4.71139760e+00  5.50479213e+03  0.00000000e+00]
Likelihood:
-4621.299846738175


Hyperparameters:
[-1.81613917e+00  1.04229437e+00  6.94795971e-02  1.00000000e-03]
Likelihood gradient:
[-4.06649826e+00  9.54483180e-01  5.61673436e+04  0.00000000e+00]
Likelihood:
3869.4288298049505


Hyperparameters:
[-1.81628116e+00  1.04228584e+00  9.28559582e-02  1.00000000e-03]
Likelihood gradient:
[  6.30465437   0.42900619 -11.97802638   0.        ]
Likelihood:
4380.678956983047


Hyperparameters:
[-1.64035629e+00  1.05427318e+00  9.29230072e-02  1.00000000e-03]
Likelihood gradient:
[-21.23419165   0.13138718   6.03682969   0.        ]
Likelihood:
4379.607169748402


Hyperparameters:
[-1.76831620e+00  1.04555412e+00  9.28742387e-02  1.00000000e-03]
Likelihood gradient:
[ -0.05974328   0.34462455 -11.01950966   0.        ]
Likelihood:
4380.848210251992


Hyperparameters:
[-1.77322053e+00  1.39223632e+00  9.28546046e-02  1.00000000e-03]
Likelihood gradient:
[ 0.53435545 -3.13315216  4.53411487  0.        ]
Likelihood:
4380.215520379697


Hyperparameters:
[-1.76860379e+00  1.06588388e+00  9.28730874e-02  1.00000000e-03]
Likelihood gradient:
[ -0.02358781  -0.03229278 -10.28338815   0.        ]
Likelihood:
4380.851247342461


Hyperparameters:
[-1.76881164e+00  1.06415356e+00  9.28638597e-02  1.00000000e-03]
Likelihood gradient:
[-0.00287257 -0.00493352  0.26692279  0.        ]
Likelihood:
4380.8512584758455


Hyperparameters:
[-1.76883491e+00  1.06386144e+00  9.28640307e-02  1.00000000e-03]
Likelihood gradient:
[0.0027158  0.00230473 0.06711696 0.        ]
Likelihood:
4380.85125104184


Hyperparameters:
[-1.76881240e+00  1.06414407e+00  9.28638653e-02  1.00000000e-03]
Likelihood gradient:
[-0.00055368 -0.00307918  0.26181412  0.        ]
Likelihood:
4380.851258206427


Hyperparameters:
[-1.76881166e+00  1.06415329e+00  9.28638599e-02  1.00000000e-03]
Likelihood gradient:
[ 0.00083433 -0.00222379  0.26917482  0.        ]
Likelihood:
4380.851258677718


Hyperparameters:
[-1.76878538e+00  1.06411690e+00  9.28641196e-02  1.00000000e-03]
Likelihood gradient:
[-0.00473266 -0.00294171 -0.01751516  0.        ]
Likelihood:
4380.851267630485


Hyperparameters:
[-1.76878930e+00  1.06412198e+00  9.28641066e-02  1.00000000e-03]
Likelihood gradient:
[-0.00591896 -0.00425382 -0.00511872  0.        ]
Likelihood:
4380.851266159601


Hyperparameters:
[-1.76878538e+00  1.06411690e+00  9.28641195e-02  1.00000000e-03]
Likelihood gradient:
[-0.00273492 -0.00223745 -0.01608946  0.        ]
Likelihood:
4380.851267747321


Hyperparameters:
[-1.76878515e+00  1.06411627e+00  9.28641050e-02  1.00000000e-03]
Likelihood gradient:
[-0.00198761 -0.00075602  0.00137636  0.        ]
Likelihood:
4380.851267896473


Hyperparameters:
[-1.76878514e+00  1.06411624e+00  9.28641074e-02  1.00000000e-03]
Likelihood gradient:
[-0.00023398  0.00039124 -0.00086618  0.        ]
Likelihood:
4380.851267650731


Hyperparameters:
[-1.76878515e+00  1.06411627e+00  9.28641050e-02  1.00000000e-03]
Likelihood gradient:
[-0.00479265 -0.00252877 -0.00019407  0.        ]
Likelihood:
4380.851267445632


Hyperparameters:
[-1.76878515e+00  1.06411627e+00  9.28641050e-02  1.00000000e-03]
Likelihood gradient:
[-0.00501822 -0.00343587 -0.00079785  0.        ]
Likelihood:
4380.851267652875


Hyperparameters:
[-1.76878514e+00  1.06411624e+00  9.28641074e-02  1.00000000e-03]
Likelihood gradient:
[-0.00301387 -0.00124499 -0.00220591  0.        ]
Likelihood:
4380.851267783913


Hyperparameters:
[-1.76878514e+00  1.06411625e+00  9.28641062e-02  1.00000000e-03]
Likelihood gradient:
[-0.0050212  -0.00338263 -0.00237255  0.        ]
Likelihood:
4380.851267629358


Hyperparameters:
[-1.76878515e+00  1.06411626e+00  9.28641056e-02  1.00000000e-03]
Likelihood gradient:
[-0.00262958 -0.00145981  0.00037241  0.        ]
Likelihood:
4380.851267622251


Hyperparameters:
[-1.76878515e+00  1.06411626e+00  9.28641053e-02  1.00000000e-03]
Likelihood gradient:
[-0.0040734  -0.0026825  -0.00072816  0.        ]
Likelihood:
4380.851267290453


Hyperparameters:
[-1.76878515e+00  1.06411627e+00  9.28641051e-02  1.00000000e-03]
Likelihood gradient:
[-0.00175914 -0.00101064  0.00143542  0.        ]
Likelihood:
4380.8512675451575


Hyperparameters:
[-1.76878515e+00  1.06411627e+00  9.28641051e-02  1.00000000e-03]
Likelihood gradient:
[-0.00341356 -0.00180334  0.00045163  0.        ]
Likelihood:
4380.851267541448


Hyperparameters:
[-1.76878515e+00  1.06411627e+00  9.28641050e-02  1.00000000e-03]
Likelihood gradient:
[-0.00490045 -0.00251741 -0.00036216  0.        ]
Likelihood:
4380.85126738744


Hyperparameters:
[-1.76878515e+00  1.06411627e+00  9.28641050e-02  1.00000000e-03]
Likelihood gradient:
[-0.00231644 -0.00190045  0.00042772  0.        ]
Likelihood:
4380.8512674368685


Hyperparameters:
[-1.76878515e+00  1.06411627e+00  9.28641050e-02  1.00000000e-03]
Likelihood gradient:
[-9.91583837e-05  4.69348210e-04  2.49157512e-03  0.00000000e+00]
Likelihood:
4380.8512675908


Hyperparameters:
[-1.76878515e+00  1.06411627e+00  9.28641050e-02  1.00000000e-03]
Likelihood gradient:
[-0.00070002  0.00043477  0.00185629  0.        ]
Likelihood:
4380.851267814458


Hyperparameters:
[-1.76878515e+00  1.06411627e+00  9.28641050e-02  1.00000000e-03]
Likelihood gradient:
[-0.00271785 -0.00138686  0.00095801  0.        ]
Likelihood:
4380.851267670028


Hyperparameters:
[-1.76878515e+00  1.06411627e+00  9.28641050e-02  1.00000000e-03]
Likelihood gradient:
[-0.00466076 -0.0029249  -0.00073888  0.        ]
Likelihood:
4380.851267536026


Warning: stress not available
Precomputing KnK for hyps optimization
Done precomputing. Time: 0.008100032806396484
Hyperparameters:
[-1.76878515e+00  1.06411627e+00  9.28641050e-02  1.00000000e-03]
Likelihood gradient:
[   2.35686988   -3.25866136 1060.4108721     0.        ]
Likelihood:
4727.673842705815


Hyperparameters:
[-1.76654034e+00  1.06101254e+00  1.10285684e+00  1.00000000e-03]
Likelihood gradient:
[   48.93159433    -5.64015448 -4992.10361235     0.        ]
Likelihood:
-6014.271052321544


Hyperparameters:
[-1.76874346e+00  1.06405863e+00  1.11619175e-01  1.00000000e-03]
Likelihood gradient:
[ 1.05679527e+01 -3.50411443e+00 -1.42667387e+04  0.00000000e+00]
Likelihood:
4580.745834594533


Hyperparameters:
[-1.76878317e+00  1.06411353e+00  9.37534741e-02  1.00000000e-03]
Likelihood gradient:
[  2.7561052   -3.27321854 -56.07286159   0.        ]
Likelihood:
4728.116537509624


Hyperparameters:
[-1.63433197e+00  9.03301715e-01  9.38014540e-02  1.00000000e-03]
Likelihood gradient:
[-19.95509953  -0.51825929 -39.5218963    0.        ]
Likelihood:
4727.4300749447675


Hyperparameters:
[-1.72838694e+00  1.01579718e+00  9.37678898e-02  1.00000000e-03]
Likelihood gradient:
[ -3.27751609  -2.67215463 -53.80504217   0.        ]
Likelihood:
4728.265502873257


Hyperparameters:
[-1.73838844e+00  9.15530379e-01  9.37641439e-02  1.00000000e-03]
Likelihood gradient:
[ -1.68722557  -0.78044497 -52.23244522   0.        ]
Likelihood:
4728.4681820897895


Hyperparameters:
[-1.74973389e+00  8.74715911e-01  9.37186803e-02  1.00000000e-03]
Likelihood gradient:
[ 0.02363491  0.32686559 -0.88961955  0.        ]
Likelihood:
4728.484830754591


Hyperparameters:
[-1.75003829e+00  8.87531652e-01  9.37167001e-02  1.00000000e-03]
Likelihood gradient:
[ 0.06549998 -0.04369039  1.0502165   0.        ]
Likelihood:
4728.486516538595


Hyperparameters:
[-1.74955318e+00  8.86022202e-01  9.37178848e-02  1.00000000e-03]
Likelihood gradient:
[-0.00969693 -0.00340682 -0.13546529  0.        ]
Likelihood:
4728.486732848036


Hyperparameters:
[-1.74961992e+00  8.85886595e-01  9.37177444e-02  1.00000000e-03]
Likelihood gradient:
[0.00142771 0.00166857 0.00968367 0.        ]
Likelihood:
4728.486710129966


Hyperparameters:
[-1.74955372e+00  8.86021102e-01  9.37178837e-02  1.00000000e-03]
Likelihood gradient:
[-0.00836526 -0.00336219 -0.13376432  0.        ]
Likelihood:
4728.4867325745545


Hyperparameters:
[-1.74955318e+00  8.86022196e-01  9.37178848e-02  1.00000000e-03]
Likelihood gradient:
[-0.00643357 -0.00153107 -0.13454506  0.        ]
Likelihood:
4728.486732696698


Hyperparameters:
[-1.74955318e+00  8.86022202e-01  9.37178848e-02  1.00000000e-03]
Likelihood gradient:
[-0.00644079 -0.00298982 -0.13518197  0.        ]
Likelihood:
4728.486732707888


Hyperparameters:
[-1.74955318e+00  8.86022202e-01  9.37178848e-02  1.00000000e-03]
Likelihood gradient:
[-0.0033326   0.00143704 -0.13314232  0.        ]
Likelihood:
4728.486732763099


Hyperparameters:
[-1.74961992e+00  8.85886595e-01  9.37177444e-02  1.00000000e-03]
Likelihood gradient:
[0.0127061  0.0113184  0.01402973 0.        ]
Likelihood:
4728.486709689534


Hyperparameters:
[-1.74958655e+00  8.85954399e-01  9.37178146e-02  1.00000000e-03]
Likelihood gradient:
[-0.00384754 -0.00235725 -0.06283367  0.        ]
Likelihood:
4728.4867210275415


Hyperparameters:
[-1.74956986e+00  8.85988301e-01  9.37178497e-02  1.00000000e-03]
Likelihood gradient:
[-0.00420749 -0.00132964 -0.09904945  0.        ]
Likelihood:
4728.4867272512865


Hyperparameters:
[-1.74956152e+00  8.86005251e-01  9.37178673e-02  1.00000000e-03]
Likelihood gradient:
[-0.00486119 -0.0006292  -0.11607257  0.        ]
Likelihood:
4728.486730218816


Hyperparameters:
[-1.74955735e+00  8.86013727e-01  9.37178760e-02  1.00000000e-03]
Likelihood gradient:
[-0.00505114 -0.0002885  -0.1251144   0.        ]
Likelihood:
4728.486731331002


Hyperparameters:
[-1.74955526e+00  8.86017965e-01  9.37178804e-02  1.00000000e-03]
Likelihood gradient:
[-0.00402403 -0.00040287 -0.12945208  0.        ]
Likelihood:
4728.486732411055


Hyperparameters:
[-1.74955422e+00  8.86020084e-01  9.37178826e-02  1.00000000e-03]
Likelihood gradient:
[-0.00704667 -0.00241415 -0.13273158  0.        ]
Likelihood:
4728.486732441626


Hyperparameters:
[-1.74955370e+00  8.86021143e-01  9.37178837e-02  1.00000000e-03]
Likelihood gradient:
[-0.00757961 -0.00305256 -0.13400488  0.        ]
Likelihood:
4728.486732708547


Hyperparameters:
[-1.74955344e+00  8.86021673e-01  9.37178843e-02  1.00000000e-03]
Likelihood gradient:
[-0.0035257  -0.0003657  -0.13315673  0.        ]
Likelihood:
4728.48673269726


Hyperparameters:
[-1.74955331e+00  8.86021938e-01  9.37178845e-02  1.00000000e-03]
Likelihood gradient:
[-0.00760481 -0.00367028 -0.13423276  0.        ]
Likelihood:
4728.486732966525


Hyperparameters:
[-1.74955337e+00  8.86021805e-01  9.37178844e-02  1.00000000e-03]
Likelihood gradient:
[-0.00737725 -0.00199231 -0.13435241  0.        ]
Likelihood:
4728.486733259058


Hyperparameters:
[-1.74957383e+00  8.86053824e-01  9.37177586e-02  1.00000000e-03]
Likelihood gradient:
[-0.00391507 -0.0041939   0.00900332  0.        ]
Likelihood:
4728.486725679175


Hyperparameters:
[-1.74955342e+00  8.86021878e-01  9.37178841e-02  1.00000000e-03]
Likelihood gradient:
[-0.00414591 -0.00118935 -0.13302513  0.        ]
Likelihood:
4728.486732889365


Hyperparameters:
[-1.74955337e+00  8.86021805e-01  9.37178844e-02  1.00000000e-03]
Likelihood gradient:
[-0.00623295 -0.00320454 -0.13469179  0.        ]
Likelihood:
4728.486732732914


Hyperparameters:
[-1.74955337e+00  8.86021805e-01  9.37178844e-02  1.00000000e-03]
Likelihood gradient:
[-0.00921592 -0.00459658 -0.13499785  0.        ]
Likelihood:
4728.4867329606695


Hyperparameters:
[-1.74957383e+00  8.86053824e-01  9.37177586e-02  1.00000000e-03]
Likelihood gradient:
[-0.0052259  -0.00373053  0.0088083   0.        ]
Likelihood:
4728.48672578043


Hyperparameters:
[-1.74956360e+00  8.86037815e-01  9.37178215e-02  1.00000000e-03]
Likelihood gradient:
[-0.00561192 -0.00416559 -0.06285568  0.        ]
Likelihood:
4728.48672942005


Hyperparameters:
[-1.74955849e+00  8.86029810e-01  9.37178530e-02  1.00000000e-03]
Likelihood gradient:
[-0.00860413 -0.0038958  -0.09850134  0.        ]
Likelihood:
4728.486731020248


Hyperparameters:
[-1.74955593e+00  8.86025808e-01  9.37178687e-02  1.00000000e-03]
Likelihood gradient:
[-5.04516866e-03 -5.24373996e-05 -1.15865541e-01  0.00000000e+00]
Likelihood:
4728.486731948236


Hyperparameters:
[-1.74955465e+00  8.86023806e-01  9.37178765e-02  1.00000000e-03]
Likelihood gradient:
[-5.10884129e-03 -2.87416239e-05 -1.24227090e-01  0.00000000e+00]
Likelihood:
4728.486732503643


Hyperparameters:
[-1.74955401e+00  8.86022806e-01  9.37178805e-02  1.00000000e-03]
Likelihood gradient:
[-4.25791925e-03  2.62636735e-05 -1.29205446e-01  0.00000000e+00]
Likelihood:
4728.486732656418


Hyperparameters:
[-1.74955369e+00  8.86022305e-01  9.37178824e-02  1.00000000e-03]
Likelihood gradient:
[-0.00149978  0.00152584 -0.13034285  0.        ]
Likelihood:
4728.486732784127


Hyperparameters:
[-1.74955353e+00  8.86022055e-01  9.37178834e-02  1.00000000e-03]
Likelihood gradient:
[-0.00827601 -0.00174237 -0.13301339  0.        ]
Likelihood:
4728.486732966183


Hyperparameters:
[-1.74955345e+00  8.86021930e-01  9.37178839e-02  1.00000000e-03]
Likelihood gradient:
[-0.00696714 -0.00310187 -0.13395874  0.        ]
Likelihood:
4728.486733159016


Hyperparameters:
[-1.74955341e+00  8.86021868e-01  9.37178842e-02  1.00000000e-03]
Likelihood gradient:
[-0.00386625  0.00036564 -0.13291329  0.        ]
Likelihood:
4728.486732930271


Hyperparameters:
[-1.74955339e+00  8.86021836e-01  9.37178843e-02  1.00000000e-03]
Likelihood gradient:
[-0.00274129  0.00238743 -0.13193534  0.        ]
Likelihood:
4728.486732814674


Hyperparameters:
[-1.74955338e+00  8.86021821e-01  9.37178843e-02  1.00000000e-03]
Likelihood gradient:
[-0.00938566 -0.00515011 -0.13570792  0.        ]
Likelihood:
4728.486732739718


Warning: stress not available
Precomputing KnK for hyps optimization
Done precomputing. Time: 0.008814573287963867
Hyperparameters:
[-1.74955337e+00  8.86021805e-01  9.37178844e-02  1.00000000e-03]
Likelihood gradient:
[-8.08361045e-01  2.33610556e+00 -1.48193109e+03  0.00000000e+00]
Likelihood:
5182.862163138105


Hyperparameters:
[-1.75010431e+00  8.87613960e-01 -9.16280710e-01  1.00000000e-03]
Likelihood gradient:
[ 5.41121304e+01 -1.98919087e+00  6.43634979e+03  0.00000000e+00]
Likelihood:
-5374.032892766969


Hyperparameters:
[-1.74956836e+00  8.86065124e-01  6.62380853e-02  1.00000000e-03]
Likelihood gradient:
[-1.27709187e+01  3.01712941e+00  8.39402986e+04  0.00000000e+00]
Likelihood:
4355.811841559031


Hyperparameters:
[-1.74955403e+00  8.86023712e-01  9.25079541e-02  1.00000000e-03]
Likelihood gradient:
[ -1.3320856    2.3697037  117.00475521   0.        ]
Likelihood:
5183.698416112247


Hyperparameters:
[-2.04942416e+00  1.43470777e+00  9.24187243e-02  1.00000000e-03]
Likelihood gradient:
[ 32.12259161  -4.87889354 140.9171963    0.        ]
Likelihood:
5176.862122174698


Hyperparameters:
[-1.77212348e+00  9.27319914e-01  9.25012383e-02  1.00000000e-03]
Likelihood gradient:
[  2.13763467   0.91137218 115.62844699   0.        ]
Likelihood:
5183.747120186896


Hyperparameters:
[-1.74948958e+00  9.80997166e-01  9.25105721e-02  1.00000000e-03]
Likelihood gradient:
[ -1.39808096  -0.60091379 111.50264765   0.        ]
Likelihood:
5183.771037335764


Hyperparameters:
[-1.75822833e+00  9.59638475e-01  9.25928601e-02  1.00000000e-03]
Likelihood gradient:
[ 0.02777603 -0.05013478 -3.96796789  0.        ]
Likelihood:
5183.78547709032


Hyperparameters:
[-1.75812328e+00  9.57876427e-01  9.25900962e-02  1.00000000e-03]
Likelihood gradient:
[ 0.00908687 -0.00334249 -0.13433725  0.        ]
Likelihood:
5183.785568572695


Hyperparameters:
[-1.75806812e+00  9.57750774e-01  9.25900167e-02  1.00000000e-03]
Likelihood gradient:
[-0.00202766 -0.00323748 -0.00261321  0.        ]
Likelihood:
5183.78558810462


Hyperparameters:
[-1.75804491e+00  9.57477080e-01  9.25899528e-02  1.00000000e-03]
Likelihood gradient:
[-0.00160232  0.00754784  0.10134516  0.        ]
Likelihood:
5183.785594868006


Hyperparameters:
[-1.75806151e+00  9.57672881e-01  9.25899985e-02  1.00000000e-03]
Likelihood gradient:
[0.00366633 0.0051941  0.02983625 0.        ]
Likelihood:
5183.785590083291


Hyperparameters:
[-1.75804562e+00  9.57485496e-01  9.25899548e-02  1.00000000e-03]
Likelihood gradient:
[0.00276785 0.01113715 0.10018829 0.        ]
Likelihood:
5183.785594716304


Hyperparameters:
[-1.75804494e+00  9.57477505e-01  9.25899529e-02  1.00000000e-03]
Likelihood gradient:
[0.001074   0.00972334 0.10248819 0.        ]
Likelihood:
5183.7855951538495


Hyperparameters:
[-1.75804496e+00  9.57477709e-01  9.25899530e-02  1.00000000e-03]
Likelihood gradient:
[-0.00131916  0.00816908  0.10085133  0.        ]
Likelihood:
5183.7855949160385


Hyperparameters:
[-1.75804494e+00  9.57477505e-01  9.25899529e-02  1.00000000e-03]
Likelihood gradient:
[-4.08860009e-05  9.99544350e-03  1.02245970e-01  0.00000000e+00]
Likelihood:
5183.7855947419885


Hyperparameters:
[-1.75804494e+00  9.57477505e-01  9.25899529e-02  1.00000000e-03]
Likelihood gradient:
[-0.00226324  0.00662958  0.09997712  0.        ]
Likelihood:
5183.785595117293


Hyperparameters:
[-1.75804494e+00  9.57477505e-01  9.25899529e-02  1.00000000e-03]
Likelihood gradient:
[0.00546725 0.01404053 0.10445806 0.        ]
Likelihood:
5183.785595046747


Hyperparameters:
[-1.75804491e+00  9.57477080e-01  9.25899528e-02  1.00000000e-03]
Likelihood gradient:
[0.00244523 0.0112571  0.1035165  0.        ]
Likelihood:
5183.785595103922


Hyperparameters:
[-1.75804841e+00  9.57518431e-01  9.25899625e-02  1.00000000e-03]
Likelihood gradient:
[0.00142989 0.0093007  0.08689475 0.        ]
Likelihood:
5183.785594007701


Hyperparameters:
[-1.75804537e+00  9.57482510e-01  9.25899541e-02  1.00000000e-03]
Likelihood gradient:
[-7.22964117e-06  9.75212742e-03  1.00199815e-01  0.00000000e+00]
Likelihood:
5183.785594639583


Hyperparameters:
[-1.75804493e+00  9.57477355e-01  9.25899529e-02  1.00000000e-03]
Likelihood gradient:
[-0.00338142  0.00676723  0.10086874  0.        ]
Likelihood:
5183.785594983005


Hyperparameters:
[-1.75804491e+00  9.57477083e-01  9.25899528e-02  1.00000000e-03]
Likelihood gradient:
[-0.00358035  0.00602605  0.10076565  0.        ]
Likelihood:
5183.785594672698


Hyperparameters:
[-1.75804491e+00  9.57477080e-01  9.25899528e-02  1.00000000e-03]
Likelihood gradient:
[-0.0041984   0.00579592  0.10079833  0.        ]
Likelihood:
5183.785594924941


Hyperparameters:
[-1.75804491e+00  9.57477080e-01  9.25899528e-02  1.00000000e-03]
Likelihood gradient:
[0.00201712 0.01076537 0.10293846 0.        ]
Likelihood:
5183.785594488685


Warning: stress not available
Precomputing KnK for hyps optimization
Done precomputing. Time: 0.010101556777954102
Hyperparameters:
[-1.75806812e+00  9.57750774e-01  9.25900167e-02  1.00000000e-03]
Likelihood gradient:
[-8.97332863e+00 -1.75216566e-01 -1.67956928e+03  0.00000000e+00]
Likelihood:
5646.303519711299


Hyperparameters:
[-1.76346410e+00  9.57645410e-01 -9.17395564e-01  1.00000000e-03]
Likelihood gradient:
[ 5.54519784e+01 -1.85828066e+00  6.89265597e+03  0.00000000e+00]
Likelihood:
-5762.030894506699


Hyperparameters:
[-1.75822114e+00  9.57747786e-01  6.39480407e-02  1.00000000e-03]
Likelihood gradient:
[-2.07644484e+01  1.51271461e-01  1.02200728e+05  0.00000000e+00]
Likelihood:
4617.204691397892


Hyperparameters:
[-1.75807520e+00  9.57750636e-01  9.12650879e-02  1.00000000e-03]
Likelihood gradient:
[-9.53056729e+00 -1.56255771e-01  2.50651856e+02  0.00000000e+00]
Likelihood:
5647.2656057342465


Hyperparameters:
[-1.96339225e+00  9.54305214e-01  9.12095824e-02  1.00000000e-03]
Likelihood gradient:
[ 1.92004785e+01 -1.49439052e-02  2.66894358e+02  0.00000000e+00]
Likelihood:
5645.9496394088255


Hyperparameters:
[-1.81304466e+00  9.56828194e-01  9.12502274e-02  1.00000000e-03]
Likelihood gradient:
[-3.55998541e-01 -1.21582758e-01  2.51312949e+02  0.00000000e+00]
Likelihood:
5647.5098931997145


Hyperparameters:
[-1.81433011e+00  8.33739922e-01  9.14237280e-02  1.00000000e-03]
Likelihood gradient:
[-0.05885728  4.99518254 -8.58891983  0.        ]
Likelihood:
5647.264789526338


Hyperparameters:
[-1.81318321e+00  9.43561797e-01  9.12689272e-02  1.00000000e-03]
Likelihood gradient:
[ -0.32348164   0.28552339 223.14856737   0.        ]
Likelihood:
5647.513255770182


Hyperparameters:
[-1.81347163e+00  9.45441230e-01  9.12965432e-02  1.00000000e-03]
Likelihood gradient:
[ -0.27080115   0.22568586 181.35472425   0.        ]
Likelihood:
5647.519317783166


Hyperparameters:
[-1.81424698e+00  9.49082401e-01  9.13583753e-02  1.00000000e-03]
Likelihood gradient:
[-0.12464598  0.11545488 87.96989246  0.        ]
Likelihood:
5647.5281687881525


Hyperparameters:
[-1.81489996e+00  9.52890458e-01  9.14166417e-02  1.00000000e-03]
Likelihood gradient:
[-0.00361113 -0.00291868  0.28148712  0.        ]
Likelihood:
5647.530785020363


Hyperparameters:
[-1.81492117e+00  9.52795740e-01  9.14168274e-02  1.00000000e-03]
Likelihood gradient:
[-0.00337537 -0.00224308 -0.00460593  0.        ]
Likelihood:
5647.5307782471955


Hyperparameters:
[-1.81490016e+00  9.52889553e-01  9.14166435e-02  1.00000000e-03]
Likelihood gradient:
[-0.00459295 -0.00381376  0.27858181  0.        ]
Likelihood:
5647.530785193867


Hyperparameters:
[-1.81490040e+00  9.52888469e-01  9.14166456e-02  1.00000000e-03]
Likelihood gradient:
[-0.00397212 -0.00273559  0.27565845  0.        ]
Likelihood:
5647.530784979577


Hyperparameters:
[-1.81490016e+00  9.52889548e-01  9.14166435e-02  1.00000000e-03]
Likelihood gradient:
[-0.00148849 -0.00114528  0.27978108  0.        ]
Likelihood:
5647.530784946381


Hyperparameters:
[-1.81490016e+00  9.52889553e-01  9.14166435e-02  1.00000000e-03]
Likelihood gradient:
[1.86195556e-04 9.94745151e-04 2.81394621e-01 0.00000000e+00]
Likelihood:
5647.530784957116


Hyperparameters:
[-1.81490016e+00  9.52889553e-01  9.14166435e-02  1.00000000e-03]
Likelihood gradient:
[-0.00539548 -0.00421633  0.278155    0.        ]
Likelihood:
5647.530784535509


Hyperparameters:
[-1.81492117e+00  9.52795740e-01  9.14168274e-02  1.00000000e-03]
Likelihood gradient:
[-0.00102168  0.00060779 -0.00276012  0.        ]
Likelihood:
5647.530778471006


Hyperparameters:
[-1.81491056e+00  9.52843099e-01  9.14167346e-02  1.00000000e-03]
Likelihood gradient:
[-0.00177295 -0.00120624  0.13915503  0.        ]
Likelihood:
5647.530781734762


Hyperparameters:
[-1.81490526e+00  9.52866778e-01  9.14166881e-02  1.00000000e-03]
Likelihood gradient:
[-0.0041112  -0.00251088  0.21006758  0.        ]
Likelihood:
5647.530783552369


Hyperparameters:
[-1.81490261e+00  9.52878618e-01  9.14166649e-02  1.00000000e-03]
Likelihood gradient:
[-0.0029583  -0.00187736  0.24676817  0.        ]
Likelihood:
5647.530784284478


Hyperparameters:
[-1.81490128e+00  9.52884538e-01  9.14166533e-02  1.00000000e-03]
Likelihood gradient:
[-0.00474941 -0.00350723  0.26327762  0.        ]
Likelihood:
5647.530784824587


Hyperparameters:
[-1.81490062e+00  9.52887498e-01  9.14166475e-02  1.00000000e-03]
Likelihood gradient:
[-0.00611345 -0.00368132  0.27181848  0.        ]
Likelihood:
5647.530784949902


Hyperparameters:
[-1.81490029e+00  9.52888978e-01  9.14166446e-02  1.00000000e-03]
Likelihood gradient:
[-0.00097031 -0.0002861   0.27910062  0.        ]
Likelihood:
5647.530785065695


Hyperparameters:
[-1.81490409e+00  9.52892395e-01  9.14168591e-02  1.00000000e-03]
Likelihood gradient:
[-0.00254631 -0.00333889 -0.04537104  0.        ]
Likelihood:
5647.530783709031


Hyperparameters:
[-1.81490032e+00  9.52889004e-01  9.14166462e-02  1.00000000e-03]
Likelihood gradient:
[-0.00141713 -0.00133154  0.27591002  0.        ]
Likelihood:
5647.530784944556


Hyperparameters:
[-1.81490029e+00  9.52888978e-01  9.14166446e-02  1.00000000e-03]
Likelihood gradient:
[0.00310543 0.0025431  0.2797249  0.        ]
Likelihood:
5647.53078526438


Hyperparameters:
[-1.81490030e+00  9.52888991e-01  9.14166454e-02  1.00000000e-03]
Likelihood gradient:
[-0.00876694 -0.00707319  0.27378409  0.        ]
Likelihood:
5647.530784970173


Hyperparameters:
[-1.81490029e+00  9.52888978e-01  9.14166446e-02  1.00000000e-03]
Likelihood gradient:
[-0.00237864 -0.00235934  0.27747854  0.        ]
Likelihood:
5647.53078499872


Hyperparameters:
[-1.81490029e+00  9.52888978e-01  9.14166446e-02  1.00000000e-03]
Likelihood gradient:
[-0.00170515 -0.00116608  0.27806558  0.        ]
Likelihood:
5647.530785017609


Hyperparameters:
[-1.81490409e+00  9.52892395e-01  9.14168591e-02  1.00000000e-03]
Likelihood gradient:
[-0.00254249 -0.00209477 -0.04480278  0.        ]
Likelihood:
5647.530784007988


Hyperparameters:
[-1.81490219e+00  9.52890686e-01  9.14167518e-02  1.00000000e-03]
Likelihood gradient:
[-0.0056966  -0.00377268  0.11556958  0.        ]
Likelihood:
5647.530784122304


Hyperparameters:
[-1.81490124e+00  9.52889832e-01  9.14166982e-02  1.00000000e-03]
Likelihood gradient:
[-0.00159348 -0.00128393  0.19773845  0.        ]
Likelihood:
5647.530784556917


Hyperparameters:
[-1.81490076e+00  9.52889405e-01  9.14166714e-02  1.00000000e-03]
Likelihood gradient:
[-0.00204129 -0.00131865  0.23740483  0.        ]
Likelihood:
5647.5307851661055


Hyperparameters:
[-1.81491273e+00  9.52895179e-01  9.14169983e-02  1.00000000e-03]
Likelihood gradient:
[-0.00354834 -0.00528621 -0.25795082  0.        ]
Likelihood:
5647.530781018735


Hyperparameters:
[-1.81490081e+00  9.52889427e-01  9.14166726e-02  1.00000000e-03]
Likelihood gradient:
[-0.00930603 -0.00845635  0.23274346  0.        ]
Likelihood:
5647.530785121437


Hyperparameters:
[-1.81490076e+00  9.52889405e-01  9.14166714e-02  1.00000000e-03]
Likelihood gradient:
[-0.00497385 -0.00352465  0.23662065  0.        ]
Likelihood:
5647.530784574688


Hyperparameters:
[-1.81490076e+00  9.52889405e-01  9.14166714e-02  1.00000000e-03]
Likelihood gradient:
[-0.00475538 -0.00359107  0.23563218  0.        ]
Likelihood:
5647.530785001309


Hyperparameters:
[-1.81491273e+00  9.52895179e-01  9.14169983e-02  1.00000000e-03]
Likelihood gradient:
[-0.00395813 -0.00580279 -0.25826263  0.        ]
Likelihood:
5647.530781097665


Hyperparameters:
[-1.81490675e+00  9.52892292e-01  9.14168349e-02  1.00000000e-03]
Likelihood gradient:
[-0.00338193 -0.00284039 -0.00992674  0.        ]
Likelihood:
5647.530783055432


Hyperparameters:
[-1.81490376e+00  9.52890849e-01  9.14167531e-02  1.00000000e-03]
Likelihood gradient:
[-0.00736935 -0.00606987  0.11168645  0.        ]
Likelihood:
5647.530783710301


Hyperparameters:
[-1.81490226e+00  9.52890127e-01  9.14167123e-02  1.00000000e-03]
Likelihood gradient:
[-0.00177034 -0.00224932  0.17582728  0.        ]
Likelihood:
5647.530784362554


Hyperparameters:
[-1.81490151e+00  9.52889766e-01  9.14166918e-02  1.00000000e-03]
Likelihood gradient:
[-0.00355552 -0.00201002  0.20695675  0.        ]
Likelihood:
5647.530784534169


Hyperparameters:
[-1.81490114e+00  9.52889586e-01  9.14166816e-02  1.00000000e-03]
Likelihood gradient:
[-0.004026   -0.00205202  0.22159379  0.        ]
Likelihood:
5647.530784327386


Hyperparameters:
[-1.81490095e+00  9.52889495e-01  9.14166765e-02  1.00000000e-03]
Likelihood gradient:
[-0.00325506 -0.00305423  0.22922134  0.        ]
Likelihood:
5647.530784706134


Hyperparameters:
[-1.81490086e+00  9.52889450e-01  9.14166739e-02  1.00000000e-03]
Likelihood gradient:
[-0.00525966 -0.00414722  0.23221835  0.        ]
Likelihood:
5647.530784940098


Hyperparameters:
[-1.81490081e+00  9.52889428e-01  9.14166727e-02  1.00000000e-03]
Likelihood gradient:
[-0.00259989 -0.00145332  0.23645169  0.        ]
Likelihood:
5647.530784280996


Hyperparameters:
[-1.81490079e+00  9.52889416e-01  9.14166720e-02  1.00000000e-03]
Likelihood gradient:
[-0.00181861 -0.00070022  0.23687366  0.        ]
Likelihood:
5647.530784824392


Hyperparameters:
[-1.81490077e+00  9.52889411e-01  9.14166717e-02  1.00000000e-03]
Likelihood gradient:
[-0.00840809 -0.00621308  0.23420667  0.        ]
Likelihood:
5647.530784616738


Hyperparameters:
[-1.81490077e+00  9.52889408e-01  9.14166716e-02  1.00000000e-03]
Likelihood gradient:
[-0.00251119 -0.00237948  0.23678593  0.        ]
Likelihood:
5647.530784463641


Warning: stress not available
Precomputing KnK for hyps optimization
Done precomputing. Time: 0.011885404586791992
Hyperparameters:
[-1.81490076e+00  9.52889405e-01  9.14166714e-02  1.00000000e-03]
Likelihood gradient:
[ 8.41509972e+00 -6.56428833e-01 -6.90408649e+03  0.00000000e+00]
Likelihood:
6375.74725243831


Hyperparameters:
[-1.81366972e+00  9.52793376e-01 -9.18582574e-01  1.00000000e-03]
Likelihood gradient:
[ 5.64237665e+01 -2.15322721e+00  7.35615987e+03  0.00000000e+00]
Likelihood:
-6147.14270945153


Hyperparameters:
[-1.81479593e+00  9.52881228e-01  5.41172277e-03  1.00000000e-03]
Likelihood gradient:
[-9.74504011e+00  2.31849005e+03  3.17909313e+08  0.00000000e+00]
Likelihood:
-836305.8360588319


Hyperparameters:
[-1.81486695e+00  9.52886767e-01  6.36749932e-02  1.00000000e-03]
Likelihood gradient:
[-5.83312538e-02 -3.78952429e-01  9.11601789e+04  0.00000000e+00]
Likelihood:
5579.461563473065


Hyperparameters:
[-1.81489568e+00  9.52889009e-01  8.72482158e-02  1.00000000e-03]
Likelihood gradient:
[   7.10036084   -0.62410686 -434.99812159    0.        ]
Likelihood:
6391.576520834818


Hyperparameters:
[2.69849163e+00 5.52568865e-01 8.79870672e-02 1.00000000e-03]
Likelihood gradient:
[  -59.98316278    48.34220779 -1797.14766013     0.        ]
Likelihood:
6346.7383491269065


Hyperparameters:
[-0.23379392  0.81265135  0.08750705  0.001     ]
Likelihood gradient:
[-1.72987729e+04  3.81042703e+00  3.03691246e+04  0.00000000e+00]
Likelihood:
3526.9891117903335


Hyperparameters:
[-1.35624318e+00  9.12208291e-01  8.73232983e-02  1.00000000e-03]
Likelihood gradient:
[-129.60726403    0.66268005 -267.50524479    0.        ]
Likelihood:
6370.037105882464


Hyperparameters:
[-1.77311593e+00  9.49183305e-01  8.72550553e-02  1.00000000e-03]
Likelihood gradient:
[ 3.95068841e-01 -5.16987134e-01 -4.32987526e+02  0.00000000e+00]
Likelihood:
6391.748410545628


Hyperparameters:
[-1.77852379e+00  4.85080904e-01  8.70023489e-02  1.00000000e-03]
Likelihood gradient:
[ 1.38434056 79.18413428 24.88206202  0.        ]
Likelihood:
6381.774132506802


Hyperparameters:
[-1.77390344e+00  8.81599366e-01  8.72182554e-02  1.00000000e-03]
Likelihood gradient:
[   0.5232198     2.00271383 -368.39543055    0.        ]
Likelihood:
6391.717281538893


Hyperparameters:
[-1.77336719e+00  9.27620976e-01  8.72433145e-02  1.00000000e-03]
Likelihood gradient:
[ 4.35837730e-01  1.90343519e-01 -4.12412065e+02  0.00000000e+00]
Likelihood:
6391.756810999172


Hyperparameters:
[-1.77303028e+00  9.28680395e-01  8.72030139e-02  1.00000000e-03]
Likelihood gradient:
[ 3.63980969e-01  1.53767125e-01 -3.41921352e+02  0.00000000e+00]
Likelihood:
6391.772445605835


Hyperparameters:
[-1.77222776e+00  9.30727814e-01  8.71124230e-02  1.00000000e-03]
Likelihood gradient:
[ 1.99668161e-01  8.69546552e-02 -1.82848165e+02  0.00000000e+00]
Likelihood:
6391.796966422289


Hyperparameters:
[-1.77123845e+00  9.33390381e-01  8.70083061e-02  1.00000000e-03]
Likelihood gradient:
[-0.00648002 -0.00272609  1.01774759  0.        ]
Likelihood:
6391.806981672253


Hyperparameters:
[-1.77127706e+00  9.33308001e-01  8.70088733e-02  1.00000000e-03]
Likelihood gradient:
[0.00193891 0.00149731 0.00282075 0.        ]
Likelihood:
6391.8069690308785


Hyperparameters:
[-1.77123896e+00  9.33389278e-01  8.70083137e-02  1.00000000e-03]
Likelihood gradient:
[-0.00798603 -0.00415607  1.00216713  0.        ]
Likelihood:
6391.806981231695


Hyperparameters:
[-1.77123845e+00  9.33390375e-01  8.70083061e-02  1.00000000e-03]
Likelihood gradient:
[-0.00762262 -0.00416678  1.01735186  0.        ]
Likelihood:
6391.8069813188595


Hyperparameters:
[-1.77123845e+00  9.33390381e-01  8.70083061e-02  1.00000000e-03]
Likelihood gradient:
[-3.20535990e-03  8.87430070e-04  1.01947016e+00  0.00000000e+00]
Likelihood:
6391.8069813336915


Hyperparameters:
[-1.77123845e+00  9.33390381e-01  8.70083061e-02  1.00000000e-03]
Likelihood gradient:
[-0.00872293 -0.00441719  1.01609923  0.        ]
Likelihood:
6391.806981553978


Hyperparameters:
[-1.77127706e+00  9.33308001e-01  8.70088733e-02  1.00000000e-03]
Likelihood gradient:
[-0.00064356 -0.00048421  0.0017231   0.        ]
Likelihood:
6391.806969347599


Hyperparameters:
[-1.77125776e+00  9.33349191e-01  8.70085897e-02  1.00000000e-03]
Likelihood gradient:
[-0.00431597 -0.00201801  0.50940426  0.        ]
Likelihood:
6391.806975310201


Hyperparameters:
[-1.77124810e+00  9.33369786e-01  8.70084479e-02  1.00000000e-03]
Likelihood gradient:
[-0.00711803 -0.00346017  0.76253689  0.        ]
Likelihood:
6391.806978560422


Hyperparameters:
[-1.77124327e+00  9.33380083e-01  8.70083770e-02  1.00000000e-03]
Likelihood gradient:
[-0.00657777 -0.00258865  0.89097313  0.        ]
Likelihood:
6391.8069803716935


Hyperparameters:
[-1.77124086e+00  9.33385232e-01  8.70083415e-02  1.00000000e-03]
Likelihood gradient:
[-0.00624678 -0.00370807  0.95373502  0.        ]
Likelihood:
6391.8069805153555


Hyperparameters:
[-1.77123965e+00  9.33387807e-01  8.70083238e-02  1.00000000e-03]
Likelihood gradient:
[-2.77824957e-03 -6.00582169e-04  9.87071329e-01  0.00000000e+00]
Likelihood:
6391.806981284775


Hyperparameters:
[-1.77123905e+00  9.33389094e-01  8.70083149e-02  1.00000000e-03]
Likelihood gradient:
[-0.00674515 -0.00310119  1.00118305  0.        ]
Likelihood:
6391.806981461232


Hyperparameters:
[-1.77123875e+00  9.33389737e-01  8.70083105e-02  1.00000000e-03]
Likelihood gradient:
[-0.00674382 -0.00311873  1.00998471  0.        ]
Likelihood:
6391.806981752747


Hyperparameters:
[-1.77123890e+00  9.33389416e-01  8.70083127e-02  1.00000000e-03]
Likelihood gradient:
[-0.00643747 -0.00248488  1.00588863  0.        ]
Likelihood:
6391.80698145098


Hyperparameters:
[-1.77123882e+00  9.33389576e-01  8.70083116e-02  1.00000000e-03]
Likelihood gradient:
[-0.01020021 -0.00520236  1.00616241  0.        ]
Likelihood:
6391.806981441836


Hyperparameters:
[-1.77123879e+00  9.33389657e-01  8.70083111e-02  1.00000000e-03]
Likelihood gradient:
[-0.01029922 -0.00581832  1.00666521  0.        ]
Likelihood:
6391.806981800328


Hyperparameters:
[-1.77123881e+00  9.33389617e-01  8.70083113e-02  1.00000000e-03]
Likelihood gradient:
[-0.01068135 -0.00611019  1.00571291  0.        ]
Likelihood:
6391.806981794005


Warning: stress not available
Precomputing KnK for hyps optimization
Done precomputing. Time: 0.013042211532592773
Hyperparameters:
[-1.77123845e+00  9.33390381e-01  8.70083061e-02  1.00000000e-03]
Likelihood gradient:
[-8.81400777e+00  4.81020506e+00 -8.60805218e+03  0.00000000e+00]
Likelihood:
7180.992147178917


Hyperparameters:
[-1.77227261e+00  9.33954772e-01 -9.22991007e-01  1.00000000e-03]
Likelihood gradient:
[5.75043401e+01 2.36315762e+00 7.79040151e+03 0.00000000e+00]
Likelihood:
-6556.105148248623


Hyperparameters:
[-1.77133453e+00  9.33442819e-01 -6.83242669e-03  1.00000000e-03]
Likelihood gradient:
[-2.63371068e+01  6.94132190e+02 -1.50249522e+08  0.00000000e+00]
Likelihood:
-488640.90852169966


Hyperparameters:
[-1.77123845e+00  9.33390382e-01  8.70058746e-02  1.00000000e-03]
Likelihood gradient:
[-8.81584598e+00  4.81003521e+00 -8.60419779e+03  0.00000000e+00]
Likelihood:
7181.013072951755


Hyperparameters:
[-1.77123872e+00  9.33390528e-01  8.67455395e-02  1.00000000e-03]
Likelihood gradient:
[-8.90707381e+00  4.80870889e+00 -8.18818289e+03  0.00000000e+00]
Likelihood:
7183.199038491222


Hyperparameters:
[-1.77128662e+00  9.33416674e-01  3.99565564e-02  1.00000000e-03]
Likelihood gradient:
[-2.24392706e+01  5.42550609e+00  5.78734672e+05  0.00000000e+00]
Likelihood:
793.3496263221969


Hyperparameters:
[-1.77124819e+00  9.33395698e-01  7.74938501e-02  1.00000000e-03]
Likelihood gradient:
[-1.19939706e+01  4.83122616e+00  1.17805362e+04  0.00000000e+00]
Likelihood:
7175.214984542939


Hyperparameters:
[-1.77124313e+00  9.33392938e-01  8.24325633e-02  1.00000000e-03]
Likelihood gradient:
[ -10.36073572    4.81850256 -260.54601659    0.        ]
Likelihood:
7202.1574578001655


Hyperparameters:
[-5.15276677e+00  2.49883981e+00  8.17580377e-02  1.00000000e-03]
Likelihood gradient:
[  51.31749825   -5.16052594 1052.59154381    0.        ]
Likelihood:
7016.950535846354


Hyperparameters:
[-1.93476403e+00  1.00909351e+00  8.23999452e-02  1.00000000e-03]
Likelihood gradient:
[  15.61998984    1.53963636 -236.39279949    0.        ]
Likelihood:
7201.772602591174


Hyperparameters:
[-1.83580056e+00  9.63279237e-01  8.24196858e-02  1.00000000e-03]
Likelihood gradient:
[   1.20401401    3.37552863 -253.47395732    0.        ]
Likelihood:
7202.547184689058


Hyperparameters:
[-1.80810206e+00  1.18631797e+00  8.24156407e-02  1.00000000e-03]
Likelihood gradient:
[  -3.51583435   -2.73949121 -237.34986737    0.        ]
Likelihood:
7202.478807495183


Hyperparameters:
[-1.82414615e+00  1.05712492e+00  8.24179838e-02  1.00000000e-03]
Likelihood gradient:
[-7.43289405e-01  1.09369890e-02 -2.46766091e+02  0.00000000e+00]
Likelihood:
7202.701082034942


Hyperparameters:
[-1.82846361e+00  1.05720724e+00  8.22816966e-02  1.00000000e-03]
Likelihood gradient:
[-5.20101646e-02  9.53914408e-03  3.79713982e+01  0.00000000e+00]
Likelihood:
7202.715705438104


Hyperparameters:
[-1.82870063e+00  1.05743262e+00  8.22996565e-02  1.00000000e-03]
Likelihood gradient:
[-0.00369043  0.00589571  0.0857262   0.        ]
Likelihood:
7202.715982712771


Hyperparameters:
[-1.82872046e+00  1.05759647e+00  8.22997142e-02  1.00000000e-03]
Likelihood gradient:
[-0.00331985 -0.00093163 -0.04403848  0.        ]
Likelihood:
7202.715976499301


Hyperparameters:
[-1.82870115e+00  1.05743687e+00  8.22996580e-02  1.00000000e-03]
Likelihood gradient:
[-0.00691764  0.00369279  0.07937623  0.        ]
Likelihood:
7202.715982488649


Hyperparameters:
[-1.82870064e+00  1.05743270e+00  8.22996565e-02  1.00000000e-03]
Likelihood gradient:
[-0.0080849   0.003982    0.08267475  0.        ]
Likelihood:
7202.715983169523


Hyperparameters:
[-1.82875396e+00  1.05755509e+00  8.22997078e-02  1.00000000e-03]
Likelihood gradient:
[ 0.00254625  0.00070858 -0.04024603  0.        ]
Likelihood:
7202.715966226369


Hyperparameters:
[-1.82870112e+00  1.05743378e+00  8.22996569e-02  1.00000000e-03]
Likelihood gradient:
[-0.0066568   0.00382475  0.08142019  0.        ]
Likelihood:
7202.715982795757


Hyperparameters:
[-1.82870065e+00  1.05743270e+00  8.22996565e-02  1.00000000e-03]
Likelihood gradient:
[-0.00655511  0.00382796  0.08199806  0.        ]
Likelihood:
7202.715982122534


Hyperparameters:
[-1.82870064e+00  1.05743270e+00  8.22996565e-02  1.00000000e-03]
Likelihood gradient:
[-0.00534785  0.0048841   0.08385479  0.        ]
Likelihood:
7202.715982627435


Hyperparameters:
[-1.82870064e+00  1.05743270e+00  8.22996565e-02  1.00000000e-03]
Likelihood gradient:
[-0.00624546  0.00458301  0.08425568  0.        ]
Likelihood:
7202.715982626627


Hyperparameters:
[-1.82875396e+00  1.05755509e+00  8.22997078e-02  1.00000000e-03]
Likelihood gradient:
[ 0.00405681  0.00125073 -0.04017479  0.        ]
Likelihood:
7202.715966339772


Hyperparameters:
[-1.82872730e+00  1.05749389e+00  8.22996822e-02  1.00000000e-03]
Likelihood gradient:
[0.00114706 0.00498056 0.0236233  0.        ]
Likelihood:
7202.7159744003875


Hyperparameters:
[-1.82871397e+00  1.05746330e+00  8.22996693e-02  1.00000000e-03]
Likelihood gradient:
[-0.00301775  0.00400466  0.05334429  0.        ]
Likelihood:
7202.715978580234


Hyperparameters:
[-1.82870731e+00  1.05744800e+00  8.22996629e-02  1.00000000e-03]
Likelihood gradient:
[-0.00433697  0.00472537  0.06876511  0.        ]
Likelihood:
7202.715980795207


Hyperparameters:
[-1.82870398e+00  1.05744035e+00  8.22996597e-02  1.00000000e-03]
Likelihood gradient:
[-0.00413377  0.0051677   0.07722965  0.        ]
Likelihood:
7202.715981891661


Hyperparameters:
[-1.82870231e+00  1.05743652e+00  8.22996581e-02  1.00000000e-03]
Likelihood gradient:
[-0.00519541  0.00489988  0.08057148  0.        ]
Likelihood:
7202.715982217964


Hyperparameters:
[-1.82870148e+00  1.05743461e+00  8.22996573e-02  1.00000000e-03]
Likelihood gradient:
[-0.00574082  0.00474203  0.08200357  0.        ]
Likelihood:
7202.7159822126


Hyperparameters:
[-1.82870106e+00  1.05743365e+00  8.22996569e-02  1.00000000e-03]
Likelihood gradient:
[-0.00505329  0.00579992  0.08378466  0.        ]
Likelihood:
7202.715982434369


Hyperparameters:
[-1.82870085e+00  1.05743317e+00  8.22996567e-02  1.00000000e-03]
Likelihood gradient:
[-0.00797645  0.00325471  0.08134966  0.        ]
Likelihood:
7202.715982460659


Hyperparameters:
[-1.82870075e+00  1.05743294e+00  8.22996566e-02  1.00000000e-03]
Likelihood gradient:
[-0.00521327  0.00542193  0.08377404  0.        ]
Likelihood:
7202.7159821400055


Hyperparameters:
[-1.82870070e+00  1.05743282e+00  8.22996565e-02  1.00000000e-03]
Likelihood gradient:
[-0.00477392  0.00534703  0.08405635  0.        ]
Likelihood:
7202.7159823758375


Hyperparameters:
[-1.82870067e+00  1.05743276e+00  8.22996565e-02  1.00000000e-03]
Likelihood gradient:
[-0.00496514  0.00442254  0.08414099  0.        ]
Likelihood:
7202.715982481284


Warning: stress not available
Precomputing KnK for hyps optimization
Done precomputing. Time: 0.018125057220458984
Hyperparameters:
[-1.82870064e+00  1.05743270e+00  8.22996565e-02  1.00000000e-03]
Likelihood gradient:
[ 1.00729082e+01  4.38424511e-01 -1.27138917e+03  0.00000000e+00]
Likelihood:
7714.610801168208


Hyperparameters:
[-1.82069891e+00  1.05778097e+00 -9.27668586e-01  1.00000000e-03]
Likelihood gradient:
[ 5.97159462e+01 -1.33603857e+00  8.21775748e+03  0.00000000e+00]
Likelihood:
-6973.75045508476


Hyperparameters:
[-1.82856460e+00  1.05743862e+00  6.51279006e-02  1.00000000e-03]
Likelihood gradient:
[5.90060078e+00 5.18699337e-01 6.67446348e+04 0.00000000e+00]
Likelihood:
7258.7393330024115


Hyperparameters:
[-1.82869642e+00  1.05743288e+00  8.17659203e-02  1.00000000e-03]
Likelihood gradient:
[  9.93711877   0.4395407  -85.11811589   0.        ]
Likelihood:
7714.97457398056


Hyperparameters:
[-1.75482406e+00  1.06070422e+00  8.17740880e-02  1.00000000e-03]
Likelihood gradient:
[ -2.82290801   0.34279122 -82.67274757   0.        ]
Likelihood:
7715.277648159885


Hyperparameters:
[-1.77390030e+00  1.42480889e+00  8.17341323e-02  1.00000000e-03]
Likelihood gradient:
[ 0.72226289 -5.10639592  0.82122238  0.        ]
Likelihood:
7714.162298161995


Hyperparameters:
[-1.75579048e+00  1.07915024e+00  8.17720638e-02  1.00000000e-03]
Likelihood gradient:
[ -2.63652036  -0.19948032 -78.45155029   0.        ]
Likelihood:
7715.281382692716


Hyperparameters:
[-1.75837727e+00  1.07798838e+00  8.17657942e-02  1.00000000e-03]
Likelihood gradient:
[ -2.14581202  -0.1640803  -65.09264389   0.        ]
Likelihood:
7715.287337366548


Hyperparameters:
[-1.76339097e+00  1.07559801e+00  8.17523091e-02  1.00000000e-03]
Likelihood gradient:
[ -1.22057328  -0.10167775 -36.16769115   0.        ]
Likelihood:
7715.295041142035


Hyperparameters:
[-1.77000914e+00  1.07178287e+00  8.17354071e-02  1.00000000e-03]
Likelihood gradient:
[-0.00158786  0.0119576   0.06833562  0.        ]
Likelihood:
7715.29726957132


Hyperparameters:
[-1.77001800e+00  1.07218831e+00  8.17354343e-02  1.00000000e-03]
Likelihood gradient:
[ 0.00077564 -0.00090583  0.00224369  0.        ]
Likelihood:
7715.297269002514


Hyperparameters:
[-1.77001162e+00  1.07189619e+00  8.17354147e-02  1.00000000e-03]
Likelihood gradient:
[0.00031634 0.00888239 0.05141602 0.        ]
Likelihood:
7715.297269852592


Hyperparameters:
[-1.77000719e+00  1.07195997e+00  8.17354197e-02  1.00000000e-03]
Likelihood gradient:
[-0.00048387  0.00696897  0.04108471  0.        ]
Likelihood:
7715.2972720254


Hyperparameters:
[-1.77000812e+00  1.07219154e+00  8.17354380e-02  1.00000000e-03]
Likelihood gradient:
[-0.00518641 -0.00429096 -0.00585777  0.        ]
Likelihood:
7715.297272321253


Hyperparameters:
[-1.77002486e+00  1.07211071e+00  8.17354355e-02  1.00000000e-03]
Likelihood gradient:
[ 0.00195579  0.00173009 -0.00128786  0.        ]
Likelihood:
7715.297266414942


Hyperparameters:
[-1.77000832e+00  1.07219058e+00  8.17354379e-02  1.00000000e-03]
Likelihood gradient:
[0.00084112 0.00102794 0.00026048 0.        ]
Likelihood:
7715.29727177434


Hyperparameters:
[-1.77000812e+00  1.07219154e+00  8.17354380e-02  1.00000000e-03]
Likelihood gradient:
[-0.00232626 -0.00087009 -0.0030666   0.        ]
Likelihood:
7715.297272623458


Hyperparameters:
[-1.77001609e+00  1.07219821e+00  8.17354364e-02  1.00000000e-03]
Likelihood gradient:
[-0.00246309 -0.0019356  -0.00254694  0.        ]
Likelihood:
7715.297269287181


Hyperparameters:
[-1.77000812e+00  1.07219155e+00  8.17354380e-02  1.00000000e-03]
Likelihood gradient:
[ 0.00146523  0.00131783 -0.00048377  0.        ]
Likelihood:
7715.297272607166


Hyperparameters:
[-1.77000812e+00  1.07219154e+00  8.17354380e-02  1.00000000e-03]
Likelihood gradient:
[-0.00523092 -0.00227409 -0.00414756  0.        ]
Likelihood:
7715.2972723179755


Hyperparameters:
[-1.77000812e+00  1.07219154e+00  8.17354380e-02  1.00000000e-03]
Likelihood gradient:
[-0.00476289 -0.00209975 -0.00398409  0.        ]
Likelihood:
7715.297272158643


Hyperparameters:
[-1.77001609e+00  1.07219821e+00  8.17354364e-02  1.00000000e-03]
Likelihood gradient:
[ 0.00097112  0.00039282 -0.00030242  0.        ]
Likelihood:
7715.29726983358


Hyperparameters:
[-1.77001211e+00  1.07219488e+00  8.17354372e-02  1.00000000e-03]
Likelihood gradient:
[-0.0008904  -0.00111203 -0.00208524  0.        ]
Likelihood:
7715.29727040248


Hyperparameters:
[-1.77001011e+00  1.07219321e+00  8.17354376e-02  1.00000000e-03]
Likelihood gradient:
[-0.00380858 -0.00290573 -0.00444982  0.        ]
Likelihood:
7715.297271591497


Hyperparameters:
[-1.77000912e+00  1.07219238e+00  8.17354378e-02  1.00000000e-03]
Likelihood gradient:
[-0.00260408 -0.00132926 -0.00298049  0.        ]
Likelihood:
7715.297271646748


Hyperparameters:
[-1.77000862e+00  1.07219196e+00  8.17354379e-02  1.00000000e-03]
Likelihood gradient:
[-0.00126686 -0.00026871 -0.00157765  0.        ]
Likelihood:
7715.297272150103


Hyperparameters:
[-1.77000837e+00  1.07219175e+00  8.17354379e-02  1.00000000e-03]
Likelihood gradient:
[-0.00074436 -0.00019848 -0.00206603  0.        ]
Likelihood:
7715.297272420583


Hyperparameters:
[-1.77000824e+00  1.07219165e+00  8.17354379e-02  1.00000000e-03]
Likelihood gradient:
[-0.00062557 -0.00031717 -0.00122085  0.        ]
Likelihood:
7715.297271876036


Hyperparameters:
[-1.77000818e+00  1.07219159e+00  8.17354379e-02  1.00000000e-03]
Likelihood gradient:
[-0.00211877 -0.00056413 -0.00219312  0.        ]
Likelihood:
7715.297271784528


Hyperparameters:
[-1.77000815e+00  1.07219157e+00  8.17354379e-02  1.00000000e-03]
Likelihood gradient:
[-0.00391096 -0.00268601 -0.00482816  0.        ]
Likelihood:
7715.297272009551


Hyperparameters:
[-1.77000814e+00  1.07219156e+00  8.17354380e-02  1.00000000e-03]
Likelihood gradient:
[-0.00251492 -0.00127225 -0.00257872  0.        ]
Likelihood:
7715.2972726917415


Hyperparameters:
[-1.77000814e+00  1.07219156e+00  8.17354379e-02  1.00000000e-03]
Likelihood gradient:
[-0.00280607 -0.00150753 -0.00417009  0.        ]
Likelihood:
7715.297272411051


Hyperparameters:
[-1.77000814e+00  1.07219156e+00  8.17354380e-02  1.00000000e-03]
Likelihood gradient:
[-0.00219843 -0.0009107  -0.00306032  0.        ]
Likelihood:
7715.297272001575


Warning: stress not available
Precomputing KnK for hyps optimization
Done precomputing. Time: 0.02012491226196289
Hyperparameters:
[-1.77000812e+00  1.07219154e+00  8.17354380e-02  1.00000000e-03]
Likelihood gradient:
[ 4.82267225e+00 -6.90345880e-01 -3.67842373e+03  0.00000000e+00]
Likelihood:
8322.082148856363


Hyperparameters:
[-1.76868394e+00  1.07200199e+00 -9.28263676e-01  1.00000000e-03]
Likelihood gradient:
[ 6.14710767e+01 -2.29564677e+00  8.67931416e+03  0.00000000e+00]
Likelihood:
-7354.0364989490445


Hyperparameters:
[-1.76995225e+00  1.07218355e+00  3.91223187e-02  1.00000000e-03]
Likelihood gradient:
[-5.51117962e+00  4.19156672e-02  6.54094505e+05  0.00000000e+00]
Likelihood:
1268.170051651694


Hyperparameters:
[-1.76999873e+00  1.07219020e+00  7.45743707e-02  1.00000000e-03]
Likelihood gradient:
[ 2.79547202e+00 -6.74922674e-01  1.67278098e+04  0.00000000e+00]
Likelihood:
8280.845060881024


Hyperparameters:
[-1.77000618e+00  1.07219126e+00  8.02543278e-02  1.00000000e-03]
Likelihood gradient:
[   4.39800969   -0.68761035 -176.33887395    0.        ]
Likelihood:
8324.976598138363


Hyperparameters:
[-0.46713534  0.86753867  0.08039027  0.001     ]
Likelihood gradient:
[-4473.83513044     9.6664323   9614.42604021     0.        ]
Likelihood:
7277.597208461939


Hyperparameters:
[-1.45586287e+00  1.02284620e+00  8.02871062e-02  1.00000000e-03]
Likelihood gradient:
[ -85.91967807    0.95413299 -106.31130328    0.        ]
Likelihood:
8314.340688567732


Hyperparameters:
[-1.74738605e+00  1.06863814e+00  8.02566880e-02  1.00000000e-03]
Likelihood gradient:
[ 1.72253644e-01 -5.81293524e-01 -1.75493657e+02  0.00000000e+00]
Likelihood:
8325.03845334591


Hyperparameters:
[-1.75216343e+00  8.60482553e-01  8.02295022e-02  1.00000000e-03]
Likelihood gradient:
[   1.0602692    10.09301727 -109.09612905    0.        ]
Likelihood:
8324.236106860768


Hyperparameters:
[-1.74779116e+00  1.05098732e+00  8.02543828e-02  1.00000000e-03]
Likelihood gradient:
[ 2.47581786e-01 -3.88166331e-02 -1.69876197e+02  0.00000000e+00]
Likelihood:
8325.044160591784


Hyperparameters:
[-1.74667002e+00  1.04991946e+00  8.01883958e-02  1.00000000e-03]
Likelihood gradient:
[ 1.07206338e-02 -3.50219987e-03 -5.87254942e+00  0.00000000e+00]
Likelihood:
8325.050526597031


Hyperparameters:
[-1.74661790e+00  1.04980840e+00  8.01860361e-02  1.00000000e-03]
Likelihood gradient:
[-0.00011909 -0.00070529  0.00737358  0.        ]
Likelihood:
8325.0505524119


Hyperparameters:
[-1.74661848e+00  1.04978523e+00  8.01860368e-02  1.00000000e-03]
Likelihood gradient:
[-0.00160048 -0.00015028  0.00446394  0.        ]
Likelihood:
8325.050552053737


Hyperparameters:
[-1.74661790e+00  1.04980822e+00  8.01860361e-02  1.00000000e-03]
Likelihood gradient:
[-0.00137656 -0.00176817  0.00671152  0.        ]
Likelihood:
8325.050552333189


Hyperparameters:
[-1.74661790e+00  1.04980840e+00  8.01860361e-02  1.00000000e-03]
Likelihood gradient:
[0.00535862 0.00317655 0.0120708  0.        ]
Likelihood:
8325.050552069588


Hyperparameters:
[-1.74661790e+00  1.04980840e+00  8.01860361e-02  1.00000000e-03]
Likelihood gradient:
[-0.00172915 -0.00168628  0.00552484  0.        ]
Likelihood:
8325.050551442186


Hyperparameters:
[-1.74661848e+00  1.04978523e+00  8.01860368e-02  1.00000000e-03]
Likelihood gradient:
[0.00134469 0.00212985 0.00754199 0.        ]
Likelihood:
8325.05055183035


Hyperparameters:
[-1.74661819e+00  1.04979681e+00  8.01860364e-02  1.00000000e-03]
Likelihood gradient:
[0.00059282 0.00010256 0.00682399 0.        ]
Likelihood:
8325.050552582095


Hyperparameters:
[-1.74661556e+00  1.04979618e+00  8.01860397e-02  1.00000000e-03]
Likelihood gradient:
[-0.00324767 -0.0024071  -0.00318033  0.        ]
Likelihood:
8325.050552629138


Hyperparameters:
[-1.74661772e+00  1.04979670e+00  8.01860370e-02  1.00000000e-03]
Likelihood gradient:
[-0.00170361 -0.00106832  0.00446112  0.        ]
Likelihood:
8325.050552273082


Hyperparameters:
[-1.74661556e+00  1.04979618e+00  8.01860397e-02  1.00000000e-03]
Likelihood gradient:
[0.00015826 0.00126824 0.00044261 0.        ]
Likelihood:
8325.050553349056


Hyperparameters:
[-1.74658915e+00  1.04980656e+00  8.01860759e-02  1.00000000e-03]
Likelihood gradient:
[-0.00399278 -0.00010014 -0.08134289  0.        ]
Likelihood:
8325.050562671995


Hyperparameters:
[-1.74661195e+00  1.04979760e+00  8.01860446e-02  1.00000000e-03]
Likelihood gradient:
[ 0.00281531  0.00293857 -0.00820386  0.        ]
Likelihood:
8325.050554062322


Hyperparameters:
[-1.74658919e+00  1.04980654e+00  8.01860758e-02  1.00000000e-03]
Likelihood gradient:
[-0.00547455 -0.00013837 -0.08275392  0.        ]
Likelihood:
8325.050562355073


Hyperparameters:
[-1.74658915e+00  1.04980656e+00  8.01860759e-02  1.00000000e-03]
Likelihood gradient:
[-0.00630033 -0.00139813 -0.08294637  0.        ]
Likelihood:
8325.05056227442


Hyperparameters:
[-1.74658915e+00  1.04980656e+00  8.01860759e-02  1.00000000e-03]
Likelihood gradient:
[-0.00446524 -0.00041598 -0.08268815  0.        ]
Likelihood:
8325.050562350509


Hyperparameters:
[-1.74658933e+00  1.04980649e+00  8.01860756e-02  1.00000000e-03]
Likelihood gradient:
[-0.00265134  0.0010857  -0.07958409  0.        ]
Likelihood:
8325.050561835229


Hyperparameters:
[-1.74658915e+00  1.04980656e+00  8.01860759e-02  1.00000000e-03]
Likelihood gradient:
[-0.00387626  0.00128779 -0.0817298   0.        ]
Likelihood:
8325.050562568216


Hyperparameters:
[-1.74658915e+00  1.04980656e+00  8.01860759e-02  1.00000000e-03]
Likelihood gradient:
[-0.00348718  0.00084229 -0.08070014  0.        ]
Likelihood:
8325.050563029592


Warning: stress not available
Precomputing KnK for hyps optimization
Done precomputing. Time: 0.021360397338867188
Hyperparameters:
[-1.74661556e+00  1.04979618e+00  8.01860397e-02  1.00000000e-03]
Likelihood gradient:
[   6.24510278    0.77918585 -297.61913143    0.        ]
Likelihood:
8803.969975351782


Hyperparameters:
[-1.72542692e+00  1.05243983e+00 -9.29588219e-01  1.00000000e-03]
Likelihood gradient:
[ 6.27478248e+01 -1.63673629e+00  9.13135283e+03  0.00000000e+00]
Likelihood:
-7742.947999758652


Hyperparameters:
[-1.74653766e+00  1.04980590e+00  7.64735775e-02  1.00000000e-03]
Likelihood gradient:
[5.23259850e+00 7.89609877e-01 1.06134733e+04 0.00000000e+00]
Likelihood:
8785.611404751555


Hyperparameters:
[-1.74661326e+00  1.04979647e+00  8.00761998e-02  1.00000000e-03]
Likelihood gradient:
[  6.21260697   0.77790871 -10.00709742   0.        ]
Likelihood:
8803.986904152327


Hyperparameters:
[-1.74119294e+00  1.05047525e+00  8.00768118e-02  1.00000000e-03]
Likelihood gradient:
[  5.19264113   0.75423559 -10.13163464   0.        ]
Likelihood:
8804.02027504517


Hyperparameters:
[-1.73959089e+00  1.12882015e+00  8.00768326e-02  1.00000000e-03]
Likelihood gradient:
[ 4.89385159 -1.62336964 -9.91523814  0.        ]
Likelihood:
8803.989322878237


Hyperparameters:
[-1.74067103e+00  1.07599804e+00  8.00768186e-02  1.00000000e-03]
Likelihood gradient:
[  5.09544033  -0.11716743 -10.06415781   0.        ]
Likelihood:
8804.031093531554


Hyperparameters:
[-1.73639454e+00  1.07547658e+00  8.00766578e-02  1.00000000e-03]
Likelihood gradient:
[ 4.28036048 -0.09709546 -8.44668904  0.        ]
Likelihood:
8804.052732074728


Hyperparameters:
[-1.72620922e+00  1.07434500e+00  8.00762828e-02  1.00000000e-03]
Likelihood gradient:
[ 2.29072283 -0.06021998 -4.56007819  0.        ]
Likelihood:
8804.09000991697


Hyperparameters:
[-1.71448219e+00  1.07252175e+00  8.00758189e-02  1.00000000e-03]
Likelihood gradient:
[-0.06957381 -0.00100225  0.11470553  0.        ]
Likelihood:
8804.10748807645


Hyperparameters:
[-1.71482777e+00  1.07249498e+00  8.00758238e-02  1.00000000e-03]
Likelihood gradient:
[ 0.00096364 -0.00117118 -0.0025616   0.        ]
Likelihood:
8804.107371479558


Hyperparameters:
[-1.71449298e+00  1.07252092e+00  8.00758191e-02  1.00000000e-03]
Likelihood gradient:
[-0.06764668 -0.00084508  0.11149751  0.        ]
Likelihood:
8804.107484943395


Hyperparameters:
[-1.71448255e+00  1.07252173e+00  8.00758189e-02  1.00000000e-03]
Likelihood gradient:
[-0.06958015 -0.00139757  0.11412169  0.        ]
Likelihood:
8804.107487726356


Hyperparameters:
[-1.71448219e+00  1.07252175e+00  8.00758189e-02  1.00000000e-03]
Likelihood gradient:
[-0.07367636 -0.00407349  0.11215306  0.        ]
Likelihood:
8804.107488150676


Hyperparameters:
[-1.71448220e+00  1.07252175e+00  8.00758189e-02  1.00000000e-03]
Likelihood gradient:
[-0.07085467 -0.00253568  0.11315392  0.        ]
Likelihood:
8804.107488157058


Hyperparameters:
[-1.71448237e+00  1.07252174e+00  8.00758189e-02  1.00000000e-03]
Likelihood gradient:
[-0.07337631 -0.00396328  0.11071131  0.        ]
Likelihood:
8804.107488164733


Hyperparameters:
[-1.71448237e+00  1.07252174e+00  8.00758189e-02  1.00000000e-03]
Likelihood gradient:
[-0.06595571  0.0012532   0.11691645  0.        ]
Likelihood:
8804.107487791738


Hyperparameters:
[-1.71448237e+00  1.07252174e+00  8.00758189e-02  1.00000000e-03]
Likelihood gradient:
[-0.06857226 -0.00055238  0.11519633  0.        ]
Likelihood:
8804.107487448335


Hyperparameters:
[-1.71448237e+00  1.07252174e+00  8.00758189e-02  1.00000000e-03]
Likelihood gradient:
[-0.06904077 -0.00070458  0.11477891  0.        ]
Likelihood:
8804.107487624404


Hyperparameters:
[-1.71482777e+00  1.07249498e+00  8.00758238e-02  1.00000000e-03]
Likelihood gradient:
[-0.0007453  -0.00196497 -0.00371505  0.        ]
Likelihood:
8804.10737168242


Hyperparameters:
[-1.71465498e+00  1.07250836e+00  8.00758214e-02  1.00000000e-03]
Likelihood gradient:
[-0.03367563 -0.00112989  0.05560042  0.        ]
Likelihood:
8804.10743229022


Hyperparameters:
[-1.71456859e+00  1.07251506e+00  8.00758201e-02  1.00000000e-03]
Likelihood gradient:
[-0.0509938  -0.00087845  0.08560296  0.        ]
Likelihood:
8804.10746190774


Hyperparameters:
[-1.71452539e+00  1.07251841e+00  8.00758195e-02  1.00000000e-03]
Likelihood gradient:
[-0.06350408 -0.00331091  0.09722085  0.        ]
Likelihood:
8804.107474955417


Hyperparameters:
[-1.71450379e+00  1.07252008e+00  8.00758192e-02  1.00000000e-03]
Likelihood gradient:
[-0.06438464 -0.00071351  0.10748311  0.        ]
Likelihood:
8804.107481410412


Hyperparameters:
[-1.71449299e+00  1.07252092e+00  8.00758191e-02  1.00000000e-03]
Likelihood gradient:
[-0.06892012 -0.00287235  0.108437    0.        ]
Likelihood:
8804.10748486876


Hyperparameters:
[-1.71448759e+00  1.07252133e+00  8.00758190e-02  1.00000000e-03]
Likelihood gradient:
[-0.06999388 -0.00325952  0.11073239  0.        ]
Likelihood:
8804.107486783756


Hyperparameters:
[-1.71448280e+00  1.07252171e+00  8.00758189e-02  1.00000000e-03]
Likelihood gradient:
[-0.07020639 -0.00255944  0.1129078   0.        ]
Likelihood:
8804.10748819114


Hyperparameters:
[-1.71448519e+00  1.07252152e+00  8.00758189e-02  1.00000000e-03]
Likelihood gradient:
[-0.06676263 -0.00029036  0.11414227  0.        ]
Likelihood:
8804.107487126408


Hyperparameters:
[-1.71448400e+00  1.07252161e+00  8.00758189e-02  1.00000000e-03]
Likelihood gradient:
[-0.06780085 -0.00063629  0.11405272  0.        ]
Likelihood:
8804.10748671185


Hyperparameters:
[-1.71448340e+00  1.07252166e+00  8.00758189e-02  1.00000000e-03]
Likelihood gradient:
[-0.07103803 -0.00189631  0.11295719  0.        ]
Likelihood:
8804.107487516772


Hyperparameters:
[-1.71448310e+00  1.07252168e+00  8.00758189e-02  1.00000000e-03]
Likelihood gradient:
[-0.07085127 -0.00303597  0.11198423  0.        ]
Likelihood:
8804.10748814022


Warning: stress not available
Warning: stress not available
Warning: stress not available
Warning: stress not available
Warning: stress not available
Warning: stress not available
Warning: stress not available
Warning: stress not available
Warning: stress not available
Warning: stress not available
Warning: stress not available
Warning: stress not available
Warning: stress not available
Warning: stress not available
Warning: stress not available
Warning: stress not available
Warning: stress not available
Warning: stress not available
Warning: stress not available
Warning: stress not available
Warning: stress not available
Warning: stress not available
Warning: stress not available
Warning: stress not available
Warning: stress not available
Warning: stress not available
Warning: stress not available
Warning: stress not available
Warning: stress not available
Warning: stress not available
Warning: stress not available
Warning: stress not available
Warning: stress not available
Warning: stress not available
Warning: stress not available
Warning: stress not available
Warning: stress not available
Warning: stress not available
Warning: stress not available
Warning: stress not available
Warning: stress not available
Warning: stress not available
Warning: stress not available
Warning: stress not available
Warning: stress not available
Warning: stress not available
Warning: stress not available
Warning: stress not available
Warning: stress not available
Warning: stress not available
Warning: stress not available
Warning: stress not available
Warning: stress not available
Warning: stress not available
Warning: stress not available
Warning: stress not available
Warning: stress not available
Warning: stress not available
Warning: stress not available
Warning: stress not available
Warning: stress not available
Warning: stress not available
Warning: stress not available
Warning: stress not available
Warning: stress not available
Warning: stress not available
Warning: stress not available
Warning: stress not available
Warning: stress not available
Warning: stress not available
Warning: stress not available
Warning: stress not available
Warning: stress not available
Warning: stress not available
Warning: stress not available
Warning: stress not available
Warning: stress not available
Warning: stress not available
Warning: stress not available
Warning: stress not available
Warning: stress not available
Warning: stress not available
Warning: stress not available
Warning: stress not available
Warning: stress not available
Warning: stress not available
Warning: stress not available
Warning: stress not available
Warning: stress not available
Warning: stress not available
Warning: stress not available
Warning: stress not available
Warning: stress not available
Warning: stress not available
Warning: stress not available
Warning: stress not available
Warning: stress not available
Warning: stress not available
Warning: stress not available
Warning: stress not available
Warning: stress not available
Warning: stress not available
Warning: stress not available
Warning: stress not available
Warning: stress not available
Warning: stress not available
Warning: stress not available
Warning: stress not available
Warning: stress not available
Warning: stress not available
Warning: stress not available
Warning: stress not available
Warning: stress not available
Warning: stress not available
Warning: stress not available
Warning: stress not available
Warning: stress not available
Warning: stress not available
Warning: stress not available
Warning: stress not available
Warning: stress not available
Warning: stress not available
Warning: stress not available
Warning: stress not available
Warning: stress not available
Warning: stress not available
