/var/spool/slurmd/job7922654/slurm_script: line 17: activate: No such file or directory

CondaError: Run 'conda init' before 'conda activate'


Intel MKL ERROR: Parameter 4 was incorrect on entry to DPOTRF.

Intel MKL ERROR: Parameter 6 was incorrect on entry to DGEMV .

Intel MKL ERROR: Parameter 6 was incorrect on entry to DGEMV .

Intel MKL ERROR: Parameter 6 was incorrect on entry to DGEMV .
/leonardo/pub/userexternal/sperego0/software/flare/flare_v1.3.3-fix/flare/md/fake.py:76: UserWarning: FakeMD runs out of frames.
  warnings.warn("FakeMD runs out of frames.")
Warning: stress not available
Warning: stress not available
Warning: stress not available
Warning: stress not available
Warning: stress not available
Warning: stress not available
Warning: stress not available
Warning: stress not available
Warning: stress not available
Warning: stress not available
Precomputing KnK for hyps optimization
Done precomputing. Time: 0.004472494125366211
Hyperparameters:
[2.e+00 1.e-01 5.e-02 1.e-03]
Likelihood gradient:
[6.90944518e+00 7.24515899e+03 4.01984503e+05 0.00000000e+00]
Likelihood:
-5323.582160600607


Hyperparameters:
[2.00001736e+00 1.18200757e-01 1.05983599e+00 1.00000000e-03]
Likelihood gradient:
[  -41.68974201    34.5162461  -3274.28872597     0.        ]
Likelihood:
-3835.0742532393883


Hyperparameters:
[-1.00128720e+01  2.70966845e+01  5.78883986e-01  1.00000000e-03]
Likelihood gradient:
[ 2.11885179e+01 -3.31505181e-01 -5.69197071e+03  0.00000000e+00]
Likelihood:
-2049.024073240161


Hyperparameters:
[-1.60087479e+01  6.39074887e+01 -7.94236985e-02  1.00000000e-03]
Likelihood gradient:
[ 1.41092161e+01  7.91916455e-02 -7.26587284e+04  0.00000000e+00]
Likelihood:
181.7884085567257


Hyperparameters:
[-3.99922519e+01  2.11150705e+02 -2.71265444e+00  1.00000000e-03]
Likelihood gradient:
[ 5.40796329e+00 -4.27620580e-02  1.27778797e+03  0.00000000e+00]
Likelihood:
-7646.009026448672


Hyperparameters:
[-2.34628110e+01  1.09670619e+02 -8.97830722e-01  1.00000000e-03]
Likelihood gradient:
[ 9.52067577e+00 -8.23483762e-02  3.77919997e+03  0.00000000e+00]
Likelihood:
-3718.7353444126584


Hyperparameters:
[-1.82603153e+01  7.77306576e+01 -3.26630966e-01  1.00000000e-03]
Likelihood gradient:
[ 1.23686102e+01 -1.08123789e-01  8.91961917e+03  0.00000000e+00]
Likelihood:
-395.33109905320225


Hyperparameters:
[-1.67577686e+01  6.85059913e+01 -1.61661228e-01  1.00000000e-03]
Likelihood gradient:
[ 1.34879171e+01 -6.68218268e-02  7.59779600e+03  0.00000000e+00]
Likelihood:
1215.604500063093


Hyperparameters:
[-1.64093781e+01  6.63670992e+01 -1.23410254e-01  1.00000000e-03]
Likelihood gradient:
[ 1.37714283e+01 -2.12442681e-02 -2.97107820e+03  0.00000000e+00]
Likelihood:
1356.0244667478737


Hyperparameters:
[-2.25877965e+01  1.08651656e+02 -8.79262580e-01  1.00000000e-03]
Likelihood gradient:
[ 9.87729746e+00 -8.31138322e-02  3.85564160e+03  0.00000000e+00]
Likelihood:
-3639.288277977411


Hyperparameters:
[-1.68437600e+01  6.93399707e+01 -1.76551449e-01  1.00000000e-03]
Likelihood gradient:
[ 1.34181325e+01 -7.77920251e-02  8.99675857e+03  0.00000000e+00]
Likelihood:
1089.8352732891117


Hyperparameters:
[-1.64663631e+01  6.67570994e+01 -1.30381655e-01  1.00000000e-03]
Likelihood gradient:
[ 1.37242975e+01 -3.18930685e-02  2.38573797e+02  0.00000000e+00]
Likelihood:
1364.250329665444


Hyperparameters:
[-1.52653818e+01  6.67542898e+01 -1.29821961e-01  1.00000000e-03]
Likelihood gradient:
[14.76152718 -0.03115688 11.95213549  0.        ]
Likelihood:
1381.411925870496


Hyperparameters:
[-1.04614564e+01  6.67430511e+01 -1.27583184e-01  1.00000000e-03]
Likelihood gradient:
[ 2.10468772e+01 -2.84437748e-02 -9.44502867e+02  0.00000000e+00]
Likelihood:
1464.685532914892


Hyperparameters:
[ 8.75424491e+00  6.66980965e+01 -1.18628075e-01  1.00000000e-03]
Likelihood gradient:
[-2.46880636e+01 -1.47729300e-02 -5.73700309e+03  0.00000000e+00]
Likelihood:
1474.9215149204647


Hyperparameters:
[-2.20657513e+00  6.67237390e+01 -1.23736155e-01  1.00000000e-03]
Likelihood gradient:
[ 2.63269774e+01 -4.46152083e-02 -2.91299142e+03  0.00000000e+00]
Likelihood:
1723.5678354410547


Hyperparameters:
[ 3.02331984e+00  6.67115038e+01 -1.21298863e-01  1.00000000e-03]
Likelihood gradient:
[-4.23544364e+01 -3.04140783e-02 -4.15559255e+03  0.00000000e+00]
Likelihood:
1684.8161725425289


Hyperparameters:
[-1.32440724e-01  6.67188867e+01 -1.22769544e-01  1.00000000e-03]
Likelihood gradient:
[-2.56930742e+04 -1.00260581e-01 -3.61961435e+04  0.00000000e+00]
Likelihood:
-1535.7276848596448


Hyperparameters:
[-1.55543018e+00  6.67222157e+01 -1.23432701e-01  1.00000000e-03]
Likelihood gradient:
[-4.08151460e+01 -6.30403932e-02 -3.32989841e+03  0.00000000e+00]
Likelihood:
1723.376522060572


Hyperparameters:
[-1.86475469e+00  6.67229394e+01 -1.23576856e-01  1.00000000e-03]
Likelihood gradient:
[ 3.27415404e+00 -5.23899000e-02 -3.09078408e+03  0.00000000e+00]
Likelihood:
1728.716275233567


Hyperparameters:
[ 2.54098940e+00  6.71523561e+01 -1.29365335e-01  1.00000000e-03]
Likelihood gradient:
[-3.74023184e+01 -4.76717399e-02 -2.37829525e+02  0.00000000e+00]
Likelihood:
1721.1905227854968


Hyperparameters:
[ 3.37188355e-01  6.69375572e+01 -1.26469875e-01  1.00000000e-03]
Likelihood gradient:
[ 4.46288934e+03 -1.39782661e-01 -1.00901466e+04  0.00000000e+00]
Likelihood:
772.7846244435204


Hyperparameters:
[-1.86336046e+00  6.67230753e+01 -1.23578688e-01  1.00000000e-03]
Likelihood gradient:
[ 3.13970825e+00 -5.24327058e-02 -3.09035327e+03  0.00000000e+00]
Likelihood:
1728.7267393672573


Hyperparameters:
[-1.86093220e+00  6.67233119e+01 -1.23581878e-01  1.00000000e-03]
Likelihood gradient:
[ 2.90464229e+00 -5.25074061e-02 -3.08960756e+03  0.00000000e+00]
Likelihood:
1728.7445156221165


Hyperparameters:
[-7.61871920e-01  6.68304346e+01 -1.25025877e-01  1.00000000e-03]
Likelihood gradient:
[-6.71533633e+02 -1.21072338e-01 -4.24853105e+03  0.00000000e+00]
Likelihood:
1543.7563413554844


Hyperparameters:
[-1.67073498e+00  6.67418500e+01 -1.23831768e-01  1.00000000e-03]
Likelihood gradient:
[-2.02999986e+01 -5.90698044e-02 -3.04770554e+03  0.00000000e+00]
Likelihood:
1728.0722420052934


Hyperparameters:
[-1.79446838e+00  6.67297900e+01 -1.23669201e-01  1.00000000e-03]
Likelihood gradient:
[-4.06660530e+00 -5.46358615e-02 -3.07106593e+03  0.00000000e+00]
Likelihood:
1728.997510127997


Hyperparameters:
[-1.79497198e+00  6.67401216e+01 -1.23853701e-01  1.00000000e-03]
Likelihood gradient:
[-3.92940026e+00 -5.48973044e-02 -2.97490960e+03  0.00000000e+00]
Likelihood:
1729.5565511695813


Hyperparameters:
[-1.79698636e+00  6.67814481e+01 -1.24591700e-01  1.00000000e-03]
Likelihood gradient:
[-3.38442022e+00 -5.59335357e-02 -2.59714827e+03  0.00000000e+00]
Likelihood:
1731.6164987644097


Hyperparameters:
[-1.80119881e+00  6.68951818e+01 -1.26625647e-01  1.00000000e-03]
Likelihood gradient:
[-2.05627015e+00 -5.87524192e-02 -1.61111327e+03  0.00000000e+00]
Likelihood:
1735.8867616511125


Hyperparameters:
[-1.80703957e+00  6.70801953e+01 -1.29942588e-01  1.00000000e-03]
Likelihood gradient:
[-6.65733008e-02 -6.31400572e-02 -1.61023482e+02  0.00000000e+00]
Likelihood:
1738.7679188026186


Hyperparameters:
[-1.80626135e+00  6.70999068e+01 -1.30304134e-01  1.00000000e-03]
Likelihood gradient:
[-2.75901295e-03 -6.36429541e-02 -1.44222195e+01  0.00000000e+00]
Likelihood:
1738.7985036064774


Hyperparameters:
[-1.80619890e+00  6.71008905e+01 -1.30331154e-01  1.00000000e-03]
Likelihood gradient:
[ 1.57538596e-03 -6.36807208e-02 -3.54991260e+00  0.00000000e+00]
Likelihood:
1738.798700366464


Hyperparameters:
[-1.80619128e+00  6.71004614e+01 -1.30334228e-01  1.00000000e-03]
Likelihood gradient:
[ 2.12821258e-03 -6.36852405e-02 -2.31510275e+00  0.00000000e+00]
Likelihood:
1738.79873877327


Hyperparameters:
[-1.80616078e+00  6.70987450e+01 -1.30346523e-01  1.00000000e-03]
Likelihood gradient:
[ 0.00382149 -0.06370335  2.62470127  0.        ]
Likelihood:
1738.7988544067239


Hyperparameters:
[-1.80613289e+00  6.70934114e+01 -1.30357463e-01  1.00000000e-03]
Likelihood gradient:
[ 5.42838380e-03 -6.37210025e-02  7.01234669e+00  0.00000000e+00]
Likelihood:
1738.7991490259883


Hyperparameters:
[-1.80610156e+00  6.70827693e+01 -1.30369323e-01  1.00000000e-03]
Likelihood gradient:
[ 7.29367231e-03 -6.37421195e-02  1.17595541e+01  0.00000000e+00]
Likelihood:
1738.7997244653188


Hyperparameters:
[-1.80597621e+00  6.70402008e+01 -1.30416763e-01  1.00000000e-03]
Likelihood gradient:
[ 1.46393159e-02 -6.38267126e-02  3.07268163e+01  0.00000000e+00]
Likelihood:
1738.8014664863813


Hyperparameters:
[-1.80579208e+00  6.69371024e+01 -1.30478658e-01  1.00000000e-03]
Likelihood gradient:
[ 2.33789055e-02 -6.39574854e-02  5.53500495e+01  0.00000000e+00]
Likelihood:
1738.8054419961436


Hyperparameters:
[-1.80557824e+00  6.67550905e+01 -1.30543979e-01  1.00000000e-03]
Likelihood gradient:
[ 3.26438921e-02 -6.41276896e-02  8.11657943e+01  0.00000000e+00]
Likelihood:
1738.8127022719054


Hyperparameters:
[-1.80529045e+00  6.64270658e+01 -1.30622572e-01  1.00000000e-03]
Likelihood gradient:
[ 4.39770740e-02 -6.43835710e-02  1.11978128e+02  0.00000000e+00]
Likelihood:
1738.8262766566922


Hyperparameters:
[-1.80485364e+00  6.58184583e+01 -1.30727801e-01  1.00000000e-03]
Likelihood gradient:
[ 5.88918971e-02 -6.48155941e-02  1.52824141e+02  0.00000000e+00]
Likelihood:
1738.8517963512923


Hyperparameters:
[-1.80414305e+00  6.46667600e+01 -1.30879217e-01  1.00000000e-03]
Likelihood gradient:
[ 8.06931270e-02 -6.56177542e-02  2.10850932e+02  0.00000000e+00]
Likelihood:
1738.8996002314661


Hyperparameters:
[-1.80292182e+00  6.24621316e+01 -1.31107802e-01  1.00000000e-03]
Likelihood gradient:
[ 1.13800556e-01 -6.72720737e-02  2.96927159e+02  0.00000000e+00]
Likelihood:
1738.9884235065938


Warning: stress not available
Precomputing KnK for hyps optimization
Done precomputing. Time: 0.00455474853515625
Hyperparameters:
[-1.80292182e+00  6.24621316e+01 -1.31107802e-01  1.00000000e-03]
Likelihood gradient:
[ 5.78008088e-01 -5.57442161e-02 -2.18417500e+03  0.00000000e+00]
Likelihood:
1772.83847861513


Hyperparameters:
[-1.80265454e+00  6.24621058e+01 -1.14110777e+00  1.00000000e-03]
Likelihood gradient:
[ 4.25337720e+01 -1.60916789e-01  3.38608688e+03  0.00000000e+00]
Likelihood:
-4515.268806864979


Hyperparameters:
[-1.80290619e+00  6.24621301e+01 -1.90177806e-01  1.00000000e-03]
Likelihood gradient:
[ 1.98956022e+01 -1.25158612e-01  9.74275388e+03  0.00000000e+00]
Likelihood:
1433.137271510117


Hyperparameters:
[-1.80292031e+00  6.24621314e+01 -1.36813184e-01  1.00000000e-03]
Likelihood gradient:
[ 2.90917875e+00 -6.59769459e-02  3.34473686e+02  0.00000000e+00]
Likelihood:
1777.8629388142272


Hyperparameters:
[ 7.96682887e-01  6.23975133e+01 -1.38461880e-01  1.00000000e-03]
Likelihood gradient:
[ 5.58885697e+02 -1.29191198e-01 -4.94158278e+02  0.00000000e+00]
Likelihood:
1625.107395953777


Hyperparameters:
[-1.79817381e+00  6.24620134e+01 -1.36816195e-01  1.00000000e-03]
Likelihood gradient:
[ 2.41471117e+00 -6.61127080e-02  3.33764877e+02  0.00000000e+00]
Likelihood:
1777.8758596547023


Hyperparameters:
[-1.79647260e+00  6.24562278e+01 -1.36751449e-01  1.00000000e-03]
Likelihood gradient:
[ 2.20963144e+00 -6.60532858e-02  3.07355527e+02  0.00000000e+00]
Likelihood:
1777.901392430539


Hyperparameters:
[-1.78966774e+00  6.24330854e+01 -1.36492469e-01  1.00000000e-03]
Likelihood gradient:
[ 1.38056532e+00 -6.58155076e-02  2.01074716e+02  0.00000000e+00]
Likelihood:
1777.9828607942545


Hyperparameters:
[-1.77823795e+00  6.23227504e+01 -1.35988383e-01  1.00000000e-03]
Likelihood gradient:
[-0.07220905 -0.06534637 -8.11791321  0.        ]
Likelihood:
1778.0495826829465


Hyperparameters:
[-1.77812655e+00  6.22519660e+01 -1.35978356e-01  1.00000000e-03]
Likelihood gradient:
[ -0.08687666  -0.06538205 -12.38819499   0.        ]
Likelihood:
1778.054128990154


Hyperparameters:
[-1.77768091e+00  6.19688283e+01 -1.35938250e-01  1.00000000e-03]
Likelihood gradient:
[ -0.14500241  -0.0655275  -29.49198306   0.        ]
Likelihood:
1778.0718949889942


Hyperparameters:
[-1.77589836e+00  6.08362777e+01 -1.35777827e-01  1.00000000e-03]
Likelihood gradient:
[-3.78280725e-01 -6.61562456e-02 -9.81998810e+01  0.00000000e+00]
Likelihood:
1778.1362546630025


Hyperparameters:
[-1.77318511e+00  5.78898924e+01 -1.35586197e-01  1.00000000e-03]
Likelihood gradient:
[-6.75486530e-01 -6.85926620e-02 -1.84260208e+02  0.00000000e+00]
Likelihood:
1778.3068776421815


Hyperparameters:
[-1.76233209e+00  4.61043514e+01 -1.34819678e-01  1.00000000e-03]
Likelihood gradient:
[-1.86156074e+00 -8.93109386e-02 -5.40226029e+02  0.00000000e+00]
Likelihood:
1778.9283461787145


Hyperparameters:
[-1.73960598e+00  1.88108277e+01 -1.33347555e-01  1.00000000e-03]
Likelihood gradient:
[-4.35192797e+00 -4.09445326e-01 -1.29680265e+03  0.00000000e+00]
Likelihood:
1782.745400838824


Hyperparameters:
[-1.64870152e+00 -9.03632671e+01 -1.27459061e-01  1.00000000e-03]
Likelihood gradient:
[-2.24969409e+01  5.50001293e-02 -4.14095045e+03  0.00000000e+00]
Likelihood:
1758.3544015160842


Hyperparameters:
[-1.72284021e+00 -1.32446313e+00 -1.32261523e-01  1.00000000e-03]
Likelihood gradient:
[   -6.66599239     3.69686671 -1849.52444409     0.        ]
Likelihood:
1803.666507468055


Hyperparameters:
[-1.73824514e+00  1.71764909e+01 -1.33259404e-01  1.00000000e-03]
Likelihood gradient:
[-4.52034405e+00 -4.66079716e-01 -1.34339684e+03  0.00000000e+00]
Likelihood:
1783.3374995286486


Hyperparameters:
[-1.72622017e+00  2.73479456e+00 -1.32480466e-01  1.00000000e-03]
Likelihood gradient:
[   -6.16636212    -3.19467124 -1743.43776553     0.        ]
Likelihood:
1798.8088766255478


Hyperparameters:
[-1.72378535e+00 -1.89375409e-01 -1.32322746e-01  1.00000000e-03]
Likelihood gradient:
[   -6.37968988  -881.72397372 -2046.78216171     0.        ]
Likelihood:
1721.4311053412412


Hyperparameters:
[-1.72313562e+00 -9.69679536e-01 -1.32280659e-01  1.00000000e-03]
Likelihood gradient:
[-6.59073727e+00  5.92308817e-01 -1.84091126e+03  0.00000000e+00]
Likelihood:
1804.6240732958722


Hyperparameters:
[-1.72316933e+00 -9.29195976e-01 -1.32282842e-01  1.00000000e-03]
Likelihood gradient:
[-6.58159817e+00 -2.64459616e-01 -1.83999243e+03  0.00000000e+00]
Likelihood:
1804.6354504942055


Hyperparameters:
[-1.72316305e+00 -9.36743243e-01 -1.32282435e-01  1.00000000e-03]
Likelihood gradient:
[-6.58189130e+00 -9.19991018e-02 -1.84016212e+03  0.00000000e+00]
Likelihood:
1804.636023012733


Hyperparameters:
[-1.72887890e+00 -3.29866598e+00 -1.32717592e-01  1.00000000e-03]
Likelihood gradient:
[   -5.72851514     2.75427243 -1630.58545024     0.        ]
Likelihood:
1797.5510980529207


Hyperparameters:
[-1.72333880e+00 -1.00936736e+00 -1.32295815e-01  1.00000000e-03]
Likelihood gradient:
[-6.55888435e+00  1.27403163e+00 -1.83351841e+03  0.00000000e+00]
Likelihood:
1804.6157114765592


Hyperparameters:
[-1.72321370e+00 -9.57673225e-01 -1.32286291e-01  1.00000000e-03]
Likelihood gradient:
[-6.57597610e+00  3.57021367e-01 -1.83823968e+03  0.00000000e+00]
Likelihood:
1804.6406161426657


Hyperparameters:
[-1.72327908e+00 -9.57651766e-01 -1.32291101e-01  1.00000000e-03]
Likelihood gradient:
[-6.56384310e+00  3.54614072e-01 -1.83592878e+03  0.00000000e+00]
Likelihood:
1804.6498682028623


Hyperparameters:
[-1.72354063e+00 -9.57565933e-01 -1.32310337e-01  1.00000000e-03]
Likelihood gradient:
[-6.52396664e+00  3.54686620e-01 -1.82668689e+03  0.00000000e+00]
Likelihood:
1804.6867583349695


Hyperparameters:
[-1.72458680e+00 -9.57222599e-01 -1.32387285e-01  1.00000000e-03]
Likelihood gradient:
[-6.35479522e+00  3.46289386e-01 -1.78978840e+03  0.00000000e+00]
Likelihood:
1804.8324318269097


Hyperparameters:
[-1.72877151e+00 -9.55849264e-01 -1.32695074e-01  1.00000000e-03]
Likelihood gradient:
[-5.68742404e+00  3.19492722e-01 -1.64324198e+03  0.00000000e+00]
Likelihood:
1805.3850842066968


Hyperparameters:
[-1.73644038e+00 -9.51855985e-01 -1.33582913e-01  1.00000000e-03]
Likelihood gradient:
[-4.33778642e+00  2.38759833e-01 -1.23174017e+03  0.00000000e+00]
Likelihood:
1806.697553177567


Hyperparameters:
[-1.75662099e+00 -9.42605138e-01 -1.35662442e-01  1.00000000e-03]
Likelihood gradient:
[-1.04871566e+00  4.54809902e-02 -3.18054606e+02  0.00000000e+00]
Likelihood:
1808.3462052230025


Hyperparameters:
[-1.76274309e+00 -9.40396587e-01 -1.36387446e-01  1.00000000e-03]
Likelihood gradient:
[-4.93414679e-02 -2.81296447e-03 -1.59362007e+01  0.00000000e+00]
Likelihood:
1808.4684149775057


Hyperparameters:
[-1.76303457e+00 -9.40529754e-01 -1.36425725e-01  1.00000000e-03]
Likelihood gradient:
[-0.00182086  0.00116196 -0.21875635  0.        ]
Likelihood:
1808.4686478281637


Hyperparameters:
[-1.76304951e+00 -9.40474933e-01 -1.36426250e-01  1.00000000e-03]
Likelihood gradient:
[ 0.00120293 -0.00035393  0.0011236   0.        ]
Likelihood:
1808.4686435040567


Hyperparameters:
[-1.76303468e+00 -9.40529328e-01 -1.36425729e-01  1.00000000e-03]
Likelihood gradient:
[ 0.00078202 -0.00103019 -0.21748917  0.        ]
Likelihood:
1808.4686478609528


Hyperparameters:
[-1.76303546e+00 -9.40530383e-01 -1.36426031e-01  1.00000000e-03]
Likelihood gradient:
[ 0.00092802 -0.00059678 -0.09410285  0.        ]
Likelihood:
1808.4686476397756


Hyperparameters:
[-1.76303472e+00 -9.40529372e-01 -1.36425741e-01  1.00000000e-03]
Likelihood gradient:
[ 0.00138126 -0.00122406 -0.2123513   0.        ]
Likelihood:
1808.4686477924133


Hyperparameters:
[-1.76303468e+00 -9.40529328e-01 -1.36425729e-01  1.00000000e-03]
Likelihood gradient:
[-0.00187473  0.00077417 -0.21695871  0.        ]
Likelihood:
1808.4686478192925


Hyperparameters:
[-1.76303468e+00 -9.40529328e-01 -1.36425729e-01  1.00000000e-03]
Likelihood gradient:
[ 0.00081945 -0.00028906 -0.21750415  0.        ]
Likelihood:
1808.4686478555404


Hyperparameters:
[-1.76303468e+00 -9.40529328e-01 -1.36425729e-01  1.00000000e-03]
Likelihood gradient:
[-0.00332158  0.00219698 -0.21669648  0.        ]
Likelihood:
1808.468647877322


Hyperparameters:
[-1.76303468e+00 -9.40529328e-01 -1.36425729e-01  1.00000000e-03]
Likelihood gradient:
[-0.00161836  0.0013757  -0.2169542   0.        ]
Likelihood:
1808.4686478576496


Hyperparameters:
[-1.76303468e+00 -9.40529328e-01 -1.36425729e-01  1.00000000e-03]
Likelihood gradient:
[-0.00332158  0.00219698 -0.21669648  0.        ]
Likelihood:
1808.468647877322


Hyperparameters:
[-1.76303468e+00 -9.40529328e-01 -1.36425729e-01  1.00000000e-03]
Likelihood gradient:
[-0.00048962  0.00042801 -0.21730993  0.        ]
Likelihood:
1808.4686478532813


Hyperparameters:
[-1.76303468e+00 -9.40529328e-01 -1.36425729e-01  1.00000000e-03]
Likelihood gradient:
[-0.00066152  0.00082863 -0.21708233  0.        ]
Likelihood:
1808.4686478386902


Hyperparameters:
[-1.76303546e+00 -9.40530383e-01 -1.36426031e-01  1.00000000e-03]
Likelihood gradient:
[ 0.00158514 -0.00117472 -0.09414709  0.        ]
Likelihood:
1808.4686476945672


Hyperparameters:
[-1.76303479e+00 -9.40529478e-01 -1.36425772e-01  1.00000000e-03]
Likelihood gradient:
[-0.00179334  0.00152296 -0.19944944  0.        ]
Likelihood:
1808.46864777902


Hyperparameters:
[-1.76303474e+00 -9.40529403e-01 -1.36425750e-01  1.00000000e-03]
Likelihood gradient:
[-0.00143041  0.00099937 -0.20839722  0.        ]
Likelihood:
1808.4686478334506


Hyperparameters:
[-1.76303471e+00 -9.40529365e-01 -1.36425739e-01  1.00000000e-03]
Likelihood gradient:
[-0.00153492  0.00031895 -0.21278729  0.        ]
Likelihood:
1808.46864778472


Hyperparameters:
[-1.76303470e+00 -9.40529346e-01 -1.36425734e-01  1.00000000e-03]
Likelihood gradient:
[-8.49553236e-04  1.11491854e-04 -2.14980420e-01  0.00000000e+00]
Likelihood:
1808.4686478167532


Hyperparameters:
[-1.76303469e+00 -9.40529337e-01 -1.36425731e-01  1.00000000e-03]
Likelihood gradient:
[-0.00035674  0.00091561 -0.21596076  0.        ]
Likelihood:
1808.4686478339663


Hyperparameters:
[-1.76303469e+00 -9.40529332e-01 -1.36425730e-01  1.00000000e-03]
Likelihood gradient:
[-0.00249808  0.00147696 -0.21640148  0.        ]
Likelihood:
1808.4686478119456


Hyperparameters:
[-1.76303468e+00 -9.40529330e-01 -1.36425729e-01  1.00000000e-03]
Likelihood gradient:
[-0.00288408  0.00242316 -0.21652687  0.        ]
Likelihood:
1808.4686478369495


Hyperparameters:
[-1.76303468e+00 -9.40529329e-01 -1.36425729e-01  1.00000000e-03]
Likelihood gradient:
[-0.0016081   0.00100448 -0.21701455  0.        ]
Likelihood:
1808.4686478569993


Hyperparameters:
[-1.76303468e+00 -9.40529328e-01 -1.36425729e-01  1.00000000e-03]
Likelihood gradient:
[-0.00237606  0.00156991 -0.21683469  0.        ]
Likelihood:
1808.468647827931


Hyperparameters:
[-1.76303468e+00 -9.40529328e-01 -1.36425729e-01  1.00000000e-03]
Likelihood gradient:
[-0.00062054  0.00036857 -0.21716097  0.        ]
Likelihood:
1808.468647892786


Hyperparameters:
[-1.76303468e+00 -9.40529328e-01 -1.36425729e-01  1.00000000e-03]
Likelihood gradient:
[-0.00287702  0.0022945  -0.21675501  0.        ]
Likelihood:
1808.4686478436952


Warning: stress not available
Precomputing KnK for hyps optimization
Done precomputing. Time: 0.005474567413330078
Hyperparameters:
[-1.76303468e+00 -9.40529328e-01 -1.36425729e-01  1.00000000e-03]
Likelihood gradient:
[1.33896810e+01 3.14919747e-01 9.55245877e+02 0.00000000e+00]
Likelihood:
2065.273597253201


Hyperparameters:
[-1.7488789e+00 -9.4019639e-01  8.7347501e-01  1.0000000e-03]
Likelihood gradient:
[ 4.77154719e+01  2.66367297e+00 -4.76151822e+03  0.00000000e+00]
Likelihood:
-3756.2724866055787


Hyperparameters:
[-1.76255335e+00 -9.40518007e-01 -1.02086700e-01  1.00000000e-03]
Likelihood gradient:
[ 2.54524080e+00  2.21900281e-01 -2.97478159e+04  0.00000000e+00]
Likelihood:
1687.9873875201283


Hyperparameters:
[-1.76300572e+00 -9.40528646e-01 -1.34359495e-01  1.00000000e-03]
Likelihood gradient:
[12.79746508  0.30892493 39.94054593  0.        ]
Likelihood:
2066.3142036239688


Hyperparameters:
[-1.59851987e+00 -9.36553367e-01 -1.34464779e-01  1.00000000e-03]
Likelihood gradient:
[-9.31315304  0.23276834 31.21552468  0.        ]
Likelihood:
2066.78110315328


Hyperparameters:
[-1.66886380e+00 -6.73420489e-01 -1.34342663e-01  1.00000000e-03]
Likelihood gradient:
[  1.31294662 -14.1035822    0.28786382   0.        ]
Likelihood:
2065.6628937768855


Hyperparameters:
[-1.61490073e+00 -8.75278109e-01 -1.34436342e-01  1.00000000e-03]
Likelihood gradient:
[-6.66334077 -1.49877618 24.63512985  0.        ]
Likelihood:
2066.8705307603905


Hyperparameters:
[-1.63504540e+00 -9.05647528e-01 -1.34399971e-01  1.00000000e-03]
Likelihood gradient:
[-3.57293217 -0.5718229  15.93259566  0.        ]
Likelihood:
2066.997820979994


Hyperparameters:
[-1.65850285e+00 -9.23925151e-01 -1.34344200e-01  1.00000000e-03]
Likelihood gradient:
[-0.17113569 -0.08548147 -0.92958107  0.        ]
Likelihood:
2067.0394421362143


Hyperparameters:
[-1.65969963e+00 -9.26956342e-01 -1.34345413e-01  1.00000000e-03]
Likelihood gradient:
[-0.00176219 -0.0092151   0.07247431  0.        ]
Likelihood:
2067.0392798530265


Hyperparameters:
[-1.65873268e+00 -9.24507260e-01 -1.34344433e-01  1.00000000e-03]
Likelihood gradient:
[-0.13962517 -0.07081593 -0.73681258  0.        ]
Likelihood:
2067.039444760032


Hyperparameters:
[-1.65874857e+00 -9.24550643e-01 -1.34344445e-01  1.00000000e-03]
Likelihood gradient:
[-0.13646302 -0.06940068 -0.72564027  0.        ]
Likelihood:
2067.0394445099555


Hyperparameters:
[-1.65873586e+00 -9.24515943e-01 -1.34344435e-01  1.00000000e-03]
Likelihood gradient:
[-0.138329   -0.07045132 -0.73467583  0.        ]
Likelihood:
2067.0394446942573


Hyperparameters:
[-1.65873330e+00 -9.24508957e-01 -1.34344433e-01  1.00000000e-03]
Likelihood gradient:
[-0.13937388 -0.0696609  -0.73626344  0.        ]
Likelihood:
2067.039444775748


Hyperparameters:
[-1.65873499e+00 -9.24513568e-01 -1.34344435e-01  1.00000000e-03]
Likelihood gradient:
[-0.13863254 -0.07028185 -0.73519107  0.        ]
Likelihood:
2067.0394447192757


Hyperparameters:
[-1.65873361e+00 -9.24509813e-01 -1.34344434e-01  1.00000000e-03]
Likelihood gradient:
[-0.13953639 -0.06922308 -0.7359257   0.        ]
Likelihood:
2067.0394447807575


Hyperparameters:
[-1.65873452e+00 -9.24512291e-01 -1.34344434e-01  1.00000000e-03]
Likelihood gradient:
[-0.13884437 -0.07035229 -0.73542236  0.        ]
Likelihood:
2067.039444792348


Hyperparameters:
[-1.65873458e+00 -9.24512458e-01 -1.34344434e-01  1.00000000e-03]
Likelihood gradient:
[-0.13633515 -0.07124429 -0.73557561  0.        ]
Likelihood:
2067.0394447243343


Hyperparameters:
[-1.65873452e+00 -9.24512298e-01 -1.34344434e-01  1.00000000e-03]
Likelihood gradient:
[-0.13772043 -0.07188994 -0.73584249  0.        ]
Likelihood:
2067.039444790691


Hyperparameters:
[-1.65873452e+00 -9.24512292e-01 -1.34344434e-01  1.00000000e-03]
Likelihood gradient:
[-0.13737822 -0.07222467 -0.73590258  0.        ]
Likelihood:
2067.0394447697236


Hyperparameters:
[-1.65873452e+00 -9.24512291e-01 -1.34344434e-01  1.00000000e-03]
Likelihood gradient:
[-0.13809557 -0.07042844 -0.73559305  0.        ]
Likelihood:
2067.0394447965173


Hyperparameters:
[-1.65873452e+00 -9.24512291e-01 -1.34344434e-01  1.00000000e-03]
Likelihood gradient:
[-0.13883423 -0.07114774 -0.73543734  0.        ]
Likelihood:
2067.0394447263498


Hyperparameters:
[-1.65873452e+00 -9.24512291e-01 -1.34344434e-01  1.00000000e-03]
Likelihood gradient:
[-0.13925235 -0.07003712 -0.73542361  0.        ]
Likelihood:
2067.03944480493


Hyperparameters:
[-1.65873452e+00 -9.24512291e-01 -1.34344434e-01  1.00000000e-03]
Likelihood gradient:
[-0.13870106 -0.07028849 -0.73545526  0.        ]
Likelihood:
2067.0394447984036


Hyperparameters:
[-1.65873452e+00 -9.24512291e-01 -1.34344434e-01  1.00000000e-03]
Likelihood gradient:
[-0.13736282 -0.07225631 -0.73582465  0.        ]
Likelihood:
2067.039444774933


Hyperparameters:
[-1.65874857e+00 -9.24550643e-01 -1.34344445e-01  1.00000000e-03]
Likelihood gradient:
[-0.13510408 -0.07022787 -0.72575248  0.        ]
Likelihood:
2067.03944456894


Hyperparameters:
[-1.65874035e+00 -9.24528196e-01 -1.34344439e-01  1.00000000e-03]
Likelihood gradient:
[-0.13715477 -0.07029967 -0.73141033  0.        ]
Likelihood:
2067.039444676101


Hyperparameters:
[-1.65873581e+00 -9.24515800e-01 -1.34344435e-01  1.00000000e-03]
Likelihood gradient:
[-0.13731514 -0.07190839 -0.73486082  0.        ]
Likelihood:
2067.0394447453527


Hyperparameters:
[-1.65873403e+00 -9.24510948e-01 -1.34344434e-01  1.00000000e-03]
Likelihood gradient:
[-0.13777966 -0.07103948 -0.7360361   0.        ]
Likelihood:
2067.0394447842154


Hyperparameters:
[-1.65873504e+00 -9.24513716e-01 -1.34344435e-01  1.00000000e-03]
Likelihood gradient:
[-0.13759109 -0.07063926 -0.73514215  0.        ]
Likelihood:
2067.039444759912


Hyperparameters:
[-1.65873441e+00 -9.24511977e-01 -1.34344434e-01  1.00000000e-03]
Likelihood gradient:
[-0.13283451 -0.07548402 -0.73674345  0.        ]
Likelihood:
2067.03944480101


Hyperparameters:
[-1.65873476e+00 -9.24512938e-01 -1.34344435e-01  1.00000000e-03]
Likelihood gradient:
[-0.13740538 -0.07208403 -0.73586971  0.        ]
Likelihood:
2067.039444761175


Hyperparameters:
[-1.65873450e+00 -9.24512240e-01 -1.34344434e-01  1.00000000e-03]
Likelihood gradient:
[-0.13574897 -0.07297012 -0.73605858  0.        ]
Likelihood:
2067.039444801133


Hyperparameters:
[-1.65873464e+00 -9.24512620e-01 -1.34344434e-01  1.00000000e-03]
Likelihood gradient:
[-0.13888985 -0.06948144 -0.73530967  0.        ]
Likelihood:
2067.039444777556


Hyperparameters:
[-1.65873454e+00 -9.24512334e-01 -1.34344434e-01  1.00000000e-03]
Likelihood gradient:
[-0.13924217 -0.06936703 -0.73532647  0.        ]
Likelihood:
2067.0394447798826


Hyperparameters:
[-1.65873451e+00 -9.24512257e-01 -1.34344434e-01  1.00000000e-03]
Likelihood gradient:
[-0.13626955 -0.07212517 -0.7359069   0.        ]
Likelihood:
2067.0394447937624


Hyperparameters:
[-1.65873450e+00 -9.24512242e-01 -1.34344434e-01  1.00000000e-03]
Likelihood gradient:
[-0.13795732 -0.07079168 -0.735477    0.        ]
Likelihood:
2067.039444812377


Warning: stress not available
Precomputing KnK for hyps optimization
Done precomputing. Time: 0.006039857864379883
Hyperparameters:
[-1.65873268e+00 -9.24507260e-01 -1.34344433e-01  1.00000000e-03]
Likelihood gradient:
[-4.77090018e+00 -5.05223738e-01  1.23705925e+03  0.00000000e+00]
Likelihood:
2337.313378614863


Hyperparameters:
[-1.66262786e+00 -9.24919748e-01  8.75647972e-01  1.00000000e-03]
Likelihood gradient:
[ 4.73890083e+01  3.13519617e+00 -5.15531519e+03  0.00000000e+00]
Likelihood:
-4069.8740296665355


Hyperparameters:
[-1.65888482e+00 -9.24523371e-01 -9.48958120e-02  1.00000000e-03]
Likelihood gradient:
[-2.03060833e+01 -6.58750949e-01 -4.42899248e+04  0.00000000e+00]
Likelihood:
1722.9701983864834


Hyperparameters:
[-1.65874262e+00 -9.24508313e-01 -1.31765180e-01  1.00000000e-03]
Likelihood gradient:
[ -5.70068293  -0.51788126 -44.24598675   0.        ]
Likelihood:
2338.8785322908116


Hyperparameters:
[-2.21180971e+00 -9.74993916e-01 -1.31372032e-01  1.00000000e-03]
Likelihood gradient:
[  41.43305373    0.7311881  -136.71023279    0.        ]
Likelihood:
2325.901361082362


Hyperparameters:
[-1.69926154e+00 -9.28207000e-01 -1.31736378e-01  1.00000000e-03]
Likelihood gradient:
[  0.39372395  -0.41675822 -45.16220596   0.        ]
Likelihood:
2338.9708648470096


Hyperparameters:
[-1.68963816e+00 -1.35365234e+00 -1.31830417e-01  1.00000000e-03]
Likelihood gradient:
[-1.00469624  4.51464454  1.39770373  0.        ]
Likelihood:
2337.744391233957


Hyperparameters:
[-1.69883115e+00 -9.47234537e-01 -1.31740583e-01  1.00000000e-03]
Likelihood gradient:
[  0.33136337   0.1008008  -43.03553114   0.        ]
Likelihood:
2338.974261044579


Hyperparameters:
[-1.69637280e+00 -9.43485030e-01 -1.31831294e-01  1.00000000e-03]
Likelihood gradient:
[0.00963851 0.00419224 3.38592048 0.        ]
Likelihood:
2338.977469234055


Hyperparameters:
[-1.69632531e+00 -9.43334989e-01 -1.31824886e-01  1.00000000e-03]
Likelihood gradient:
[-0.00028372  0.00121922  0.03644399  0.        ]
Likelihood:
2338.977496022513


Hyperparameters:
[-1.69632713e+00 -9.43288704e-01 -1.31824801e-01  1.00000000e-03]
Likelihood gradient:
[-6.51917730e-04 -6.53607657e-05 -7.02997071e-03  0.00000000e+00]
Likelihood:
2338.977495506404


Hyperparameters:
[-1.69632535e+00 -9.43334139e-01 -1.31824884e-01  1.00000000e-03]
Likelihood gradient:
[-0.00095641  0.00093817  0.03572323  0.        ]
Likelihood:
2338.977495997964


Hyperparameters:
[-1.69632531e+00 -9.43334982e-01 -1.31824886e-01  1.00000000e-03]
Likelihood gradient:
[0.00093461 0.00071243 0.03632255 0.        ]
Likelihood:
2338.9774959844417


Hyperparameters:
[-1.69632531e+00 -9.43334989e-01 -1.31824886e-01  1.00000000e-03]
Likelihood gradient:
[ 0.00336339 -0.00183346  0.03576913  0.        ]
Likelihood:
2338.9774959846027


Hyperparameters:
[-1.69632531e+00 -9.43334989e-01 -1.31824886e-01  1.00000000e-03]
Likelihood gradient:
[ 0.00196373 -0.00034834  0.03605302  0.        ]
Likelihood:
2338.9774959462584


Hyperparameters:
[-1.69632713e+00 -9.43288704e-01 -1.31824801e-01  1.00000000e-03]
Likelihood gradient:
[ 1.95634823e-06  5.42095828e-05 -7.18314648e-03  0.00000000e+00]
Likelihood:
2338.977495402786


Hyperparameters:
[-1.69632622e+00 -9.43311846e-01 -1.31824843e-01  1.00000000e-03]
Likelihood gradient:
[ 0.00314717 -0.0025041   0.01440417  0.        ]
Likelihood:
2338.9774957841937


Hyperparameters:
[-1.69632577e+00 -9.43323417e-01 -1.31824865e-01  1.00000000e-03]
Likelihood gradient:
[ 0.00036425 -0.0003852   0.02522156  0.        ]
Likelihood:
2338.9774958970775


Hyperparameters:
[-1.69632554e+00 -9.43329203e-01 -1.31824875e-01  1.00000000e-03]
Likelihood gradient:
[0.00093011 0.00055298 0.03080932 0.        ]
Likelihood:
2338.97749599099


Hyperparameters:
[-1.69632543e+00 -9.43332096e-01 -1.31824880e-01  1.00000000e-03]
Likelihood gradient:
[0.00094555 0.00129026 0.03373687 0.        ]
Likelihood:
2338.9774960211416


Hyperparameters:
[-1.69632537e+00 -9.43333584e-01 -1.31824883e-01  1.00000000e-03]
Likelihood gradient:
[ 0.00128949 -0.00079394  0.03486463  0.        ]
Likelihood:
2338.977495976227


Hyperparameters:
[-1.69632534e+00 -9.43334286e-01 -1.31824884e-01  1.00000000e-03]
Likelihood gradient:
[0.00102405 0.00045479 0.03560728 0.        ]
Likelihood:
2338.9774959813776


Hyperparameters:
[-1.69632533e+00 -9.43334637e-01 -1.31824885e-01  1.00000000e-03]
Likelihood gradient:
[ 0.00155665 -0.00071234  0.03577134  0.        ]
Likelihood:
2338.9774960226277


Hyperparameters:
[-1.69632516e+00 -9.43334480e-01 -1.31824883e-01  1.00000000e-03]
Likelihood gradient:
[-5.62769713e-07  3.47195687e-04  3.47618915e-02  0.00000000e+00]
Likelihood:
2338.977496066841


Hyperparameters:
[-1.69632465e+00 -9.43333752e-01 -1.31824780e-01  1.00000000e-03]
Likelihood gradient:
[ 0.00131439 -0.00084472 -0.01940928  0.        ]
Likelihood:
2338.9774962832516


Hyperparameters:
[-1.69632453e+00 -9.43333652e-01 -1.31824815e-01  1.00000000e-03]
Likelihood gradient:
[ 0.00050967 -0.00047153 -0.0007481   0.        ]
Likelihood:
2338.9774962701085


Hyperparameters:
[-1.69632464e+00 -9.43333751e-01 -1.31824780e-01  1.00000000e-03]
Likelihood gradient:
[-0.00118563  0.00011911 -0.01871276  0.        ]
Likelihood:
2338.9774962527154


Hyperparameters:
[-1.69632465e+00 -9.43333752e-01 -1.31824780e-01  1.00000000e-03]
Likelihood gradient:
[ 0.00118274 -0.00022334 -0.01925648  0.        ]
Likelihood:
2338.9774962925503


Hyperparameters:
[-1.69632465e+00 -9.43333752e-01 -1.31824780e-01  1.00000000e-03]
Likelihood gradient:
[-0.00011205 -0.00022451 -0.01893183  0.        ]
Likelihood:
2338.9774962906267


Hyperparameters:
[-1.69632598e+00 -9.43336246e-01 -1.31825529e-01  1.00000000e-03]
Likelihood gradient:
[-0.00396062  0.00380468  0.37221785  0.        ]
Likelihood:
2338.977495757774


Hyperparameters:
[-1.69632465e+00 -9.43333766e-01 -1.31824784e-01  1.00000000e-03]
Likelihood gradient:
[ 0.0023617  -0.00087914 -0.01719699  0.        ]
Likelihood:
2338.977496262386


Hyperparameters:
[-1.69632465e+00 -9.43333752e-01 -1.31824780e-01  1.00000000e-03]
Likelihood gradient:
[ 0.00181779 -0.00214786 -0.01944358  0.        ]
Likelihood:
2338.9774962316933


Hyperparameters:
[-1.69632465e+00 -9.43333752e-01 -1.31824780e-01  1.00000000e-03]
Likelihood gradient:
[ 0.00043944 -0.00132569 -0.01911905  0.        ]
Likelihood:
2338.9774963109257


Hyperparameters:
[-1.69632465e+00 -9.43333752e-01 -1.31824780e-01  1.00000000e-03]
Likelihood gradient:
[ 0.00021367 -0.00061032 -0.01913485  0.        ]
Likelihood:
2338.9774962755137


Hyperparameters:
[-1.69632465e+00 -9.43333752e-01 -1.31824780e-01  1.00000000e-03]
Likelihood gradient:
[-0.00027594 -0.00059991 -0.01901648  0.        ]
Likelihood:
2338.9774962981037


Hyperparameters:
[-1.69632598e+00 -9.43336246e-01 -1.31825529e-01  1.00000000e-03]
Likelihood gradient:
[ 5.30732219e-04 -8.55957612e-05  3.71068041e-01  0.00000000e+00]
Likelihood:
2338.977495689046


Hyperparameters:
[-1.69632531e+00 -9.43334999e-01 -1.31825155e-01  1.00000000e-03]
Likelihood gradient:
[ 0.00356071 -0.00202388  0.17559205  0.        ]
Likelihood:
2338.9774959627866


Hyperparameters:
[-1.69632498e+00 -9.43334376e-01 -1.31824967e-01  1.00000000e-03]
Likelihood gradient:
[-0.00235021  0.00223011  0.07913729  0.        ]
Likelihood:
2338.9774960666364


Hyperparameters:
[-1.69632481e+00 -9.43334064e-01 -1.31824874e-01  1.00000000e-03]
Likelihood gradient:
[1.43088637e-03 7.14155386e-05 2.97229981e-02 0.00000000e+00]
Likelihood:
2338.9774961193534


Hyperparameters:
[-1.69632473e+00 -9.43333908e-01 -1.31824827e-01  1.00000000e-03]
Likelihood gradient:
[-0.00063528  0.00064057  0.0055587   0.        ]
Likelihood:
2338.9774962151614


Hyperparameters:
[-1.69632469e+00 -9.43333830e-01 -1.31824803e-01  1.00000000e-03]
Likelihood gradient:
[ 0.00149142  0.00033157 -0.00682922  0.        ]
Likelihood:
2338.9774961966277


Hyperparameters:
[-1.69632467e+00 -9.43333791e-01 -1.31824792e-01  1.00000000e-03]
Likelihood gradient:
[-0.00060827  0.00067665 -0.0127779   0.        ]
Likelihood:
2338.9774962185093


Hyperparameters:
[-1.69632466e+00 -9.43333771e-01 -1.31824786e-01  1.00000000e-03]
Likelihood gradient:
[ 7.70092093e-05  7.13282371e-05 -1.60118180e-02  0.00000000e+00]
Likelihood:
2338.9774962552683


Hyperparameters:
[-1.69632465e+00 -9.43333762e-01 -1.31824783e-01  1.00000000e-03]
Likelihood gradient:
[ 0.00036356  0.00059378 -0.01735437  0.        ]
Likelihood:
2338.9774962245338


Hyperparameters:
[-1.69632465e+00 -9.43333757e-01 -1.31824781e-01  1.00000000e-03]
Likelihood gradient:
[ 0.00084254 -0.00025098 -0.01847251  0.        ]
Likelihood:
2338.977496256538


Hyperparameters:
[-1.69632465e+00 -9.43333754e-01 -1.31824781e-01  1.00000000e-03]
Likelihood gradient:
[-0.00019344  0.00102199 -0.01848796  0.        ]
Likelihood:
2338.977496238437


Hyperparameters:
[-1.69632465e+00 -9.43333753e-01 -1.31824780e-01  1.00000000e-03]
Likelihood gradient:
[-0.0002245   0.00029705 -0.01881685  0.        ]
Likelihood:
2338.9774962024057


Warning: stress not available
Precomputing KnK for hyps optimization
Done precomputing. Time: 0.006365776062011719
Hyperparameters:
[-1.69632465e+00 -9.43333752e-01 -1.31824780e-01  1.00000000e-03]
Likelihood gradient:
[ -5.84004517  -0.23735153 -48.06366167   0.        ]
Likelihood:
2532.5658580280415


Hyperparameters:
[-1.81814869e+00 -9.48284934e-01 -1.13443856e+00  1.00000000e-03]
Likelihood gradient:
[4.87882684e+01 4.18845145e+00 4.35020928e+03 0.00000000e+00]
Likelihood:
-5653.401851393293


Hyperparameters:
[-1.69647162e+00 -9.43339726e-01 -1.33034414e-01  1.00000000e-03]
Likelihood gradient:
[-5.37217828e+00 -2.34167830e-01  6.16994210e+02  0.00000000e+00]
Likelihood:
2532.2194695288417


Hyperparameters:
[-1.69633520e+00 -9.43334181e-01 -1.31911613e-01  1.00000000e-03]
Likelihood gradient:
[-5.8071294  -0.23627785  0.69852479  0.        ]
Likelihood:
2532.5679713989393


Hyperparameters:
[-1.69706905e+00 -9.43364039e-01 -1.31911117e-01  1.00000000e-03]
Likelihood gradient:
[-5.6896153  -0.23761777  0.68918142  0.        ]
Likelihood:
2532.5719596579847


Hyperparameters:
[-1.70000449e+00 -9.43483473e-01 -1.31909133e-01  1.00000000e-03]
Likelihood gradient:
[-5.23126972 -0.23604266  0.64926346  0.        ]
Likelihood:
2532.5870755957512


Hyperparameters:
[-1.71174621e+00 -9.43961207e-01 -1.31901196e-01  1.00000000e-03]
Likelihood gradient:
[-3.43840337 -0.22251842  0.41753829  0.        ]
Likelihood:
2532.634316764991


Hyperparameters:
[-1.73299186e+00 -1.14765860e+00 -1.31882354e-01  1.00000000e-03]
Likelihood gradient:
[-0.35306602  3.493415   -2.27082883  0.        ]
Likelihood:
2532.2705718903726


Hyperparameters:
[-1.71383178e+00 -9.63957079e-01 -1.31899347e-01  1.00000000e-03]
Likelihood gradient:
[-3.13111218  0.33584731  0.19651577  0.        ]
Likelihood:
2532.639294953722


Hyperparameters:
[-1.71686234e+00 -9.62270222e-01 -1.31897353e-01  1.00000000e-03]
Likelihood gradient:
[-2.67514391  0.28793758  0.13597435  0.        ]
Likelihood:
2532.6476709482477


Hyperparameters:
[-1.72282099e+00 -9.58871073e-01 -1.31893566e-01  1.00000000e-03]
Likelihood gradient:
[-1.79858759  0.19699486  0.07060881  0.        ]
Likelihood:
2532.6599720917275


Hyperparameters:
[-1.73504867e+00 -9.51522564e-01 -1.31885910e-01  1.00000000e-03]
Likelihood gradient:
[-0.03449799 -0.00811752 -0.09059642  0.        ]
Likelihood:
2532.66806586051


Hyperparameters:
[-1.73528730e+00 -9.51812536e-01 -1.31885923e-01  1.00000000e-03]
Likelihood gradient:
[ 0.00067723 -0.00087643 -0.00210535  0.        ]
Likelihood:
2532.6679989399463


Hyperparameters:
[-1.73505450e+00 -9.51529646e-01 -1.31885910e-01  1.00000000e-03]
Likelihood gradient:
[-0.02886145 -0.0122939  -0.08963726  0.        ]
Likelihood:
2532.6680642284973


Hyperparameters:
[-1.73504881e+00 -9.51522729e-01 -1.31885910e-01  1.00000000e-03]
Likelihood gradient:
[-0.03833013 -0.00491866 -0.08972808  0.        ]
Likelihood:
2532.6680657506977


Hyperparameters:
[-1.73504867e+00 -9.51522565e-01 -1.31885910e-01  1.00000000e-03]
Likelihood gradient:
[-0.03414364 -0.00816479 -0.09057036  0.        ]
Likelihood:
2532.668065704318


Hyperparameters:
[-1.73504867e+00 -9.51522564e-01 -1.31885910e-01  1.00000000e-03]
Likelihood gradient:
[-0.03427257 -0.00869253 -0.0906335   0.        ]
Likelihood:
2532.6680658013756


Hyperparameters:
[-1.73504867e+00 -9.51522564e-01 -1.31885910e-01  1.00000000e-03]
Likelihood gradient:
[-0.03513127 -0.00764718 -0.09031553  0.        ]
Likelihood:
2532.668065819612


Hyperparameters:
[-1.73528730e+00 -9.51812536e-01 -1.31885923e-01  1.00000000e-03]
Likelihood gradient:
[-0.00375375  0.00267381 -0.00134779  0.        ]
Likelihood:
2532.667998873849


Hyperparameters:
[-1.73516798e+00 -9.51667550e-01 -1.31885916e-01  1.00000000e-03]
Likelihood gradient:
[-0.01755853 -0.00327044 -0.04609592  0.        ]
Likelihood:
2532.6680336450763


Hyperparameters:
[-1.73510833e+00 -9.51595057e-01 -1.31885913e-01  1.00000000e-03]
Likelihood gradient:
[-0.02659224 -0.00476705 -0.06806923  0.        ]
Likelihood:
2532.6680500982166


Hyperparameters:
[-1.73507850e+00 -9.51558810e-01 -1.31885911e-01  1.00000000e-03]
Likelihood gradient:
[-0.026675   -0.01013221 -0.08022134  0.        ]
Likelihood:
2532.6680579878266


Hyperparameters:
[-1.73506358e+00 -9.51540687e-01 -1.31885911e-01  1.00000000e-03]
Likelihood gradient:
[-0.03380312 -0.00568152 -0.08462812  0.        ]
Likelihood:
2532.668061904895


Hyperparameters:
[-1.73505613e+00 -9.51531625e-01 -1.31885910e-01  1.00000000e-03]
Likelihood gradient:
[-0.03595843 -0.00579592 -0.08746441  0.        ]
Likelihood:
2532.668063929171


Hyperparameters:
[-1.73505240e+00 -9.51527094e-01 -1.31885910e-01  1.00000000e-03]
Likelihood gradient:
[-0.03001207 -0.01114192 -0.09003953  0.        ]
Likelihood:
2532.668064799058


Hyperparameters:
[-1.73505053e+00 -9.51524829e-01 -1.31885910e-01  1.00000000e-03]
Likelihood gradient:
[-0.03230301 -0.00974851 -0.09027517  0.        ]
Likelihood:
2532.6680653163858


Hyperparameters:
[-1.73504960e+00 -9.51523696e-01 -1.31885910e-01  1.00000000e-03]
Likelihood gradient:
[-0.03126828 -0.01000576 -0.09062821  0.        ]
Likelihood:
2532.6680655195105


Hyperparameters:
[-1.73504914e+00 -9.51523130e-01 -1.31885910e-01  1.00000000e-03]
Likelihood gradient:
[-0.03380659 -0.00850525 -0.09055442  0.        ]
Likelihood:
2532.668065652102


Hyperparameters:
[-1.73504890e+00 -9.51522847e-01 -1.31885910e-01  1.00000000e-03]
Likelihood gradient:
[-0.03351804 -0.00891488 -0.09076636  0.        ]
Likelihood:
2532.668065704176


Hyperparameters:
[-1.73504879e+00 -9.51522705e-01 -1.31885910e-01  1.00000000e-03]
Likelihood gradient:
[-0.03495675 -0.0080994  -0.09050158  0.        ]
Likelihood:
2532.668065736396


Warning: stress not available
Precomputing KnK for hyps optimization
Done precomputing. Time: 0.008012533187866211
Hyperparameters:
[-1.73504867e+00 -9.51522564e-01 -1.31885910e-01  1.00000000e-03]
Likelihood gradient:
[-8.06528425e-02  1.18884391e+00 -6.50269216e+03  0.00000000e+00]
Likelihood:
2297.919218427922


Hyperparameters:
[-1.73506120e+00 -9.51337912e-01 -1.14188589e+00  1.00000000e-03]
Likelihood gradient:
[  50.23633137    5.26280621 4626.07657214    0.        ]
Likelihood:
-6089.316103422369


Hyperparameters:
[-1.73505001e+00 -9.51502761e-01 -2.40198378e-01  1.00000000e-03]
Likelihood gradient:
[2.78686662e+01 1.89743718e+00 1.41807411e+04 0.00000000e+00]
Likelihood:
1285.848918370497


Hyperparameters:
[-1.73504885e+00 -9.51519955e-01 -1.46154417e-01  1.00000000e-03]
Likelihood gradient:
[4.77192596e+00 1.27593059e+00 1.87540460e+03 0.00000000e+00]
Likelihood:
2325.9041709185085


Hyperparameters:
[ 1.95064621e+00  3.04916460e-01 -1.45108275e-01  1.00000000e-03]
Likelihood gradient:
[ -28.09173269  298.40533844 1377.06223739    0.        ]
Likelihood:
2288.4945666887343


Hyperparameters:
[-1.64070921e+00 -9.19360010e-01 -1.46127640e-01  1.00000000e-03]
Likelihood gradient:
[-9.85420168e+00  3.87330274e-01  1.82875962e+03  0.00000000e+00]
Likelihood:
2325.800082242332


Hyperparameters:
[-1.69420698e+00 -9.37597150e-01 -1.46142824e-01  1.00000000e-03]
Likelihood gradient:
[-1.13193835e+00  9.10646846e-01  1.85610820e+03  0.00000000e+00]
Likelihood:
2326.030412692464


Hyperparameters:
[-1.69695808e+00 -9.00140001e-01 -1.46025491e-01  1.00000000e-03]
Likelihood gradient:
[-7.34408829e-01 -2.70296247e-01  1.80367414e+03  0.00000000e+00]
Likelihood:
2326.259541039024


Hyperparameters:
[-1.69738325e+00 -9.08912482e-01 -1.45770369e-01  1.00000000e-03]
Likelihood gradient:
[-7.68544785e-01  2.66105549e-02  1.68757022e+03  0.00000000e+00]
Likelihood:
2326.7061303952487


Hyperparameters:
[-1.69908392e+00 -9.44002406e-01 -1.44749884e-01  1.00000000e-03]
Likelihood gradient:
[-8.87260077e-01  1.07470860e+00  1.21266086e+03  0.00000000e+00]
Likelihood:
2328.1683342920696


Hyperparameters:
[-1.71106681e+00 -9.09297534e-01 -1.42127040e-01  1.00000000e-03]
Likelihood gradient:
[-1.00205716e-02  1.16632949e-02 -8.67765195e+01  0.00000000e+00]
Likelihood:
2329.691900242484


Hyperparameters:
[-1.71072752e+00 -9.08931817e-01 -1.42301860e-01  1.00000000e-03]
Likelihood gradient:
[-1.10733534e-03  1.55018483e-03  3.75385734e+00  0.00000000e+00]
Likelihood:
2329.699257130739


Hyperparameters:
[-1.71075148e+00 -9.08883009e-01 -1.42294605e-01  1.00000000e-03]
Likelihood gradient:
[ 0.00193526 -0.00155821  0.01105872  0.        ]
Likelihood:
2329.6992629456145


Hyperparameters:
[-1.71073850e+00 -9.08933226e-01 -1.42294564e-01  1.00000000e-03]
Likelihood gradient:
[ 0.00375701 -0.00383921 -0.01514667  0.        ]
Likelihood:
2329.6992673126624


Hyperparameters:
[-1.71068659e+00 -9.09134093e-01 -1.42294401e-01  1.00000000e-03]
Likelihood gradient:
[-0.00585008  0.00510212 -0.116214    0.        ]
Likelihood:
2329.6992834574403


Hyperparameters:
[-1.71071686e+00 -9.09016980e-01 -1.42294496e-01  1.00000000e-03]
Likelihood gradient:
[ 0.00047426  0.00088372 -0.05712863  0.        ]
Likelihood:
2329.6992742348666


Hyperparameters:
[-1.71071915e+00 -9.08976953e-01 -1.42294601e-01  1.00000000e-03]
Likelihood gradient:
[ 0.00108652 -0.00196102 -0.00287713  0.        ]
Likelihood:
2329.699273461314


Hyperparameters:
[-1.71071688e+00 -9.09016630e-01 -1.42294497e-01  1.00000000e-03]
Likelihood gradient:
[ 0.00220836 -0.00149058 -0.05727552  0.        ]
Likelihood:
2329.69927425637


Hyperparameters:
[-1.71071686e+00 -9.09016837e-01 -1.42294496e-01  1.00000000e-03]
Likelihood gradient:
[-2.64336714e-05  1.22135095e-03 -5.71727021e-02  0.00000000e+00]
Likelihood:
2329.6992742385937


Hyperparameters:
[-1.71071688e+00 -9.09016630e-01 -1.42294497e-01  1.00000000e-03]
Likelihood gradient:
[ 0.00085931 -0.00032899 -0.0569839   0.        ]
Likelihood:
2329.6992742057137


Hyperparameters:
[-1.71071688e+00 -9.09016630e-01 -1.42294497e-01  1.00000000e-03]
Likelihood gradient:
[-0.00248003  0.00184652 -0.0566      0.        ]
Likelihood:
2329.6992742462335


Hyperparameters:
[-1.71071688e+00 -9.09016630e-01 -1.42294497e-01  1.00000000e-03]
Likelihood gradient:
[-0.00369701  0.00368135 -0.05635626  0.        ]
Likelihood:
2329.699274231014


Hyperparameters:
[-1.71071915e+00 -9.08976953e-01 -1.42294601e-01  1.00000000e-03]
Likelihood gradient:
[-0.00081566 -0.00068444 -0.00261152  0.        ]
Likelihood:
2329.699273488269


Hyperparameters:
[-1.71071800e+00 -9.08996966e-01 -1.42294548e-01  1.00000000e-03]
Likelihood gradient:
[-0.0031553   0.00266235 -0.02942787  0.        ]
Likelihood:
2329.6992738486733


Hyperparameters:
[-1.71071743e+00 -9.09006973e-01 -1.42294522e-01  1.00000000e-03]
Likelihood gradient:
[-0.00295692  0.00061887 -0.0434049   0.        ]
Likelihood:
2329.6992740706473


Hyperparameters:
[-1.71071714e+00 -9.09011976e-01 -1.42294509e-01  1.00000000e-03]
Likelihood gradient:
[-0.00073806  0.00111657 -0.05032628  0.        ]
Likelihood:
2329.6992740934156


Hyperparameters:
[-1.71071700e+00 -9.09014478e-01 -1.42294503e-01  1.00000000e-03]
Likelihood gradient:
[-0.00052138 -0.00077501 -0.05392546  0.        ]
Likelihood:
2329.699274221809


Hyperparameters:
[-1.71071690e+00 -9.09016218e-01 -1.42294498e-01  1.00000000e-03]
Likelihood gradient:
[ 0.00318848 -0.0025849  -0.05667315  0.        ]
Likelihood:
2329.699274238854


Hyperparameters:
[-1.71071689e+00 -9.09016364e-01 -1.42294498e-01  1.00000000e-03]
Likelihood gradient:
[ 0.00018253  0.00020811 -0.0564412   0.        ]
Likelihood:
2329.6992742019083


Hyperparameters:
[-1.71071690e+00 -9.09016219e-01 -1.42294498e-01  1.00000000e-03]
Likelihood gradient:
[-0.00104106  0.0013813  -0.05603916  0.        ]
Likelihood:
2329.6992742595594


Hyperparameters:
[-1.71071690e+00 -9.09016219e-01 -1.42294498e-01  1.00000000e-03]
Likelihood gradient:
[-0.00179214  0.00116553 -0.05596949  0.        ]
Likelihood:
2329.6992742067687


Hyperparameters:
[-1.71071690e+00 -9.09016219e-01 -1.42294498e-01  1.00000000e-03]
Likelihood gradient:
[ 0.00010367  0.00037893 -0.05616468  0.        ]
Likelihood:
2329.699274221064


Hyperparameters:
[-1.71071690e+00 -9.09016219e-01 -1.42294498e-01  1.00000000e-03]
Likelihood gradient:
[-0.00153954  0.00126577 -0.0559521   0.        ]
Likelihood:
2329.699274286445


Hyperparameters:
[-1.71071690e+00 -9.09016219e-01 -1.42294498e-01  1.00000000e-03]
Likelihood gradient:
[-0.00107955  0.00163311 -0.05593762  0.        ]
Likelihood:
2329.69927429145


Warning: stress not available
Precomputing KnK for hyps optimization
Done precomputing. Time: 0.010427236557006836
Hyperparameters:
[-1.71071686e+00 -9.09016980e-01 -1.42294496e-01  1.00000000e-03]
Likelihood gradient:
[ 6.10297716e+00  2.02354478e+00 -2.53673479e+03  0.00000000e+00]
Likelihood:
2330.9011262968324


Hyperparameters:
[-1.70828697e+00 -9.08211309e-01 -1.15229125e+00  1.00000000e-03]
Likelihood gradient:
[  52.30302039    6.17466661 4894.77793786    0.        ]
Likelihood:
-6538.762984662177


Hyperparameters:
[-1.71059544e+00 -9.08976724e-01 -1.92759909e-01  1.00000000e-03]
Likelihood gradient:
[2.11758699e+01 2.37292876e+00 1.22048543e+04 0.00000000e+00]
Likelihood:
1987.34517766912


Hyperparameters:
[-1.71070473e+00 -9.09012959e-01 -1.47334336e-01  1.00000000e-03]
Likelihood gradient:
[  7.80766885   2.05630442 269.80255176   0.        ]
Likelihood:
2336.410416320674


Hyperparameters:
[-0.35558357 -0.54502146 -0.1480758   0.001     ]
Likelihood gradient:
[-4740.43205296   -23.75970352 -6192.46563945     0.        ]
Likelihood:
1345.516978647427


Hyperparameters:
[-1.35619674e+00 -8.13790555e-01 -1.47528307e-01  1.00000000e-03]
Likelihood gradient:
[-74.13173512  -1.3276895  180.98858856   0.        ]
Likelihood:
2327.078947204378


Hyperparameters:
[-1.65966026e+00 -8.95302190e-01 -1.47362265e-01  1.00000000e-03]
Likelihood gradient:
[1.87368704e-01 1.66781817e+00 2.65827902e+02 0.00000000e+00]
Likelihood:
2336.653638431826


Hyperparameters:
[-1.67356844e+00 -6.12924913e-01 -1.47275891e-01  1.00000000e-03]
Likelihood gradient:
[  2.54749519 -21.34038217 222.12057653   0.        ]
Likelihood:
2334.7792542126626


Hyperparameters:
[-1.66187567e+00 -8.50322843e-01 -1.47348507e-01  1.00000000e-03]
Likelihood gradient:
[5.53217277e-01 7.81940230e-02 2.59286008e+02 0.00000000e+00]
Likelihood:
2336.6964876089405


Hyperparameters:
[-1.66008183e+00 -8.48761039e-01 -1.47018983e-01  1.00000000e-03]
Likelihood gradient:
[1.48773652e-01 8.12641343e-03 8.95404868e+01 0.00000000e+00]
Likelihood:
2336.755329354186


Hyperparameters:
[-1.65957159e+00 -8.48762629e-01 -1.46844728e-01  1.00000000e-03]
Likelihood gradient:
[-0.00339415  0.01337706 -0.81920121  0.        ]
Likelihood:
2336.763280035457


Hyperparameters:
[-1.65958761e+00 -8.48385627e-01 -1.46846279e-01  1.00000000e-03]
Likelihood gradient:
[ 0.00347109 -0.00711152 -0.01226665  0.        ]
Likelihood:
2336.7632764697737


Hyperparameters:
[-1.65957445e+00 -8.48695296e-01 -1.46845005e-01  1.00000000e-03]
Likelihood gradient:
[ 0.00174698  0.0047004  -0.67561023  0.        ]
Likelihood:
2336.7632799479215


Hyperparameters:
[-1.65957227e+00 -8.48746604e-01 -1.46844794e-01  1.00000000e-03]
Likelihood gradient:
[-0.00157877  0.01043697 -0.7850995   0.        ]
Likelihood:
2336.7632799643143


Hyperparameters:
[-1.65957170e+00 -8.48759977e-01 -1.46844739e-01  1.00000000e-03]
Likelihood gradient:
[-0.0019015   0.01006706 -0.81370965  0.        ]
Likelihood:
2336.763280040639


Hyperparameters:
[-1.65957155e+00 -8.48759863e-01 -1.46844751e-01  1.00000000e-03]
Likelihood gradient:
[-0.00197607  0.0095403  -0.80777884  0.        ]
Likelihood:
2336.7632800309093


Hyperparameters:
[-1.65957169e+00 -8.48759966e-01 -1.46844740e-01  1.00000000e-03]
Likelihood gradient:
[-0.00219311  0.00915201 -0.81329838  0.        ]
Likelihood:
2336.7632800983556


Hyperparameters:
[-1.65957169e+00 -8.48759966e-01 -1.46844740e-01  1.00000000e-03]
Likelihood gradient:
[-4.67110822e-04  1.02201912e-02 -8.13099939e-01  0.00000000e+00]
Likelihood:
2336.7632800197116


Hyperparameters:
[-1.65957169e+00 -8.48759966e-01 -1.46844740e-01  1.00000000e-03]
Likelihood gradient:
[-0.00155031  0.0106509  -0.81308503  0.        ]
Likelihood:
2336.763280033929


Hyperparameters:
[-1.65957169e+00 -8.48759966e-01 -1.46844740e-01  1.00000000e-03]
Likelihood gradient:
[-0.00632896  0.01424283 -0.81272523  0.        ]
Likelihood:
2336.7632799988914


Hyperparameters:
[-1.65957155e+00 -8.48759863e-01 -1.46844751e-01  1.00000000e-03]
Likelihood gradient:
[ 7.91392559e-04  8.17041448e-03 -8.08055726e-01  0.00000000e+00]
Likelihood:
2336.7632800915253


Hyperparameters:
[-1.65957139e+00 -8.48759748e-01 -1.46844763e-01  1.00000000e-03]
Likelihood gradient:
[-0.00259387  0.01206148 -0.80142462  0.        ]
Likelihood:
2336.7632801741474


Hyperparameters:
[-1.65957108e+00 -8.48759520e-01 -1.46844786e-01  1.00000000e-03]
Likelihood gradient:
[-0.00322473  0.0114937  -0.78937594  0.        ]
Likelihood:
2336.7632802721873


Hyperparameters:
[-1.65957046e+00 -8.48759062e-01 -1.46844834e-01  1.00000000e-03]
Likelihood gradient:
[-0.00408173  0.01242026 -0.76484483  0.        ]
Likelihood:
2336.7632805381745


Hyperparameters:
[-1.65956922e+00 -8.48758148e-01 -1.46844928e-01  1.00000000e-03]
Likelihood gradient:
[-0.00138455  0.01119105 -0.71655467  0.        ]
Likelihood:
2336.7632810963223


Hyperparameters:
[-1.65956673e+00 -8.48756318e-01 -1.46845117e-01  1.00000000e-03]
Likelihood gradient:
[-2.10129804e-04  9.59505019e-03 -6.19415698e-01  0.00000000e+00]
Likelihood:
2336.7632820921244


Hyperparameters:
[-1.65947292e+00 -8.48699401e-01 -1.46847176e-01  1.00000000e-03]
Likelihood gradient:
[-0.01443818  0.00547829  0.41253392  0.        ]
Likelihood:
2336.7633143176154


Hyperparameters:
[-1.65952097e+00 -8.48728555e-01 -1.46846121e-01  1.00000000e-03]
Likelihood gradient:
[-0.00740857  0.00846545 -0.11598622  0.        ]
Likelihood:
2336.7632983525145


Hyperparameters:
[-1.65953240e+00 -8.48725536e-01 -1.46846303e-01  1.00000000e-03]
Likelihood gradient:
[-0.00818395  0.01120984 -0.01714533  0.        ]
Likelihood:
2336.7632944081906


Hyperparameters:
[-1.65952103e+00 -8.48728539e-01 -1.46846122e-01  1.00000000e-03]
Likelihood gradient:
[-0.00916718  0.00985835 -0.11528286  0.        ]
Likelihood:
2336.763298190306


Hyperparameters:
[-1.65952097e+00 -8.48728555e-01 -1.46846121e-01  1.00000000e-03]
Likelihood gradient:
[-0.00729513  0.00813952 -0.11603215  0.        ]
Likelihood:
2336.763298254513


Hyperparameters:
[-1.65952097e+00 -8.48728555e-01 -1.46846121e-01  1.00000000e-03]
Likelihood gradient:
[-0.00710849  0.00858106 -0.11610938  0.        ]
Likelihood:
2336.763298321448


Hyperparameters:
[-1.65953240e+00 -8.48725536e-01 -1.46846303e-01  1.00000000e-03]
Likelihood gradient:
[-0.00384535  0.00589561 -0.01766093  0.        ]
Likelihood:
2336.763294352748


Hyperparameters:
[-1.65952669e+00 -8.48727046e-01 -1.46846212e-01  1.00000000e-03]
Likelihood gradient:
[-0.00669215  0.00922316 -0.06662743  0.        ]
Likelihood:
2336.763296299516


Hyperparameters:
[-1.65952383e+00 -8.48727801e-01 -1.46846167e-01  1.00000000e-03]
Likelihood gradient:
[-0.00857545  0.00792583 -0.09129298  0.        ]
Likelihood:
2336.763297338741


Hyperparameters:
[-1.65952240e+00 -8.48728178e-01 -1.46846144e-01  1.00000000e-03]
Likelihood gradient:
[-0.00715311  0.00824374 -0.10369573  0.        ]
Likelihood:
2336.763297802132


Hyperparameters:
[-1.65952168e+00 -8.48728367e-01 -1.46846133e-01  1.00000000e-03]
Likelihood gradient:
[-0.00782951  0.00751865 -0.10997085  0.        ]
Likelihood:
2336.7632980315448


Hyperparameters:
[-1.65952133e+00 -8.48728461e-01 -1.46846127e-01  1.00000000e-03]
Likelihood gradient:
[-0.01219595  0.01315657 -0.11233132  0.        ]
Likelihood:
2336.7632981222596


Hyperparameters:
[-1.65952115e+00 -8.48728508e-01 -1.46846124e-01  1.00000000e-03]
Likelihood gradient:
[-0.0087231   0.00838121 -0.11444759  0.        ]
Likelihood:
2336.763298190721


Hyperparameters:
[-1.65952106e+00 -8.48728532e-01 -1.46846123e-01  1.00000000e-03]
Likelihood gradient:
[-0.01254015  0.01394545 -0.11444963  0.        ]
Likelihood:
2336.763298228121


Hyperparameters:
[-1.65952101e+00 -8.48728544e-01 -1.46846122e-01  1.00000000e-03]
Likelihood gradient:
[-0.00869886  0.00880024 -0.11548162  0.        ]
Likelihood:
2336.7632981052575


Hyperparameters:
[-1.65952099e+00 -8.48728549e-01 -1.46846122e-01  1.00000000e-03]
Likelihood gradient:
[-0.01084116  0.01140887 -0.11538967  0.        ]
Likelihood:
2336.7632982515297


Hyperparameters:
[-1.65952098e+00 -8.48728552e-01 -1.46846122e-01  1.00000000e-03]
Likelihood gradient:
[-0.00965163  0.00928824 -0.11570559  0.        ]
Likelihood:
2336.763298214015


Hyperparameters:
[-1.65952098e+00 -8.48728554e-01 -1.46846122e-01  1.00000000e-03]
Likelihood gradient:
[-0.01188591  0.00938842 -0.11564807  0.        ]
Likelihood:
2336.763298279355


Warning: stress not available
Precomputing KnK for hyps optimization
Done precomputing. Time: 0.013138532638549805
Hyperparameters:
[-1.65952097e+00 -8.48728555e-01 -1.46846121e-01  1.00000000e-03]
Likelihood gradient:
[-9.24740876e+00  1.11051961e+00  2.34728247e+03  0.00000000e+00]
Likelihood:
2657.1112035878505


Hyperparameters:
[-1.66349996e+00 -8.48250719e-01  8.63145928e-01  1.00000000e-03]
Likelihood gradient:
[ 5.78776643e+01  5.84746252e+00 -6.83186326e+03  0.00000000e+00]
Likelihood:
-5218.215898347495


Hyperparameters:
[-1.65975112e+00 -8.48700916e-01 -8.84263603e-02  1.00000000e-03]
Likelihood gradient:
[-3.88212142e+01  6.12116660e-01 -1.07392158e+05  0.00000000e+00]
Likelihood:
751.279368646834


Hyperparameters:
[-1.65954628e+00 -8.48725516e-01 -1.40422026e-01  1.00000000e-03]
Likelihood gradient:
[-1.21839471e+01  1.05602314e+00 -1.27636232e+03  0.00000000e+00]
Likelihood:
2660.986759839434


Hyperparameters:
[-2.33956811e+00 -7.83147187e-01 -1.40009934e-01  1.00000000e-03]
Likelihood gradient:
[   49.25400058    -2.47151223 -1374.9986493      0.        ]
Likelihood:
2642.1315560303956


Hyperparameters:
[-1.73315239e+00 -8.41627264e-01 -1.40377421e-01  1.00000000e-03]
Likelihood gradient:
[ 3.14160159e-01  7.20872361e-01 -1.27312163e+03  0.00000000e+00]
Likelihood:
2661.3351038529036


Hyperparameters:
[-1.72765738e+00 -6.85052799e-01 -1.40840109e-01  1.00000000e-03]
Likelihood gradient:
[-2.58582471e-01 -1.01451280e+01 -9.88022040e+02  0.00000000e+00]
Likelihood:
2661.256917189119


Hyperparameters:
[-1.73055727e+00 -7.67682211e-01 -1.40595933e-01  1.00000000e-03]
Likelihood gradient:
[ 3.95257506e-02 -3.14121976e+00 -1.13764984e+03  0.00000000e+00]
Likelihood:
2661.5209913956096


Hyperparameters:
[-1.72995819e+00 -7.78165067e-01 -1.40897028e-01  1.00000000e-03]
Likelihood gradient:
[ 5.78909236e-02 -2.47764513e+00 -9.50256579e+02  0.00000000e+00]
Likelihood:
2661.864884703733


Hyperparameters:
[-1.72814819e+00 -7.94638337e-01 -1.41584994e-01  1.00000000e-03]
Likelihood gradient:
[ 3.87718341e-02 -1.51801615e+00 -5.29761792e+02  0.00000000e+00]
Likelihood:
2662.4067787654676


Hyperparameters:
[-1.72581494e+00 -8.21175812e-01 -1.42450700e-01  1.00000000e-03]
Likelihood gradient:
[-3.99781352e-03 -1.54188239e-01 -1.48810135e+01  0.00000000e+00]
Likelihood:
2662.663809075768


Hyperparameters:
[-1.72578969e+00 -8.24122104e-01 -1.42475843e-01  1.00000000e-03]
Likelihood gradient:
[-0.00415812 -0.01251167 -0.12090803  0.        ]
Likelihood:
2662.664257201557


Hyperparameters:
[-1.72581617e+00 -8.24376896e-01 -1.42476094e-01  1.00000000e-03]
Likelihood gradient:
[ 0.00466907 -0.00705193  0.03843751  0.        ]
Likelihood:
2662.6642517763994


Hyperparameters:
[-1.72579162e+00 -8.24140647e-01 -1.42475861e-01  1.00000000e-03]
Likelihood gradient:
[ 0.00652679 -0.02451753 -0.11088194  0.        ]
Likelihood:
2662.66425693326


Hyperparameters:
[-1.72578984e+00 -8.24123513e-01 -1.42475844e-01  1.00000000e-03]
Likelihood gradient:
[-0.00191045 -0.01293499 -0.12025556  0.        ]
Likelihood:
2662.6642571999782


Hyperparameters:
[-1.72578972e+00 -8.24122369e-01 -1.42475843e-01  1.00000000e-03]
Likelihood gradient:
[ 0.00378859 -0.0197464  -0.12171699  0.        ]
Likelihood:
2662.6642572160417


Hyperparameters:
[-1.72578973e+00 -8.24122502e-01 -1.42475843e-01  1.00000000e-03]
Likelihood gradient:
[ 0.00253251 -0.01779973 -0.12156518  0.        ]
Likelihood:
2662.664257224218


Hyperparameters:
[-1.72578978e+00 -8.24123008e-01 -1.42475844e-01  1.00000000e-03]
Likelihood gradient:
[ 0.00022845 -0.01670278 -0.12074792  0.        ]
Likelihood:
2662.6642572285


Hyperparameters:
[-1.72578982e+00 -8.24123341e-01 -1.42475844e-01  1.00000000e-03]
Likelihood gradient:
[ 0.00463786 -0.01984605 -0.12110693  0.        ]
Likelihood:
2662.664257285571


Hyperparameters:
[-1.72578982e+00 -8.24123342e-01 -1.42475844e-01  1.00000000e-03]
Likelihood gradient:
[ 0.00515707 -0.02148313 -0.12115968  0.        ]
Likelihood:
2662.664257297418


Hyperparameters:
[-1.72578982e+00 -8.24123343e-01 -1.42475844e-01  1.00000000e-03]
Likelihood gradient:
[ 0.00273307 -0.02063314 -0.12132539  0.        ]
Likelihood:
2662.6642572933324


Hyperparameters:
[-1.72578982e+00 -8.24123342e-01 -1.42475844e-01  1.00000000e-03]
Likelihood gradient:
[ 0.00503292 -0.02140937 -0.12129383  0.        ]
Likelihood:
2662.664257306633


Hyperparameters:
[-1.72578982e+00 -8.24123343e-01 -1.42475844e-01  1.00000000e-03]
Likelihood gradient:
[ 0.00266601 -0.01844265 -0.12095896  0.        ]
Likelihood:
2662.6642573668723


Hyperparameters:
[-1.72578982e+00 -8.24123343e-01 -1.42475844e-01  1.00000000e-03]
Likelihood gradient:
[ 0.00293983 -0.01984687 -0.12094594  0.        ]
Likelihood:
2662.6642573329063


Hyperparameters:
[-1.72578982e+00 -8.24123343e-01 -1.42475844e-01  1.00000000e-03]
Likelihood gradient:
[-0.00288082 -0.01354191 -0.12036108  0.        ]
Likelihood:
2662.6642573045665


Hyperparameters:
[-1.72581617e+00 -8.24376896e-01 -1.42476094e-01  1.00000000e-03]
Likelihood gradient:
[ 0.01244026 -0.01320166  0.03743229  0.        ]
Likelihood:
2662.6642518246554


Hyperparameters:
[-1.72579475e+00 -8.24170812e-01 -1.42475891e-01  1.00000000e-03]
Likelihood gradient:
[ 0.00015787 -0.01296778 -0.09071085  0.        ]
Likelihood:
2662.6642564978065


Hyperparameters:
[-1.72579076e+00 -8.24132400e-01 -1.42475853e-01  1.00000000e-03]
Likelihood gradient:
[ 0.00116732 -0.01682907 -0.11518017  0.        ]
Likelihood:
2662.66425716264


Hyperparameters:
[-1.72579007e+00 -8.24125797e-01 -1.42475846e-01  1.00000000e-03]
Likelihood gradient:
[-0.00418192 -0.01263502 -0.11857893  0.        ]
Likelihood:
2662.66425724896


Hyperparameters:
[-1.72579032e+00 -8.24128173e-01 -1.42475849e-01  1.00000000e-03]
Likelihood gradient:
[ 0.00243858 -0.01647392 -0.11764998  0.        ]
Likelihood:
2662.664257311273


Hyperparameters:
[-1.72579042e+00 -8.24129107e-01 -1.42475850e-01  1.00000000e-03]
Likelihood gradient:
[ 0.00182357 -0.01824836 -0.11726631  0.        ]
Likelihood:
2662.664257236862


Hyperparameters:
[-1.72579037e+00 -8.24128640e-01 -1.42475849e-01  1.00000000e-03]
Likelihood gradient:
[ 0.00031571 -0.01744236 -0.1175297   0.        ]
Likelihood:
2662.664257208122


Hyperparameters:
[-1.72579034e+00 -8.24128407e-01 -1.42475849e-01  1.00000000e-03]
Likelihood gradient:
[-0.001402   -0.01487382 -0.11709876  0.        ]
Likelihood:
2662.6642571786088


Hyperparameters:
[-1.72579033e+00 -8.24128290e-01 -1.42475849e-01  1.00000000e-03]
Likelihood gradient:
[ 0.00454093 -0.01893798 -0.11784562  0.        ]
Likelihood:
2662.664257185208


Hyperparameters:
[-1.72579033e+00 -8.24128232e-01 -1.42475849e-01  1.00000000e-03]
Likelihood gradient:
[-0.00083011 -0.01278296 -0.11722709  0.        ]
Likelihood:
2662.6642572176115


Hyperparameters:
[-1.72579032e+00 -8.24128202e-01 -1.42475849e-01  1.00000000e-03]
Likelihood gradient:
[ 0.00039699 -0.01527739 -0.11737219  0.        ]
Likelihood:
2662.6642571942793


Hyperparameters:
[-1.72579032e+00 -8.24128188e-01 -1.42475849e-01  1.00000000e-03]
Likelihood gradient:
[ 0.00543343 -0.02033088 -0.11806772  0.        ]
Likelihood:
2662.664257121998


Warning: stress not available
Precomputing KnK for hyps optimization
Done precomputing. Time: 0.01137995719909668
Hyperparameters:
[-1.72578969e+00 -8.24122104e-01 -1.42475843e-01  1.00000000e-03]
Likelihood gradient:
[ -2.59560366  -0.88408361 625.81585285   0.        ]
Likelihood:
2877.244206214551


Hyperparameters:
[-1.72997868e+00 -8.25548907e-01  8.67514462e-01  1.00000000e-03]
Likelihood gradient:
[ 6.10254200e+01  5.41100780e+00 -7.20672372e+03  0.00000000e+00]
Likelihood:
-5554.162070580961


Hyperparameters:
[-1.72585928e+00 -8.24145806e-01 -1.25697911e-01  1.00000000e-03]
Likelihood gradient:
[-9.96080761e+00 -1.05187246e+00 -1.33717597e+04  0.00000000e+00]
Likelihood:
2782.1606683528207


Hyperparameters:
[-1.72579359e+00 -8.24123433e-01 -1.41535131e-01  1.00000000e-03]
Likelihood gradient:
[-2.99658688 -0.89160597 44.26366453  0.        ]
Likelihood:
2877.560906170882


Hyperparameters:
[-1.92017625e+00 -8.81413816e-01 -1.41395763e-01  1.00000000e-03]
Likelihood gradient:
[22.39983806  1.57084067 24.09552567  0.        ]
Likelihood:
2875.410705727969


Hyperparameters:
[-1.74513454e+00 -8.29823789e-01 -1.41521264e-01  1.00000000e-03]
Likelihood gradient:
[ 0.10336357 -0.61006837 43.64991748  0.        ]
Likelihood:
2877.58754476379


Hyperparameters:
[-1.73737083e+00 -9.16300952e-01 -1.41515525e-01  1.00000000e-03]
Likelihood gradient:
[-1.16398634  2.81338136 37.55043212  0.        ]
Likelihood:
2877.478771715403


Hyperparameters:
[-1.74395739e+00 -8.42935584e-01 -1.41520394e-01  1.00000000e-03]
Likelihood gradient:
[-8.52612056e-02  2.08763873e-02  4.27484028e+01  0.00000000e+00]
Likelihood:
2877.591770726558


Hyperparameters:
[-1.74467066e+00 -8.42514588e-01 -1.41450213e-01  1.00000000e-03]
Likelihood gradient:
[-6.26469204e-04  1.81802326e-03 -1.15049156e+00  0.00000000e+00]
Likelihood:
2877.593050860136


Hyperparameters:
[-1.74466976e+00 -8.42477388e-01 -1.41452039e-01  1.00000000e-03]
Likelihood gradient:
[ 0.00054943 -0.00181631 -0.00028906  0.        ]
Likelihood:
2877.5930521868722


Hyperparameters:
[-1.74466638e+00 -8.42512929e-01 -1.41452097e-01  1.00000000e-03]
Likelihood gradient:
[-0.00213945  0.00319353  0.03581392  0.        ]
Likelihood:
2877.5930532239145


Hyperparameters:
[-1.74466857e+00 -8.42489864e-01 -1.41452059e-01  1.00000000e-03]
Likelihood gradient:
[ 0.00421933 -0.00354592  0.01185002  0.        ]
Likelihood:
2877.5930525743406


Hyperparameters:
[-1.74466642e+00 -8.42512464e-01 -1.41452096e-01  1.00000000e-03]
Likelihood gradient:
[-0.00627097  0.00537286  0.03566912  0.        ]
Likelihood:
2877.5930531489685


Hyperparameters:
[-1.74466638e+00 -8.42512927e-01 -1.41452097e-01  1.00000000e-03]
Likelihood gradient:
[-0.00189792  0.00079162  0.03541073  0.        ]
Likelihood:
2877.5930531542763


Hyperparameters:
[-1.74467376e+00 -8.42506572e-01 -1.41452042e-01  1.00000000e-03]
Likelihood gradient:
[-0.00159207  0.00389552  0.00400055  0.        ]
Likelihood:
2877.5930509563204


Hyperparameters:
[-1.74466639e+00 -8.42512917e-01 -1.41452097e-01  1.00000000e-03]
Likelihood gradient:
[-0.00119042  0.00073008  0.03551689  0.        ]
Likelihood:
2877.5930531720733


Hyperparameters:
[-1.74466497e+00 -8.42496004e-01 -1.41452000e-01  1.00000000e-03]
Likelihood gradient:
[-0.00100467  0.00150724 -0.02607293  0.        ]
Likelihood:
2877.593053687424


Hyperparameters:
[-1.74465928e+00 -8.42428352e-01 -1.41451614e-01  1.00000000e-03]
Likelihood gradient:
[-0.00304703 -0.00274991 -0.27260778  0.        ]
Likelihood:
2877.5930552019345


Hyperparameters:
[-1.74466372e+00 -8.42481240e-01 -1.41451916e-01  1.00000000e-03]
Likelihood gradient:
[-0.00138777 -0.00096651 -0.08014031  0.        ]
Likelihood:
2877.5930539484016


Hyperparameters:
[-1.74465940e+00 -8.42429871e-01 -1.41451622e-01  1.00000000e-03]
Likelihood gradient:
[-0.0040552  -0.00175675 -0.26691197  0.        ]
Likelihood:
2877.593055225023


Hyperparameters:
[-1.74466156e+00 -8.42455555e-01 -1.41451769e-01  1.00000000e-03]
Likelihood gradient:
[-0.00427166  0.00065019 -0.17328142  0.        ]
Likelihood:
2877.5930546157924


Hyperparameters:
[-1.74466189e+00 -8.42459383e-01 -1.41451955e-01  1.00000000e-03]
Likelihood gradient:
[ 0.00154467 -0.00369172 -0.0566298   0.        ]
Likelihood:
2877.5930545237825


Hyperparameters:
[-1.74466158e+00 -8.42455727e-01 -1.41451777e-01  1.00000000e-03]
Likelihood gradient:
[-0.00453901  0.00054245 -0.16788525  0.        ]
Likelihood:
2877.5930546447144


Hyperparameters:
[-1.74466158e+00 -8.42455729e-01 -1.41451778e-01  1.00000000e-03]
Likelihood gradient:
[-0.00502501  0.00248827 -0.1676778   0.        ]
Likelihood:
2877.593054564064


Hyperparameters:
[-1.74466158e+00 -8.42455727e-01 -1.41451777e-01  1.00000000e-03]
Likelihood gradient:
[-0.00156312 -0.00219862 -0.16847871  0.        ]
Likelihood:
2877.5930546412746


Hyperparameters:
[-1.74466158e+00 -8.42455727e-01 -1.41451777e-01  1.00000000e-03]
Likelihood gradient:
[-0.00048475 -0.00285772 -0.1685054   0.        ]
Likelihood:
2877.593054636376


Hyperparameters:
[-1.74466189e+00 -8.42459383e-01 -1.41451955e-01  1.00000000e-03]
Likelihood gradient:
[-0.00101537 -0.00135165 -0.05646832  0.        ]
Likelihood:
2877.593054554407


Hyperparameters:
[-1.74466162e+00 -8.42456199e-01 -1.41451800e-01  1.00000000e-03]
Likelihood gradient:
[-0.00021277 -0.00347141 -0.15392594  0.        ]
Likelihood:
2877.5930546883174


Hyperparameters:
[-1.74466165e+00 -8.42456528e-01 -1.41451816e-01  1.00000000e-03]
Likelihood gradient:
[ 0.00371796 -0.0064615  -0.14447319  0.        ]
Likelihood:
2877.59305461198


Hyperparameters:
[-1.74466163e+00 -8.42456363e-01 -1.41451808e-01  1.00000000e-03]
Likelihood gradient:
[ 0.00132447 -0.00477145 -0.14920232  0.        ]
Likelihood:
2877.5930545696356


Hyperparameters:
[-1.74466163e+00 -8.42456281e-01 -1.41451804e-01  1.00000000e-03]
Likelihood gradient:
[-0.00519416  0.00213377 -0.15065874  0.        ]
Likelihood:
2877.5930546460822


Hyperparameters:
[-1.74466162e+00 -8.42456240e-01 -1.41451802e-01  1.00000000e-03]
Likelihood gradient:
[-0.00232683 -0.00097114 -0.15258615  0.        ]
Likelihood:
2877.593054653018


Hyperparameters:
[-1.74466162e+00 -8.42456219e-01 -1.41451801e-01  1.00000000e-03]
Likelihood gradient:
[-0.00255108 -0.00114698 -0.15326292  0.        ]
Likelihood:
2877.593054566736


Hyperparameters:
[-1.74466162e+00 -8.42456209e-01 -1.41451801e-01  1.00000000e-03]
Likelihood gradient:
[-0.00245459  0.00209695 -0.15316542  0.        ]
Likelihood:
2877.593054604822


Hyperparameters:
[-1.74466162e+00 -8.42456204e-01 -1.41451801e-01  1.00000000e-03]
Likelihood gradient:
[ 0.0019939  -0.00339186 -0.15393698  0.        ]
Likelihood:
2877.593054537403


Hyperparameters:
[-1.74466162e+00 -8.42456201e-01 -1.41451800e-01  1.00000000e-03]
Likelihood gradient:
[-0.00441975  0.00091591 -0.15351382  0.        ]
Likelihood:
2877.5930546117797


Hyperparameters:
[-1.74466162e+00 -8.42456200e-01 -1.41451800e-01  1.00000000e-03]
Likelihood gradient:
[-0.00059092 -0.00180807 -0.15420556  0.        ]
Likelihood:
2877.5930545774536


Hyperparameters:
[-1.74466162e+00 -8.42456199e-01 -1.41451800e-01  1.00000000e-03]
Likelihood gradient:
[-0.00133679 -0.00076738 -0.15375353  0.        ]
Likelihood:
2877.593054597044


Warning: stress not available
Precomputing KnK for hyps optimization
Done precomputing. Time: 0.01366734504699707
Hyperparameters:
[-1.74466156e+00 -8.42455555e-01 -1.41451769e-01  1.00000000e-03]
Likelihood gradient:
[-8.89921317e+00 -2.73184262e+00  5.52207791e+03  0.00000000e+00]
Likelihood:
3431.0806880214677


Hyperparameters:
[-1.74628925e+00 -8.42955215e-01  8.68546796e-01  1.00000000e-03]
Likelihood gradient:
[ 6.37153348e+01  5.11826257e+00 -7.62256613e+03  0.00000000e+00]
Likelihood:
-5858.873340939515


Hyperparameters:
[-1.74481837e+00 -8.42503690e-01 -4.41530496e-02  1.00000000e-03]
Likelihood gradient:
[-5.01418107e+01 -3.64141507e+00 -1.21784083e+06  0.00000000e+00]
Likelihood:
-16073.24176444481


Hyperparameters:
[-1.74470197e+00 -8.42467959e-01 -1.16380201e-01  1.00000000e-03]
Likelihood gradient:
[-1.99238932e+01 -3.02569832e+00 -1.74118724e+04  0.00000000e+00]
Likelihood:
3327.3866201136516


Hyperparameters:
[-1.74467437e+00 -8.42459488e-01 -1.33503178e-01  1.00000000e-03]
Likelihood gradient:
[-12.32724733  -2.82806074 448.5120177    0.        ]
Likelihood:
3455.801614525959


Hyperparameters:
[-5.50145798e+00 -1.68617489e+00 -1.30739835e-01  1.00000000e-03]
Likelihood gradient:
[   49.36655329     7.54145404 -1500.22194089     0.        ]
Likelihood:
3256.223544191873


Hyperparameters:
[-1.93887227e+00 -8.86073327e-01 -1.33360333e-01  1.00000000e-03]
Likelihood gradient:
[ 16.42363653  -0.60694149 411.19079822   0.        ]
Likelihood:
3455.27275988982


Hyperparameters:
[-1.81984171e+00 -8.59340908e-01 -1.33447888e-01  1.00000000e-03]
Likelihood gradient:
[ 4.07567501e-01 -1.90860303e+00  4.37868071e+02  0.00000000e+00]
Likelihood:
3456.2780954837


Hyperparameters:
[-1.78680994e+00 -1.32169341e+00 -1.33295829e-01  1.00000000e-03]
Likelihood gradient:
[ -5.10232004   7.26239634 314.86068221   0.        ]
Likelihood:
3454.2213429050025


Hyperparameters:
[-1.81618887e+00 -9.10470445e-01 -1.33431072e-01  1.00000000e-03]
Likelihood gradient:
[-1.89977772e-01  5.11806721e-01  4.24587958e+02  0.00000000e+00]
Likelihood:
3456.3195276280967


Hyperparameters:
[-1.81689046e+00 -9.07398537e-01 -1.33237973e-01  1.00000000e-03]
Likelihood gradient:
[-1.47503894e-01  3.79596036e-01  2.81493117e+02  0.00000000e+00]
Likelihood:
3456.3890169397164


Hyperparameters:
[-1.81865831e+00 -8.98814650e-01 -1.32857697e-01  1.00000000e-03]
Likelihood gradient:
[-0.00903338  0.01136108 -3.25130639  0.        ]
Likelihood:
3456.443417553961


Hyperparameters:
[-1.81870225e+00 -8.98580773e-01 -1.32861964e-01  1.00000000e-03]
Likelihood gradient:
[-0.00548575  0.00512253 -0.01175998  0.        ]
Likelihood:
3456.443414515519


Hyperparameters:
[-1.81866870e+00 -8.98759302e-01 -1.32858707e-01  1.00000000e-03]
Likelihood gradient:
[-0.00828057  0.01010685 -2.48441893  0.        ]
Likelihood:
3456.443418305731


Hyperparameters:
[-1.81867770e+00 -8.98719043e-01 -1.32859124e-01  1.00000000e-03]
Likelihood gradient:
[-0.00953046  0.01005217 -2.1656892   0.        ]
Likelihood:
3456.4434172369


Hyperparameters:
[-1.81866971e+00 -8.98754801e-01 -1.32858754e-01  1.00000000e-03]
Likelihood gradient:
[-0.00558231  0.00730771 -2.44958659  0.        ]
Likelihood:
3456.4434182342757


Hyperparameters:
[-1.81866884e+00 -8.98758675e-01 -1.32858713e-01  1.00000000e-03]
Likelihood gradient:
[-0.00698339  0.00683291 -2.48002113  0.        ]
Likelihood:
3456.4434183263893


Hyperparameters:
[-1.81866942e+00 -8.98756118e-01 -1.32858740e-01  1.00000000e-03]
Likelihood gradient:
[-0.00669636  0.00878702 -2.45946891  0.        ]
Likelihood:
3456.4434182872155


Hyperparameters:
[-1.81866892e+00 -8.98758340e-01 -1.32858717e-01  1.00000000e-03]
Likelihood gradient:
[-0.0126329   0.01368216 -2.47605084  0.        ]
Likelihood:
3456.443418394807


Hyperparameters:
[-1.81866896e+00 -8.98758147e-01 -1.32858719e-01  1.00000000e-03]
Likelihood gradient:
[-0.00705972  0.00765296 -2.47594171  0.        ]
Likelihood:
3456.443418371913


Hyperparameters:
[-1.81866892e+00 -8.98758331e-01 -1.32858717e-01  1.00000000e-03]
Likelihood gradient:
[-0.00807685  0.00883258 -2.47711522  0.        ]
Likelihood:
3456.4434182507357


Hyperparameters:
[-1.81866892e+00 -8.98758340e-01 -1.32858717e-01  1.00000000e-03]
Likelihood gradient:
[-0.00516651  0.00663105 -2.47769305  0.        ]
Likelihood:
3456.4434183284466


Hyperparameters:
[-1.81866888e+00 -8.98758313e-01 -1.32858735e-01  1.00000000e-03]
Likelihood gradient:
[-0.00774238  0.00904272 -2.46296946  0.        ]
Likelihood:
3456.4434184157744


Hyperparameters:
[-1.81866870e+00 -8.98758203e-01 -1.32858810e-01  1.00000000e-03]
Likelihood gradient:
[-0.00883318  0.00931454 -2.40714845  0.        ]
Likelihood:
3456.4434187268507


Hyperparameters:
[-1.81866799e+00 -8.98757763e-01 -1.32859106e-01  1.00000000e-03]
Likelihood gradient:
[-0.0123393   0.01415152 -2.18220901  0.        ]
Likelihood:
3456.443419567344


Hyperparameters:
[-1.81867118e+00 -8.98753874e-01 -1.32860210e-01  1.00000000e-03]
Likelihood gradient:
[-0.00798049  0.00985225 -1.3480666   0.        ]
Likelihood:
3456.443420643218


Hyperparameters:
[-1.81866888e+00 -8.98741737e-01 -1.32861747e-01  1.00000000e-03]
Likelihood gradient:
[-0.00622396  0.00716148 -0.18817936  0.        ]
Likelihood:
3456.4434224976576


Hyperparameters:
[-1.81866821e+00 -8.98737218e-01 -1.32862049e-01  1.00000000e-03]
Likelihood gradient:
[-0.00469376  0.00645202  0.04017526  0.        ]
Likelihood:
3456.443422800876


Hyperparameters:
[-1.81866196e+00 -8.98728405e-01 -1.32862124e-01  1.00000000e-03]
Likelihood gradient:
[-0.0067402   0.00559825  0.09453118  0.        ]
Likelihood:
3456.443424473533


Hyperparameters:
[-1.81866362e+00 -8.98725137e-01 -1.32862138e-01  1.00000000e-03]
Likelihood gradient:
[-0.00938869  0.01133159  0.1063982   0.        ]
Likelihood:
3456.4434241387808


Hyperparameters:
[-1.81866198e+00 -8.98728363e-01 -1.32862124e-01  1.00000000e-03]
Likelihood gradient:
[-0.00673623  0.00611285  0.0945628   0.        ]
Likelihood:
3456.4434244536933


Hyperparameters:
[-1.81866196e+00 -8.98728405e-01 -1.32862124e-01  1.00000000e-03]
Likelihood gradient:
[-0.00940928  0.00895533  0.09506933  0.        ]
Likelihood:
3456.443424405592


Hyperparameters:
[-1.81866196e+00 -8.98728405e-01 -1.32862124e-01  1.00000000e-03]
Likelihood gradient:
[-0.00916243  0.00795755  0.09492829  0.        ]
Likelihood:
3456.4434245095144


Hyperparameters:
[-1.81866196e+00 -8.98728405e-01 -1.32862124e-01  1.00000000e-03]
Likelihood gradient:
[-0.00851212  0.0091236   0.09486035  0.        ]
Likelihood:
3456.443424415089


Hyperparameters:
[-1.81866196e+00 -8.98728405e-01 -1.32862124e-01  1.00000000e-03]
Likelihood gradient:
[-0.00916243  0.00795755  0.09492829  0.        ]
Likelihood:
3456.4434245095144


Hyperparameters:
[-1.81866196e+00 -8.98728405e-01 -1.32862124e-01  1.00000000e-03]
Likelihood gradient:
[-0.00806209  0.00795755  0.09492829  0.        ]
Likelihood:
3456.4434245095144


Hyperparameters:
[-1.81866196e+00 -8.98728405e-01 -1.32862124e-01  1.00000000e-03]
Likelihood gradient:
[-0.00824071  0.0091236   0.09486035  0.        ]
Likelihood:
3456.443424415089


Hyperparameters:
[-1.81866196e+00 -8.98728405e-01 -1.32862124e-01  1.00000000e-03]
Likelihood gradient:
[-0.00806209  0.00795755  0.09492829  0.        ]
Likelihood:
3456.4434245095144


Hyperparameters:
[-1.81866196e+00 -8.98728405e-01 -1.32862124e-01  1.00000000e-03]
Likelihood gradient:
[-0.00824071  0.0091236   0.09486035  0.        ]
Likelihood:
3456.443424415089


Hyperparameters:
[-1.81866196e+00 -8.98728405e-01 -1.32862124e-01  1.00000000e-03]
Likelihood gradient:
[-0.00806209  0.00795755  0.09492829  0.        ]
Likelihood:
3456.4434245095144


Hyperparameters:
[-1.81866196e+00 -8.98728405e-01 -1.32862124e-01  1.00000000e-03]
Likelihood gradient:
[-0.00824071  0.0091236   0.09486035  0.        ]
Likelihood:
3456.443424415089


Hyperparameters:
[-1.81866196e+00 -8.98728405e-01 -1.32862124e-01  1.00000000e-03]
Likelihood gradient:
[-0.00806209  0.00795755  0.09492829  0.        ]
Likelihood:
3456.4434245095144


Hyperparameters:
[-1.81866196e+00 -8.98728405e-01 -1.32862124e-01  1.00000000e-03]
Likelihood gradient:
[-0.00824071  0.0091236   0.09486035  0.        ]
Likelihood:
3456.443424415089


Hyperparameters:
[-1.81866196e+00 -8.98728405e-01 -1.32862124e-01  1.00000000e-03]
Likelihood gradient:
[-0.00806209  0.00795755  0.09492829  0.        ]
Likelihood:
3456.4434245095144


Hyperparameters:
[-1.81866196e+00 -8.98728405e-01 -1.32862124e-01  1.00000000e-03]
Likelihood gradient:
[-0.00824071  0.0091236   0.09486035  0.        ]
Likelihood:
3456.443424415089


Hyperparameters:
[-1.81866196e+00 -8.98728405e-01 -1.32862124e-01  1.00000000e-03]
Likelihood gradient:
[-0.00806209  0.00795755  0.09492829  0.        ]
Likelihood:
3456.4434245095144


Hyperparameters:
[-1.81866362e+00 -8.98725137e-01 -1.32862138e-01  1.00000000e-03]
Likelihood gradient:
[-0.00636726  0.00790584  0.10579301  0.        ]
Likelihood:
3456.443424179959


Hyperparameters:
[-1.81866279e+00 -8.98726771e-01 -1.32862131e-01  1.00000000e-03]
Likelihood gradient:
[-0.00734822  0.00756729  0.10009723  0.        ]
Likelihood:
3456.4434242331663


Hyperparameters:
[-1.81866238e+00 -8.98727588e-01 -1.32862128e-01  1.00000000e-03]
Likelihood gradient:
[-0.00694986  0.00747741  0.09729954  0.        ]
Likelihood:
3456.443424423627


Hyperparameters:
[-1.81866217e+00 -8.98727997e-01 -1.32862126e-01  1.00000000e-03]
Likelihood gradient:
[-0.01229314  0.01200341  0.09694311  0.        ]
Likelihood:
3456.443424430612


Hyperparameters:
[-1.81866207e+00 -8.98728201e-01 -1.32862125e-01  1.00000000e-03]
Likelihood gradient:
[-0.00625586  0.00819359  0.09557645  0.        ]
Likelihood:
3456.4434244220993


Hyperparameters:
[-1.81866201e+00 -8.98728303e-01 -1.32862125e-01  1.00000000e-03]
Likelihood gradient:
[-0.00733316  0.00665688  0.09507267  0.        ]
Likelihood:
3456.443424426454


Hyperparameters:
[-1.81866199e+00 -8.98728354e-01 -1.32862125e-01  1.00000000e-03]
Likelihood gradient:
[-0.00769171  0.00809498  0.09476034  0.        ]
Likelihood:
3456.4434244938257


Hyperparameters:
[-1.81866200e+00 -8.98728328e-01 -1.32862125e-01  1.00000000e-03]
Likelihood gradient:
[-0.00791219  0.00716558  0.09508471  0.        ]
Likelihood:
3456.443424377492


Hyperparameters:
[-1.81866200e+00 -8.98728341e-01 -1.32862125e-01  1.00000000e-03]
Likelihood gradient:
[-0.01188516  0.01210792  0.09553565  0.        ]
Likelihood:
3456.4434245233006


Hyperparameters:
[-1.81866200e+00 -8.98728335e-01 -1.32862125e-01  1.00000000e-03]
Likelihood gradient:
[-0.00363184  0.00390096  0.09390655  0.        ]
Likelihood:
3456.4434244227486


Hyperparameters:
[-1.81866200e+00 -8.98728338e-01 -1.32862125e-01  1.00000000e-03]
Likelihood gradient:
[-0.01079626  0.0103105   0.09547694  0.        ]
Likelihood:
3456.443424451365


Hyperparameters:
[-1.81866200e+00 -8.98728340e-01 -1.32862125e-01  1.00000000e-03]
Likelihood gradient:
[-0.00666265  0.00701346  0.09470025  0.        ]
Likelihood:
3456.443424477644


Warning: stress not available
Precomputing KnK for hyps optimization
Done precomputing. Time: 0.018166065216064453
Hyperparameters:
[-1.81866196e+00 -8.98728405e-01 -1.32862124e-01  1.00000000e-03]
Likelihood gradient:
[-1.41267589e+01  1.99502648e+00  4.90005720e+03  0.00000000e+00]
Likelihood:
3967.581171059235


Hyperparameters:
[-1.82157376e+00 -8.98317192e-01  8.77133595e-01  1.00000000e-03]
Likelihood gradient:
[ 6.31474115e+01  6.64245086e+00 -7.96426620e+03  0.00000000e+00]
Likelihood:
-6234.393052788801


Hyperparameters:
[-1.81889943e+00 -8.98694869e-01 -5.04936872e-02  1.00000000e-03]
Likelihood gradient:
[-4.01157156e+01  1.52095652e+00 -7.36490870e+05  0.00000000e+00]
Likelihood:
-8138.969943085758


Hyperparameters:
[-1.81871656e+00 -8.98720694e-01 -1.13923923e-01  1.00000000e-03]
Likelihood gradient:
[-2.06875809e+01  1.86253377e+00 -1.44588312e+04  0.00000000e+00]
Likelihood:
3900.0414043948913


Hyperparameters:
[-1.81867907e+00 -8.98725990e-01 -1.26929543e-01  1.00000000e-03]
Likelihood gradient:
[-16.18138619   1.95196227 319.77983769   0.        ]
Likelihood:
3983.590521713166


Hyperparameters:
[-3.77084727e+00 -6.65664486e-01 -1.26006491e-01  1.00000000e-03]
Likelihood gradient:
[  60.69086103  -18.68753433 -348.15248931    0.        ]
Likelihood:
3890.676278211182


Hyperparameters:
[-1.96952793e+00 -8.80716751e-01 -1.26858217e-01  1.00000000e-03]
Likelihood gradient:
[  7.97117279   1.14629486 301.55835327   0.        ]
Likelihood:
3984.115701237448


Hyperparameters:
[-1.92873215e+00 -2.77694500e-01 -1.26710878e-01  1.00000000e-03]
Likelihood gradient:
[   3.16018326 -498.15089369   61.57128712    0.        ]
Likelihood:
3930.4560520438627


Hyperparameters:
[-1.95953145e+00 -7.32954019e-01 -1.26822113e-01  1.00000000e-03]
Likelihood gradient:
[  6.66603525  -9.24502325 266.14960165   0.        ]
Likelihood:
3983.7137648118132


Hyperparameters:
[-1.96729838e+00 -8.47760708e-01 -1.26850164e-01  1.00000000e-03]
Likelihood gradient:
[  7.68403903  -0.46113146 293.77405452   0.        ]
Likelihood:
3984.1482049373917


Hyperparameters:
[-1.96075218e+00 -8.48877784e-01 -1.26799646e-01  1.00000000e-03]
Likelihood gradient:
[  6.7845448   -0.40127758 248.28999945   0.        ]
Likelihood:
3984.21113789399


Hyperparameters:
[-1.94521462e+00 -8.51184245e-01 -1.26715938e-01  1.00000000e-03]
Likelihood gradient:
[  4.60774885  -0.27561404 171.49204591   0.        ]
Likelihood:
3984.3214691058747


Hyperparameters:
[-1.91236133e+00 -8.56265804e-01 -1.26528035e-01  1.00000000e-03]
Likelihood gradient:
[-2.76692012e-01  1.59226221e-03 -1.77229394e+00  0.00000000e+00]
Likelihood:
3984.41777545327


Hyperparameters:
[-1.91425951e+00 -8.56271050e-01 -1.26528965e-01  1.00000000e-03]
Likelihood gradient:
[ 0.01763041 -0.00263003 -0.4333913   0.        ]
Likelihood:
3984.4175820162072


Hyperparameters:
[-1.91273405e+00 -8.56266834e-01 -1.26528217e-01  1.00000000e-03]
Likelihood gradient:
[-0.21649472 -0.00239837 -1.51011683  0.        ]
Likelihood:
3984.417780864982


Hyperparameters:
[-1.91278406e+00 -8.56279574e-01 -1.26528267e-01  1.00000000e-03]
Likelihood gradient:
[-0.20947115 -0.00263217 -1.45261972  0.        ]
Likelihood:
3984.4177799520567


Hyperparameters:
[-1.91274365e+00 -8.56269281e-01 -1.26528227e-01  1.00000000e-03]
Likelihood gradient:
[-2.16589191e-01 -5.34882928e-04 -1.49872766e+00  0.00000000e+00]
Likelihood:
3984.417780762891


Hyperparameters:
[-1.91273595e+00 -8.56267320e-01 -1.26528219e-01  1.00000000e-03]
Likelihood gradient:
[-0.21752871 -0.00281911 -1.50768651  0.        ]
Likelihood:
3984.4177809116172


Hyperparameters:
[-1.91273741e+00 -8.56267691e-01 -1.26528221e-01  1.00000000e-03]
Likelihood gradient:
[-0.21880182  0.00208594 -1.50515811  0.        ]
Likelihood:
3984.417780893884


Hyperparameters:
[-1.91273624e+00 -8.56267393e-01 -1.26528220e-01  1.00000000e-03]
Likelihood gradient:
[-0.21531324 -0.00201531 -1.50732641  0.        ]
Likelihood:
3984.4177809143985


Hyperparameters:
[-1.91273701e+00 -8.56267590e-01 -1.26528220e-01  1.00000000e-03]
Likelihood gradient:
[-0.21593861 -0.00264433 -1.50626124  0.        ]
Likelihood:
3984.4177809066223


Hyperparameters:
[-1.91273639e+00 -8.56267432e-01 -1.26528220e-01  1.00000000e-03]
Likelihood gradient:
[-0.223388    0.00502492 -1.5054224   0.        ]
Likelihood:
3984.4177808282548


Hyperparameters:
[-1.91273625e+00 -8.56267395e-01 -1.26528220e-01  1.00000000e-03]
Likelihood gradient:
[-0.21889403  0.00222124 -1.50668467  0.        ]
Likelihood:
3984.4177809675402


Hyperparameters:
[-1.91273625e+00 -8.56267396e-01 -1.26528220e-01  1.00000000e-03]
Likelihood gradient:
[-2.17810712e-01 -9.83120803e-04 -1.50696136e+00  0.00000000e+00]
Likelihood:
3984.4177808434924


Hyperparameters:
[-1.91273625e+00 -8.56267395e-01 -1.26528220e-01  1.00000000e-03]
Likelihood gradient:
[-2.20114309e-01  1.19274912e-04 -1.50636350e+00  0.00000000e+00]
Likelihood:
3984.417780926711


Hyperparameters:
[-1.91273625e+00 -8.56267395e-01 -1.26528220e-01  1.00000000e-03]
Likelihood gradient:
[-2.19453389e-01  8.30133729e-04 -1.50632222e+00  0.00000000e+00]
Likelihood:
3984.417780875674


Hyperparameters:
[-1.91273625e+00 -8.56267395e-01 -1.26528220e-01  1.00000000e-03]
Likelihood gradient:
[-0.21957741  0.00299875 -1.50614298  0.        ]
Likelihood:
3984.4177808709046


Hyperparameters:
[-1.91278406e+00 -8.56279574e-01 -1.26528267e-01  1.00000000e-03]
Likelihood gradient:
[-0.20971067 -0.00155491 -1.4524321   0.        ]
Likelihood:
3984.417780027503


Hyperparameters:
[-1.91275727e+00 -8.56272751e-01 -1.26528240e-01  1.00000000e-03]
Likelihood gradient:
[-2.16209844e-01  9.85312918e-04 -1.48260289e+00  0.00000000e+00]
Likelihood:
3984.417780582662


Hyperparameters:
[-1.91274335e+00 -8.56269205e-01 -1.26528227e-01  1.00000000e-03]
Likelihood gradient:
[-2.17911183e-01  3.66089350e-04 -1.49857814e+00  0.00000000e+00]
Likelihood:
3984.4177808001405


Hyperparameters:
[-1.91273799e+00 -8.56267839e-01 -1.26528221e-01  1.00000000e-03]
Likelihood gradient:
[-2.19803959e-01  4.58916076e-04 -1.50469034e+00  0.00000000e+00]
Likelihood:
3984.4177808642307


Hyperparameters:
[-1.91273577e+00 -8.56267273e-01 -1.26528219e-01  1.00000000e-03]
Likelihood gradient:
[-2.18592688e-01  9.81440004e-04 -1.50744330e+00  0.00000000e+00]
Likelihood:
3984.417780908723


Hyperparameters:
[-1.91273702e+00 -8.56267590e-01 -1.26528220e-01  1.00000000e-03]
Likelihood gradient:
[-2.18510637e-01  2.74279764e-04 -1.50594523e+00  0.00000000e+00]
Likelihood:
3984.417780933014


Hyperparameters:
[-1.91273748e+00 -8.56267707e-01 -1.26528221e-01  1.00000000e-03]
Likelihood gradient:
[-0.22081246  0.00440356 -1.50477002  0.        ]
Likelihood:
3984.4177808920413


Hyperparameters:
[-1.91273714e+00 -8.56267623e-01 -1.26528220e-01  1.00000000e-03]
Likelihood gradient:
[-2.17571334e-01 -2.18431401e-04 -1.50578131e+00  0.00000000e+00]
Likelihood:
3984.4177809766406


Hyperparameters:
[-1.91273723e+00 -8.56267645e-01 -1.26528221e-01  1.00000000e-03]
Likelihood gradient:
[-2.20171726e-01  8.11588420e-04 -1.50585311e+00  0.00000000e+00]
Likelihood:
3984.4177808339828


Hyperparameters:
[-1.91273719e+00 -8.56267634e-01 -1.26528220e-01  1.00000000e-03]
Likelihood gradient:
[-2.20128951e-01  1.29490747e-03 -1.50571434e+00  0.00000000e+00]
Likelihood:
3984.417780830625


Hyperparameters:
[-1.91273716e+00 -8.56267628e-01 -1.26528220e-01  1.00000000e-03]
Likelihood gradient:
[-2.19110578e-01 -3.80324605e-04 -1.50556456e+00  0.00000000e+00]
Likelihood:
3984.4177809243392


Hyperparameters:
[-1.91273715e+00 -8.56267625e-01 -1.26528220e-01  1.00000000e-03]
Likelihood gradient:
[-0.22062402  0.00165592 -1.50557481  0.        ]
Likelihood:
3984.417780909098


Warning: stress not available
Warning: stress not available
Warning: stress not available
Warning: stress not available
Warning: stress not available
Warning: stress not available
Warning: stress not available
Warning: stress not available
Warning: stress not available
Warning: stress not available
Warning: stress not available
Warning: stress not available
Warning: stress not available
Warning: stress not available
Warning: stress not available
Warning: stress not available
Warning: stress not available
Warning: stress not available
Warning: stress not available
Warning: stress not available
Warning: stress not available
Warning: stress not available
Warning: stress not available
Warning: stress not available
Warning: stress not available
Warning: stress not available
Warning: stress not available
Warning: stress not available
Warning: stress not available
Warning: stress not available
Warning: stress not available
Warning: stress not available
Warning: stress not available
Warning: stress not available
Warning: stress not available
Warning: stress not available
Warning: stress not available
Warning: stress not available
Warning: stress not available
Warning: stress not available
Warning: stress not available
Warning: stress not available
Warning: stress not available
Warning: stress not available
Warning: stress not available
Warning: stress not available
Warning: stress not available
Warning: stress not available
Warning: stress not available
Warning: stress not available
Warning: stress not available
Warning: stress not available
Warning: stress not available
Warning: stress not available
Warning: stress not available
Warning: stress not available
Warning: stress not available
Warning: stress not available
Warning: stress not available
Warning: stress not available
Warning: stress not available
Warning: stress not available
Warning: stress not available
Warning: stress not available
Warning: stress not available
Warning: stress not available
Warning: stress not available
Warning: stress not available
Warning: stress not available
Warning: stress not available
Warning: stress not available
Warning: stress not available
Warning: stress not available
Warning: stress not available
Warning: stress not available
Warning: stress not available
Warning: stress not available
Warning: stress not available
Warning: stress not available
Warning: stress not available
Warning: stress not available
Warning: stress not available
Warning: stress not available
Warning: stress not available
Warning: stress not available
Warning: stress not available
Warning: stress not available
Warning: stress not available
Warning: stress not available
Warning: stress not available
Warning: stress not available
Warning: stress not available
Warning: stress not available
Warning: stress not available
Warning: stress not available
Warning: stress not available
Warning: stress not available
Warning: stress not available
Warning: stress not available
Warning: stress not available
Warning: stress not available
Warning: stress not available
Warning: stress not available
Warning: stress not available
Warning: stress not available
Warning: stress not available
Warning: stress not available
Warning: stress not available
Warning: stress not available
Warning: stress not available
Warning: stress not available
Warning: stress not available
Warning: stress not available
Warning: stress not available
Warning: stress not available
Warning: stress not available
Warning: stress not available
Warning: stress not available
Warning: stress not available
Warning: stress not available
Warning: stress not available
Warning: stress not available
Warning: stress not available
Warning: stress not available
Warning: stress not available
Warning: stress not available
Warning: stress not available
Warning: stress not available
Warning: stress not available
Warning: stress not available
Warning: stress not available
Warning: stress not available
Warning: stress not available
Warning: stress not available
Warning: stress not available
Warning: stress not available
Warning: stress not available
Warning: stress not available
Warning: stress not available
Warning: stress not available
Warning: stress not available
Warning: stress not available
Warning: stress not available
Warning: stress not available
Warning: stress not available
Warning: stress not available
Warning: stress not available
Warning: stress not available
Warning: stress not available
Warning: stress not available
Warning: stress not available
Warning: stress not available
Warning: stress not available
Warning: stress not available
Warning: stress not available
Warning: stress not available
Warning: stress not available
Warning: stress not available
Warning: stress not available
Warning: stress not available
Warning: stress not available
Warning: stress not available
Warning: stress not available
Warning: stress not available
Warning: stress not available
Warning: stress not available
Warning: stress not available
Warning: stress not available
Warning: stress not available
Warning: stress not available
Warning: stress not available
Warning: stress not available
Warning: stress not available
Warning: stress not available
Warning: stress not available
Warning: stress not available
Warning: stress not available
Warning: stress not available
Warning: stress not available
Warning: stress not available
Warning: stress not available
Warning: stress not available
Warning: stress not available
Warning: stress not available
Warning: stress not available
Warning: stress not available
Warning: stress not available
Warning: stress not available
Warning: stress not available
Warning: stress not available
Warning: stress not available
Warning: stress not available
Warning: stress not available
Warning: stress not available
Warning: stress not available
Warning: stress not available
Warning: stress not available
Warning: stress not available
Warning: stress not available
Warning: stress not available
Warning: stress not available
Warning: stress not available
Warning: stress not available
Warning: stress not available
Warning: stress not available
Warning: stress not available
Warning: stress not available
Warning: stress not available
Warning: stress not available
Warning: stress not available
Warning: stress not available
Warning: stress not available
Warning: stress not available
Warning: stress not available
Warning: stress not available
Warning: stress not available
Warning: stress not available
Warning: stress not available
Warning: stress not available
Warning: stress not available
Warning: stress not available
Warning: stress not available
Warning: stress not available
Warning: stress not available
Warning: stress not available
Warning: stress not available
Warning: stress not available
Warning: stress not available
Warning: stress not available
Warning: stress not available
Warning: stress not available
Warning: stress not available
Warning: stress not available
Warning: stress not available
Warning: stress not available
Warning: stress not available
Warning: stress not available
Warning: stress not available
Warning: stress not available
Warning: stress not available
Warning: stress not available
Warning: stress not available
Warning: stress not available
Warning: stress not available
Warning: stress not available
Warning: stress not available
Warning: stress not available
Warning: stress not available
Warning: stress not available
Warning: stress not available
Warning: stress not available
Warning: stress not available
Warning: stress not available
