/var/spool/slurmd/job7922656/slurm_script: line 17: activate: No such file or directory

CondaError: Run 'conda init' before 'conda activate'


Intel MKL ERROR: Parameter 4 was incorrect on entry to DPOTRF.

Intel MKL ERROR: Parameter 6 was incorrect on entry to DGEMV .

Intel MKL ERROR: Parameter 6 was incorrect on entry to DGEMV .

Intel MKL ERROR: Parameter 6 was incorrect on entry to DGEMV .
/leonardo/pub/userexternal/sperego0/software/flare/flare_v1.3.3-fix/flare/md/fake.py:76: UserWarning: FakeMD runs out of frames.
  warnings.warn("FakeMD runs out of frames.")
Warning: stress not available
Warning: stress not available
Warning: stress not available
Warning: stress not available
Warning: stress not available
Warning: stress not available
Warning: stress not available
Warning: stress not available
Warning: stress not available
Warning: stress not available
Precomputing KnK for hyps optimization
Done precomputing. Time: 0.004467964172363281
Hyperparameters:
[2.e+00 1.e-01 5.e-02 1.e-03]
Likelihood gradient:
[-2.47045160e+01  7.83944303e+03  3.64742190e+05  0.00000000e+00]
Likelihood:
-4381.5195241189795


Hyperparameters:
[1.99993161e+00 1.21703026e-01 1.05976679e+00 1.00000000e-03]
Likelihood gradient:
[  -38.62694399    19.30654928 -3268.50365515     0.        ]
Likelihood:
-3781.7114271122246


Hyperparameters:
[-2.96991479e+00  1.15734522e+01  8.15450523e-01  1.00000000e-03]
Likelihood gradient:
[ 4.00769328e+01 -7.68777740e-01 -4.19667967e+03  0.00000000e+00]
Likelihood:
-2927.208701282278


Hyperparameters:
[-3.26119271e+00  3.11232752e+01  3.97787361e-01  1.00000000e-03]
Likelihood gradient:
[ 4.43062760e+01 -2.87523034e-01 -7.86511832e+03  0.00000000e+00]
Likelihood:
-577.1166189804735


Hyperparameters:
[-4.42630443e+00  1.09322567e+02 -1.27286529e+00  1.00000000e-03]
Likelihood gradient:
[ 2.96649445e+01 -8.27288824e-02  2.73358368e+03  0.00000000e+00]
Likelihood:
-4536.181364805643


Hyperparameters:
[-3.53714340e+00  4.96443731e+01  2.10191986e-03  1.00000000e-03]
Likelihood gradient:
[4.46930968e+01 2.09161949e-01 5.74320116e+09 0.00000000e+00]
Likelihood:
-6019952.5025593415


Hyperparameters:
[-3.35296675e+00  3.72829117e+01  2.66192653e-01  1.00000000e-03]
Likelihood gradient:
[ 4.51448306e+01 -2.34281065e-01 -1.01460622e+04  0.00000000e+00]
Likelihood:
598.8896974538029


Hyperparameters:
[-3.47525984e+00  4.54909085e+01  9.08366963e-02  1.00000000e-03]
Likelihood gradient:
[ 4.50972434e+01 -3.94134993e-02  3.32919015e+04  0.00000000e+00]
Likelihood:
1439.9720011044355


Hyperparameters:
[-3.38141796e+00  3.91924831e+01  2.25396495e-01  1.00000000e-03]
Likelihood gradient:
[ 4.52689100e+01 -2.16342346e-01 -1.06478119e+04  0.00000000e+00]
Likelihood:
1022.8110008280346


Hyperparameters:
[-3.44474241e+00  4.34426569e+01  1.34595621e-01  1.00000000e-03]
Likelihood gradient:
[ 4.52481713e+01 -1.38770330e-01 -3.70041240e+03  0.00000000e+00]
Likelihood:
1848.4895224269012


Hyperparameters:
[-2.73055767e+00  1.65343669e+02 -2.46822538e+00  1.00000000e-03]
Likelihood gradient:
[ 2.49242668e+01 -5.51483269e-02  1.44521571e+03  0.00000000e+00]
Likelihood:
-6827.097750463977


Hyperparameters:
[-3.35170768e+00  5.93223400e+01 -2.04466148e-01  1.00000000e-03]
Likelihood gradient:
[ 4.55086749e+01 -1.33938275e-01  1.06294903e+04  0.00000000e+00]
Likelihood:
1243.9600219404238


Hyperparameters:
[-3.40900477e+00  4.95425547e+01  4.35107260e-03  1.00000000e-03]
Likelihood gradient:
[4.51131409e+01 2.10357467e-01 6.46853674e+08 0.00000000e+00]
Likelihood:
-1393833.3059943016


Hyperparameters:
[-3.43303090e+00  4.54416422e+01  9.19134403e-02  1.00000000e-03]
Likelihood gradient:
[ 4.52579180e+01 -4.27908769e-02  3.12634899e+04  0.00000000e+00]
Likelihood:
1476.6294486550078


Hyperparameters:
[-3.44221827e+00  4.38734900e+01  1.25396506e-01  1.00000000e-03]
Likelihood gradient:
[ 4.52595164e+01 -1.23330236e-01 -3.95697700e+02  0.00000000e+00]
Likelihood:
1868.3069039060156


Hyperparameters:
[-2.56080031e+00  4.39093652e+01  1.25035158e-01  1.00000000e-03]
Likelihood gradient:
[ 4.46191563e+01 -1.22637710e-01 -2.31764106e+02  0.00000000e+00]
Likelihood:
1908.9364468028816


Hyperparameters:
[9.64871521e-01 4.40528662e+01 1.23589767e-01 1.00000000e-03]
Likelihood gradient:
[ 2.70423784e+02 -9.45659635e-02  1.03553544e+03  0.00000000e+00]
Likelihood:
1876.3262561355014


Hyperparameters:
[-2.33925793e+00  4.39183824e+01  1.24944334e-01  1.00000000e-03]
Likelihood gradient:
[ 4.14621616e+01 -1.22258310e-01 -1.84564697e+02  0.00000000e+00]
Likelihood:
1918.563114590298


Hyperparameters:
[-1.57494650e+00  4.39494912e+01  1.24630996e-01  1.00000000e-03]
Likelihood gradient:
[-8.44663145 -0.11776781 55.22980205  0.        ]
Likelihood:
1937.4384311930426


Hyperparameters:
[-1.86880251e+00  4.39381422e+01  1.24723194e-01  1.00000000e-03]
Likelihood gradient:
[ 22.57177095  -0.12044162 -47.85758333   0.        ]
Likelihood:
1934.6648103464922


Hyperparameters:
[-1.63350835e+00  4.39472295e+01  1.24649370e-01  1.00000000e-03]
Likelihood gradient:
[-0.20551408 -0.11847712 30.63934383  0.        ]
Likelihood:
1937.6586948509494


Hyperparameters:
[-1.63477306e+00  4.39418243e+01  1.24748895e-01  1.00000000e-03]
Likelihood gradient:
[ -0.01582992  -0.11865933 -13.62792539   0.        ]
Likelihood:
1937.659749860186


Hyperparameters:
[-1.63496210e+00  4.39419679e+01  1.24732386e-01  1.00000000e-03]
Likelihood gradient:
[ 4.36753222e-03 -1.18635656e-01 -6.39948953e+00  0.00000000e+00]
Likelihood:
1937.6598140368733


Hyperparameters:
[-1.63506716e+00  4.39412615e+01  1.24725151e-01  1.00000000e-03]
Likelihood gradient:
[ 0.01608349 -0.11862788 -3.23420764  0.        ]
Likelihood:
1937.6598842196163


Hyperparameters:
[-1.63513675e+00  4.39401857e+01  1.24720430e-01  1.00000000e-03]
Likelihood gradient:
[ 0.02384107 -0.11862471 -1.1678368   0.        ]
Likelihood:
1937.65998947758


Hyperparameters:
[-1.63541508e+00  4.39358825e+01  1.24701546e-01  1.00000000e-03]
Likelihood gradient:
[ 0.05493548 -0.11861202  7.10127208  0.        ]
Likelihood:
1937.6603075614694


Hyperparameters:
[-1.63570663e+00  4.39273583e+01  1.24681844e-01  1.00000000e-03]
Likelihood gradient:
[ 0.08738468 -0.11861124 15.74128954  0.        ]
Likelihood:
1937.6609416645315


Hyperparameters:
[-1.63599960e+00  4.39137313e+01  1.24662161e-01  1.00000000e-03]
Likelihood gradient:
[ 0.11987227 -0.11862623 24.38673197  0.        ]
Likelihood:
1937.66200098412


Hyperparameters:
[-1.63634873e+00  4.38905492e+01  1.24638856e-01  1.00000000e-03]
Likelihood gradient:
[ 0.15865827 -0.11866575 34.64285886  0.        ]
Likelihood:
1937.663857907909


Hyperparameters:
[-1.63681131e+00  4.38493209e+01  1.24608028e-01  1.00000000e-03]
Likelihood gradient:
[ 0.20992347 -0.11875085 48.24134962  0.        ]
Likelihood:
1937.667181307219


Hyperparameters:
[-1.63747078e+00  4.37738538e+01  1.24564287e-01  1.00000000e-03]
Likelihood gradient:
[ 0.28266044 -0.11892489 67.58921025  0.        ]
Likelihood:
1937.6731579664856


Hyperparameters:
[-1.63845557e+00  4.36331764e+01  1.24499501e-01  1.00000000e-03]
Likelihood gradient:
[ 0.39097471 -0.11927543 96.35303251  0.        ]
Likelihood:
1937.6838290517062


Hyperparameters:
[-1.63995958e+00  4.33682532e+01  1.24401371e-01  1.00000000e-03]
Likelihood gradient:
[ 5.55715317e-01 -1.19979812e-01  1.40148319e+02  0.00000000e+00]
Likelihood:
1937.7025331433078


Hyperparameters:
[-1.64226574e+00  4.28689081e+01  1.24252618e-01  1.00000000e-03]
Likelihood gradient:
[ 8.06498295e-01 -1.21400772e-01  2.07026905e+02  0.00000000e+00]
Likelihood:
1937.7343806866065


Hyperparameters:
[-1.64572384e+00  4.19426577e+01  1.24033677e-01  1.00000000e-03]
Likelihood gradient:
[ 1.17897807e+00 -1.24278062e-01  3.06530978e+02  0.00000000e+00]
Likelihood:
1937.7869728053965


Hyperparameters:
[-1.65061279e+00  4.02991403e+01  1.23732719e-01  1.00000000e-03]
Likelihood gradient:
[ 1.69851084e+00 -1.30090345e-01  4.45474838e+02  0.00000000e+00]
Likelihood:
1937.873588276323


Warning: stress not available
Precomputing KnK for hyps optimization
Done precomputing. Time: 0.004557609558105469
Hyperparameters:
[-1.65061279e+00  4.02991403e+01  1.23732719e-01  1.00000000e-03]
Likelihood gradient:
[ 5.36256614e+00  1.07974077e-01 -8.27755164e+02  0.00000000e+00]
Likelihood:
2231.514126252193


Hyperparameters:
[-1.64406970e+00  4.02992721e+01 -8.86246078e-01  1.00000000e-03]
Likelihood gradient:
[ 4.18637994e+01 -2.47104671e-01  4.29922537e+03  0.00000000e+00]
Likelihood:
-3477.288913232474


Hyperparameters:
[-1.65041888e+00  4.02991442e+01  9.38001821e-02  1.00000000e-03]
Likelihood gradient:
[-3.00628598e+00  4.34904674e-01  2.78301468e+04  0.00000000e+00]
Likelihood:
1918.556031141221


Hyperparameters:
[-1.65060237e+00  4.02991405e+01  1.22122918e-01  1.00000000e-03]
Likelihood gradient:
[  4.93898982   0.12016496 -40.90467891   0.        ]
Likelihood:
2232.220293478231


Hyperparameters:
[-1.36070931e+00  4.03062625e+01  1.22273924e-01  1.00000000e-03]
Likelihood gradient:
[-50.22434699   0.11770038  -0.72358632   0.        ]
Likelihood:
2226.8793686259532


Hyperparameters:
[-1.61403954e+00  4.03000388e+01  1.22141963e-01  1.00000000e-03]
Likelihood gradient:
[  0.14878558   0.1198132  -40.41677115   0.        ]
Likelihood:
2232.330826419009


Hyperparameters:
[-1.61305953e+00  4.04205820e+01  1.22057884e-01  1.00000000e-03]
Likelihood gradient:
[-0.0114686   0.12062144  1.44471951  0.        ]
Likelihood:
2232.347487999007


Hyperparameters:
[-1.61210389e+00  4.07007528e+01  1.21969808e-01  1.00000000e-03]
Likelihood gradient:
[-0.17098094  0.1216423  44.25421674  0.        ]
Likelihood:
2232.3797810529486


Hyperparameters:
[-1.61089685e+00  4.12808644e+01  1.21853938e-01  1.00000000e-03]
Likelihood gradient:
[-0.37624158  0.12309426 99.22207347  0.        ]
Likelihood:
2232.442711626787


Hyperparameters:
[-1.60606870e+00  4.36013110e+01  1.21390455e-01  1.00000000e-03]
Likelihood gradient:
[-1.20873210e+00  1.26991065e-01  3.22469274e+02  0.00000000e+00]
Likelihood:
2232.6343986494203


Hyperparameters:
[-1.59919998e+00  4.94145037e+01  1.20678086e-01  1.00000000e-03]
Likelihood gradient:
[-2.47322746e+00  1.23741200e-01  6.62431918e+02  0.00000000e+00]
Likelihood:
2233.0096734890276


Hyperparameters:
[-1.59471901e+00  5.85560592e+01  1.20104280e-01  1.00000000e-03]
Likelihood gradient:
[-3.44927936e+00  1.01104654e-01  9.28063065e+02  0.00000000e+00]
Likelihood:
2233.5785445929732


Hyperparameters:
[-1.59595058e+00  7.11481223e+01  1.19966094e-01  1.00000000e-03]
Likelihood gradient:
[-3.53565827e+00  6.27438727e-02  9.61254650e+02  0.00000000e+00]
Likelihood:
2234.4797996063135


Hyperparameters:
[-1.60734381e+00  8.87628061e+01  1.20668342e-01  1.00000000e-03]
Likelihood gradient:
[-1.95270314e+00  2.00902401e-02  5.44553186e+02  0.00000000e+00]
Likelihood:
2235.734024273218


Hyperparameters:
[-1.61758741e+00  9.83372346e+01  1.21469738e-01  1.00000000e-03]
Likelihood gradient:
[-4.00784700e-01  3.93033717e-03  1.10493213e+02  0.00000000e+00]
Likelihood:
2236.1136455667593


Hyperparameters:
[-1.62021215e+00  1.00699968e+02  1.21672545e-01  1.00000000e-03]
Likelihood gradient:
[-8.01361845e-03  6.35006159e-04  3.42075020e+00  0.00000000e+00]
Likelihood:
2236.129829208511


Hyperparameters:
[-1.62034858e+00  1.01009327e+02  1.21683211e-01  1.00000000e-03]
Likelihood gradient:
[ 1.01304952e-02  2.33078591e-04 -2.34243013e+00  0.00000000e+00]
Likelihood:
2236.1299051899505


Hyperparameters:
[-1.62033889e+00  1.01144238e+02  1.21681769e-01  1.00000000e-03]
Likelihood gradient:
[ 6.63964873e-03  6.34333853e-05 -1.71968160e+00  0.00000000e+00]
Likelihood:
2236.1299327597135


Hyperparameters:
[-1.62030984e+00  1.01198644e+02  1.21678925e-01  1.00000000e-03]
Likelihood gradient:
[ 1.24442764e-03 -3.13650431e-06 -3.03841529e-01  0.00000000e+00]
Likelihood:
2236.129950949232


Hyperparameters:
[-1.62030230e+00  1.01197516e+02  1.21678385e-01  1.00000000e-03]
Likelihood gradient:
[ 2.97020381e-05 -1.34013660e-06 -2.48808413e-02  0.00000000e+00]
Likelihood:
2236.1299545911334


Hyperparameters:
[-1.62030214e+00  1.01196541e+02  1.21678338e-01  1.00000000e-03]
Likelihood gradient:
[ 8.00357870e-05 -6.94163497e-08  5.17412991e-04  0.00000000e+00]
Likelihood:
2236.12995464731


Hyperparameters:
[-1.62030150e+00  1.01196459e+02  1.21678339e-01  1.00000000e-03]
Likelihood gradient:
[-6.91107114e-05  2.33922808e-08  1.97311092e-05  0.00000000e+00]
Likelihood:
2236.129954945537


Warning: stress not available
Precomputing KnK for hyps optimization
Done precomputing. Time: 0.004868507385253906
Hyperparameters:
[-1.62030150e+00  1.01196459e+02  1.21678339e-01  1.00000000e-03]
Likelihood gradient:
[ 7.35789397e+00 -3.10979316e-02 -2.18373856e+03  0.00000000e+00]
Likelihood:
2597.6731597227126


Hyperparameters:
[-1.61689843e+00  1.01196445e+02 -8.88315928e-01  1.00000000e-03]
Likelihood gradient:
[ 4.39853265e+01 -1.07728826e-01  4.69403747e+03  0.00000000e+00]
Likelihood:
-3803.0244890966255


Hyperparameters:
[-1.62009214e+00  1.01196458e+02  5.95410075e-02  1.00000000e-03]
Likelihood gradient:
[-1.22789535e+01  1.66934001e-02  2.02439418e+05  0.00000000e+00]
Likelihood:
-599.5521231877738


Hyperparameters:
[-1.62026561e+00  1.01196459e+02  1.11025589e-01  1.00000000e-03]
Likelihood gradient:
[ 4.19565588e+00 -2.35770751e-02  4.63031104e+03  0.00000000e+00]
Likelihood:
2587.3849376531616


Hyperparameters:
[-1.62028858e+00  1.01196459e+02  1.17842213e-01  1.00000000e-03]
Likelihood gradient:
[ 6.23767465e+00 -2.84471773e-02 -7.75149176e+01  0.00000000e+00]
Likelihood:
2602.119384720663


Hyperparameters:
[-1.71292700e-01  1.01189830e+02  1.18579863e-01  1.00000000e-03]
Likelihood gradient:
[-1.77326285e+04 -5.64884656e-02  2.00516781e+04  0.00000000e+00]
Likelihood:
259.6271291048415


Hyperparameters:
[-1.18985230e+00  1.01194490e+02  1.18061338e-01  1.00000000e-03]
Likelihood gradient:
[-1.06687101e+02 -3.35649038e-02  3.53405973e+01  0.00000000e+00]
Likelihood:
2585.7779702791777


Hyperparameters:
[-1.57775305e+00  1.01196265e+02  1.17863866e-01  1.00000000e-03]
Likelihood gradient:
[ 2.31408785e-01 -2.88630960e-02 -7.71410692e+01  0.00000000e+00]
Likelihood:
2602.2784356763113


Hyperparameters:
[-1.57639813e+00  1.01167471e+02  1.17724072e-01  1.00000000e-03]
Likelihood gradient:
[-0.01799995 -0.02875595  6.65030623  0.        ]
Likelihood:
2602.2850250994416


Hyperparameters:
[-1.57639591e+00  1.01136862e+02  1.17725622e-01  1.00000000e-03]
Likelihood gradient:
[-0.01757452 -0.02873286  5.74502738  0.        ]
Likelihood:
2602.2859156224895


Hyperparameters:
[-1.57638705e+00  1.01014429e+02  1.17731823e-01  1.00000000e-03]
Likelihood gradient:
[-0.01550311 -0.02864024  2.12869866  0.        ]
Likelihood:
2602.2894565377264


Hyperparameters:
[-1.57635161e+00  1.00524698e+02  1.17756626e-01  1.00000000e-03]
Likelihood gradient:
[-7.97906368e-03 -2.82659102e-02 -1.23290792e+01  0.00000000e+00]
Likelihood:
2602.3032820725466


Hyperparameters:
[-1.57620986e+00  9.85657719e+01  1.17855839e-01  1.00000000e-03]
Likelihood gradient:
[ 2.28947557e-02 -2.67056425e-02 -6.99429288e+01  0.00000000e+00]
Likelihood:
2602.3531297735535


Hyperparameters:
[-1.57595529e+00  9.31876154e+01  1.17942503e-01  1.00000000e-03]
Likelihood gradient:
[ 6.93019530e-02 -2.17034066e-02 -1.16775926e+02  0.00000000e+00]
Likelihood:
2602.475744644493


Hyperparameters:
[-1.57518714e+00  8.16435710e+01  1.17967476e-01  1.00000000e-03]
Likelihood gradient:
[ 9.75646115e-02 -7.48818852e-03 -1.18095822e+02  0.00000000e+00]
Likelihood:
2602.646415716985


Hyperparameters:
[-1.57454703e+00  7.57535061e+01  1.17860811e-01  1.00000000e-03]
Likelihood gradient:
[ 4.25566814e-02  1.89144533e-03 -4.53087900e+01  0.00000000e+00]
Likelihood:
2602.672685788115


Hyperparameters:
[-1.57454185e+00  7.68184761e+01  1.17809866e-01  1.00000000e-03]
Likelihood gradient:
[ 1.08849313e-02  2.10258080e-04 -1.68237925e+01  0.00000000e+00]
Likelihood:
2602.6753878447416


Hyperparameters:
[-1.57454713e+00  7.69815573e+01  1.17781533e-01  1.00000000e-03]
Likelihood gradient:
[ 6.14162588e-05 -9.43064572e-06 -2.08795622e-01  0.00000000e+00]
Likelihood:
2602.675642876311


Hyperparameters:
[-1.57454699e+00  7.69763924e+01  1.17781202e-01  1.00000000e-03]
Likelihood gradient:
[ 1.62548436e-04 -4.01645244e-07 -1.18363380e-03  0.00000000e+00]
Likelihood:
2602.675643001776


Hyperparameters:
[-1.57454580e+00  7.69761311e+01  1.17781201e-01  1.00000000e-03]
Likelihood gradient:
[-5.55352685e-05  1.26272433e-08  4.48936589e-04  0.00000000e+00]
Likelihood:
2602.675643573856


Hyperparameters:
[-1.57454610e+00  7.69761384e+01  1.17781201e-01  1.00000000e-03]
Likelihood gradient:
[-3.56602610e-05  1.87538615e-09 -4.16298106e-04  0.00000000e+00]
Likelihood:
2602.6756434349463


Hyperparameters:
[-1.57454580e+00  7.69761311e+01  1.17781201e-01  1.00000000e-03]
Likelihood gradient:
[-9.01146939e-06  1.40276114e-08  5.79564687e-04  0.00000000e+00]
Likelihood:
2602.6756435809893


Hyperparameters:
[-1.57454580e+00  7.69761394e+01  1.17781202e-01  1.00000000e-03]
Likelihood gradient:
[-1.06117543e-04 -5.12046477e-09 -8.48144839e-04  0.00000000e+00]
Likelihood:
2602.6756435927327


Hyperparameters:
[-1.57454580e+00  7.69761394e+01  1.17781201e-01  1.00000000e-03]
Likelihood gradient:
[-8.72261504e-05 -4.10213594e-09 -4.61661410e-04  0.00000000e+00]
Likelihood:
2602.6756435941716


Hyperparameters:
[-1.57454580e+00  7.69761386e+01  1.17781201e-01  1.00000000e-03]
Likelihood gradient:
[-5.75442200e-05 -2.42364148e-09 -1.27337174e-04  0.00000000e+00]
Likelihood:
2602.6756435911575


Hyperparameters:
[-1.57454580e+00  7.69761394e+01  1.17781201e-01  1.00000000e-03]
Likelihood gradient:
[-3.65932453e-06 -3.25365290e-10  2.66721974e-04  0.00000000e+00]
Likelihood:
2602.6756435908464


Hyperparameters:
[-1.57454580e+00  7.69761394e+01  1.17781201e-01  1.00000000e-03]
Likelihood gradient:
[-1.09984123e-04 -4.80402385e-09 -4.21442746e-04  0.00000000e+00]
Likelihood:
2602.675643567014


Hyperparameters:
[-1.57454580e+00  7.69761386e+01  1.17781201e-01  1.00000000e-03]
Likelihood gradient:
[-1.17835254e-04 -4.10728190e-09 -4.98904745e-04  0.00000000e+00]
Likelihood:
2602.6756435757343


Hyperparameters:
[-1.57454580e+00  7.69761390e+01  1.17781201e-01  1.00000000e-03]
Likelihood gradient:
[-8.66031117e-05 -3.04447326e-09 -4.23236663e-04  0.00000000e+00]
Likelihood:
2602.675643574188


Hyperparameters:
[-1.57454580e+00  7.69761392e+01  1.17781201e-01  1.00000000e-03]
Likelihood gradient:
[3.10707935e-05 1.40817100e-09 4.65767829e-04 0.00000000e+00]
Likelihood:
2602.6756435601656


Hyperparameters:
[-1.57454580e+00  7.69761393e+01  1.17781201e-01  1.00000000e-03]
Likelihood gradient:
[-1.43484174e-05  3.61131486e-10  5.05338823e-04  0.00000000e+00]
Likelihood:
2602.6756435352945


Hyperparameters:
[-1.57454580e+00  7.69761393e+01  1.17781201e-01  1.00000000e-03]
Likelihood gradient:
[-1.19493895e-04 -5.52680837e-09 -5.82813038e-04  0.00000000e+00]
Likelihood:
2602.6756435474217


Hyperparameters:
[-1.57454580e+00  7.69761394e+01  1.17781201e-01  1.00000000e-03]
Likelihood gradient:
[-3.67805605e-05 -1.24982102e-09 -1.03375925e-04  0.00000000e+00]
Likelihood:
2602.675643564071


Hyperparameters:
[-1.57454580e+00  7.69761394e+01  1.17781201e-01  1.00000000e-03]
Likelihood gradient:
[-7.04910428e-06  2.99054032e-10  1.61944547e-04  0.00000000e+00]
Likelihood:
2602.675643557087


Hyperparameters:
[-1.57454580e+00  7.69761394e+01  1.17781201e-01  1.00000000e-03]
Likelihood gradient:
[-9.41473029e-05 -5.25112831e-09 -3.88872642e-04  0.00000000e+00]
Likelihood:
2602.6756435520947


Hyperparameters:
[-1.57454580e+00  7.69761394e+01  1.17781201e-01  1.00000000e-03]
Likelihood gradient:
[-6.50150602e-05 -3.14732898e-09 -1.60516582e-04  0.00000000e+00]
Likelihood:
2602.675643579757


Hyperparameters:
[-1.57454580e+00  7.69761394e+01  1.17781201e-01  1.00000000e-03]
Likelihood gradient:
[-3.25663392e-05 -2.20445540e-09 -1.40475822e-05  0.00000000e+00]
Likelihood:
2602.6756435638817


Hyperparameters:
[-1.57454580e+00  7.69761394e+01  1.17781201e-01  1.00000000e-03]
Likelihood gradient:
[-7.37404667e-05 -3.59930219e-09 -1.30532768e-04  0.00000000e+00]
Likelihood:
2602.67564355574


Hyperparameters:
[-1.57454580e+00  7.69761394e+01  1.17781201e-01  1.00000000e-03]
Likelihood gradient:
[-1.68261829e-04 -7.19467116e-09 -8.34802035e-04  0.00000000e+00]
Likelihood:
2602.6756435633197


Warning: stress not available
Precomputing KnK for hyps optimization
Done precomputing. Time: 0.005505561828613281
Hyperparameters:
[-1.57454580e+00  7.69761394e+01  1.17781201e-01  1.00000000e-03]
Likelihood gradient:
[3.61761690e+00 4.64329495e-02 3.80193134e+02 0.00000000e+00]
Likelihood:
2819.904223086315


Hyperparameters:
[-1.56493587e+00  7.69762627e+01  1.12773547e+00  1.00000000e-03]
Likelihood gradient:
[ 4.19147672e+01 -1.55534736e-01 -4.05687074e+03  0.00000000e+00]
Likelihood:
-5192.859635420241


Hyperparameters:
[-1.57445595e+00  7.69761406e+01  1.27223645e-01  1.00000000e-03]
Likelihood gradient:
[ 6.84866550e+00  2.39334785e-02 -4.74447217e+03  0.00000000e+00]
Likelihood:
2797.716080245511


Hyperparameters:
[-1.57454017e+00  7.69761395e+01  1.18372874e-01  1.00000000e-03]
Likelihood gradient:
[ 3.82566964  0.04494986 -3.79403755  0.        ]
Likelihood:
2820.015126159462


Hyperparameters:
[-1.51595871e+00  7.69768284e+01  1.18404523e-01  1.00000000e-03]
Likelihood gradient:
[-5.5954933   0.0431882  -1.77249159  0.        ]
Likelihood:
2820.002241957827


Hyperparameters:
[-1.54569620e+00  7.69764787e+01  1.18388457e-01  1.00000000e-03]
Likelihood gradient:
[-0.61955901  0.04409552 -3.2230551   0.        ]
Likelihood:
2820.077277566712


Hyperparameters:
[-1.54973374e+00  7.70206650e+01  1.18381015e-01  1.00000000e-03]
Likelihood gradient:
[ 0.02132345  0.04410802 -0.09000867  0.        ]
Likelihood:
2820.0782862065826


Hyperparameters:
[-1.55096285e+00  7.70674461e+01  1.18378399e-01  1.00000000e-03]
Likelihood gradient:
[0.21391238 0.04402097 1.00902024 0.        ]
Likelihood:
2820.07954799272


Hyperparameters:
[-1.55186764e+00  7.71297888e+01  1.18376385e-01  1.00000000e-03]
Likelihood gradient:
[0.35430941 0.04388051 1.80539072 0.        ]
Likelihood:
2820.081547630635


Hyperparameters:
[-1.55548677e+00  7.73791594e+01  1.18368329e-01  1.00000000e-03]
Likelihood gradient:
[0.91285836 0.0433202  5.00758342 0.        ]
Likelihood:
2820.0881837684683


Hyperparameters:
[-1.55991461e+00  7.78763541e+01  1.18357882e-01  1.00000000e-03]
Likelihood gradient:
[1.58289456 0.04211902 8.86469405 0.        ]
Likelihood:
2820.101496542803


Hyperparameters:
[-1.56470054e+00  7.86972383e+01  1.18345766e-01  1.00000000e-03]
Likelihood gradient:
[ 2.28989822  0.0400813  12.94337404  0.        ]
Likelihood:
2820.123335179551


Hyperparameters:
[-1.57020618e+00  8.01173411e+01  1.18330455e-01  1.00000000e-03]
Likelihood gradient:
[ 3.07866344  0.03655619 17.5490612   0.        ]
Likelihood:
2820.1598771055087


Hyperparameters:
[-1.57646162e+00  8.26729573e+01  1.18310483e-01  1.00000000e-03]
Likelihood gradient:
[ 3.93583083  0.03039529 22.72999744  0.        ]
Likelihood:
2820.2197997668127


Hyperparameters:
[-1.58224350e+00  8.74222424e+01  1.18286040e-01  1.00000000e-03]
Likelihood gradient:
[4.65766407e+00 1.97995376e-02 2.75734708e+01 0.00000000e+00]
Likelihood:
2820.3100851788895


Hyperparameters:
[-1.58114702e+00  9.37608179e+01  1.18273835e-01  1.00000000e-03]
Likelihood gradient:
[4.35128961e+00 7.43489588e-03 2.61028899e+01 0.00000000e+00]
Likelihood:
2820.400381703743


Hyperparameters:
[-1.57161580e+00  9.76946540e+01  1.18286465e-01  1.00000000e-03]
Likelihood gradient:
[2.86379207e+00 6.34827361e-04 1.63306847e+01 0.00000000e+00]
Likelihood:
2820.4555174756533


Hyperparameters:
[-1.55887768e+00  9.92870716e+01  1.18309236e-01  1.00000000e-03]
Likelihood gradient:
[ 8.94940560e-01 -2.09063095e-03  4.49779483e+00  0.00000000e+00]
Likelihood:
2820.4851950965676


Hyperparameters:
[-1.55393285e+00  9.86680232e+01  1.18319773e-01  1.00000000e-03]
Likelihood gradient:
[ 0.13742186 -0.00126809  0.28752941  0.        ]
Likelihood:
2820.491420386168


Hyperparameters:
[-1.55277000e+00  9.79697259e+01  1.18322694e-01  1.00000000e-03]
Likelihood gradient:
[-3.09928458e-02 -2.21312317e-04 -3.35587623e-01  0.00000000e+00]
Likelihood:
2820.4926189941307


Hyperparameters:
[-1.55290843e+00  9.78350248e+01  1.18322426e-01  1.00000000e-03]
Likelihood gradient:
[-6.41824557e-03 -8.39149458e-06 -5.56288242e-02  0.00000000e+00]
Likelihood:
2820.4925637925735


Hyperparameters:
[-1.55278081e+00  9.79592031e+01  1.18322673e-01  1.00000000e-03]
Likelihood gradient:
[-2.88690320e-02 -2.04706359e-04 -3.12404283e-01  0.00000000e+00]
Likelihood:
2820.4926158410162


Hyperparameters:
[-1.55277091e+00  9.79688378e+01  1.18322692e-01  1.00000000e-03]
Likelihood gradient:
[-3.06942837e-02 -2.19908478e-04 -3.32810111e-01  0.00000000e+00]
Likelihood:
2820.492618693508


Hyperparameters:
[-1.55277007e+00  9.79696571e+01  1.18322694e-01  1.00000000e-03]
Likelihood gradient:
[-3.08561800e-02 -2.21201051e-04 -3.34734976e-01  0.00000000e+00]
Likelihood:
2820.492618951941


Hyperparameters:
[-1.55277000e+00  9.79697224e+01  1.18322694e-01  1.00000000e-03]
Likelihood gradient:
[-3.09839784e-02 -2.21305944e-04 -3.35615873e-01  0.00000000e+00]
Likelihood:
2820.492618989898


Hyperparameters:
[-1.55277000e+00  9.79697258e+01  1.18322694e-01  1.00000000e-03]
Likelihood gradient:
[-3.09850321e-02 -2.21311995e-04 -3.35432622e-01  0.00000000e+00]
Likelihood:
2820.4926189585676


Hyperparameters:
[-1.55277000e+00  9.79697259e+01  1.18322694e-01  1.00000000e-03]
Likelihood gradient:
[-3.08312238e-02 -2.21309417e-04 -3.34561439e-01  0.00000000e+00]
Likelihood:
2820.4926190197


Hyperparameters:
[-1.55277000e+00  9.79697258e+01  1.18322694e-01  1.00000000e-03]
Likelihood gradient:
[-3.08339698e-02 -2.21309112e-04 -3.34625190e-01  0.00000000e+00]
Likelihood:
2820.4926189942807


Hyperparameters:
[-1.55277000e+00  9.79697259e+01  1.18322694e-01  1.00000000e-03]
Likelihood gradient:
[-3.08463825e-02 -2.21309264e-04 -3.34763305e-01  0.00000000e+00]
Likelihood:
2820.492618987071


Hyperparameters:
[-1.55277000e+00  9.79697259e+01  1.18322694e-01  1.00000000e-03]
Likelihood gradient:
[-3.08528938e-02 -2.21309629e-04 -3.34913467e-01  0.00000000e+00]
Likelihood:
2820.492619000548


Hyperparameters:
[-1.55290843e+00  9.78350248e+01  1.18322426e-01  1.00000000e-03]
Likelihood gradient:
[-6.35148848e-03 -8.38994917e-06 -5.53872739e-02  0.00000000e+00]
Likelihood:
2820.4925637847628


Hyperparameters:
[-1.55279647e+00  9.79439677e+01  1.18322643e-01  1.00000000e-03]
Likelihood gradient:
[-2.61213817e-02 -1.80660965e-04 -2.80872567e-01  0.00000000e+00]
Likelihood:
2820.492610898442


Hyperparameters:
[-1.55277591e+00  9.79639717e+01  1.18322683e-01  1.00000000e-03]
Likelihood gradient:
[-2.98176558e-02 -2.12231734e-04 -3.22794599e-01  0.00000000e+00]
Likelihood:
2820.492617263686


Hyperparameters:
[-1.55277135e+00  9.79684090e+01  1.18322692e-01  1.00000000e-03]
Likelihood gradient:
[-3.06583002e-02 -2.19232818e-04 -3.32151585e-01  0.00000000e+00]
Likelihood:
2820.49261862214


Hyperparameters:
[-1.55277028e+00  9.79694566e+01  1.18322694e-01  1.00000000e-03]
Likelihood gradient:
[-3.08466208e-02 -2.20885025e-04 -3.34373399e-01  0.00000000e+00]
Likelihood:
2820.4926188982045


Hyperparameters:
[-1.55277006e+00  9.79696699e+01  1.18322694e-01  1.00000000e-03]
Likelihood gradient:
[-3.09306342e-02 -2.21222693e-04 -3.35312192e-01  0.00000000e+00]
Likelihood:
2820.4926190051483


Hyperparameters:
[-1.55277013e+00  9.79695978e+01  1.18322694e-01  1.00000000e-03]
Likelihood gradient:
[-3.09903184e-02 -2.21110020e-04 -3.35423595e-01  0.00000000e+00]
Likelihood:
2820.4926189767048


Hyperparameters:
[-1.55277007e+00  9.79696558e+01  1.18322694e-01  1.00000000e-03]
Likelihood gradient:
[-3.08575567e-02 -2.21198693e-04 -3.34534475e-01  0.00000000e+00]
Likelihood:
2820.4926189372472


Hyperparameters:
[-1.55277007e+00  9.79696628e+01  1.18322694e-01  1.00000000e-03]
Likelihood gradient:
[-3.08211538e-02 -2.21209381e-04 -3.34390915e-01  0.00000000e+00]
Likelihood:
2820.492618960383


Hyperparameters:
[-1.55277006e+00  9.79696663e+01  1.18322694e-01  1.00000000e-03]
Likelihood gradient:
[-3.08411443e-02 -2.21215168e-04 -3.34513754e-01  0.00000000e+00]
Likelihood:
2820.492618957267


Hyperparameters:
[-1.55277006e+00  9.79696681e+01  1.18322694e-01  1.00000000e-03]
Likelihood gradient:
[-3.09546900e-02 -2.21219658e-04 -3.34975696e-01  0.00000000e+00]
Likelihood:
2820.492618984573


Hyperparameters:
[-1.55277006e+00  9.79696690e+01  1.18322694e-01  1.00000000e-03]
Likelihood gradient:
[-3.09343483e-02 -2.21221774e-04 -3.35269294e-01  0.00000000e+00]
Likelihood:
2820.492618990069


Warning: stress not available
Precomputing KnK for hyps optimization
Done precomputing. Time: 0.0059735774993896484
Hyperparameters:
[-1.55277000e+00  9.79697259e+01  1.18322694e-01  1.00000000e-03]
Likelihood gradient:
[-1.80173658e+01 -5.12320274e-02  1.74837562e+03  0.00000000e+00]
Likelihood:
2943.5081939578176


Hyperparameters:
[-1.56317770e+00  9.79696963e+01  1.12826907e+00  1.00000000e-03]
Likelihood gradient:
[ 4.28742481e+01 -1.32250658e-01 -4.36566769e+03  0.00000000e+00]
Likelihood:
-5595.91680771319


Hyperparameters:
[-1.55315383e+00  9.79697248e+01  1.55569187e-01  1.00000000e-03]
Likelihood gradient:
[-4.76063091e+00 -7.42290172e-02 -1.23913082e+04  0.00000000e+00]
Likelihood:
2681.5718125901567


Hyperparameters:
[-1.55279838e+00  9.79697258e+01  1.21076787e-01  1.00000000e-03]
Likelihood gradient:
[-1.69608755e+01 -5.31805481e-02 -1.71953026e+02  0.00000000e+00]
Likelihood:
2945.6290699745705


Hyperparameters:
[-1.80394963e+00  9.79689453e+01  1.20934987e-01  1.00000000e-03]
Likelihood gradient:
[ 1.84388711e+01 -5.17696349e-02 -1.47913144e+02  0.00000000e+00]
Likelihood:
2944.8652845447014


Hyperparameters:
[-1.64965349e+00  9.79694248e+01  1.21022103e-01  1.00000000e-03]
Likelihood gradient:
[-4.52466269e-01 -5.26120373e-02 -1.68283509e+02  0.00000000e+00]
Likelihood:
2946.3994457169574


Hyperparameters:
[-1.65281071e+00  9.79169844e+01  1.20779160e-01  1.00000000e-03]
Likelihood gradient:
[-0.05312035 -0.05239749 -8.12191861  0.        ]
Likelihood:
2946.423036291685


Hyperparameters:
[-1.65339177e+00  9.78548133e+01  1.20750170e-01  1.00000000e-03]
Likelihood gradient:
[ 0.0248803  -0.05234382 11.07987259  0.        ]
Likelihood:
2946.425996867685


Hyperparameters:
[-1.65395893e+00  9.77346616e+01  1.20723570e-01  1.00000000e-03]
Likelihood gradient:
[ 0.10180122 -0.05226368 28.75435696  0.        ]
Likelihood:
2946.431461359124


Hyperparameters:
[-1.65622760e+00  9.72540549e+01  1.20617170e-01  1.00000000e-03]
Likelihood gradient:
[ 4.08142974e-01 -5.19387273e-02  9.96531989e+01  0.00000000e+00]
Likelihood:
2946.448080081007


Hyperparameters:
[-1.65900130e+00  9.61292437e+01  1.20489918e-01  1.00000000e-03]
Likelihood gradient:
[ 7.84145689e-01 -5.12565085e-02  1.85270522e+02  0.00000000e+00]
Likelihood:
2946.485107649447


Hyperparameters:
[-1.66185949e+00  9.41596505e+01  1.20360823e-01  1.00000000e-03]
Likelihood gradient:
[ 1.17417750e+00 -5.00710162e-02  2.73287182e+02  0.00000000e+00]
Likelihood:
2946.5512504119106


Hyperparameters:
[-1.66512703e+00  9.06193802e+01  1.20215115e-01  1.00000000e-03]
Likelihood gradient:
[ 1.62485828e+00 -4.77977135e-02  3.74522470e+02  0.00000000e+00]
Likelihood:
2946.671376993826


Hyperparameters:
[-1.66901885e+00  8.40719085e+01  1.20044298e-01  1.00000000e-03]
Likelihood gradient:
[ 2.17259180e+00 -4.29556778e-02  4.97233423e+02  0.00000000e+00]
Likelihood:
2946.885481972896


Hyperparameters:
[-1.67325187e+00  7.17106211e+01  1.19864707e-01  1.00000000e-03]
Likelihood gradient:
[ 2.79616231e+00 -3.17960389e-02  6.38582838e+02  0.00000000e+00]
Likelihood:
2947.2356225004523


Hyperparameters:
[-1.67487972e+00  4.85347706e+01  1.19825457e-01  1.00000000e-03]
Likelihood gradient:
[ 3.10325872e+00 -2.26891723e-02  7.36067575e+02  0.00000000e+00]
Likelihood:
2947.749560821193


Hyperparameters:
[-1.67338422e+00  9.74687866e+00  1.20033928e-01  1.00000000e-03]
Likelihood gradient:
[  2.54433677  -1.16010645 847.51355309   0.        ]
Likelihood:
2958.4859634292197


Hyperparameters:
[-1.66740222e+00 -1.45404689e+02  1.20867816e-01  1.00000000e-03]
Likelihood gradient:
[ 1.90420379e+00  6.02468887e-02 -8.85117802e+01  0.00000000e+00]
Likelihood:
2943.6287660485614


Hyperparameters:
[-1.67163035e+00 -3.57422247e+01  1.20278417e-01  1.00000000e-03]
Likelihood gradient:
[2.71959636e+00 7.57774605e-02 4.96103892e+02 0.00000000e+00]
Likelihood:
2948.575426213971


Hyperparameters:
[-1.67294769e+00 -1.57529309e+00  1.20094781e-01  1.00000000e-03]
Likelihood gradient:
[  2.48176738   4.42874322 830.62629513   0.        ]
Likelihood:
2978.520707602911


Hyperparameters:
[-1.67329325e+00  7.38728954e+00  1.20046610e-01  1.00000000e-03]
Likelihood gradient:
[  2.50878663  -1.59968558 849.19740947   0.        ]
Likelihood:
2961.710607182614


Hyperparameters:
[-1.67301805e+00  2.49673442e-01  1.20084973e-01  1.00000000e-03]
Likelihood gradient:
[   3.13589279  567.86787982 1111.95035709    0.        ]
Likelihood:
2911.2837440243247


Hyperparameters:
[-1.67294792e+00 -1.56939197e+00  1.20094750e-01  1.00000000e-03]
Likelihood gradient:
[  2.482652     4.41704603 830.66283804   0.        ]
Likelihood:
2978.546777369048


Hyperparameters:
[-1.67299420e+00 -3.68808797e-01  1.20088297e-01  1.00000000e-03]
Likelihood gradient:
[   2.94957715 -196.98221101  926.99629705    0.        ]
Likelihood:
2952.0468410729954


Hyperparameters:
[-1.67296293e+00 -1.18007731e+00  1.20092657e-01  1.00000000e-03]
Likelihood gradient:
[  2.52092895   2.08998064 833.55292007   0.        ]
Likelihood:
2979.9424148874505


Hyperparameters:
[-1.67296900e+00 -1.02266046e+00  1.20091811e-01  1.00000000e-03]
Likelihood gradient:
[  2.54743452  -0.84713791 835.41031612   0.        ]
Likelihood:
2980.0667724933


Hyperparameters:
[-1.67296724e+00 -1.06830912e+00  1.20092056e-01  1.00000000e-03]
Likelihood gradient:
[2.54025013e+00 2.28480361e-01 8.34791558e+02 0.00000000e+00]
Likelihood:
2980.0802305364814


Hyperparameters:
[-1.67296763e+00 -1.05795428e+00  1.20092001e-01  1.00000000e-03]
Likelihood gradient:
[2.53744252e+00 6.50130498e-03 8.34923866e+02 0.00000000e+00]
Likelihood:
2980.081405255527


Hyperparameters:
[-1.67041397e+00  8.71513849e-01  1.20498089e-01  1.00000000e-03]
Likelihood gradient:
[  2.32458937   6.63368592 558.04273978   0.        ]
Likelihood:
2979.844144706173


Hyperparameters:
[-1.67293543e+00 -1.03362298e+00  1.20097122e-01  1.00000000e-03]
Likelihood gradient:
[ 2.54114472e+00 -5.67786381e-01  8.31608288e+02  0.00000000e+00]
Likelihood:
2980.0790459901236


Hyperparameters:
[-1.67295696e+00 -1.04989268e+00  1.20093698e-01  1.00000000e-03]
Likelihood gradient:
[ 2.54035384e+00 -1.78010567e-01  8.33823365e+02  0.00000000e+00]
Likelihood:
2980.0821586924085


Hyperparameters:
[-1.67294647e+00 -1.04990319e+00  1.20095489e-01  1.00000000e-03]
Likelihood gradient:
[ 2.53753792e+00 -1.76225998e-01  8.32579310e+02  0.00000000e+00]
Likelihood:
2980.083684052064


Hyperparameters:
[-1.67290451e+00 -1.04994526e+00  1.20102653e-01  1.00000000e-03]
Likelihood gradient:
[ 2.53523530e+00 -1.76036390e-01  8.27606221e+02  0.00000000e+00]
Likelihood:
2980.089763263457


Hyperparameters:
[-1.67273664e+00 -1.05011352e+00  1.20131310e-01  1.00000000e-03]
Likelihood gradient:
[ 2.51895111e+00 -1.71665873e-01  8.07727564e+02  0.00000000e+00]
Likelihood:
2980.113721442721


Hyperparameters:
[-1.67206517e+00 -1.05078654e+00  1.20245937e-01  1.00000000e-03]
Likelihood gradient:
[ 2.45482008e+00 -1.55521773e-01  7.28449909e+02  0.00000000e+00]
Likelihood:
2980.2038335901734


Hyperparameters:
[-1.66700269e+00 -1.05258280e+00  1.20565899e-01  1.00000000e-03]
Likelihood gradient:
[ 1.81210592e+00 -1.10012831e-01  5.09986579e+02  0.00000000e+00]
Likelihood:
2980.4151350432667


Hyperparameters:
[-1.65338873e+00 -1.05690695e+00  1.21314771e-01  1.00000000e-03]
Likelihood gradient:
[ 1.98710802e-02 -3.62204369e-03  1.04335606e+01  0.00000000e+00]
Likelihood:
2980.6278490657796


Hyperparameters:
[-1.65320579e+00 -1.05706028e+00  1.21330296e-01  1.00000000e-03]
Likelihood gradient:
[ 0.00031096 -0.00196151  0.21505841  0.        ]
Likelihood:
2980.62801565287


Hyperparameters:
[-1.65320254e+00 -1.05714799e+00  1.21330637e-01  1.00000000e-03]
Likelihood gradient:
[-0.00384655  0.00286134 -0.01149026  0.        ]
Likelihood:
2980.628017037032


Hyperparameters:
[-1.65320423e+00 -1.05710235e+00  1.21330459e-01  1.00000000e-03]
Likelihood gradient:
[-0.0027722   0.00078795  0.10639218  0.        ]
Likelihood:
2980.6280163614338


Hyperparameters:
[-1.65321629e+00 -1.05709996e+00  1.21330678e-01  1.00000000e-03]
Likelihood gradient:
[ 9.96070668e-04 -2.59815915e-05 -4.07626342e-02  0.00000000e+00]
Likelihood:
2980.6280109772015


Hyperparameters:
[-1.65320425e+00 -1.05710235e+00  1.21330460e-01  1.00000000e-03]
Likelihood gradient:
[-0.00409286  0.00229796  0.10573776  0.        ]
Likelihood:
2980.628016390365


Hyperparameters:
[-1.65320428e+00 -1.05710234e+00  1.21330460e-01  1.00000000e-03]
Likelihood gradient:
[-0.00198276  0.00103038  0.10575485  0.        ]
Likelihood:
2980.6280163572264


Hyperparameters:
[-1.65320425e+00 -1.05710235e+00  1.21330460e-01  1.00000000e-03]
Likelihood gradient:
[-0.00306747  0.00168095  0.10594321  0.        ]
Likelihood:
2980.6280163693355


Hyperparameters:
[-1.65320425e+00 -1.05710235e+00  1.21330460e-01  1.00000000e-03]
Likelihood gradient:
[-0.00569643  0.00305811  0.10524314  0.        ]
Likelihood:
2980.628016412653


Hyperparameters:
[-1.65320425e+00 -1.05710235e+00  1.21330460e-01  1.00000000e-03]
Likelihood gradient:
[-0.00547748  0.00260263  0.10549363  0.        ]
Likelihood:
2980.6280163913198


Hyperparameters:
[-1.65320425e+00 -1.05710235e+00  1.21330460e-01  1.00000000e-03]
Likelihood gradient:
[-0.00569643  0.00305811  0.10524314  0.        ]
Likelihood:
2980.628016412653


Hyperparameters:
[-1.65321629e+00 -1.05709996e+00  1.21330678e-01  1.00000000e-03]
Likelihood gradient:
[ 0.00040278 -0.00040973 -0.04081381  0.        ]
Likelihood:
2980.628010964334


Hyperparameters:
[-1.65321026e+00 -1.05710116e+00  1.21330568e-01  1.00000000e-03]
Likelihood gradient:
[-0.00118958  0.00093222  0.0328052   0.        ]
Likelihood:
2980.62801370729


Hyperparameters:
[-1.65320724e+00 -1.05710175e+00  1.21330514e-01  1.00000000e-03]
Likelihood gradient:
[-0.00201319  0.00095763  0.06942371  0.        ]
Likelihood:
2980.6280150302573


Hyperparameters:
[-1.65320573e+00 -1.05710205e+00  1.21330487e-01  1.00000000e-03]
Likelihood gradient:
[-0.00368614  0.0023716   0.08759528  0.        ]
Likelihood:
2980.628015729306


Hyperparameters:
[-1.65320498e+00 -1.05710220e+00  1.21330473e-01  1.00000000e-03]
Likelihood gradient:
[-0.00494745  0.00232497  0.09674888  0.        ]
Likelihood:
2980.6280160690567


Hyperparameters:
[-1.65320460e+00 -1.05710227e+00  1.21330466e-01  1.00000000e-03]
Likelihood gradient:
[-0.00410873  0.00231071  0.10129698  0.        ]
Likelihood:
2980.628016236351


Hyperparameters:
[-1.65320442e+00 -1.05710231e+00  1.21330463e-01  1.00000000e-03]
Likelihood gradient:
[-0.0050287   0.00251676  0.10360622  0.        ]
Likelihood:
2980.6280163278425


Hyperparameters:
[-1.65320432e+00 -1.05710233e+00  1.21330461e-01  1.00000000e-03]
Likelihood gradient:
[-0.00376279  0.00181104  0.10469768  0.        ]
Likelihood:
2980.6280163135343


Hyperparameters:
[-1.65320427e+00 -1.05710234e+00  1.21330460e-01  1.00000000e-03]
Likelihood gradient:
[-0.00212039  0.00096271  0.1058467   0.        ]
Likelihood:
2980.6280163575157


Hyperparameters:
[-1.65320424e+00 -1.05710235e+00  1.21330460e-01  1.00000000e-03]
Likelihood gradient:
[-0.00114752  0.0001532   0.1066119   0.        ]
Likelihood:
2980.6280163411775


Hyperparameters:
[-1.65320424e+00 -1.05710235e+00  1.21330460e-01  1.00000000e-03]
Likelihood gradient:
[-0.0026624   0.00107358  0.10631136  0.        ]
Likelihood:
2980.628016395116


Hyperparameters:
[-1.65320424e+00 -1.05710235e+00  1.21330460e-01  1.00000000e-03]
Likelihood gradient:
[-0.00134313  0.00026166  0.10655676  0.        ]
Likelihood:
2980.6280164123827


Hyperparameters:
[-1.65320730e+00 -1.05711049e+00  1.21330760e-01  1.00000000e-03]
Likelihood gradient:
[-0.00384974  0.00228272 -0.09410605  0.        ]
Likelihood:
2980.6280149783643


Hyperparameters:
[-1.65320425e+00 -1.05710238e+00  1.21330461e-01  1.00000000e-03]
Likelihood gradient:
[-0.00220213  0.00062255  0.10566559  0.        ]
Likelihood:
2980.628016386132


Hyperparameters:
[-1.65320424e+00 -1.05710235e+00  1.21330460e-01  1.00000000e-03]
Likelihood gradient:
[-0.00251205  0.0006972   0.10619098  0.        ]
Likelihood:
2980.6280163798956


Hyperparameters:
[-1.65320424e+00 -1.05710235e+00  1.21330460e-01  1.00000000e-03]
Likelihood gradient:
[-0.00294575  0.00124628  0.10632006  0.        ]
Likelihood:
2980.628016392987


Hyperparameters:
[-1.65320730e+00 -1.05711049e+00  1.21330760e-01  1.00000000e-03]
Likelihood gradient:
[-0.00051571  0.00049602 -0.09300235  0.        ]
Likelihood:
2980.6280150303774


Hyperparameters:
[-1.65320577e+00 -1.05710642e+00  1.21330610e-01  1.00000000e-03]
Likelihood gradient:
[-0.00158438  0.00035731  0.00668367  0.        ]
Likelihood:
2980.6280156834837


Hyperparameters:
[-1.65320500e+00 -1.05710438e+00  1.21330535e-01  1.00000000e-03]
Likelihood gradient:
[-0.00286583  0.00154116  0.05622346  0.        ]
Likelihood:
2980.628016068318


Hyperparameters:
[-1.65320462e+00 -1.05710336e+00  1.21330497e-01  1.00000000e-03]
Likelihood gradient:
[-0.00237381  0.00131391  0.08125872  0.        ]
Likelihood:
2980.6280162288585


Hyperparameters:
[-1.65320443e+00 -1.05710286e+00  1.21330478e-01  1.00000000e-03]
Likelihood gradient:
[-0.00408691  0.00221101  0.09317067  0.        ]
Likelihood:
2980.6280162959356


Hyperparameters:
[-1.65320434e+00 -1.05710260e+00  1.21330469e-01  1.00000000e-03]
Likelihood gradient:
[-0.00259644  0.00059346  0.09987558  0.        ]
Likelihood:
2980.628016362707


Hyperparameters:
[-1.65320429e+00 -1.05710247e+00  1.21330464e-01  1.00000000e-03]
Likelihood gradient:
[-0.00327747  0.00120589  0.10285185  0.        ]
Likelihood:
2980.62801635942


Hyperparameters:
[-1.65320426e+00 -1.05710241e+00  1.21330462e-01  1.00000000e-03]
Likelihood gradient:
[-0.00277284  0.00038516  0.10494637  0.        ]
Likelihood:
2980.628016366598


Hyperparameters:
[-1.65320425e+00 -1.05710238e+00  1.21330461e-01  1.00000000e-03]
Likelihood gradient:
[-1.18111889e-03 -5.73429716e-05  1.05498115e-01  0.00000000e+00]
Likelihood:
2980.6280163744896


Hyperparameters:
[-1.65320425e+00 -1.05710236e+00  1.21330460e-01  1.00000000e-03]
Likelihood gradient:
[-0.00364397  0.00141232  0.10543868  0.        ]
Likelihood:
2980.628016377883


Hyperparameters:
[-1.65320424e+00 -1.05710235e+00  1.21330460e-01  1.00000000e-03]
Likelihood gradient:
[-0.00340974  0.0013662   0.10583798  0.        ]
Likelihood:
2980.6280163512647


Hyperparameters:
[-1.65320424e+00 -1.05710235e+00  1.21330460e-01  1.00000000e-03]
Likelihood gradient:
[-0.00082167 -0.00044467  0.10638609  0.        ]
Likelihood:
2980.6280163573592


Warning: stress not available
Precomputing KnK for hyps optimization
Done precomputing. Time: 0.007252216339111328
Hyperparameters:
[-1.65320424e+00 -1.05710235e+00  1.21330460e-01  1.00000000e-03]
Likelihood gradient:
[  17.86184551   -0.81760577 -480.70660903    0.        ]
Likelihood:
3248.289716806401


Hyperparameters:
[-1.61570112e+00 -1.05881901e+00 -8.87971561e-01  1.00000000e-03]
Likelihood gradient:
[5.04450292e+01 5.28938532e+00 5.88299679e+03 0.00000000e+00]
Likelihood:
-4676.301876219457


Hyperparameters:
[-1.65271459e+00 -1.05712476e+00  1.08152735e-01  1.00000000e-03]
Likelihood gradient:
[ 1.50460041e+01 -9.95321623e-01  1.18216859e+04  0.00000000e+00]
Likelihood:
3181.0932938772366


Hyperparameters:
[-1.65318067e+00 -1.05710343e+00  1.20696236e-01  1.00000000e-03]
Likelihood gradient:
[ 17.72693658  -0.82558085 -31.77617431   0.        ]
Likelihood:
3248.453284900099


Hyperparameters:
[-1.63457245e+00 -1.05797111e+00  1.20701764e-01  1.00000000e-03]
Likelihood gradient:
[ 15.24695082  -0.79915228 -31.81154241   0.        ]
Likelihood:
3248.7693718178743


Hyperparameters:
[-1.60268941e+00 -1.24835335e+00  1.20694470e-01  1.00000000e-03]
Likelihood gradient:
[ 10.63109463   2.54891794 -21.20592884   0.        ]
Likelihood:
3248.988206304837


Hyperparameters:
[-1.57211173e+00 -1.20247836e+00  1.20692587e-01  1.00000000e-03]
Likelihood gradient:
[  5.84525025   1.98199076 -11.87636027   0.        ]
Likelihood:
3249.3610459141455


Hyperparameters:
[-1.53227701e+00 -1.06309927e+00  1.20690469e-01  1.00000000e-03]
Likelihood gradient:
[-1.0383     -0.63719132  2.18004062  0.        ]
Likelihood:
3249.592945013039


Hyperparameters:
[-1.53824348e+00 -1.09711851e+00  1.20690691e-01  1.00000000e-03]
Likelihood gradient:
[ 0.03690635  0.15858103 -0.15903405  0.        ]
Likelihood:
3249.6004465073875


Hyperparameters:
[-1.53812003e+00 -1.09022926e+00  1.20690675e-01  1.00000000e-03]
Likelihood gradient:
[ 0.01680551  0.00609917 -0.02736853  0.        ]
Likelihood:
3249.6010814967885


Hyperparameters:
[-1.53801859e+00 -1.08995345e+00  1.20690679e-01  1.00000000e-03]
Likelihood gradient:
[-0.00030032  0.00012468  0.00214712  0.        ]
Likelihood:
3249.6011390809545


Hyperparameters:
[-1.53802036e+00 -1.08994772e+00  1.20690682e-01  1.00000000e-03]
Likelihood gradient:
[ 0.00291687 -0.00188312  0.00079223  0.        ]
Likelihood:
3249.6011381254048


Hyperparameters:
[-1.53801859e+00 -1.08995345e+00  1.20690679e-01  1.00000000e-03]
Likelihood gradient:
[ 0.00293769 -0.00251341  0.00327427  0.        ]
Likelihood:
3249.6011391004995


Hyperparameters:
[-1.53801859e+00 -1.08995345e+00  1.20690679e-01  1.00000000e-03]
Likelihood gradient:
[-0.00066248  0.0006616   0.00233935  0.        ]
Likelihood:
3249.601139102173


Hyperparameters:
[-1.53801859e+00 -1.08995345e+00  1.20690679e-01  1.00000000e-03]
Likelihood gradient:
[-6.93000580e-05 -6.54215214e-04  2.50100087e-03  0.00000000e+00]
Likelihood:
3249.6011391309785


Hyperparameters:
[-1.53801859e+00 -1.08995345e+00  1.20690679e-01  1.00000000e-03]
Likelihood gradient:
[ 0.00222371 -0.00131117  0.00288314  0.        ]
Likelihood:
3249.6011391509146


Hyperparameters:
[-1.53801859e+00 -1.08995345e+00  1.20690679e-01  1.00000000e-03]
Likelihood gradient:
[-8.59999271e-05 -1.90986272e-04  2.63950852e-03  0.00000000e+00]
Likelihood:
3249.6011391069987


Hyperparameters:
[-1.53802012e+00 -1.08995448e+00  1.20690683e-01  1.00000000e-03]
Likelihood gradient:
[ 0.00153539 -0.00094903 -0.00074947  0.        ]
Likelihood:
3249.6011382484594


Hyperparameters:
[-1.53801859e+00 -1.08995345e+00  1.20690679e-01  1.00000000e-03]
Likelihood gradient:
[-0.00204478  0.00092582  0.00200407  0.        ]
Likelihood:
3249.6011391143693


Hyperparameters:
[-1.53801859e+00 -1.08995345e+00  1.20690679e-01  1.00000000e-03]
Likelihood gradient:
[ 1.92500944e-05 -5.86319465e-04  2.17891180e-03  0.00000000e+00]
Likelihood:
3249.6011391134507


Hyperparameters:
[-1.53801859e+00 -1.08995345e+00  1.20690679e-01  1.00000000e-03]
Likelihood gradient:
[-0.0001397   0.0001995   0.00204003  0.        ]
Likelihood:
3249.6011391149823


Hyperparameters:
[-1.53801859e+00 -1.08995345e+00  1.20690683e-01  1.00000000e-03]
Likelihood gradient:
[ 0.0005854  -0.00089163  0.00014263  0.        ]
Likelihood:
3249.601139133756


Hyperparameters:
[-1.53801859e+00 -1.08995345e+00  1.20690682e-01  1.00000000e-03]
Likelihood gradient:
[-3.19227986e-03  1.81731141e-03 -9.80967889e-05  0.00000000e+00]
Likelihood:
3249.601139140106


Hyperparameters:
[-1.53801859e+00 -1.08995345e+00  1.20690683e-01  1.00000000e-03]
Likelihood gradient:
[-9.57210032e-04  1.99183365e-05  1.85884026e-04  0.00000000e+00]
Likelihood:
3249.601139073239


Hyperparameters:
[-1.53801859e+00 -1.08995345e+00  1.20690682e-01  1.00000000e-03]
Likelihood gradient:
[ 0.00196406 -0.00152718  0.00115876  0.        ]
Likelihood:
3249.6011391073116


Hyperparameters:
[-1.53801859e+00 -1.08995345e+00  1.20690682e-01  1.00000000e-03]
Likelihood gradient:
[ 0.00025193 -0.00018813  0.00065447  0.        ]
Likelihood:
3249.6011391313705


Hyperparameters:
[-1.53801859e+00 -1.08995345e+00  1.20690682e-01  1.00000000e-03]
Likelihood gradient:
[-0.00130988 -0.00031809  0.00024341  0.        ]
Likelihood:
3249.6011391123775


Hyperparameters:
[-1.53801859e+00 -1.08995345e+00  1.20690683e-01  1.00000000e-03]
Likelihood gradient:
[ 3.00823876e-04 -2.81806049e-04  3.67022876e-05  0.00000000e+00]
Likelihood:
3249.6011391273514


Hyperparameters:
[-1.53801859e+00 -1.08995345e+00  1.20690683e-01  1.00000000e-03]
Likelihood gradient:
[-0.00046606 -0.00069842 -0.00011442  0.        ]
Likelihood:
3249.601139115468


Hyperparameters:
[-1.53801859e+00 -1.08995345e+00  1.20690683e-01  1.00000000e-03]
Likelihood gradient:
[ 0.00052616 -0.00016988 -0.00035072  0.        ]
Likelihood:
3249.601139110002


Hyperparameters:
[-1.53801859e+00 -1.08995345e+00  1.20690683e-01  1.00000000e-03]
Likelihood gradient:
[-0.00032397 -0.00032524  0.00011144  0.        ]
Likelihood:
3249.601139117407


Hyperparameters:
[-1.53801859e+00 -1.08995345e+00  1.20690683e-01  1.00000000e-03]
Likelihood gradient:
[-0.00356093  0.00189619 -0.00087016  0.        ]
Likelihood:
3249.6011390852927


Hyperparameters:
[-1.53801859e+00 -1.08995345e+00  1.20690683e-01  1.00000000e-03]
Likelihood gradient:
[ 0.0003747  -0.00053432 -0.00010407  0.        ]
Likelihood:
3249.6011391288157


Hyperparameters:
[-1.53801859e+00 -1.08995345e+00  1.20690683e-01  1.00000000e-03]
Likelihood gradient:
[ 8.42200425e-05 -3.33985794e-04 -1.01880432e-05  0.00000000e+00]
Likelihood:
3249.6011390848307


Hyperparameters:
[-1.53801859e+00 -1.08995345e+00  1.20690683e-01  1.00000000e-03]
Likelihood gradient:
[ 0.00021977 -0.00040093  0.00013982  0.        ]
Likelihood:
3249.601139092476


Hyperparameters:
[-1.53801859e+00 -1.08995345e+00  1.20690683e-01  1.00000000e-03]
Likelihood gradient:
[ 0.00231976 -0.00157574  0.00025698  0.        ]
Likelihood:
3249.6011391283446


Hyperparameters:
[-1.53801859e+00 -1.08995345e+00  1.20690683e-01  1.00000000e-03]
Likelihood gradient:
[-1.97135194e-04 -3.63869609e-05 -4.53561523e-04  0.00000000e+00]
Likelihood:
3249.6011390643253


Warning: stress not available
Precomputing KnK for hyps optimization
Done precomputing. Time: 0.009961366653442383
Hyperparameters:
[-1.53801859e+00 -1.08995345e+00  1.20690683e-01  1.00000000e-03]
Likelihood gradient:
[-2.07308368e+01  2.29378141e+00 -6.63061418e+03  0.00000000e+00]
Likelihood:
3863.628963411259


Hyperparameters:
[-1.54117637e+00 -1.08960405e+00 -8.89304320e-01  1.00000000e-03]
Likelihood gradient:
[  51.03286441    6.34416669 6280.68139854    0.        ]
Likelihood:
-4984.447792069023


Hyperparameters:
[-1.53836374e+00 -1.08991526e+00  1.02968556e-02  1.00000000e-03]
Likelihood gradient:
[-4.81524187e+01 -1.16711550e+02  6.32502345e+07  0.00000000e+00]
Likelihood:
-308482.40900496853


Hyperparameters:
[-1.53812819e+00 -1.08994132e+00  8.56371432e-02  1.00000000e-03]
Likelihood gradient:
[-3.21698810e+01  2.05620282e+00  4.56943610e+04  0.00000000e+00]
Likelihood:
3421.4330650056636


Hyperparameters:
[-1.53804392e+00 -1.08995065e+00  1.12587858e-01  1.00000000e-03]
Likelihood gradient:
[ -23.40558631    2.23709757 -779.3263352     0.        ]
Likelihood:
3895.059806480909


Hyperparameters:
[-4.18276494e+00 -8.41799173e-01  1.11261177e-01  1.00000000e-03]
Likelihood gradient:
[ 51.64178834  -6.95855306 290.64563736   0.        ]
Likelihood:
3769.915276419635


Hyperparameters:
[-1.78560270e+00 -1.06672246e+00  1.12463674e-01  1.00000000e-03]
Likelihood gradient:
[  18.40263224    1.74618026 -729.68549509    0.        ]
Likelihood:
3895.123269836773


Hyperparameters:
[-1.78304463e+00 -1.02820744e+00  1.12444671e-01  1.00000000e-03]
Likelihood gradient:
[  18.10007725    0.87069414 -712.55786411    0.        ]
Likelihood:
3895.2355651245307


Hyperparameters:
[-1.77381347e+00 -1.02737347e+00  1.12361834e-01  1.00000000e-03]
Likelihood gradient:
[  16.97093474    0.8525638  -639.28653465    0.        ]
Likelihood:
3895.4576329547526


Hyperparameters:
[-1.73688884e+00 -1.02403762e+00  1.12030489e-01  1.00000000e-03]
Likelihood gradient:
[  12.17324607    0.77065793 -343.10854121    0.        ]
Likelihood:
3896.177204921516


Hyperparameters:
[-1.64027778e+00 -9.86068383e-01  1.11676468e-01  1.00000000e-03]
Likelihood gradient:
[-2.8395937  -0.28037985 -8.03603802  0.        ]
Likelihood:
3896.7744303576255


Hyperparameters:
[-1.65871247e+00 -9.97623962e-01  1.11656277e-01  1.00000000e-03]
Likelihood gradient:
[0.32358437 0.05916052 5.59123748 0.        ]
Likelihood:
3896.79018346625


Hyperparameters:
[-1.65685154e+00 -9.95340441e-01  1.11663609e-01  1.00000000e-03]
Likelihood gradient:
[ 0.0131752  -0.0067723  -0.52768825  0.        ]
Likelihood:
3896.7914191706113


Hyperparameters:
[-1.65675696e+00 -9.95645697e-01  1.11662948e-01  1.00000000e-03]
Likelihood gradient:
[-0.00691919  0.00510203  0.08306726  0.        ]
Likelihood:
3896.791463148462


Hyperparameters:
[-1.65678799e+00 -9.95510795e-01  1.11663015e-01  1.00000000e-03]
Likelihood gradient:
[ 0.00039422 -0.00011234  0.01691219  0.        ]
Likelihood:
3896.791449254344


Hyperparameters:
[-1.65675729e+00 -9.95644272e-01  1.11662948e-01  1.00000000e-03]
Likelihood gradient:
[-0.00439931  0.00388116  0.08251866  0.        ]
Likelihood:
3896.7914630033447


Hyperparameters:
[-1.65675696e+00 -9.95645682e-01  1.11662948e-01  1.00000000e-03]
Likelihood gradient:
[-0.00209545  0.00110614  0.08435982  0.        ]
Likelihood:
3896.7914631899403


Hyperparameters:
[-1.65676073e+00 -9.95650188e-01  1.11663052e-01  1.00000000e-03]
Likelihood gradient:
[-0.00414257  0.00406466 -0.01084874  0.        ]
Likelihood:
3896.7914614528872


Hyperparameters:
[-1.65675697e+00 -9.95645687e-01  1.11662948e-01  1.00000000e-03]
Likelihood gradient:
[-0.00401759  0.00299073  0.08364897  0.        ]
Likelihood:
3896.7914631769872


Hyperparameters:
[-1.65675696e+00 -9.95645682e-01  1.11662948e-01  1.00000000e-03]
Likelihood gradient:
[-0.00209527  0.0018891   0.08437548  0.        ]
Likelihood:
3896.7914631425774


Hyperparameters:
[-1.65675696e+00 -9.95645682e-01  1.11662948e-01  1.00000000e-03]
Likelihood gradient:
[-0.00516536  0.00348834  0.08323308  0.        ]
Likelihood:
3896.791463142701


Hyperparameters:
[-1.65676073e+00 -9.95650188e-01  1.11663052e-01  1.00000000e-03]
Likelihood gradient:
[-0.00175926  0.00195827 -0.01004888  0.        ]
Likelihood:
3896.7914614770234


Hyperparameters:
[-1.65675885e+00 -9.95647935e-01  1.11663000e-01  1.00000000e-03]
Likelihood gradient:
[-0.00466346  0.00459635  0.03609075  0.        ]
Likelihood:
3896.7914622671633


Hyperparameters:
[-1.65675790e+00 -9.95646808e-01  1.11662974e-01  1.00000000e-03]
Likelihood gradient:
[-0.0022223   0.00147008  0.06043499  0.        ]
Likelihood:
3896.7914627667324


Hyperparameters:
[-1.65675743e+00 -9.95646245e-01  1.11662961e-01  1.00000000e-03]
Likelihood gradient:
[-0.00413523  0.0032467   0.07186631  0.        ]
Likelihood:
3896.7914629145143


Hyperparameters:
[-1.65675720e+00 -9.95645963e-01  1.11662954e-01  1.00000000e-03]
Likelihood gradient:
[-0.00273228  0.00168603  0.07839675  0.        ]
Likelihood:
3896.7914629493916


Hyperparameters:
[-1.65675708e+00 -9.95645822e-01  1.11662951e-01  1.00000000e-03]
Likelihood gradient:
[7.70079735e-05 8.25989633e-05 8.19965209e-02 0.00000000e+00]
Likelihood:
3896.791463153593


Hyperparameters:
[-1.65675702e+00 -9.95645752e-01  1.11662949e-01  1.00000000e-03]
Likelihood gradient:
[-0.00320165  0.00264626  0.08238644  0.        ]
Likelihood:
3896.7914631499134


Hyperparameters:
[-1.65675699e+00 -9.95645717e-01  1.11662948e-01  1.00000000e-03]
Likelihood gradient:
[-0.00234502  0.00135049  0.08327322  0.        ]
Likelihood:
3896.7914631785115


Hyperparameters:
[-1.65675698e+00 -9.95645699e-01  1.11662948e-01  1.00000000e-03]
Likelihood gradient:
[-0.00143857  0.00077401  0.08407735  0.        ]
Likelihood:
3896.7914631742915


Hyperparameters:
[-1.65675697e+00 -9.95645690e-01  1.11662948e-01  1.00000000e-03]
Likelihood gradient:
[-0.00579777  0.00447859  0.08281694  0.        ]
Likelihood:
3896.7914631496315


Hyperparameters:
[-1.65675697e+00 -9.95645686e-01  1.11662948e-01  1.00000000e-03]
Likelihood gradient:
[-0.00209135  0.00156015  0.08403396  0.        ]
Likelihood:
3896.791463128515


Hyperparameters:
[-1.65675696e+00 -9.95645684e-01  1.11662948e-01  1.00000000e-03]
Likelihood gradient:
[-0.00279784  0.00210593  0.0838787   0.        ]
Likelihood:
3896.791463114707


Warning: stress not available
Precomputing KnK for hyps optimization
Done precomputing. Time: 0.011929750442504883
Hyperparameters:
[-1.65675696e+00 -9.95645682e-01  1.11662948e-01  1.00000000e-03]
Likelihood gradient:
[  -3.59322068    1.02023421 -116.08126936    0.        ]
Likelihood:
4157.7608816125285


Hyperparameters:
[-1.68800469e+00 -9.86773419e-01 -8.97814572e-01  1.00000000e-03]
Likelihood gradient:
[5.43974859e+01 6.23556748e+00 6.61533239e+03 0.00000000e+00]
Likelihood:
-5356.605703481153


Hyperparameters:
[-1.65684009e+00 -9.95622080e-01  1.08977603e-01  1.00000000e-03]
Likelihood gradient:
[-4.25117261e+00  9.94800399e-01  2.59411346e+03  0.00000000e+00]
Likelihood:
4154.507351021999


Hyperparameters:
[-1.65676067e+00 -9.95644628e-01  1.11543103e-01  1.00000000e-03]
Likelihood gradient:
[-3.62252587  1.01921361 -1.97814082  0.        ]
Likelihood:
4157.767974843055


Hyperparameters:
[-1.66042544e+00 -9.94613691e-01  1.11542169e-01  1.00000000e-03]
Likelihood gradient:
[-2.96587962  0.99015357 -1.99546525  0.        ]
Likelihood:
4157.779411156298


Hyperparameters:
[-1.65981298e+00 -9.69447395e-01  1.11542487e-01  1.00000000e-03]
Likelihood gradient:
[-3.06894047  0.22465897 -1.91079113  0.        ]
Likelihood:
4157.793299264993


Hyperparameters:
[-1.66869035e+00 -9.65871028e-01  1.11539153e-01  1.00000000e-03]
Likelihood gradient:
[-1.50042442  0.10428436 -0.87952998  0.        ]
Likelihood:
4157.810157723457


Hyperparameters:
[-1.67718471e+00 -9.62805529e-01  1.11536071e-01  1.00000000e-03]
Likelihood gradient:
[-0.03946696  0.00345259  0.0524512   0.        ]
Likelihood:
4157.813073786216


Hyperparameters:
[-1.67741395e+00 -9.62698809e-01  1.11536070e-01  1.00000000e-03]
Likelihood gradient:
[ 0.0027876  -0.00321994  0.00153125  0.        ]
Likelihood:
4157.812977130316


Hyperparameters:
[-1.67718827e+00 -9.62803872e-01  1.11536071e-01  1.00000000e-03]
Likelihood gradient:
[-0.04003622  0.00387084  0.05131567  0.        ]
Likelihood:
4157.813072446761


Hyperparameters:
[-1.67718477e+00 -9.62805502e-01  1.11536071e-01  1.00000000e-03]
Likelihood gradient:
[-0.0394997   0.00323187  0.05241724  0.        ]
Likelihood:
4157.813073779744


Hyperparameters:
[-1.67718472e+00 -9.62805528e-01  1.11536071e-01  1.00000000e-03]
Likelihood gradient:
[-0.04048154  0.00305331  0.05216884  0.        ]
Likelihood:
4157.813073833695


Hyperparameters:
[-1.67718472e+00 -9.62805528e-01  1.11536071e-01  1.00000000e-03]
Likelihood gradient:
[-0.03640482  0.0001957   0.05329977  0.        ]
Likelihood:
4157.813073872629


Hyperparameters:
[-1.67718954e+00 -9.62810058e-01  1.11536072e-01  1.00000000e-03]
Likelihood gradient:
[-0.03550638  0.00034833  0.05196003  0.        ]
Likelihood:
4157.813071916686


Hyperparameters:
[-1.67718478e+00 -9.62805591e-01  1.11536071e-01  1.00000000e-03]
Likelihood gradient:
[-0.03715569  0.00164069  0.05292401  0.        ]
Likelihood:
4157.813073826132


Hyperparameters:
[-1.67718472e+00 -9.62805528e-01  1.11536071e-01  1.00000000e-03]
Likelihood gradient:
[-0.04111647  0.00483142  0.05176506  0.        ]
Likelihood:
4157.813073823698


Hyperparameters:
[-1.67718472e+00 -9.62805528e-01  1.11536071e-01  1.00000000e-03]
Likelihood gradient:
[-0.04009305  0.00442614  0.05205987  0.        ]
Likelihood:
4157.813073877311


Hyperparameters:
[-1.67718472e+00 -9.62805528e-01  1.11536071e-01  1.00000000e-03]
Likelihood gradient:
[-0.03902309  0.00249266  0.05270638  0.        ]
Likelihood:
4157.813073877916


Hyperparameters:
[-1.67718472e+00 -9.62805528e-01  1.11536071e-01  1.00000000e-03]
Likelihood gradient:
[-0.04366382  0.00534355  0.05133884  0.        ]
Likelihood:
4157.813073820647


Hyperparameters:
[-1.67718472e+00 -9.62805528e-01  1.11536071e-01  1.00000000e-03]
Likelihood gradient:
[-0.03902309  0.00249266  0.05270638  0.        ]
Likelihood:
4157.813073877916


Hyperparameters:
[-1.67718472e+00 -9.62805528e-01  1.11536071e-01  1.00000000e-03]
Likelihood gradient:
[-0.03688594  0.00053747  0.05333472  0.        ]
Likelihood:
4157.81307385049


Hyperparameters:
[-1.67718472e+00 -9.62805528e-01  1.11536071e-01  1.00000000e-03]
Likelihood gradient:
[-0.03902309  0.00249266  0.05270638  0.        ]
Likelihood:
4157.813073877916


Hyperparameters:
[-1.67718472e+00 -9.62805528e-01  1.11536071e-01  1.00000000e-03]
Likelihood gradient:
[-0.03767058  0.00137296  0.05294858  0.        ]
Likelihood:
4157.8130738405


Hyperparameters:
[-1.67718472e+00 -9.62805528e-01  1.11536071e-01  1.00000000e-03]
Likelihood gradient:
[-0.03902309  0.00249266  0.05270638  0.        ]
Likelihood:
4157.813073877916


Hyperparameters:
[-1.67718472e+00 -9.62805528e-01  1.11536071e-01  1.00000000e-03]
Likelihood gradient:
[-0.03777427  0.00167966  0.0529278   0.        ]
Likelihood:
4157.81307384944


Hyperparameters:
[-1.67718472e+00 -9.62805528e-01  1.11536071e-01  1.00000000e-03]
Likelihood gradient:
[-0.03872516  0.00196718  0.05287722  0.        ]
Likelihood:
4157.813073836842


Hyperparameters:
[-1.67718954e+00 -9.62810058e-01  1.11536072e-01  1.00000000e-03]
Likelihood gradient:
[-0.03896265  0.00396444  0.05103987  0.        ]
Likelihood:
4157.813071883043


Hyperparameters:
[-1.67718713e+00 -9.62807793e-01  1.11536072e-01  1.00000000e-03]
Likelihood gradient:
[-0.04021454  0.00453873  0.05122986  0.        ]
Likelihood:
4157.813072852527


Hyperparameters:
[-1.67718592e+00 -9.62806660e-01  1.11536072e-01  1.00000000e-03]
Likelihood gradient:
[-0.03838745  0.00118012  0.05238259  0.        ]
Likelihood:
4157.813073400555


Hyperparameters:
[-1.67718532e+00 -9.62806094e-01  1.11536072e-01  1.00000000e-03]
Likelihood gradient:
[-0.03992828  0.00263631  0.05211689  0.        ]
Likelihood:
4157.813073670075


Hyperparameters:
[-1.67718502e+00 -9.62805811e-01  1.11536071e-01  1.00000000e-03]
Likelihood gradient:
[-0.03767435  0.00171955  0.05275925  0.        ]
Likelihood:
4157.813073712183


Hyperparameters:
[-1.67718487e+00 -9.62805669e-01  1.11536071e-01  1.00000000e-03]
Likelihood gradient:
[-0.03714348  0.00222945  0.05304227  0.        ]
Likelihood:
4157.8130737931115


Hyperparameters:
[-1.67718479e+00 -9.62805599e-01  1.11536071e-01  1.00000000e-03]
Likelihood gradient:
[-0.04295601  0.00584945  0.05130626  0.        ]
Likelihood:
4157.813073878364


Hyperparameters:
[-1.67718483e+00 -9.62805634e-01  1.11536071e-01  1.00000000e-03]
Likelihood gradient:
[-0.04295852  0.0048336   0.05154361  0.        ]
Likelihood:
4157.813073818517


Hyperparameters:
[-1.67718481e+00 -9.62805616e-01  1.11536071e-01  1.00000000e-03]
Likelihood gradient:
[-0.0376942  0.0023488  0.0526682  0.       ]
Likelihood:
4157.8130737934825


Hyperparameters:
[-1.67718480e+00 -9.62805607e-01  1.11536071e-01  1.00000000e-03]
Likelihood gradient:
[-0.04067912  0.00367209  0.05203192  0.        ]
Likelihood:
4157.813073864243


Hyperparameters:
[-1.67718480e+00 -9.62805603e-01  1.11536071e-01  1.00000000e-03]
Likelihood gradient:
[-0.03937687  0.00347788  0.05207866  0.        ]
Likelihood:
4157.813073822699


Hyperparameters:
[-1.67718480e+00 -9.62805601e-01  1.11536071e-01  1.00000000e-03]
Likelihood gradient:
[-0.03705622  0.00184087  0.05299119  0.        ]
Likelihood:
4157.813073835905


Warning: stress not available
Precomputing KnK for hyps optimization
Done precomputing. Time: 0.010114192962646484
Hyperparameters:
[-1.67718472e+00 -9.62805528e-01  1.11536071e-01  1.00000000e-03]
Likelihood gradient:
[ 10.50006632   2.17663108 119.38924087   0.        ]
Likelihood:
4421.140016061347


Hyperparameters:
[-1.58871320e+00 -9.44465658e-01  1.11748659e+00  1.00000000e-03]
Likelihood gradient:
[   53.23547121     6.85517426 -5686.60700139     0.        ]
Likelihood:
-7043.237803332109


Hyperparameters:
[-1.67699918e+00 -9.62767066e-01  1.13645692e-01  1.00000000e-03]
Likelihood gradient:
[   10.91707613     2.1839014  -1926.37943626     0.        ]
Likelihood:
4419.202270930418


Hyperparameters:
[-1.67717427e+00 -9.62803361e-01  1.11654915e-01  1.00000000e-03]
Likelihood gradient:
[10.52533685  2.17513287 -1.05452442  0.        ]
Likelihood:
4421.147160629114


Hyperparameters:
[-1.67585923e+00 -9.62531593e-01  1.11655188e-01  1.00000000e-03]
Likelihood gradient:
[10.31591688  2.16687589 -1.05245466  0.        ]
Likelihood:
4421.162037394584


Hyperparameters:
[-1.67059909e+00 -9.61444520e-01  1.11656278e-01  1.00000000e-03]
Likelihood gradient:
[ 9.47023875  2.13570939 -1.03352908  0.        ]
Likelihood:
4421.218768211958


Hyperparameters:
[-1.64955854e+00 -9.57096228e-01  1.11660638e-01  1.00000000e-03]
Likelihood gradient:
[ 5.96458547  2.00845268 -0.77481943  0.        ]
Likelihood:
4421.4001126342155


Hyperparameters:
[-1.65372936e+00 -6.90305273e-01  1.11656389e-01  1.00000000e-03]
Likelihood gradient:
[  6.68720015 -16.35285547   6.5130829    0.        ]
Likelihood:
4420.057500322977


Hyperparameters:
[-1.65033834e+00 -9.07215446e-01  1.11659843e-01  1.00000000e-03]
Likelihood gradient:
[6.10278521 0.29582139 0.19879382 0.        ]
Likelihood:
4421.4544120105475


Hyperparameters:
[-1.63256216e+00 -9.03159849e-01  1.11663814e-01  1.00000000e-03]
Likelihood gradient:
[2.9771605  0.13999523 0.36707539 0.        ]
Likelihood:
4421.544582518805


Hyperparameters:
[-1.61562836e+00 -8.99541847e-01  1.11668115e-01  1.00000000e-03]
Likelihood gradient:
[-0.13969389 -0.00991148  0.22064084  0.        ]
Likelihood:
4421.577231462963


Hyperparameters:
[-1.61638625e+00 -8.99796704e-01  1.11668146e-01  1.00000000e-03]
Likelihood gradient:
[ 5.78429458e-03 -8.92218786e-05 -3.26777827e-03  0.00000000e+00]
Likelihood:
4421.576914909401


Hyperparameters:
[-1.61566543e+00 -8.99554314e-01  1.11668116e-01  1.00000000e-03]
Likelihood gradient:
[-0.1332522  -0.00941815  0.20990481  0.        ]
Likelihood:
4421.57721859282


Hyperparameters:
[-1.61563027e+00 -8.99542489e-01  1.11668115e-01  1.00000000e-03]
Likelihood gradient:
[-0.13951669 -0.00875356  0.21985423  0.        ]
Likelihood:
4421.577230772924


Hyperparameters:
[-1.61562845e+00 -8.99541879e-01  1.11668115e-01  1.00000000e-03]
Likelihood gradient:
[-0.14412566 -0.00616993  0.21947201  0.        ]
Likelihood:
4421.577231347308


Hyperparameters:
[-1.61562836e+00 -8.99541848e-01  1.11668115e-01  1.00000000e-03]
Likelihood gradient:
[-0.1377887  -0.01279909  0.22163094  0.        ]
Likelihood:
4421.5772313987745


Hyperparameters:
[-1.61562836e+00 -8.99541847e-01  1.11668115e-01  1.00000000e-03]
Likelihood gradient:
[-0.13931043 -0.00845816  0.22058421  0.        ]
Likelihood:
4421.577231372425


Hyperparameters:
[-1.61562836e+00 -8.99541847e-01  1.11668115e-01  1.00000000e-03]
Likelihood gradient:
[-0.13447068 -0.01368519  0.22214109  0.        ]
Likelihood:
4421.577231459676


Hyperparameters:
[-1.61638625e+00 -8.99796704e-01  1.11668146e-01  1.00000000e-03]
Likelihood gradient:
[ 0.00042379  0.00268437 -0.00410603  0.        ]
Likelihood:
4421.5769149132575


Hyperparameters:
[-1.61572503e+00 -8.99574354e-01  1.11668119e-01  1.00000000e-03]
Likelihood gradient:
[-0.12270928 -0.00815433  0.19199791  0.        ]
Likelihood:
4421.5771972281655


Hyperparameters:
[-1.61564226e+00 -8.99546523e-01  1.11668116e-01  1.00000000e-03]
Likelihood gradient:
[-0.14145899 -0.00765701  0.21629233  0.        ]
Likelihood:
4421.577226675068


Hyperparameters:
[-1.61563040e+00 -8.99542533e-01  1.11668115e-01  1.00000000e-03]
Likelihood gradient:
[-0.14166969 -0.00669552  0.21955569  0.        ]
Likelihood:
4421.577230756773


Hyperparameters:
[-1.61562865e+00 -8.99541947e-01  1.11668115e-01  1.00000000e-03]
Likelihood gradient:
[-0.13744916 -0.01182583  0.22137557  0.        ]
Likelihood:
4421.577231333613


Hyperparameters:
[-1.61562839e+00 -8.99541860e-01  1.11668115e-01  1.00000000e-03]
Likelihood gradient:
[-0.14187961 -0.00809156  0.22024282  0.        ]
Likelihood:
4421.577231446789


Hyperparameters:
[-1.61562836e+00 -8.99541849e-01  1.11668115e-01  1.00000000e-03]
Likelihood gradient:
[-0.14350923 -0.00649036  0.21975319  0.        ]
Likelihood:
4421.577231404728


Hyperparameters:
[-1.61562836e+00 -8.99541848e-01  1.11668115e-01  1.00000000e-03]
Likelihood gradient:
[-0.1455431  -0.00552772  0.21964341  0.        ]
Likelihood:
4421.577231454055


Hyperparameters:
[-1.61562836e+00 -8.99541847e-01  1.11668115e-01  1.00000000e-03]
Likelihood gradient:
[-0.1397885  -0.00939781  0.22085371  0.        ]
Likelihood:
4421.577231419744


Hyperparameters:
[-1.61562836e+00 -8.99541847e-01  1.11668115e-01  1.00000000e-03]
Likelihood gradient:
[-0.14364007 -0.00697174  0.21998425  0.        ]
Likelihood:
4421.577231503783


Hyperparameters:
[-1.61562836e+00 -8.99541847e-01  1.11668115e-01  1.00000000e-03]
Likelihood gradient:
[-0.14247532 -0.00780537  0.22002518  0.        ]
Likelihood:
4421.577231436519


Hyperparameters:
[-1.61562836e+00 -8.99541847e-01  1.11668115e-01  1.00000000e-03]
Likelihood gradient:
[-0.14650369 -0.00379272  0.21916195  0.        ]
Likelihood:
4421.577231412239


Warning: stress not available
Precomputing KnK for hyps optimization
Done precomputing. Time: 0.013875246047973633
Hyperparameters:
[-1.61562836e+00 -8.99541847e-01  1.11668115e-01  1.00000000e-03]
Likelihood gradient:
[ 6.08292213e+00  4.62388463e-01 -3.01322747e+03  0.00000000e+00]
Likelihood:
4856.395050823956


Hyperparameters:
[-1.61358943e+00 -8.99386860e-01 -8.98329815e-01  1.00000000e-03]
Likelihood gradient:
[5.78713838e+01 6.50980040e+00 7.41051393e+03 0.00000000e+00]
Likelihood:
-5969.404931824608


Hyperparameters:
[-1.61552410e+00 -8.99533922e-01  6.00244322e-02  1.00000000e-03]
Likelihood gradient:
[-4.02673271e+00  4.97349983e-02  2.53741808e+05  0.00000000e+00]
Likelihood:
1208.716236661112


Hyperparameters:
[-1.61561404e+00 -8.99540759e-01  1.04574817e-01  1.00000000e-03]
Likelihood gradient:
[4.55939303e+00 4.00199202e-01 5.26464641e+03 0.00000000e+00]
Likelihood:
4850.007438183011


Hyperparameters:
[-1.61562271e+00 -8.99541418e-01  1.08872488e-01  1.00000000e-03]
Likelihood gradient:
[  5.48234738   0.43555591 -69.18501316   0.        ]
Likelihood:
4860.791376621446


Hyperparameters:
[-0.00204525 -0.77120277  0.10918343  0.001     ]
Likelihood gradient:
[-5.31872801e+06 -8.51961215e-01  1.70039834e+06  0.00000000e+00]
Likelihood:
-92452.7175144348


Hyperparameters:
[-1.08396760e+00 -8.57255317e-01  1.08974941e-01  1.00000000e-03]
Likelihood gradient:
[-244.20286707   -1.46480263  142.20817645    0.        ]
Likelihood:
4815.5271377781955


Hyperparameters:
[-1.58410324e+00 -8.97034463e-01  1.08878562e-01  1.00000000e-03]
Likelihood gradient:
[ -0.6898419    0.32989563 -68.84433993   0.        ]
Likelihood:
4860.884657960098


Hyperparameters:
[-1.59342346e+00 -5.54714378e-01  1.08814148e-01  1.00000000e-03]
Likelihood gradient:
[  1.23499524 -47.44701713  12.42353468   0.        ]
Likelihood:
4855.550447488702


Hyperparameters:
[-1.58456232e+00 -8.80173123e-01  1.08875389e-01  1.00000000e-03]
Likelihood gradient:
[ -0.60001892  -0.41322202 -65.23893213   0.        ]
Likelihood:
4860.884378871695


Hyperparameters:
[-1.58432105e+00 -8.89034539e-01  1.08877056e-01  1.00000000e-03]
Likelihood gradient:
[-6.51646870e-01 -9.86905457e-03 -6.71368899e+01  0.00000000e+00]
Likelihood:
4860.886103638497


Hyperparameters:
[-1.58583722e+00 -8.89145693e-01  1.08848292e-01  1.00000000e-03]
Likelihood gradient:
[-3.49850791e-01 -4.50297717e-03 -3.52114777e+01  0.00000000e+00]
Likelihood:
4860.887550791047


Hyperparameters:
[-1.58759578e+00 -8.89233748e-01  1.08816575e-01  1.00000000e-03]
Likelihood gradient:
[ 0.00669548 -0.00579917  0.02370814  0.        ]
Likelihood:
4860.887507077821


Hyperparameters:
[-1.58639714e+00 -8.89173729e-01  1.08838193e-01  1.00000000e-03]
Likelihood gradient:
[-2.32913491e-01 -7.71585356e-03 -2.39977801e+01  0.00000000e+00]
Likelihood:
4860.887724803375


Hyperparameters:
[-1.58689738e+00 -8.89352623e-01  1.08828459e-01  1.00000000e-03]
Likelihood gradient:
[-1.32371474e-01 -9.51681604e-04 -1.31763507e+01  0.00000000e+00]
Likelihood:
4860.887741488741


Hyperparameters:
[-1.58698870e+00 -8.89359246e-01  1.08826819e-01  1.00000000e-03]
Likelihood gradient:
[-1.15964205e-01  9.68297336e-04 -1.13546407e+01  0.00000000e+00]
Likelihood:
4860.887726247254


Hyperparameters:
[-1.58690988e+00 -8.89353530e-01  1.08828234e-01  1.00000000e-03]
Likelihood gradient:
[-1.32973046e-01  1.38107952e-03 -1.29275984e+01  0.00000000e+00]
Likelihood:
4860.887739759673


Hyperparameters:
[-1.58689915e+00 -8.89352752e-01  1.08828427e-01  1.00000000e-03]
Likelihood gradient:
[-1.36138259e-01  2.30544945e-03 -1.31416641e+01  0.00000000e+00]
Likelihood:
4860.887741231923


Hyperparameters:
[-1.58689763e+00 -8.89352641e-01  1.08828454e-01  1.00000000e-03]
Likelihood gradient:
[-1.36637715e-01  3.20086879e-03 -1.31722970e+01  0.00000000e+00]
Likelihood:
4860.887741512926


Hyperparameters:
[-1.58689782e+00 -8.89352655e-01  1.08828451e-01  1.00000000e-03]
Likelihood gradient:
[-1.37003932e-01  3.06474895e-03 -1.31686134e+01  0.00000000e+00]
Likelihood:
4860.887741431236


Hyperparameters:
[-1.58689764e+00 -8.89352642e-01  1.08828454e-01  1.00000000e-03]
Likelihood gradient:
[-1.32241033e-01 -1.59224857e-04 -1.31711841e+01  0.00000000e+00]
Likelihood:
4860.887741423612


Hyperparameters:
[-1.58689763e+00 -8.89352641e-01  1.08828454e-01  1.00000000e-03]
Likelihood gradient:
[-1.36629177e-01  2.03644778e-03 -1.31720545e+01  0.00000000e+00]
Likelihood:
4860.887741554949


Hyperparameters:
[-1.58689763e+00 -8.89352641e-01  1.08828454e-01  1.00000000e-03]
Likelihood gradient:
[-1.37242837e-01  4.09265494e-03 -1.31727786e+01  0.00000000e+00]
Likelihood:
4860.887741559187


Hyperparameters:
[-1.58689764e+00 -8.89352642e-01  1.08828454e-01  1.00000000e-03]
Likelihood gradient:
[-1.36463746e-01  2.11476546e-03 -1.31719235e+01  0.00000000e+00]
Likelihood:
4860.887741487544


Hyperparameters:
[-1.58689763e+00 -8.89352641e-01  1.08828454e-01  1.00000000e-03]
Likelihood gradient:
[-1.29800666e-01 -2.72753795e-03 -1.31704713e+01  0.00000000e+00]
Likelihood:
4860.887741475948


Hyperparameters:
[-1.58689763e+00 -8.89352641e-01  1.08828454e-01  1.00000000e-03]
Likelihood gradient:
[-1.39298082e-01  4.56574050e-03 -1.31730985e+01  0.00000000e+00]
Likelihood:
4860.887741524664


Hyperparameters:
[-1.58689763e+00 -8.89352641e-01  1.08828454e-01  1.00000000e-03]
Likelihood gradient:
[-1.36574798e-01  2.98930663e-03 -1.31723044e+01  0.00000000e+00]
Likelihood:
4860.887741590925


Hyperparameters:
[-1.58698870e+00 -8.89359246e-01  1.08826819e-01  1.00000000e-03]
Likelihood gradient:
[-1.15716406e-01  1.47186566e-03 -1.13547196e+01  0.00000000e+00]
Likelihood:
4860.887726279074


Hyperparameters:
[-1.58692884e+00 -8.89354905e-01  1.08827894e-01  1.00000000e-03]
Likelihood gradient:
[-1.30155167e-01  3.34243418e-03 -1.25495143e+01  0.00000000e+00]
Likelihood:
4860.887736755483


Hyperparameters:
[-1.58690680e+00 -8.89353306e-01  1.08828290e-01  1.00000000e-03]
Likelihood gradient:
[-1.28518625e-01 -2.10049309e-03 -1.29876266e+01  0.00000000e+00]
Likelihood:
4860.887740135071


Hyperparameters:
[-1.58690031e+00 -8.89352835e-01  1.08828406e-01  1.00000000e-03]
Likelihood gradient:
[-1.28950149e-01 -1.89094562e-03 -1.31173083e+01  0.00000000e+00]
Likelihood:
4860.887741197781


Hyperparameters:
[-1.58689839e+00 -8.89352696e-01  1.08828441e-01  1.00000000e-03]
Likelihood gradient:
[-1.33242983e-01 -5.29634095e-04 -1.31561282e+01  0.00000000e+00]
Likelihood:
4860.8877413947575


Hyperparameters:
[-1.58689773e+00 -8.89352648e-01  1.08828452e-01  1.00000000e-03]
Likelihood gradient:
[-1.37785306e-01  3.22815764e-03 -1.31704711e+01  0.00000000e+00]
Likelihood:
4860.887741517759


Hyperparameters:
[-1.58689806e+00 -8.89352672e-01  1.08828447e-01  1.00000000e-03]
Likelihood gradient:
[-1.34424924e-01  1.81398848e-03 -1.31637051e+01  0.00000000e+00]
Likelihood:
4860.887741415199


Hyperparameters:
[-1.58689782e+00 -8.89352655e-01  1.08828451e-01  1.00000000e-03]
Likelihood gradient:
[-1.35136735e-01  2.36837961e-03 -1.31686399e+01  0.00000000e+00]
Likelihood:
4860.887741465438


Hyperparameters:
[-1.58689774e+00 -8.89352650e-01  1.08828452e-01  1.00000000e-03]
Likelihood gradient:
[-1.35598938e-01  2.61415728e-03 -1.31698886e+01  0.00000000e+00]
Likelihood:
4860.887741554989


Hyperparameters:
[-1.58689775e+00 -8.89352650e-01  1.08828452e-01  1.00000000e-03]
Likelihood gradient:
[-1.35387997e-01  1.07840158e-03 -1.31693147e+01  0.00000000e+00]
Likelihood:
4860.88774142924


Hyperparameters:
[-1.58689775e+00 -8.89352650e-01  1.08828452e-01  1.00000000e-03]
Likelihood gradient:
[-1.35747455e-01  1.28189106e-03 -1.31698105e+01  0.00000000e+00]
Likelihood:
4860.887741457029


Hyperparameters:
[-1.58689775e+00 -8.89352650e-01  1.08828452e-01  1.00000000e-03]
Likelihood gradient:
[-1.35397008e-01  8.89235265e-04 -1.31696316e+01  0.00000000e+00]
Likelihood:
4860.887741532844


Warning: stress not available
Precomputing KnK for hyps optimization
Done precomputing. Time: 0.01496124267578125
Hyperparameters:
[-1.58689738e+00 -8.89352623e-01  1.08828459e-01  1.00000000e-03]
Likelihood gradient:
[  0.73471483  -5.19106663 344.99294041   0.        ]
Likelihood:
5109.171235955762


Hyperparameters:
[-1.58474668e+00 -9.04548215e-01  1.11871185e+00  1.00000000e-03]
Likelihood gradient:
[   57.50133499     6.55240158 -6321.97934455     0.        ]
Likelihood:
-7822.8024499579515


Hyperparameters:
[-1.58688601e+00 -8.89432976e-01  1.14168591e-01  1.00000000e-03]
Likelihood gradient:
[ 2.17215070e+00 -5.09727035e+00 -5.31410458e+03  0.00000000e+00]
Likelihood:
5095.29289422339


Hyperparameters:
[-1.58689676e+00 -8.89357019e-01  1.09120587e-01  1.00000000e-03]
Likelihood gradient:
[ 0.81720497 -5.18871014 -1.48180955  0.        ]
Likelihood:
5109.221321113868


Hyperparameters:
[-1.58390139e+00 -9.08383914e-01  1.09121167e-01  1.00000000e-03]
Likelihood gradient:
[ 0.19131249 -4.03230154 -1.63988658  0.        ]
Likelihood:
5109.311861729719


Hyperparameters:
[-1.66904485e+00 -9.57771862e-01  1.09100462e-01  1.00000000e-03]
Likelihood gradient:
[15.85994666 -1.52858994  1.79680333  0.        ]
Likelihood:
5108.694936684087


Hyperparameters:
[-1.59235977e+00 -9.13290246e-01  1.09119110e-01  1.00000000e-03]
Likelihood gradient:
[ 1.9257184  -3.75557952 -1.5565668   0.        ]
Likelihood:
5109.317628048604


Hyperparameters:
[-1.59195192e+00 -9.16182626e-01  1.09119106e-01  1.00000000e-03]
Likelihood gradient:
[ 1.84222957 -3.59418241 -1.48349344  0.        ]
Likelihood:
5109.329225082389


Hyperparameters:
[-1.59032054e+00 -9.27752146e-01  1.09119088e-01  1.00000000e-03]
Likelihood gradient:
[ 1.50496723 -2.96819487 -1.18457933  0.        ]
Likelihood:
5109.370702439308


Hyperparameters:
[-1.58579558e+00 -9.61577541e-01  1.09119096e-01  1.00000000e-03]
Likelihood gradient:
[ 0.5672846  -1.34042421 -0.38452628  0.        ]
Likelihood:
5109.449868257194


Hyperparameters:
[-1.58305691e+00 -9.89431166e-01  1.09119106e-01  1.00000000e-03]
Likelihood gradient:
[-0.00344555 -0.19602485  0.05959966  0.        ]
Likelihood:
5109.473129207308


Hyperparameters:
[-1.58307220e+00 -9.94201614e-01  1.09119110e-01  1.00000000e-03]
Likelihood gradient:
[-0.00175174 -0.01470709  0.00461082  0.        ]
Likelihood:
5109.473623150416


Hyperparameters:
[-1.58308117e+00 -9.94588620e-01  1.09119108e-01  1.00000000e-03]
Likelihood gradient:
[ 0.00473362 -0.00287636  0.00173587  0.        ]
Likelihood:
5109.473621467459


Hyperparameters:
[-1.58307396e+00 -9.94277518e-01  1.09119109e-01  1.00000000e-03]
Likelihood gradient:
[ 0.00102022 -0.01203176  0.00429913  0.        ]
Likelihood:
5109.4736232219875


Hyperparameters:
[-1.58307234e+00 -9.94289396e-01  1.09119110e-01  1.00000000e-03]
Likelihood gradient:
[ 1.27503933e-05 -1.28816687e-02  4.29179030e-03  0.00000000e+00]
Likelihood:
5109.47362426271


Hyperparameters:
[-1.58306587e+00 -9.94336911e-01  1.09119112e-01  1.00000000e-03]
Likelihood gradient:
[-0.00147465 -0.00998283  0.00295487  0.        ]
Likelihood:
5109.4736280937195


Hyperparameters:
[-1.58307367e+00 -9.94629964e-01  1.09119110e-01  1.00000000e-03]
Likelihood gradient:
[-1.69091810e-03  2.27513111e-03 -8.75052574e-05  0.00000000e+00]
Likelihood:
5109.473625366216


Hyperparameters:
[-1.58306683e+00 -9.94372833e-01  1.09119112e-01  1.00000000e-03]
Likelihood gradient:
[ 0.00038608 -0.0097715   0.0031876   0.        ]
Likelihood:
5109.473627917065


Hyperparameters:
[-1.58306599e+00 -9.94341548e-01  1.09119112e-01  1.00000000e-03]
Likelihood gradient:
[-0.00407199 -0.00803088  0.00228662  0.        ]
Likelihood:
5109.473628107458


Hyperparameters:
[-1.58306758e+00 -9.94344202e-01  1.09119111e-01  1.00000000e-03]
Likelihood gradient:
[-0.00013645 -0.01098333  0.00371261  0.        ]
Likelihood:
5109.473627227102


Hyperparameters:
[-1.58306600e+00 -9.94341561e-01  1.09119112e-01  1.00000000e-03]
Likelihood gradient:
[-0.00452083 -0.00792963  0.00247416  0.        ]
Likelihood:
5109.473628093869


Hyperparameters:
[-1.58306599e+00 -9.94341548e-01  1.09119112e-01  1.00000000e-03]
Likelihood gradient:
[-0.00187624 -0.01048604  0.00304491  0.        ]
Likelihood:
5109.473628071677


Hyperparameters:
[-1.58306599e+00 -9.94341548e-01  1.09119112e-01  1.00000000e-03]
Likelihood gradient:
[-0.00248552 -0.00893274  0.00308961  0.        ]
Likelihood:
5109.473628000718


Hyperparameters:
[-1.58306758e+00 -9.94344202e-01  1.09119111e-01  1.00000000e-03]
Likelihood gradient:
[-0.00159852 -0.0097263   0.00292526  0.        ]
Likelihood:
5109.4736272987175


Hyperparameters:
[-1.58306679e+00 -9.94342875e-01  1.09119112e-01  1.00000000e-03]
Likelihood gradient:
[-0.00046552 -0.01054694  0.00305133  0.        ]
Likelihood:
5109.473627650292


Hyperparameters:
[-1.58306639e+00 -9.94342211e-01  1.09119112e-01  1.00000000e-03]
Likelihood gradient:
[ 0.00083154 -0.01199793  0.00373647  0.        ]
Likelihood:
5109.473627868652


Hyperparameters:
[-1.58306619e+00 -9.94341879e-01  1.09119112e-01  1.00000000e-03]
Likelihood gradient:
[-0.00457067 -0.00825638  0.00220688  0.        ]
Likelihood:
5109.473628008065


Hyperparameters:
[-1.58306609e+00 -9.94341714e-01  1.09119112e-01  1.00000000e-03]
Likelihood gradient:
[-0.00210657 -0.00989591  0.00286273  0.        ]
Likelihood:
5109.47362800788


Hyperparameters:
[-1.58306604e+00 -9.94341631e-01  1.09119112e-01  1.00000000e-03]
Likelihood gradient:
[-0.00137884 -0.01018492  0.00324583  0.        ]
Likelihood:
5109.473628058586


Hyperparameters:
[-1.58306602e+00 -9.94341589e-01  1.09119112e-01  1.00000000e-03]
Likelihood gradient:
[ 0.00127863 -0.01184621  0.00393541  0.        ]
Likelihood:
5109.4736280953


Hyperparameters:
[-1.58306601e+00 -9.94341568e-01  1.09119112e-01  1.00000000e-03]
Likelihood gradient:
[-0.00187249 -0.00980014  0.00281936  0.        ]
Likelihood:
5109.473627965403


Hyperparameters:
[-1.58306600e+00 -9.94341558e-01  1.09119112e-01  1.00000000e-03]
Likelihood gradient:
[-0.00016588 -0.01076454  0.0036614   0.        ]
Likelihood:
5109.473628025782


Hyperparameters:
[-1.58306600e+00 -9.94341553e-01  1.09119112e-01  1.00000000e-03]
Likelihood gradient:
[-0.00104441 -0.01021832  0.00336387  0.        ]
Likelihood:
5109.473628051135


Hyperparameters:
[-1.58306600e+00 -9.94341550e-01  1.09119112e-01  1.00000000e-03]
Likelihood gradient:
[ 0.00112232 -0.0121272   0.00426233  0.        ]
Likelihood:
5109.47362797936


Hyperparameters:
[-1.58306600e+00 -9.94341549e-01  1.09119112e-01  1.00000000e-03]
Likelihood gradient:
[-1.82900831e-05 -1.10481775e-02  3.56689477e-03  0.00000000e+00]
Likelihood:
5109.473627980338


Warning: stress not available
Warning: stress not available
Warning: stress not available
Warning: stress not available
Warning: stress not available
Warning: stress not available
Warning: stress not available
Warning: stress not available
Warning: stress not available
Warning: stress not available
Warning: stress not available
Warning: stress not available
Warning: stress not available
Warning: stress not available
Warning: stress not available
Warning: stress not available
Warning: stress not available
Warning: stress not available
Warning: stress not available
Warning: stress not available
Warning: stress not available
Warning: stress not available
Warning: stress not available
Warning: stress not available
Warning: stress not available
Warning: stress not available
Warning: stress not available
Warning: stress not available
Warning: stress not available
Warning: stress not available
Warning: stress not available
Warning: stress not available
Warning: stress not available
Warning: stress not available
Warning: stress not available
Warning: stress not available
Warning: stress not available
Warning: stress not available
Warning: stress not available
Warning: stress not available
Warning: stress not available
Warning: stress not available
Warning: stress not available
Warning: stress not available
Warning: stress not available
Warning: stress not available
Warning: stress not available
Warning: stress not available
Warning: stress not available
Warning: stress not available
Warning: stress not available
Warning: stress not available
Warning: stress not available
Warning: stress not available
Warning: stress not available
Warning: stress not available
Warning: stress not available
Warning: stress not available
Warning: stress not available
Warning: stress not available
Warning: stress not available
Warning: stress not available
Warning: stress not available
Warning: stress not available
Warning: stress not available
Warning: stress not available
Warning: stress not available
Warning: stress not available
Warning: stress not available
Warning: stress not available
Warning: stress not available
Warning: stress not available
Warning: stress not available
Warning: stress not available
Warning: stress not available
Warning: stress not available
Warning: stress not available
Warning: stress not available
Warning: stress not available
Warning: stress not available
Warning: stress not available
Warning: stress not available
Warning: stress not available
Warning: stress not available
Warning: stress not available
Warning: stress not available
Warning: stress not available
Warning: stress not available
Warning: stress not available
Warning: stress not available
Warning: stress not available
Warning: stress not available
Warning: stress not available
Warning: stress not available
Warning: stress not available
Warning: stress not available
Warning: stress not available
Warning: stress not available
Warning: stress not available
Warning: stress not available
Warning: stress not available
Warning: stress not available
Warning: stress not available
Warning: stress not available
Warning: stress not available
Warning: stress not available
Warning: stress not available
Warning: stress not available
Warning: stress not available
Warning: stress not available
Warning: stress not available
Warning: stress not available
Warning: stress not available
Warning: stress not available
Warning: stress not available
Warning: stress not available
Warning: stress not available
Warning: stress not available
Warning: stress not available
Warning: stress not available
Warning: stress not available
Warning: stress not available
Warning: stress not available
Warning: stress not available
Warning: stress not available
Warning: stress not available
Warning: stress not available
Warning: stress not available
Warning: stress not available
Warning: stress not available
Warning: stress not available
Warning: stress not available
Warning: stress not available
Warning: stress not available
Warning: stress not available
Warning: stress not available
Warning: stress not available
Warning: stress not available
Warning: stress not available
Warning: stress not available
Warning: stress not available
Warning: stress not available
Warning: stress not available
Warning: stress not available
Warning: stress not available
Warning: stress not available
Warning: stress not available
Warning: stress not available
Warning: stress not available
Warning: stress not available
Warning: stress not available
Warning: stress not available
Warning: stress not available
Warning: stress not available
Warning: stress not available
Warning: stress not available
Warning: stress not available
Warning: stress not available
Warning: stress not available
Warning: stress not available
Warning: stress not available
Warning: stress not available
Warning: stress not available
Warning: stress not available
Warning: stress not available
