/var/spool/slurmd/job7908987/slurm_script: line 17: activate: No such file or directory

CondaError: Run 'conda init' before 'conda activate'


Intel MKL ERROR: Parameter 4 was incorrect on entry to DPOTRF.

Intel MKL ERROR: Parameter 6 was incorrect on entry to DGEMV .

Intel MKL ERROR: Parameter 6 was incorrect on entry to DGEMV .

Intel MKL ERROR: Parameter 6 was incorrect on entry to DGEMV .
/leonardo/pub/userexternal/sperego0/software/flare/flare_v1.3.3-fix/flare/md/fake.py:76: UserWarning: FakeMD runs out of frames.
  warnings.warn("FakeMD runs out of frames.")
Warning: stress not available
Warning: stress not available
Warning: stress not available
Warning: stress not available
Warning: stress not available
Warning: stress not available
Warning: stress not available
Warning: stress not available
Warning: stress not available
Warning: stress not available
Precomputing KnK for hyps optimization
Done precomputing. Time: 0.004675626754760742
Hyperparameters:
[2.e+00 1.e-01 5.e-02 1.e-03]
Likelihood gradient:
[3.10574153e+00 5.61018909e+03 2.20664378e+05 0.00000000e+00]
Likelihood:
429.8883367510334


Hyperparameters:
[2.00001421e+00 1.25670027e-01 1.05967373e+00 1.00000000e-03]
Likelihood gradient:
[  -32.36830686    60.13121385 -3942.50498454     0.        ]
Likelihood:
-4498.589024406522


Hyperparameters:
[2.00000458e+00 1.08266202e-01 3.75132775e-01 1.00000000e-03]
Likelihood gradient:
[   -25.27827719    867.96571842 -10134.15678245      0.        ]
Likelihood:
-322.546755246055


Hyperparameters:
[2.00000153e+00 1.02760686e-01 1.58585467e-01 1.00000000e-03]
Likelihood gradient:
[-1.13973011e+01  3.19858947e+03 -1.60997382e+04  0.00000000e+00]
Likelihood:
2538.6559456903933


Hyperparameters:
[1.99607818e+00 1.36953509e+00 1.45680003e-01 1.00000000e-03]
Likelihood gradient:
[-1.43497230e+01 -4.08014286e+00 -1.62490962e+04  0.00000000e+00]
Likelihood:
2949.483756086096


Hyperparameters:
[-1.15072747e+01  1.44621000e+00  1.38268235e-01  1.00000000e-03]
Likelihood gradient:
[ 1.84581555e+01 -4.12495016e+00 -1.57558687e+04  0.00000000e+00]
Likelihood:
2788.2059142596136


Hyperparameters:
[-5.35315008e-01  1.38390888e+00  1.44290563e-01  1.00000000e-03]
Likelihood gradient:
[-1.55565878e+03 -4.08259899e+00 -1.31280077e+04  0.00000000e+00]
Likelihood:
2557.4615388614784


Hyperparameters:
[1.98178100e+00 1.36961627e+00 1.45672155e-01 1.00000000e-03]
Likelihood gradient:
[-1.33529219e+01 -4.07959721e+00 -1.62463244e+04  0.00000000e+00]
Likelihood:
2949.81061796187


Hyperparameters:
[1.91642585e+00 1.36998737e+00 1.45636283e-01 1.00000000e-03]
Likelihood gradient:
[-8.35373048e+00 -4.07908539e+00 -1.62326565e+04  0.00000000e+00]
Likelihood:
2951.1128742281326


Hyperparameters:
[1.91368221e+00 1.37158843e+00 1.45434564e-01 1.00000000e-03]
Likelihood gradient:
[-8.08877218e+00 -4.07975785e+00 -1.62205005e+04  0.00000000e+00]
Likelihood:
2954.402452140963


Hyperparameters:
[1.90270762e+00 1.37799269e+00 1.44627690e-01 1.00000000e-03]
Likelihood gradient:
[-7.00880003e+00 -4.08361923e+00 -1.61700754e+04  0.00000000e+00]
Likelihood:
2967.528342804567


Hyperparameters:
[1.85880928e+00 1.40360971e+00 1.41400191e-01 1.00000000e-03]
Likelihood gradient:
[-2.35456086e+00 -4.09597471e+00 -1.59377111e+04  0.00000000e+00]
Likelihood:
3019.4644961052836


Hyperparameters:
[1.68321592e+00 1.50607779e+00 1.28490196e-01 1.00000000e-03]
Likelihood gradient:
[ 2.29773348e+01 -4.09979032e+00 -1.43734310e+04  0.00000000e+00]
Likelihood:
3214.3531253610345


Hyperparameters:
[1.91124725e+00 1.79619480e+00 9.17769595e-02 1.00000000e-03]
Likelihood gradient:
[ 3.76037101e+00 -3.90035315e+00  3.79300977e+03  0.00000000e+00]
Likelihood:
3509.741721091894


Hyperparameters:
[1.94093428e+00 1.73372158e+00 9.94895708e-02 1.00000000e-03]
Likelihood gradient:
[-1.08098866e+00 -3.96100595e+00 -3.24465169e+03  0.00000000e+00]
Likelihood:
3510.3164767404724


Hyperparameters:
[1.94070313e+00 1.73649887e+00 9.91284357e-02 1.00000000e-03]
Likelihood gradient:
[-9.80324342e-01 -3.95837682e+00 -2.97459133e+03  0.00000000e+00]
Likelihood:
3511.4288903512625


Hyperparameters:
[1.93977855e+00 1.74760805e+00 9.76838956e-02 1.00000000e-03]
Likelihood gradient:
[-5.75170521e-01 -3.94817202e+00 -1.84249088e+03  0.00000000e+00]
Likelihood:
3514.8752268882545


Hyperparameters:
[1.93911719e+00 1.76412881e+00 9.53498864e-02 1.00000000e-03]
Likelihood gradient:
[-6.01750400e-04 -3.93238809e+00  1.75934759e+02  0.00000000e+00]
Likelihood:
3516.8030338136095


Hyperparameters:
[1.93864297e+00 1.76102986e+00 9.55856743e-02 1.00000000e-03]
Likelihood gradient:
[-3.91343632e-03 -3.93532007e+00 -3.91985596e+01  0.00000000e+00]
Likelihood:
3516.831351452918


Hyperparameters:
[1.93862125e+00 1.75925042e+00 9.55994330e-02 1.00000000e-03]
Likelihood gradient:
[-4.98347296e-03 -3.93682370e+00 -5.16704165e+01  0.00000000e+00]
Likelihood:
3516.837733095719


Hyperparameters:
[1.93853435e+00 1.75213266e+00 9.56544675e-02 1.00000000e-03]
Likelihood gradient:
[-8.17626431e-03 -3.94342394e+00 -1.01470433e+02  0.00000000e+00]
Likelihood:
3516.861574935272


Hyperparameters:
[1.93842609e+00 1.73494642e+00 9.57207143e-02 1.00000000e-03]
Likelihood gradient:
[-1.10544398e-02 -3.95923873e+00 -1.61224116e+02  0.00000000e+00]
Likelihood:
3516.9207945408552


Hyperparameters:
[1.93799305e+00 1.66620146e+00 9.59857012e-02 1.00000000e-03]
Likelihood gradient:
[-2.48442769e-02 -4.01667619e+00 -3.98176609e+02  0.00000000e+00]
Likelihood:
3517.1208570397157


Hyperparameters:
[1.93738733e+00 1.49728615e+00 9.63743311e-02 1.00000000e-03]
Likelihood gradient:
[-4.67115291e-02 -4.10829542e+00 -7.39814933e+02  0.00000000e+00]
Likelihood:
3517.5870864708395


Hyperparameters:
[1.93661692e+00 1.17865622e+00 9.68707774e-02 1.00000000e-03]
Likelihood gradient:
[-7.39756951e-02 -3.75137650e+00 -1.16632228e+03  0.00000000e+00]
Likelihood:
3518.3950242429946


Hyperparameters:
[1.93578443e+00 5.74695320e-01 9.74141195e-02 1.00000000e-03]
Likelihood gradient:
[-7.60494365e-02  1.74286367e+01 -1.62061234e+03  0.00000000e+00]
Likelihood:
3516.813229032471


Hyperparameters:
[1.93630086e+00 9.49360360e-01 9.70770591e-02 1.00000000e-03]
Likelihood gradient:
[-8.01340012e-02 -2.06952078e+00 -1.34038779e+03  0.00000000e+00]
Likelihood:
3518.8462661195517


Hyperparameters:
[1.93680693e+00 8.03768846e-01 9.68081565e-02 1.00000000e-03]
Likelihood gradient:
[-6.49534799e-02  9.82663335e-01 -1.11326817e+03  0.00000000e+00]
Likelihood:
3519.286299111948


Hyperparameters:
[1.93814049e+00 8.25060582e-01 9.60284426e-02 1.00000000e-03]
Likelihood gradient:
[-3.39025601e-02  3.59770483e-01 -4.36220964e+02  0.00000000e+00]
Likelihood:
3519.9061001078953


Hyperparameters:
[1.93886314e+00 8.36840369e-01 9.55256308e-02 1.00000000e-03]
Likelihood gradient:
[2.19573421e-03 4.65583378e-02 1.52675911e+01 0.00000000e+00]
Likelihood:
3520.01469029506


Hyperparameters:
[1.93884639e+00 8.39123320e-01 9.55430007e-02 1.00000000e-03]
Likelihood gradient:
[ 3.49628704e-04 -1.25006621e-02 -5.29386521e-01  0.00000000e+00]
Likelihood:
3520.014857726257


Hyperparameters:
[1.93885097e+00 8.38607543e-01 9.55425395e-02 1.00000000e-03]
Likelihood gradient:
[-0.00045407  0.00128549 -0.11111565  0.        ]
Likelihood:
3520.0148604948618


Hyperparameters:
[1.93884708e+00 8.38655814e-01 9.55424086e-02 1.00000000e-03]
Likelihood gradient:
[ 0.0013734  -0.00088039  0.00835468  0.        ]
Likelihood:
3520.0148609495945


Warning: stress not available
Precomputing KnK for hyps optimization
Done precomputing. Time: 0.006281375885009766
Hyperparameters:
[1.93884708e+00 8.38655814e-01 9.55424086e-02 1.00000000e-03]
Likelihood gradient:
[-6.89141205e+00  1.35520280e+00  3.56364952e+03  0.00000000e+00]
Likelihood:
3730.6107226611803


Hyperparameters:
[1.93689394e+00 8.39039901e-01 1.10554045e+00 1.00000000e-03]
Likelihood gradient:
[-3.80005289e+01  2.03195095e-01 -4.20262055e+03  0.00000000e+00]
Likelihood:
-5119.015562472012


Hyperparameters:
[1.93872087e+00 8.38680633e-01 1.60808045e-01 1.00000000e-03]
Likelihood gradient:
[-1.84562349e+01  1.49012832e+00 -1.76920751e+04  0.00000000e+00]
Likelihood:
2937.4789046425703


Hyperparameters:
[1.93883801e+00 8.38657597e-01 1.00232477e-01 1.00000000e-03]
Likelihood gradient:
[   -7.79202123     1.36143248 -1090.72507987     0.        ]
Likelihood:
3735.9773202364604


Hyperparameters:
[5.80898190e-01 1.08226247e+00 1.00298690e-01 1.00000000e-03]
Likelihood gradient:
[ 1.78367112e+03 -2.43145913e+00  2.74020697e+03  0.00000000e+00]
Likelihood:
3260.6065844278946


Hyperparameters:
[1.62553606e+00 8.94861769e-01 1.00247754e-01 1.00000000e-03]
Likelihood gradient:
[ 3.68238923e+01 -1.67634048e-01 -1.01221983e+03  0.00000000e+00]
Likelihood:
3732.385538420779


Hyperparameters:
[1.86694887e+00 8.51554006e-01 1.00235982e-01 1.00000000e-03]
Likelihood gradient:
[-3.49971025e-01  9.63916920e-01 -1.07867772e+03  0.00000000e+00]
Likelihood:
3736.2981419387215


Hyperparameters:
[1.88197036e+00 1.14799967e+00 9.98952245e-02 1.00000000e-03]
Likelihood gradient:
[  -1.97217318   -3.49664761 -779.45881242    0.        ]
Likelihood:
3736.047939849188


Hyperparameters:
[1.87140953e+00 9.39584128e-01 1.00134794e-01 1.00000000e-03]
Likelihood gradient:
[-8.42246313e-01 -1.16410524e+00 -9.90347828e+02  0.00000000e+00]
Likelihood:
3736.3831051400566


Hyperparameters:
[1.87052710e+00 9.32746696e-01 9.99702828e-02 1.00000000e-03]
Likelihood gradient:
[-7.04786762e-01 -1.03351990e+00 -8.44181284e+02  0.00000000e+00]
Likelihood:
3736.542340936521


Hyperparameters:
[1.86896200e+00 9.13570331e-01 9.96140393e-02 1.00000000e-03]
Likelihood gradient:
[-4.44695668e-01 -6.41288063e-01 -5.23575644e+02  0.00000000e+00]
Likelihood:
3736.8033731689247


Hyperparameters:
[1.86621458e+00 8.82226182e-01 9.90323115e-02 1.00000000e-03]
Likelihood gradient:
[2.92720721e-03 1.00634979e-01 1.25236996e+01 0.00000000e+00]
Likelihood:
3736.962581635813


Hyperparameters:
[1.86618893e+00 8.86413080e-01 9.90460269e-02 1.00000000e-03]
Likelihood gradient:
[ 0.00227086 -0.0058281  -0.27062252  0.        ]
Likelihood:
3736.9628614312096


Hyperparameters:
[1.86621160e+00 8.86183025e-01 9.90457382e-02 1.00000000e-03]
Likelihood gradient:
[ 0.0014838  -0.00165469 -0.00765845  0.        ]
Likelihood:
3736.9628594254173


Hyperparameters:
[1.86619087e+00 8.86393459e-01 9.90460023e-02 1.00000000e-03]
Likelihood gradient:
[ 0.00293616 -0.00531242 -0.24855252  0.        ]
Likelihood:
3736.962861319258


Hyperparameters:
[1.86618913e+00 8.86411138e-01 9.90460245e-02 1.00000000e-03]
Likelihood gradient:
[ 0.00332847 -0.00715502 -0.26915833  0.        ]
Likelihood:
3736.9628613707628


Hyperparameters:
[1.86618894e+00 8.86413024e-01 9.90460269e-02 1.00000000e-03]
Likelihood gradient:
[ 0.00330441 -0.00726726 -0.2714683   0.        ]
Likelihood:
3736.96286143016


Hyperparameters:
[1.86618893e+00 8.86413077e-01 9.90460269e-02 1.00000000e-03]
Likelihood gradient:
[ 0.00313159 -0.00662862 -0.27123807  0.        ]
Likelihood:
3736.9628614850753


Hyperparameters:
[1.86618893e+00 8.86413077e-01 9.90460269e-02 1.00000000e-03]
Likelihood gradient:
[ 0.0036116  -0.00742907 -0.27132939  0.        ]
Likelihood:
3736.962861443625


Hyperparameters:
[1.86618893e+00 8.86413077e-01 9.90460269e-02 1.00000000e-03]
Likelihood gradient:
[ 0.0031534  -0.00645105 -0.27105528  0.        ]
Likelihood:
3736.962861515607


Hyperparameters:
[1.86621160e+00 8.86183025e-01 9.90457382e-02 1.00000000e-03]
Likelihood gradient:
[-0.00082809 -0.00013864 -0.00683839  0.        ]
Likelihood:
3736.962859403131


Hyperparameters:
[1.86619370e+00 8.86364735e-01 9.90459663e-02 1.00000000e-03]
Likelihood gradient:
[ 0.00243244 -0.00561876 -0.2155759   0.        ]
Likelihood:
3736.962861070131


Hyperparameters:
[1.86618990e+00 8.86403325e-01 9.90460147e-02 1.00000000e-03]
Likelihood gradient:
[ 0.00421164 -0.00739636 -0.26026936  0.        ]
Likelihood:
3736.962861376798


Hyperparameters:
[1.86618916e+00 8.86410764e-01 9.90460240e-02 1.00000000e-03]
Likelihood gradient:
[ 0.002927   -0.00682571 -0.26836096  0.        ]
Likelihood:
3736.9628614825324


Hyperparameters:
[1.86618929e+00 8.86409485e-01 9.90460224e-02 1.00000000e-03]
Likelihood gradient:
[ 0.00356501 -0.00765808 -0.26726242  0.        ]
Likelihood:
3736.9628613918703


Hyperparameters:
[1.86618923e+00 8.86410125e-01 9.90460232e-02 1.00000000e-03]
Likelihood gradient:
[ 0.00276956 -0.00686057 -0.26759263  0.        ]
Likelihood:
3736.9628614864378


Hyperparameters:
[1.86618926e+00 8.86409805e-01 9.90460228e-02 1.00000000e-03]
Likelihood gradient:
[ 0.00374219 -0.00708957 -0.26767066  0.        ]
Likelihood:
3736.962861407719


Hyperparameters:
[1.86618924e+00 8.86409965e-01 9.90460230e-02 1.00000000e-03]
Likelihood gradient:
[ 0.00342731 -0.00739782 -0.26781092  0.        ]
Likelihood:
3736.9628614409758


Hyperparameters:
[1.86618923e+00 8.86410045e-01 9.90460231e-02 1.00000000e-03]
Likelihood gradient:
[ 0.00398417 -0.00774375 -0.26828891  0.        ]
Likelihood:
3736.9628614889534


Hyperparameters:
[1.86618924e+00 8.86410005e-01 9.90460231e-02 1.00000000e-03]
Likelihood gradient:
[ 0.00368689 -0.00702625 -0.26763721  0.        ]
Likelihood:
3736.96286137672


Hyperparameters:
[1.86618924e+00 8.86410025e-01 9.90460231e-02 1.00000000e-03]
Likelihood gradient:
[ 0.00325645 -0.00665294 -0.26754224  0.        ]
Likelihood:
3736.962861379605


Hyperparameters:
[1.86618923e+00 8.86410035e-01 9.90460231e-02 1.00000000e-03]
Likelihood gradient:
[ 0.00286924 -0.00719967 -0.26778482  0.        ]
Likelihood:
3736.962861439162


Warning: stress not available
Precomputing KnK for hyps optimization
Done precomputing. Time: 0.005841970443725586
Hyperparameters:
[1.86618893e+00 8.86413080e-01 9.90460269e-02 1.00000000e-03]
Likelihood gradient:
[-6.30043002e+00  5.14617669e-01 -3.14787421e+03  0.00000000e+00]
Likelihood:
4261.995828661512


Hyperparameters:
[ 1.86416744e+00  8.86578195e-01 -9.10951937e-01  1.00000000e-03]
Likelihood gradient:
[-4.18917679e+01 -9.82907508e-01  5.53825424e+03  0.00000000e+00]
Likelihood:
-4592.632191843931


Hyperparameters:
[1.86606497e+00 8.86423206e-01 3.71076332e-02 1.00000000e-03]
Likelihood gradient:
[7.56745111e+00 1.21585249e+00 7.67031829e+05 0.00000000e+00]
Likelihood:
-5205.472661822765


Hyperparameters:
[1.86616074e+00 8.86415383e-01 8.49576101e-02 1.00000000e-03]
Likelihood gradient:
[-2.98327252e+00  5.17303019e-01  1.61854576e+04  0.00000000e+00]
Likelihood:
4187.0332516776325


Hyperparameters:
[1.86618309e+00 8.86413557e-01 9.61284764e-02 1.00000000e-03]
Likelihood gradient:
[  -5.62181703    0.51416258 -232.65227022    0.        ]
Likelihood:
4267.034349838683


Hyperparameters:
[5.67506475e-02 1.05349934e+00 9.64740335e-02 1.00000000e-03]
Likelihood gradient:
[ 2.04752490e+05 -3.19603366e+00  1.40957086e+05  0.00000000e+00]
Likelihood:
-7753.269188829512


Hyperparameters:
[1.28359049e+00 9.40211058e-01 9.62397372e-02 1.00000000e-03]
Likelihood gradient:
[144.71782074  -0.64998347 -32.98198389   0.        ]
Likelihood:
4237.635830333356


Hyperparameters:
[1.81806630e+00 8.90856736e-01 9.61376655e-02 1.00000000e-03]
Likelihood gradient:
[-9.74453519e-03  3.99007083e-01 -2.30628913e+02  0.00000000e+00]
Likelihood:
4267.179226726492


Hyperparameters:
[1.82638677e+00 1.29329958e+00 9.59033832e-02 1.00000000e-03]
Likelihood gradient:
[-1.02604411 -4.27692843 21.07393994  0.        ]
Likelihood:
4266.101393986606


Hyperparameters:
[1.81854273e+00 9.13900706e-01 9.61242505e-02 1.00000000e-03]
Likelihood gradient:
[-7.04127242e-02 -2.16459365e-01 -2.16304374e+02  0.00000000e+00]
Likelihood:
4267.1840764318895


Hyperparameters:
[1.81851518e+00 9.12357883e-01 9.60805135e-02 1.00000000e-03]
Likelihood gradient:
[-5.60678681e-02 -1.76969573e-01 -1.69138356e+02  0.00000000e+00]
Likelihood:
4267.192816601649


Hyperparameters:
[1.81842964e+00 9.07993354e-01 9.59807256e-02 1.00000000e-03]
Likelihood gradient:
[-1.75452910e-02 -6.56194902e-02 -6.11194612e+01  0.00000000e+00]
Likelihood:
4267.204860588505


Hyperparameters:
[1.81841800e+00 9.05424855e-01 9.59242500e-02 1.00000000e-03]
Likelihood gradient:
[-0.00186626  0.00148689  0.25396591  0.        ]
Likelihood:
4267.20666734798


Hyperparameters:
[1.81840136e+00 9.05481125e-01 9.59244883e-02 1.00000000e-03]
Likelihood gradient:
[ 0.00259747 -0.00178619 -0.00143343  0.        ]
Likelihood:
4267.206669779983


Hyperparameters:
[1.81841196e+00 9.05449970e-01 9.59245088e-02 1.00000000e-03]
Likelihood gradient:
[-0.00057465  0.00099563 -0.02593597  0.        ]
Likelihood:
4267.2066682461955


Hyperparameters:
[1.81840146e+00 9.05480848e-01 9.59244885e-02 1.00000000e-03]
Likelihood gradient:
[ 2.73858521e-04  3.43264558e-05 -8.14394763e-04  0.00000000e+00]
Likelihood:
4267.206669872219


Hyperparameters:
[1.81840344e+00 9.05483376e-01 9.59244877e-02 1.00000000e-03]
Likelihood gradient:
[ 0.0014716  -0.00016605 -0.00104502  0.        ]
Likelihood:
4267.206669520512


Hyperparameters:
[1.81840146e+00 9.05480849e-01 9.59244885e-02 1.00000000e-03]
Likelihood gradient:
[ 0.00102219 -0.00023466 -0.00127948  0.        ]
Likelihood:
4267.206669712021


Hyperparameters:
[1.81840146e+00 9.05480848e-01 9.59244885e-02 1.00000000e-03]
Likelihood gradient:
[ 0.00116643 -0.00023003 -0.00150577  0.        ]
Likelihood:
4267.206669841753


Hyperparameters:
[1.81840146e+00 9.05480848e-01 9.59244885e-02 1.00000000e-03]
Likelihood gradient:
[ 0.00161455 -0.00068458 -0.00167889  0.        ]
Likelihood:
4267.20666977724


Hyperparameters:
[1.81840344e+00 9.05483376e-01 9.59244877e-02 1.00000000e-03]
Likelihood gradient:
[ 0.00106632  0.00032781 -0.00080006  0.        ]
Likelihood:
4267.206669497922


Hyperparameters:
[1.81840245e+00 9.05482112e-01 9.59244881e-02 1.00000000e-03]
Likelihood gradient:
[ 0.00062005 -0.00039114 -0.00103657  0.        ]
Likelihood:
4267.206669650981


Hyperparameters:
[1.81840195e+00 9.05481480e-01 9.59244883e-02 1.00000000e-03]
Likelihood gradient:
[ 9.34145587e-04  2.83255690e-05 -1.24472209e-03  0.00000000e+00]
Likelihood:
4267.206669793866


Hyperparameters:
[1.81840171e+00 9.05481164e-01 9.59244884e-02 1.00000000e-03]
Likelihood gradient:
[ 0.0016158  -0.00035397 -0.00120231  0.        ]
Likelihood:
4267.206669868686


Hyperparameters:
[1.81840159e+00 9.05481013e-01 9.59244884e-02 1.00000000e-03]
Likelihood gradient:
[ 0.00170796 -0.00062402 -0.00149106  0.        ]
Likelihood:
4267.206669810184


Hyperparameters:
[1.81840152e+00 9.05480931e-01 9.59244885e-02 1.00000000e-03]
Likelihood gradient:
[ 0.00115509 -0.00051753 -0.00132415  0.        ]
Likelihood:
4267.2066698171275


Hyperparameters:
[1.81840149e+00 9.05480889e-01 9.59244885e-02 1.00000000e-03]
Likelihood gradient:
[ 0.00200945 -0.00151721 -0.00155071  0.        ]
Likelihood:
4267.20666984751


Hyperparameters:
[1.81840147e+00 9.05480869e-01 9.59244885e-02 1.00000000e-03]
Likelihood gradient:
[ 1.38803924e-03  1.59873558e-05 -1.19409287e-03  0.00000000e+00]
Likelihood:
4267.20666983935


Hyperparameters:
[1.81840146e+00 9.05480859e-01 9.59244885e-02 1.00000000e-03]
Likelihood gradient:
[ 0.00196786 -0.00112279 -0.00180516  0.        ]
Likelihood:
4267.206669882946


Hyperparameters:
[1.81840147e+00 9.05480864e-01 9.59244885e-02 1.00000000e-03]
Likelihood gradient:
[ 0.00023314  0.00057758 -0.00081366  0.        ]
Likelihood:
4267.206669811389


Hyperparameters:
[1.81840147e+00 9.05480861e-01 9.59244885e-02 1.00000000e-03]
Likelihood gradient:
[ 0.00207597 -0.00108185 -0.00148322  0.        ]
Likelihood:
4267.206669737261


Hyperparameters:
[1.81840147e+00 9.05480860e-01 9.59244885e-02 1.00000000e-03]
Likelihood gradient:
[-0.00032022  0.00035554 -0.0007008   0.        ]
Likelihood:
4267.206669799867


Warning: stress not available
Precomputing KnK for hyps optimization
Done precomputing. Time: 0.0070438385009765625
Hyperparameters:
[1.81840146e+00 9.05480848e-01 9.59244885e-02 1.00000000e-03]
Likelihood gradient:
[-9.36515015e+00 -5.17989961e-01 -1.32379719e+03  0.00000000e+00]
Likelihood:
4714.842815120244


Hyperparameters:
[ 1.81125643e+00  9.05085654e-01 -9.14050161e-01  1.00000000e-03]
Likelihood gradient:
[-4.34437224e+01 -1.98530026e+00  5.98972841e+03  0.00000000e+00]
Likelihood:
-4983.243052053929


Hyperparameters:
[1.81821140e+00 9.05470336e-01 6.90596739e-02 1.00000000e-03]
Likelihood gradient:
[-4.06410349e+00 -4.64776793e-01  6.96676196e+04  0.00000000e+00]
Likelihood:
4033.4942903200117


Hyperparameters:
[1.81839322e+00 9.05480393e-01 9.47604374e-02 1.00000000e-03]
Likelihood gradient:
[-9.13397444 -0.51579567 45.99425813  0.        ]
Likelihood:
4715.594746065921


Hyperparameters:
[1.65277407e+00 8.96134483e-01 9.47891105e-02 1.00000000e-03]
Likelihood gradient:
[15.4103376  -0.2252592  52.65300857  0.        ]
Likelihood:
4715.254961978455


Hyperparameters:
[1.74837314e+00 9.01529151e-01 9.47725598e-02 1.00000000e-03]
Likelihood gradient:
[-3.87203817e-02 -3.96477148e-01  4.65415401e+01  0.00000000e+00]
Likelihood:
4715.938907372886


Hyperparameters:
[1.75304200e+00 5.04876332e-01 9.48120381e-02 1.00000000e-03]
Likelihood gradient:
[-0.5194466  46.72943986  3.01061589  0.        ]
Likelihood:
4710.429564095016


Hyperparameters:
[1.74885159e+00 8.60881130e-01 9.47766054e-02 1.00000000e-03]
Likelihood gradient:
[-0.10024459  0.86079553 41.58036716  0.        ]
Likelihood:
4715.930486572122


Hyperparameters:
[1.74853364e+00 8.87893525e-01 9.47739169e-02 1.00000000e-03]
Likelihood gradient:
[-5.89524754e-02 -6.39671680e-03  4.48742690e+01  0.00000000e+00]
Likelihood:
4715.941705001005


Hyperparameters:
[1.74801176e+00 8.87676255e-01 9.48125836e-02 1.00000000e-03]
Likelihood gradient:
[ 5.76051251e-03  1.05672611e-03 -1.82957919e+00  0.00000000e+00]
Likelihood:
4715.942638186954


Hyperparameters:
[1.74805695e+00 8.87711390e-01 9.48110678e-02 1.00000000e-03]
Likelihood gradient:
[-0.00266718  0.00165711 -0.00543611  0.        ]
Likelihood:
4715.942632113005


Hyperparameters:
[1.74801480e+00 8.87678624e-01 9.48124814e-02 1.00000000e-03]
Likelihood gradient:
[ 4.42045196e-03  1.51990462e-03 -1.70617173e+00  0.00000000e+00]
Likelihood:
4715.942637926697


Hyperparameters:
[1.74801200e+00 8.87676448e-01 9.48125753e-02 1.00000000e-03]
Likelihood gradient:
[ 0.00408512  0.00245709 -1.81895087  0.        ]
Likelihood:
4715.942638202667


Hyperparameters:
[1.74801385e+00 8.87677884e-01 9.48125134e-02 1.00000000e-03]
Likelihood gradient:
[ 5.75871270e-03 -2.04147981e-04 -1.74522162e+00  0.00000000e+00]
Likelihood:
4715.942637951817


Hyperparameters:
[1.74801211e+00 8.87676532e-01 9.48125717e-02 1.00000000e-03]
Likelihood gradient:
[ 4.43055117e-03  1.57249879e-03 -1.81442499e+00  0.00000000e+00]
Likelihood:
4715.94263816214


Hyperparameters:
[1.74801201e+00 8.87676450e-01 9.48125752e-02 1.00000000e-03]
Likelihood gradient:
[ 5.80004235e-03  2.64664132e-04 -1.81970860e+00  0.00000000e+00]
Likelihood:
4715.942638186047


Hyperparameters:
[1.74801200e+00 8.87676448e-01 9.48125753e-02 1.00000000e-03]
Likelihood gradient:
[ 5.49171841e-03  6.59738323e-04 -1.81961995e+00  0.00000000e+00]
Likelihood:
4715.942638190489


Hyperparameters:
[1.74801200e+00 8.87676448e-01 9.48125753e-02 1.00000000e-03]
Likelihood gradient:
[ 5.61681284e-03  7.73009662e-04 -1.81968941e+00  0.00000000e+00]
Likelihood:
4715.9426381994745


Hyperparameters:
[1.74805695e+00 8.87711390e-01 9.48110678e-02 1.00000000e-03]
Likelihood gradient:
[-0.00073392 -0.00035467 -0.00657584  0.        ]
Likelihood:
4715.942632228565


Hyperparameters:
[1.74801944e+00 8.87682230e-01 9.48123259e-02 1.00000000e-03]
Likelihood gradient:
[ 4.02074327e-03  1.26386794e-03 -1.51919829e+00  0.00000000e+00]
Likelihood:
4715.942637465682


Hyperparameters:
[1.74801337e+00 8.87677510e-01 9.48125295e-02 1.00000000e-03]
Likelihood gradient:
[ 4.32199892e-03  1.68957898e-03 -1.76393770e+00  0.00000000e+00]
Likelihood:
4715.942638155273


Hyperparameters:
[1.74801234e+00 8.87676708e-01 9.48125641e-02 1.00000000e-03]
Likelihood gradient:
[ 5.53882725e-03  4.31518283e-04 -1.80617937e+00  0.00000000e+00]
Likelihood:
4715.942638244935


Hyperparameters:
[1.74801263e+00 8.87676933e-01 9.48125544e-02 1.00000000e-03]
Likelihood gradient:
[ 4.35583911e-03  1.39677015e-03 -1.79389645e+00  0.00000000e+00]
Likelihood:
4715.942638087054


Hyperparameters:
[1.74801248e+00 8.87676821e-01 9.48125592e-02 1.00000000e-03]
Likelihood gradient:
[ 4.27389810e-03  1.62975573e-03 -1.79956935e+00  0.00000000e+00]
Likelihood:
4715.942638141722


Hyperparameters:
[1.74801241e+00 8.87676764e-01 9.48125617e-02 1.00000000e-03]
Likelihood gradient:
[ 4.86728601e-03  1.54438650e-03 -1.80238128e+00  0.00000000e+00]
Likelihood:
4715.94263811215


Hyperparameters:
[1.74801237e+00 8.87676736e-01 9.48125629e-02 1.00000000e-03]
Likelihood gradient:
[ 4.98520879e-03  1.12664412e-03 -1.80453148e+00  0.00000000e+00]
Likelihood:
4715.942638211272


Hyperparameters:
[1.74801236e+00 8.87676722e-01 9.48125635e-02 1.00000000e-03]
Likelihood gradient:
[ 5.36153192e-03  1.07343670e-03 -1.80508074e+00  0.00000000e+00]
Likelihood:
4715.942638120809


Hyperparameters:
[1.74801235e+00 8.87676715e-01 9.48125638e-02 1.00000000e-03]
Likelihood gradient:
[ 5.54289272e-03  9.96637210e-04 -1.80572544e+00  0.00000000e+00]
Likelihood:
4715.942638199445


Hyperparameters:
[1.74801234e+00 8.87676712e-01 9.48125639e-02 1.00000000e-03]
Likelihood gradient:
[ 5.64192441e-03 -1.77121491e-05 -1.80625280e+00  0.00000000e+00]
Likelihood:
4715.942638108147


Hyperparameters:
[1.74801234e+00 8.87676710e-01 9.48125640e-02 1.00000000e-03]
Likelihood gradient:
[ 4.83395346e-03  1.78131722e-03 -1.80535894e+00  0.00000000e+00]
Likelihood:
4715.942638196404


Warning: stress not available
Precomputing KnK for hyps optimization
Done precomputing. Time: 0.007607460021972656
Hyperparameters:
[1.74801176e+00 8.87676255e-01 9.48125836e-02 1.00000000e-03]
Likelihood gradient:
[  -3.26808779    3.5060943  -357.03653048    0.        ]
Likelihood:
5121.059101344481


Hyperparameters:
[ 1.73876768e+00  8.97593549e-01 -9.15096419e-01  1.00000000e-03]
Likelihood gradient:
[-4.37178769e+01 -2.22276991e+00  6.45070455e+03  0.00000000e+00]
Likelihood:
-5362.499356198254


Hyperparameters:
[1.74794639e+00 8.87746382e-01 8.76713175e-02 1.00000000e-03]
Likelihood gradient:
[-1.78696228e+00  3.58806952e+00  1.09029115e+04  0.00000000e+00]
Likelihood:
5085.970251653322


Hyperparameters:
[1.74800938e+00 8.87678806e-01 9.45528422e-02 1.00000000e-03]
Likelihood gradient:
[ -3.21403581   3.50804633 -18.35842172   0.        ]
Likelihood:
5121.107971897247


Hyperparameters:
[1.73399455e+00 9.02990085e-01 9.45549290e-02 1.00000000e-03]
Likelihood gradient:
[ -1.16909854   2.87315369 -18.32418406   0.        ]
Likelihood:
5121.189872538174


Hyperparameters:
[1.75373242e+00 9.68577532e-01 9.45509999e-02 1.00000000e-03]
Likelihood gradient:
[ -4.03355303   0.64229033 -17.9128188    0.        ]
Likelihood:
5121.246247607569


Hyperparameters:
[1.72821106e+00 9.85342482e-01 9.45416275e-02 1.00000000e-03]
Likelihood gradient:
[-0.29941848  0.17975034 -0.35820085  0.        ]
Likelihood:
5121.313278214209


Hyperparameters:
[1.72605937e+00 9.91013944e-01 9.45416004e-02 1.00000000e-03]
Likelihood gradient:
[0.02651112 0.03219709 0.10711872 0.        ]
Likelihood:
5121.314542981638


Hyperparameters:
[1.72618885e+00 9.92150995e-01 9.45416357e-02 1.00000000e-03]
Likelihood gradient:
[0.00679479 0.00301631 0.02424463 0.        ]
Likelihood:
5121.314542921802


Hyperparameters:
[1.72610016e+00 9.91372099e-01 9.45416115e-02 1.00000000e-03]
Likelihood gradient:
[0.02197142 0.02192495 0.08013643 0.        ]
Likelihood:
5121.314546971918


Hyperparameters:
[1.72616562e+00 9.91674094e-01 9.45416220e-02 1.00000000e-03]
Likelihood gradient:
[0.01091433 0.01459291 0.05036366 0.        ]
Likelihood:
5121.314542470507


Hyperparameters:
[1.72610886e+00 9.91412235e-01 9.45416129e-02 1.00000000e-03]
Likelihood gradient:
[0.0193793  0.02158325 0.07666    0.        ]
Likelihood:
5121.314546408132


Hyperparameters:
[1.72610125e+00 9.91377147e-01 9.45416116e-02 1.00000000e-03]
Likelihood gradient:
[0.02066412 0.0227957  0.08053832 0.        ]
Likelihood:
5121.314546965708


Hyperparameters:
[1.72610037e+00 9.91373095e-01 9.45416115e-02 1.00000000e-03]
Likelihood gradient:
[0.02062423 0.02263097 0.08075044 0.        ]
Likelihood:
5121.314546917196


Hyperparameters:
[1.72610017e+00 9.91372157e-01 9.45416115e-02 1.00000000e-03]
Likelihood gradient:
[0.01975203 0.02366584 0.08135021 0.        ]
Likelihood:
5121.314546910291


Hyperparameters:
[1.72610016e+00 9.91372100e-01 9.45416115e-02 1.00000000e-03]
Likelihood gradient:
[0.02028248 0.02265897 0.08090867 0.        ]
Likelihood:
5121.314546699672


Hyperparameters:
[1.72610016e+00 9.91372099e-01 9.45416115e-02 1.00000000e-03]
Likelihood gradient:
[0.01917979 0.02448785 0.08199512 0.        ]
Likelihood:
5121.314546897873


Hyperparameters:
[1.72610016e+00 9.91372099e-01 9.45416115e-02 1.00000000e-03]
Likelihood gradient:
[0.02259982 0.02137221 0.07990465 0.        ]
Likelihood:
5121.314546916008


Hyperparameters:
[1.72616562e+00 9.91674094e-01 9.45416220e-02 1.00000000e-03]
Likelihood gradient:
[0.01069501 0.01493964 0.05049567 0.        ]
Likelihood:
5121.3145423651


Hyperparameters:
[1.72612098e+00 9.91468182e-01 9.45416148e-02 1.00000000e-03]
Likelihood gradient:
[0.01713676 0.02043783 0.07140143 0.        ]
Likelihood:
5121.314545892412


Hyperparameters:
[1.72610645e+00 9.91401109e-01 9.45416125e-02 1.00000000e-03]
Likelihood gradient:
[0.01934085 0.02250147 0.07811622 0.        ]
Likelihood:
5121.314546606762


Hyperparameters:
[1.72610198e+00 9.91380500e-01 9.45416118e-02 1.00000000e-03]
Likelihood gradient:
[0.02096591 0.02233033 0.07972222 0.        ]
Likelihood:
5121.314546753707


Hyperparameters:
[1.72610054e+00 9.91373844e-01 9.45416115e-02 1.00000000e-03]
Likelihood gradient:
[0.02154888 0.02187877 0.08000241 0.        ]
Likelihood:
5121.314546776892


Hyperparameters:
[1.72610035e+00 9.91372972e-01 9.45416115e-02 1.00000000e-03]
Likelihood gradient:
[0.02121339 0.02177846 0.08070641 0.        ]
Likelihood:
5121.31454696437


Hyperparameters:
[1.72610025e+00 9.91372534e-01 9.45416115e-02 1.00000000e-03]
Likelihood gradient:
[0.02060763 0.0226486  0.08070003 0.        ]
Likelihood:
5121.314546918677


Hyperparameters:
[1.72610020e+00 9.91372317e-01 9.45416115e-02 1.00000000e-03]
Likelihood gradient:
[0.01985881 0.02353256 0.08133566 0.        ]
Likelihood:
5121.314546874566


Hyperparameters:
[1.72610018e+00 9.91372208e-01 9.45416115e-02 1.00000000e-03]
Likelihood gradient:
[0.02106286 0.02238542 0.08078296 0.        ]
Likelihood:
5121.3145469795945


Hyperparameters:
[1.72610019e+00 9.91372262e-01 9.45416115e-02 1.00000000e-03]
Likelihood gradient:
[0.02022716 0.02289406 0.08115808 0.        ]
Likelihood:
5121.314546796504


Hyperparameters:
[1.72610019e+00 9.91372235e-01 9.45416115e-02 1.00000000e-03]
Likelihood gradient:
[0.02064304 0.02283949 0.08099144 0.        ]
Likelihood:
5121.314546947391


Hyperparameters:
[1.72610018e+00 9.91372222e-01 9.45416115e-02 1.00000000e-03]
Likelihood gradient:
[0.02064956 0.02238378 0.08083963 0.        ]
Likelihood:
5121.314546925307


Warning: stress not available
Precomputing KnK for hyps optimization
Done precomputing. Time: 0.009351968765258789
Hyperparameters:
[1.72610016e+00 9.91372099e-01 9.45416115e-02 1.00000000e-03]
Likelihood gradient:
[  13.18233039   -2.17812265 -128.94112849    0.        ]
Likelihood:
5508.7846171413785


Hyperparameters:
[ 1.82880784e+00  9.74401661e-01 -9.10079280e-01  1.00000000e-03]
Likelihood gradient:
[-4.53045072e+01 -4.30865469e+00  6.95265962e+03  0.00000000e+00]
Likelihood:
-5708.163808104139


Hyperparameters:
[1.72635042e+00 9.91330748e-01 9.20937060e-02 1.00000000e-03]
Likelihood gradient:
[ 1.38059656e+01 -2.17102871e+00  3.54459163e+03  0.00000000e+00]
Likelihood:
5504.705046642937


Hyperparameters:
[1.72610943e+00 9.91370567e-01 9.44509015e-02 1.00000000e-03]
Likelihood gradient:
[13.2057751  -2.17755576 -1.16636678  0.        ]
Likelihood:
5508.7906469659065


Hyperparameters:
[1.72700734e+00 9.91222509e-01 9.44507372e-02 1.00000000e-03]
Likelihood gradient:
[13.04904169 -2.17576352 -1.18016882  0.        ]
Likelihood:
5508.802600997993


Hyperparameters:
[1.73059900e+00 9.90630277e-01 9.44500804e-02 1.00000000e-03]
Likelihood gradient:
[12.41944215 -2.16264838 -1.22452718  0.        ]
Likelihood:
5508.849002315061


Hyperparameters:
[1.74496562e+00 9.88261348e-01 9.44474529e-02 1.00000000e-03]
Likelihood gradient:
[ 9.96866068 -2.11773313 -1.30822642  0.        ]
Likelihood:
5509.012345805997


Hyperparameters:
[1.74733249e+00 7.87935076e-01 9.44477766e-02 1.00000000e-03]
Likelihood gradient:
[ 9.64101503  5.58483473 -1.20128154  0.        ]
Likelihood:
5508.825266222862


Hyperparameters:
[1.74587974e+00 9.10892213e-01 9.44475779e-02 1.00000000e-03]
Likelihood gradient:
[ 9.83642523 -0.07157305 -1.44958827  0.        ]
Likelihood:
5509.111244068003


Hyperparameters:
[1.76618246e+00 9.10022125e-01 9.44433838e-02 1.00000000e-03]
Likelihood gradient:
[ 6.52808847 -0.04920855 -0.61576171  0.        ]
Likelihood:
5509.273775954851


Hyperparameters:
[1.80624317e+00 9.08113123e-01 9.44358395e-02 1.00000000e-03]
Likelihood gradient:
[4.85467080e-01 7.40481843e-04 8.12730938e-01 0.00000000e+00]
Likelihood:
5509.405929783592


Hyperparameters:
[1.80946065e+00 9.08139383e-01 9.44358915e-02 1.00000000e-03]
Likelihood gradient:
[ 0.02503475 -0.00038402  0.04082083  0.        ]
Likelihood:
5509.406262104094


Hyperparameters:
[1.80963561e+00 9.08123980e-01 9.44358936e-02 1.00000000e-03]
Likelihood gradient:
[ 0.00178024 -0.00145035 -0.00032251  0.        ]
Likelihood:
5509.406238050939


Hyperparameters:
[1.80946550e+00 9.08138956e-01 9.44358916e-02 1.00000000e-03]
Likelihood gradient:
[ 0.02526831 -0.00148471  0.03959687  0.        ]
Likelihood:
5509.406261409407


Hyperparameters:
[1.80946077e+00 9.08139372e-01 9.44358915e-02 1.00000000e-03]
Likelihood gradient:
[ 0.02650618 -0.00123016  0.04038998  0.        ]
Likelihood:
5509.406262058465


Hyperparameters:
[1.80946065e+00 9.08139383e-01 9.44358915e-02 1.00000000e-03]
Likelihood gradient:
[ 2.54614719e-02 -1.56183019e-05  4.09364158e-02  0.00000000e+00]
Likelihood:
5509.406262025068


Hyperparameters:
[1.80946065e+00 9.08139383e-01 9.44358915e-02 1.00000000e-03]
Likelihood gradient:
[ 2.51721114e-02 -6.22850628e-05  4.08829687e-02  0.00000000e+00]
Likelihood:
5509.406262155251


Hyperparameters:
[1.80946065e+00 9.08139383e-01 9.44358915e-02 1.00000000e-03]
Likelihood gradient:
[ 0.02480441 -0.00014312  0.04123223  0.        ]
Likelihood:
5509.406262037515


Hyperparameters:
[1.80946065e+00 9.08139383e-01 9.44358915e-02 1.00000000e-03]
Likelihood gradient:
[ 2.51721114e-02 -6.22850628e-05  4.08829687e-02  0.00000000e+00]
Likelihood:
5509.406262155251


Hyperparameters:
[1.80946065e+00 9.08139383e-01 9.44358915e-02 1.00000000e-03]
Likelihood gradient:
[ 0.02604732 -0.00212476  0.04015762  0.        ]
Likelihood:
5509.406262094724


Hyperparameters:
[1.80946065e+00 9.08139383e-01 9.44358915e-02 1.00000000e-03]
Likelihood gradient:
[ 0.02548357 -0.00081942  0.04058191  0.        ]
Likelihood:
5509.406262067994


Hyperparameters:
[1.80963561e+00 9.08123980e-01 9.44358936e-02 1.00000000e-03]
Likelihood gradient:
[-0.00045462  0.0008849   0.00097366  0.        ]
Likelihood:
5509.406237998119


Hyperparameters:
[1.80954813e+00 9.08131681e-01 9.44358926e-02 1.00000000e-03]
Likelihood gradient:
[ 0.01291757 -0.00033361  0.02052464  0.        ]
Likelihood:
5509.406250598868


Hyperparameters:
[1.80950439e+00 9.08135532e-01 9.44358920e-02 1.00000000e-03]
Likelihood gradient:
[ 0.01916406 -0.00050182  0.03084118  0.        ]
Likelihood:
5509.406256468383


Hyperparameters:
[1.80948252e+00 9.08137457e-01 9.44358918e-02 1.00000000e-03]
Likelihood gradient:
[0.02200034 0.00049002 0.03629645 0.        ]
Likelihood:
5509.406259259362


Hyperparameters:
[1.80947158e+00 9.08138420e-01 9.44358917e-02 1.00000000e-03]
Likelihood gradient:
[ 0.0252652  -0.00169369  0.03741811  0.        ]
Likelihood:
5509.406260764588


Hyperparameters:
[1.80946612e+00 9.08138901e-01 9.44358916e-02 1.00000000e-03]
Likelihood gradient:
[ 0.02538098 -0.0009567   0.038939    0.        ]
Likelihood:
5509.40626134275


Hyperparameters:
[1.80946338e+00 9.08139142e-01 9.44358916e-02 1.00000000e-03]
Likelihood gradient:
[ 0.0257674  -0.00123586  0.03967514  0.        ]
Likelihood:
5509.4062617741965


Hyperparameters:
[1.80946202e+00 9.08139262e-01 9.44358916e-02 1.00000000e-03]
Likelihood gradient:
[ 0.02534824 -0.00098072  0.04050644  0.        ]
Likelihood:
5509.40626186078


Hyperparameters:
[1.80946133e+00 9.08139323e-01 9.44358915e-02 1.00000000e-03]
Likelihood gradient:
[ 0.02688442 -0.00201348  0.03983669  0.        ]
Likelihood:
5509.406262021206


Hyperparameters:
[1.80946099e+00 9.08139353e-01 9.44358915e-02 1.00000000e-03]
Likelihood gradient:
[ 0.02653901 -0.00167502  0.04011889  0.        ]
Likelihood:
5509.406261963191


Hyperparameters:
[1.80946082e+00 9.08139368e-01 9.44358915e-02 1.00000000e-03]
Likelihood gradient:
[0.02377431 0.0005546  0.04152744 0.        ]
Likelihood:
5509.406262115859


Hyperparameters:
[1.80946091e+00 9.08139360e-01 9.44358915e-02 1.00000000e-03]
Likelihood gradient:
[0.02488783 0.00028783 0.04116792 0.        ]
Likelihood:
5509.406262055318


Warning: stress not available
Precomputing KnK for hyps optimization
Done precomputing. Time: 0.010721683502197266
Hyperparameters:
[1.80946065e+00 9.08139383e-01 9.44358915e-02 1.00000000e-03]
Likelihood gradient:
[   8.5195224    -3.49207851 3119.49608685    0.        ]
Likelihood:
5744.395067542402


Hyperparameters:
[1.81221901e+00 9.07008757e-01 1.10443149e+00 1.00000000e-03]
Likelihood gradient:
[-4.55633712e+01 -4.67860110e+00 -6.15040931e+03  0.00000000e+00]
Likelihood:
-7393.289990127754


Hyperparameters:
[1.80957482e+00 9.08092586e-01 1.36239576e-01 1.00000000e-03]
Likelihood gradient:
[-3.10058297e+00 -3.38196282e+00 -2.46092764e+04  0.00000000e+00]
Likelihood:
5103.059482959181


Hyperparameters:
[1.80946728e+00 9.08136665e-01 9.68640131e-02 1.00000000e-03]
Likelihood gradient:
[   7.82432052   -3.48469883 -547.15267305    0.        ]
Likelihood:
5747.42441500317


Hyperparameters:
[2.45457335e+00 6.24497228e-01 9.67116477e-02 1.00000000e-03]
Likelihood gradient:
[ -42.60078632   14.44550996 -420.47007616    0.        ]
Likelihood:
5731.320000581991


Hyperparameters:
[1.88017073e+00 8.77049861e-01 9.68473139e-02 1.00000000e-03]
Likelihood gradient:
[  -2.22566822   -2.69622006 -541.98044128    0.        ]
Likelihood:
5747.707450649481


Hyperparameters:
[1.86449480e+00 6.82366140e-01 9.68252976e-02 1.00000000e-03]
Likelihood gradient:
[-1.31134266e-02  8.09208993e+00 -5.06921064e+02  0.00000000e+00]
Likelihood:
5747.420164059842


Hyperparameters:
[1.87435206e+00 8.04786180e-01 9.68391418e-02 1.00000000e-03]
Likelihood gradient:
[-1.42364049e+00 -8.86185071e-02 -5.29100629e+02  0.00000000e+00]
Likelihood:
5747.83060857186


Hyperparameters:
[1.86471274e+00 8.02224779e-01 9.64818877e-02 1.00000000e-03]
Likelihood gradient:
[ -0.04536253   0.03289717 -15.20155752   0.        ]
Likelihood:
5747.936625657001


Hyperparameters:
[1.86439487e+00 8.03158867e-01 9.64712645e-02 1.00000000e-03]
Likelihood gradient:
[ 0.00128352 -0.00971409  0.23402409  0.        ]
Likelihood:
5747.93676718168


Hyperparameters:
[1.86440072e+00 8.02912392e-01 9.64713418e-02 1.00000000e-03]
Likelihood gradient:
[0.00196987 0.00037309 0.12055549 0.        ]
Likelihood:
5747.93676740441


Hyperparameters:
[1.86441460e+00 8.02919490e-01 9.64714299e-02 1.00000000e-03]
Likelihood gradient:
[-0.00047379  0.00046324 -0.0103296   0.        ]
Likelihood:
5747.936765423052


Hyperparameters:
[1.86440077e+00 8.02912416e-01 9.64713421e-02 1.00000000e-03]
Likelihood gradient:
[0.0001323  0.00133257 0.12080014 0.        ]
Likelihood:
5747.93676740127


Hyperparameters:
[1.86440072e+00 8.02912392e-01 9.64713418e-02 1.00000000e-03]
Likelihood gradient:
[0.00115358 0.00140677 0.12106377 0.        ]
Likelihood:
5747.936767332752


Hyperparameters:
[1.86440072e+00 8.02912392e-01 9.64713418e-02 1.00000000e-03]
Likelihood gradient:
[-0.00047617  0.00194168  0.12127964  0.        ]
Likelihood:
5747.936767475492


Hyperparameters:
[1.86444042e+00 8.02974132e-01 9.64716931e-02 1.00000000e-03]
Likelihood gradient:
[-0.0042096  -0.00161068 -0.39705174  0.        ]
Likelihood:
5747.936761603372


Hyperparameters:
[1.86440088e+00 8.02912647e-01 9.64713433e-02 1.00000000e-03]
Likelihood gradient:
[0.00041855 0.00192676 0.1191352  0.        ]
Likelihood:
5747.936767360536


Hyperparameters:
[1.86440072e+00 8.02912392e-01 9.64713418e-02 1.00000000e-03]
Likelihood gradient:
[-0.0007702   0.00236878  0.12131578  0.        ]
Likelihood:
5747.936767443964


Hyperparameters:
[1.86440072e+00 8.02912392e-01 9.64713418e-02 1.00000000e-03]
Likelihood gradient:
[-0.00023488  0.00188673  0.12104814  0.        ]
Likelihood:
5747.936767192488


Hyperparameters:
[1.86440072e+00 8.02912392e-01 9.64713418e-02 1.00000000e-03]
Likelihood gradient:
[-0.00119271  0.00266321  0.12154813  0.        ]
Likelihood:
5747.936767294361


Hyperparameters:
[1.86444042e+00 8.02974132e-01 9.64716931e-02 1.00000000e-03]
Likelihood gradient:
[-0.00385822 -0.00239029 -0.39739643  0.        ]
Likelihood:
5747.936761667048


Hyperparameters:
[1.86442057e+00 8.02943262e-01 9.64715175e-02 1.00000000e-03]
Likelihood gradient:
[-0.0019658  -0.00089492 -0.13843594  0.        ]
Likelihood:
5747.936764355574


Hyperparameters:
[1.86441064e+00 8.02927827e-01 9.64714296e-02 1.00000000e-03]
Likelihood gradient:
[-0.00117819  0.00054496 -0.0084507   0.        ]
Likelihood:
5747.936765933353


Hyperparameters:
[1.86440568e+00 8.02920110e-01 9.64713857e-02 1.00000000e-03]
Likelihood gradient:
[-0.00043111  0.00103106  0.05634463  0.        ]
Likelihood:
5747.936766592287


Hyperparameters:
[1.86440320e+00 8.02916251e-01 9.64713638e-02 1.00000000e-03]
Likelihood gradient:
[0.00082482 0.00084063 0.08831266 0.        ]
Likelihood:
5747.936767154126


Hyperparameters:
[1.86440196e+00 8.02914322e-01 9.64713528e-02 1.00000000e-03]
Likelihood gradient:
[0.00084097 0.00116891 0.10474539 0.        ]
Likelihood:
5747.936767145267


Hyperparameters:
[1.86440134e+00 8.02913357e-01 9.64713473e-02 1.00000000e-03]
Likelihood gradient:
[0.00159312 0.00055705 0.11272104 0.        ]
Likelihood:
5747.936767260189


Hyperparameters:
[1.86440103e+00 8.02912875e-01 9.64713446e-02 1.00000000e-03]
Likelihood gradient:
[0.00135089 0.00058617 0.11659248 0.        ]
Likelihood:
5747.93676732882


Hyperparameters:
[1.86440088e+00 8.02912633e-01 9.64713432e-02 1.00000000e-03]
Likelihood gradient:
[-0.00108705  0.00322411  0.11930304  0.        ]
Likelihood:
5747.9367673402485


Hyperparameters:
[1.86440080e+00 8.02912513e-01 9.64713425e-02 1.00000000e-03]
Likelihood gradient:
[0.00067499 0.00122567 0.1200365  0.        ]
Likelihood:
5747.936767485131


Hyperparameters:
[1.86440084e+00 8.02912573e-01 9.64713428e-02 1.00000000e-03]
Likelihood gradient:
[-0.00053157  0.00197271  0.11983325  0.        ]
Likelihood:
5747.936767163785


Hyperparameters:
[1.86440082e+00 8.02912543e-01 9.64713427e-02 1.00000000e-03]
Likelihood gradient:
[-0.00067375  0.00285933  0.12015262  0.        ]
Likelihood:
5747.9367672186545


Warning: stress not available
Precomputing KnK for hyps optimization
Done precomputing. Time: 0.01188802719116211
Hyperparameters:
[1.86440072e+00 8.02912392e-01 9.64713418e-02 1.00000000e-03]
Likelihood gradient:
[    4.3965771      2.29923857 -1830.86001507     0.        ]
Likelihood:
6209.760727616444


Hyperparameters:
[ 1.8668261e+00  8.0418077e-01 -9.1352495e-01  1.0000000e-03]
Likelihood gradient:
[-5.04111902e+01 -2.62936352e+00  7.85938086e+03  0.00000000e+00]
Likelihood:
-6483.405162663501


Hyperparameters:
[1.86446861e+00 8.02947898e-01 6.81987271e-02 1.00000000e-03]
Likelihood gradient:
[1.28687754e+01 2.33448270e+00 9.98407321e+04 0.00000000e+00]
Likelihood:
5198.687508626412


Hyperparameters:
[1.86440381e+00 8.02914006e-01 9.51859948e-02 1.00000000e-03]
Likelihood gradient:
[  4.79474564   2.29993423 137.19065391   0.        ]
Likelihood:
6210.863414566185


Hyperparameters:
[2.24327133e+00 9.85702743e-01 9.51163995e-02 1.00000000e-03]
Likelihood gradient:
[-31.54358516  -4.1690808  170.69604384   0.        ]
Likelihood:
6204.459820280406


Hyperparameters:
[1.90430075e+00 8.22162717e-01 9.51786660e-02 1.00000000e-03]
Likelihood gradient:
[ -0.73664302   1.2514004  137.0257512    0.        ]
Likelihood:
6210.970176873156


Hyperparameters:
[1.87510241e+00 9.75553391e-01 9.51947064e-02 1.00000000e-03]
Likelihood gradient:
[  3.14099219  -3.81239479 120.32007196   0.        ]
Likelihood:
6210.690673009898


Hyperparameters:
[1.89874491e+00 8.51349766e-01 9.51817182e-02 1.00000000e-03]
Likelihood gradient:
[-2.66548345e-02 -7.35885745e-02  1.33750279e+02  0.00000000e+00]
Likelihood:
6210.990126297987


Hyperparameters:
[1.89839610e+00 8.49744206e-01 9.52696992e-02 1.00000000e-03]
Likelihood gradient:
[-4.31911859e-03 -4.27740797e-03 -5.16309822e+00  0.00000000e+00]
Likelihood:
6210.99589341854


Hyperparameters:
[1.89837411e+00 8.49655529e-01 9.52664417e-02 1.00000000e-03]
Likelihood gradient:
[ 9.34412175e-05 -1.88017806e-03 -2.15309108e-02  0.00000000e+00]
Likelihood:
6210.995905281217


Hyperparameters:
[1.89837533e+00 8.49613406e-01 9.52664146e-02 1.00000000e-03]
Likelihood gradient:
[ 0.00126657 -0.00112586  0.02046815  0.        ]
Likelihood:
6210.995905349748


Hyperparameters:
[1.89839898e+00 8.49516751e-01 9.52663981e-02 1.00000000e-03]
Likelihood gradient:
[-0.00123254  0.00322858  0.03975399  0.        ]
Likelihood:
6210.995901647961


Hyperparameters:
[1.89837548e+00 8.49612797e-01 9.52664145e-02 1.00000000e-03]
Likelihood gradient:
[0.00027615 0.00085508 0.02108416 0.        ]
Likelihood:
6210.995905212534


Hyperparameters:
[1.89837533e+00 8.49613406e-01 9.52664146e-02 1.00000000e-03]
Likelihood gradient:
[ 0.00140828 -0.00117005  0.02050751  0.        ]
Likelihood:
6210.995905327516


Hyperparameters:
[1.89837533e+00 8.49613406e-01 9.52664146e-02 1.00000000e-03]
Likelihood gradient:
[-0.00063726  0.00057183  0.0210915   0.        ]
Likelihood:
6210.995905249498


Hyperparameters:
[1.89837533e+00 8.49613406e-01 9.52664146e-02 1.00000000e-03]
Likelihood gradient:
[ 0.00056907 -0.00033184  0.02080939  0.        ]
Likelihood:
6210.995905155025


Hyperparameters:
[1.89839898e+00 8.49516751e-01 9.52663981e-02 1.00000000e-03]
Likelihood gradient:
[0.00144682 0.00031237 0.03855804 0.        ]
Likelihood:
6210.995902030874


Hyperparameters:
[1.89838715e+00 8.49565079e-01 9.52664064e-02 1.00000000e-03]
Likelihood gradient:
[ 0.00120297 -0.00017201  0.02923664  0.        ]
Likelihood:
6210.995903699692


Hyperparameters:
[1.89838124e+00 8.49589243e-01 9.52664105e-02 1.00000000e-03]
Likelihood gradient:
[ 0.0020066  -0.00164452  0.0243436   0.        ]
Likelihood:
6210.9959042317005


Hyperparameters:
[1.89837829e+00 8.49601324e-01 9.52664125e-02 1.00000000e-03]
Likelihood gradient:
[0.00024697 0.00069542 0.02326173 0.        ]
Likelihood:
6210.995904880301


Hyperparameters:
[1.89837681e+00 8.49607365e-01 9.52664136e-02 1.00000000e-03]
Likelihood gradient:
[ 0.00136232 -0.00130006  0.0216038   0.        ]
Likelihood:
6210.995905056336


Hyperparameters:
[1.89837607e+00 8.49610386e-01 9.52664141e-02 1.00000000e-03]
Likelihood gradient:
[ 3.84359444e-04 -7.02928970e-05  2.12328640e-02  0.00000000e+00]
Likelihood:
6210.995905072792


Hyperparameters:
[1.89837570e+00 8.49611896e-01 9.52664143e-02 1.00000000e-03]
Likelihood gradient:
[ 0.0008349  -0.00022505  0.02078149  0.        ]
Likelihood:
6210.995905037622


Hyperparameters:
[1.89837552e+00 8.49612651e-01 9.52664145e-02 1.00000000e-03]
Likelihood gradient:
[ 0.00074797 -0.00108179  0.02083979  0.        ]
Likelihood:
6210.9959050544785


Hyperparameters:
[1.89837542e+00 8.49613029e-01 9.52664145e-02 1.00000000e-03]
Likelihood gradient:
[ 0.00118168 -0.00077575  0.020677    0.        ]
Likelihood:
6210.995905149459


Hyperparameters:
[1.89837538e+00 8.49613217e-01 9.52664146e-02 1.00000000e-03]
Likelihood gradient:
[ 0.0018649  -0.00064483  0.02034404  0.        ]
Likelihood:
6210.995905195792


Hyperparameters:
[1.89837535e+00 8.49613312e-01 9.52664146e-02 1.00000000e-03]
Likelihood gradient:
[-0.00020227  0.00117135  0.02126828  0.        ]
Likelihood:
6210.995905215641


Hyperparameters:
[1.89837534e+00 8.49613359e-01 9.52664146e-02 1.00000000e-03]
Likelihood gradient:
[ 0.00161679 -0.00101433  0.02013266  0.        ]
Likelihood:
6210.995905440819


Warning: stress not available
Precomputing KnK for hyps optimization
Done precomputing. Time: 0.012629508972167969
Hyperparameters:
[1.89837533e+00 8.49613406e-01 9.52664146e-02 1.00000000e-03]
Likelihood gradient:
[ 6.27425046e+01 -2.09036597e+00  1.82522333e+04  0.00000000e+00]
Likelihood:
5672.743647060244


Hyperparameters:
[1.90184721e+00 8.49497735e-01 1.10526044e+00 1.00000000e-03]
Likelihood gradient:
[-4.57926702e+01 -5.18832504e+00 -6.89391670e+03  0.00000000e+00]
Likelihood:
-8333.225143390331


Hyperparameters:
[1.89888088e+00 8.49596563e-01 2.42335386e-01 1.00000000e-03]
Likelihood gradient:
[ 1.26313156e+01 -3.39730119e+00 -2.53094028e+04  0.00000000e+00]
Likelihood:
2538.3678123356976


Hyperparameters:
[1.89844321e+00 8.49611145e-01 1.15013466e-01 1.00000000e-03]
Likelihood gradient:
[ 5.55720055e+01 -2.27624902e+00 -1.03102169e+04  0.00000000e+00]
Likelihood:
5707.547629553877


Hyperparameters:
[3.07986810e+00 8.04736139e-01 1.14572375e-01 1.00000000e-03]
Likelihood gradient:
[-3.88394367e+01 -5.02031211e-01 -1.00707096e+04  0.00000000e+00]
Likelihood:
5701.488841082652


Hyperparameters:
[2.33799271e+00 8.32915385e-01 1.14849358e-01 1.00000000e-03]
Likelihood gradient:
[-5.73249726e+00 -1.68507552e+00 -1.02667846e+04  0.00000000e+00]
Likelihood:
5718.144704419019


Hyperparameters:
[2.32843433e+00 3.66586076e-01 1.12846248e-01 1.00000000e-03]
Likelihood gradient:
[-4.44453585e+00  1.41492958e+02 -8.36517573e+03  0.00000000e+00]
Likelihood:
5721.072671278878


Hyperparameters:
[2.33509416e+00 6.91502287e-01 1.14241921e-01 1.00000000e-03]
Likelihood gradient:
[-5.38092976e+00  7.39730340e+00 -9.71954637e+03  0.00000000e+00]
Likelihood:
5723.920687358579


Hyperparameters:
[2.33273489e+00 7.55957319e-01 1.13091867e-01 1.00000000e-03]
Likelihood gradient:
[-5.02909331e+00  2.30491298e+00 -8.64770322e+03  0.00000000e+00]
Likelihood:
5734.801950747122


Hyperparameters:
[2.32296353e+00 7.43000685e-01 1.10552364e-01 1.00000000e-03]
Likelihood gradient:
[-3.81605992e+00  3.22808966e+00 -6.06370718e+03  0.00000000e+00]
Likelihood:
5753.554475949888


Hyperparameters:
[2.29321754e+00 7.91216742e-01 1.04591558e-01 1.00000000e-03]
Likelihood gradient:
[-2.11294318e-01  3.87758587e-01  1.35466276e+03  0.00000000e+00]
Likelihood:
5768.76816322497


Hyperparameters:
[2.29241219e+00 7.95634522e-01 1.05678771e-01 1.00000000e-03]
Likelihood gradient:
[-2.90849901e-01  1.43358540e-01 -1.57618225e+02  0.00000000e+00]
Likelihood:
5769.413238617348


Hyperparameters:
[2.29046557e+00 7.97639281e-01 1.05565808e-01 1.00000000e-03]
Likelihood gradient:
[-0.08230918  0.03831626 -3.83777627  0.        ]
Likelihood:
5769.423057442258


Hyperparameters:
[2.28984928e+00 7.98223690e-01 1.05562682e-01 1.00000000e-03]
Likelihood gradient:
[-0.02567313  0.01425391  0.50452155  0.        ]
Likelihood:
5769.423157298395


Hyperparameters:
[2.28956692e+00 7.98536604e-01 1.05562900e-01 1.00000000e-03]
Likelihood gradient:
[ 0.0010131  -0.00131897  0.24417567  0.        ]
Likelihood:
5769.423182030077


Hyperparameters:
[2.28957875e+00 7.98512689e-01 1.05563063e-01 1.00000000e-03]
Likelihood gradient:
[ 0.00469646 -0.00627479  0.01955228  0.        ]
Likelihood:
5769.423181524053


Hyperparameters:
[2.28956719e+00 7.98536066e-01 1.05562904e-01 1.00000000e-03]
Likelihood gradient:
[ 0.00475198 -0.00634366  0.23816313  0.        ]
Likelihood:
5769.423182062099


Hyperparameters:
[2.28956783e+00 7.98534769e-01 1.05562912e-01 1.00000000e-03]
Likelihood gradient:
[ 0.0047199  -0.00622977  0.22591299  0.        ]
Likelihood:
5769.423182178223


Hyperparameters:
[2.28957329e+00 7.98523729e-01 1.05562988e-01 1.00000000e-03]
Likelihood gradient:
[ 0.00316567 -0.00459229  0.12317255  0.        ]
Likelihood:
5769.423181919972


Hyperparameters:
[2.28956813e+00 7.98534164e-01 1.05562917e-01 1.00000000e-03]
Likelihood gradient:
[ 0.00256887 -0.00382768  0.22079946  0.        ]
Likelihood:
5769.423182246002


Hyperparameters:
[2.28956813e+00 7.98534158e-01 1.05562917e-01 1.00000000e-03]
Likelihood gradient:
[ 0.00428239 -0.00452068  0.22056587  0.        ]
Likelihood:
5769.423182036833


Hyperparameters:
[2.28956813e+00 7.98534164e-01 1.05562917e-01 1.00000000e-03]
Likelihood gradient:
[ 0.00262779 -0.0030442   0.22114059  0.        ]
Likelihood:
5769.423182300736


Hyperparameters:
[2.28956813e+00 7.98534161e-01 1.05562917e-01 1.00000000e-03]
Likelihood gradient:
[ 0.00452027 -0.00633007  0.22044534  0.        ]
Likelihood:
5769.423182301154


Hyperparameters:
[2.28956813e+00 7.98534161e-01 1.05562917e-01 1.00000000e-03]
Likelihood gradient:
[ 0.0031992  -0.00283614  0.22072604  0.        ]
Likelihood:
5769.42318208685


Hyperparameters:
[2.28956813e+00 7.98534161e-01 1.05562917e-01 1.00000000e-03]
Likelihood gradient:
[ 0.00452027 -0.00633007  0.22044534  0.        ]
Likelihood:
5769.423182301154


Hyperparameters:
[2.28957875e+00 7.98512689e-01 1.05563063e-01 1.00000000e-03]
Likelihood gradient:
[ 0.00190791 -0.00197228  0.02056517  0.        ]
Likelihood:
5769.423181513177


Hyperparameters:
[2.28957284e+00 7.98524646e-01 1.05562981e-01 1.00000000e-03]
Likelihood gradient:
[ 0.0025961  -0.00305152  0.13202813  0.        ]
Likelihood:
5769.423181953873


Hyperparameters:
[2.28956821e+00 7.98534014e-01 1.05562918e-01 1.00000000e-03]
Likelihood gradient:
[ 0.00451399 -0.00590338  0.21879052  0.        ]
Likelihood:
5769.423182174949


Hyperparameters:
[2.28956888e+00 7.98532657e-01 1.05562927e-01 1.00000000e-03]
Likelihood gradient:
[ 0.00222942 -0.00322162  0.20698694  0.        ]
Likelihood:
5769.423182144268


Hyperparameters:
[2.28956831e+00 7.98533811e-01 1.05562919e-01 1.00000000e-03]
Likelihood gradient:
[ 0.00295408 -0.00384199  0.2174902   0.        ]
Likelihood:
5769.42318208926


Hyperparameters:
[2.28956826e+00 7.98533913e-01 1.05562918e-01 1.00000000e-03]
Likelihood gradient:
[ 0.00416118 -0.00473224  0.21846136  0.        ]
Likelihood:
5769.423182076116


Hyperparameters:
[2.28956823e+00 7.98533963e-01 1.05562918e-01 1.00000000e-03]
Likelihood gradient:
[ 0.00297353 -0.00336697  0.218924    0.        ]
Likelihood:
5769.423182170785


Hyperparameters:
[2.28956822e+00 7.98533987e-01 1.05562918e-01 1.00000000e-03]
Likelihood gradient:
[ 0.00394211 -0.00411162  0.21912848  0.        ]
Likelihood:
5769.423182315957


Hyperparameters:
[2.28956822e+00 7.98533975e-01 1.05562918e-01 1.00000000e-03]
Likelihood gradient:
[ 0.00307914 -0.00462235  0.2188414   0.        ]
Likelihood:
5769.4231821953235


Hyperparameters:
[2.28956822e+00 7.98533981e-01 1.05562918e-01 1.00000000e-03]
Likelihood gradient:
[ 0.00660939 -0.00853249  0.21801543  0.        ]
Likelihood:
5769.423182364097


Hyperparameters:
[2.28956822e+00 7.98533978e-01 1.05562918e-01 1.00000000e-03]
Likelihood gradient:
[ 0.00404204 -0.00481437  0.21856891  0.        ]
Likelihood:
5769.423182234677


Hyperparameters:
[2.28956822e+00 7.98533980e-01 1.05562918e-01 1.00000000e-03]
Likelihood gradient:
[ 0.00375148 -0.00506781  0.21848819  0.        ]
Likelihood:
5769.4231820648


Warning: stress not available
Precomputing KnK for hyps optimization
Done precomputing. Time: 0.017427444458007812
Hyperparameters:
[2.28956692e+00 7.98536604e-01 1.05562900e-01 1.00000000e-03]
Likelihood gradient:
[   12.11067977    12.02500653 -2303.62310099     0.        ]
Likelihood:
6211.990882210212


Hyperparameters:
[ 2.29487658e+00  8.03808700e-01 -9.04409383e-01  1.00000000e-03]
Likelihood gradient:
[-4.43977055e+01 -4.84487329e+00  8.83104227e+03  0.00000000e+00]
Likelihood:
-7206.432131673454


Hyperparameters:
[2.28974352e+00 7.98711946e-01 7.19727686e-02 1.00000000e-03]
Likelihood gradient:
[1.74871732e+01 1.45076323e+01 1.21028691e+05 0.00000000e+00]
Likelihood:
4807.357442021481


Hyperparameters:
[2.28957675e+00 7.98546365e-01 1.03693048e-01 1.00000000e-03]
Likelihood gradient:
[ 12.43376787  12.17063666 383.34094367   0.        ]
Likelihood:
6213.824018275895


Hyperparameters:
[2.44188232e+00 9.47928030e-01 1.03669916e-01 1.00000000e-03]
Likelihood gradient:
[ -2.7888387    2.52142113 387.49692891   0.        ]
Likelihood:
6215.490704292799


Hyperparameters:
[1.94871356e+00 1.72455509e+00 1.03755423e-01 1.00000000e-03]
Likelihood gradient:
[ 69.68546515  -6.64111915 360.2497942    0.        ]
Likelihood:
6198.572342622996


Hyperparameters:
[2.39875043e+00 1.01585081e+00 1.03677395e-01 1.00000000e-03]
Likelihood gradient:
[ 1.08961208e+00 -4.66294176e-02  3.79720436e+02  0.00000000e+00]
Likelihood:
6215.61370797957


Hyperparameters:
[2.40908473e+00 1.01222631e+00 1.03942862e-01 1.00000000e-03]
Likelihood gradient:
[  0.0982246    0.06288829 -18.23408082   0.        ]
Likelihood:
6215.666960293607


Hyperparameters:
[2.40990559e+00 1.01342590e+00 1.03930962e-01 1.00000000e-03]
Likelihood gradient:
[ 0.02416212  0.0254132  -0.70322422  0.        ]
Likelihood:
6215.667121753795


Hyperparameters:
[2.41015215e+00 1.01410068e+00 1.03930098e-01 1.00000000e-03]
Likelihood gradient:
[0.00095581 0.00476241 0.5288359  0.        ]
Likelihood:
6215.667118743515


Hyperparameters:
[2.40996767e+00 1.01359580e+00 1.03930744e-01 1.00000000e-03]
Likelihood gradient:
[ 0.01874733  0.01946008 -0.39348112  0.        ]
Likelihood:
6215.667122973069


Hyperparameters:
[2.41000305e+00 1.01368716e+00 1.03930689e-01 1.00000000e-03]
Likelihood gradient:
[ 0.01407161  0.01777632 -0.3182859   0.        ]
Likelihood:
6215.667122901365


Hyperparameters:
[2.40997524e+00 1.01361534e+00 1.03930732e-01 1.00000000e-03]
Likelihood gradient:
[ 0.01674981  0.02067474 -0.37637833  0.        ]
Likelihood:
6215.667122976603


Hyperparameters:
[2.40998114e+00 1.01363059e+00 1.03930723e-01 1.00000000e-03]
Likelihood gradient:
[ 0.01741827  0.01881901 -0.36490942  0.        ]
Likelihood:
6215.667122944686


Hyperparameters:
[2.40997639e+00 1.01361832e+00 1.03930731e-01 1.00000000e-03]
Likelihood gradient:
[ 0.01679116  0.02017222 -0.37456451  0.        ]
Likelihood:
6215.6671230135


Hyperparameters:
[2.40997953e+00 1.01362642e+00 1.03930726e-01 1.00000000e-03]
Likelihood gradient:
[ 0.01557141  0.01994677 -0.36748747  0.        ]
Likelihood:
6215.667123016898


Hyperparameters:
[2.40998059e+00 1.01362917e+00 1.03930724e-01 1.00000000e-03]
Likelihood gradient:
[ 0.01736952  0.01826774 -0.36608503  0.        ]
Likelihood:
6215.667123155457


Hyperparameters:
[2.40998075e+00 1.01362958e+00 1.03930724e-01 1.00000000e-03]
Likelihood gradient:
[ 0.01799472  0.01835163 -0.36599481  0.        ]
Likelihood:
6215.6671230594475


Hyperparameters:
[2.40998060e+00 1.01362918e+00 1.03930724e-01 1.00000000e-03]
Likelihood gradient:
[ 0.01618115  0.02037273 -0.3650972   0.        ]
Likelihood:
6215.667122906732


Hyperparameters:
[2.40998059e+00 1.01362917e+00 1.03930724e-01 1.00000000e-03]
Likelihood gradient:
[ 0.01607924  0.01970345 -0.36566398  0.        ]
Likelihood:
6215.667123024396


Hyperparameters:
[2.40998059e+00 1.01362917e+00 1.03930724e-01 1.00000000e-03]
Likelihood gradient:
[ 0.01553762  0.02046843 -0.36492056  0.        ]
Likelihood:
6215.667123097019


Hyperparameters:
[2.41000305e+00 1.01368716e+00 1.03930689e-01 1.00000000e-03]
Likelihood gradient:
[ 0.01475888  0.01759041 -0.31865571  0.        ]
Likelihood:
6215.667122797378


Hyperparameters:
[2.40998418e+00 1.01363844e+00 1.03930719e-01 1.00000000e-03]
Likelihood gradient:
[ 0.01572834  0.02012504 -0.35784615  0.        ]
Likelihood:
6215.667123073137


Hyperparameters:
[2.40999406e+00 1.01366394e+00 1.03930703e-01 1.00000000e-03]
Likelihood gradient:
[ 0.01591998  0.01806274 -0.33742313  0.        ]
Likelihood:
6215.667122948413


Hyperparameters:
[2.40998751e+00 1.01364703e+00 1.03930713e-01 1.00000000e-03]
Likelihood gradient:
[ 0.01646306  0.01849372 -0.35140388  0.        ]
Likelihood:
6215.6671231133405


Hyperparameters:
[2.40999093e+00 1.01365585e+00 1.03930708e-01 1.00000000e-03]
Likelihood gradient:
[ 0.01677924  0.01738042 -0.34481308  0.        ]
Likelihood:
6215.667123017924


Hyperparameters:
[2.40998841e+00 1.01364936e+00 1.03930712e-01 1.00000000e-03]
Likelihood gradient:
[ 0.01691652  0.01828204 -0.34962981  0.        ]
Likelihood:
6215.667123204303


Hyperparameters:
[2.40998908e+00 1.01365107e+00 1.03930711e-01 1.00000000e-03]
Likelihood gradient:
[ 0.01675432  0.01845068 -0.34820071  0.        ]
Likelihood:
6215.667122989946


Hyperparameters:
[2.40998874e+00 1.01365022e+00 1.03930712e-01 1.00000000e-03]
Likelihood gradient:
[ 0.01652576  0.01817616 -0.34892654  0.        ]
Likelihood:
6215.667123125122


Hyperparameters:
[2.40998845e+00 1.01364945e+00 1.03930712e-01 1.00000000e-03]
Likelihood gradient:
[ 0.0159334   0.01920895 -0.34907927  0.        ]
Likelihood:
6215.667123037667


Hyperparameters:
[2.40998843e+00 1.01364940e+00 1.03930712e-01 1.00000000e-03]
Likelihood gradient:
[ 0.01638366  0.01912634 -0.34899728  0.        ]
Likelihood:
6215.667123052735


Hyperparameters:
[2.40998842e+00 1.01364938e+00 1.03930712e-01 1.00000000e-03]
Likelihood gradient:
[ 0.01697135  0.01859941 -0.3496398   0.        ]
Likelihood:
6215.667122992545


Hyperparameters:
[2.40998842e+00 1.01364937e+00 1.03930712e-01 1.00000000e-03]
Likelihood gradient:
[ 0.01599771  0.0186743  -0.34923046  0.        ]
Likelihood:
6215.667122919171


Warning: stress not available
Precomputing KnK for hyps optimization
Done precomputing. Time: 0.019545316696166992
Hyperparameters:
[2.40996767e+00 1.01359580e+00 1.03930744e-01 1.00000000e-03]
Likelihood gradient:
[  -21.56271635     5.63837065 -3120.6876995      0.        ]
Likelihood:
6753.685777966151


Hyperparameters:
[ 2.40298915e+00  1.01542059e+00 -9.06043498e-01  1.00000000e-03]
Likelihood gradient:
[-4.70439647e+01 -8.04462194e+00  9.30631580e+03  0.00000000e+00]
Likelihood:
-7588.249307347174


Hyperparameters:
[2.40968241e+00 1.01367039e+00 6.26469269e-02 1.00000000e-03]
Likelihood gradient:
[-1.75601866e+01  7.58041058e+00  2.22385132e+05  0.00000000e+00]
Likelihood:
3908.4939087801577


Hyperparameters:
[2.40994207e+00 1.01360249e+00 1.00225853e-01 1.00000000e-03]
Likelihood gradient:
[ -21.16579444    5.83069381 2874.76378035    0.        ]
Likelihood:
6754.47810762894


Hyperparameters:
[2.40995434e+00 1.01359928e+00 1.02002217e-01 1.00000000e-03]
Likelihood gradient:
[ -21.35685001    5.74040338 -135.87942854    0.        ]
Likelihood:
6756.871484998426


Hyperparameters:
[2.12887256e+00 1.08924421e+00 1.02017860e-01 1.00000000e-03]
Likelihood gradient:
[   4.74513672    2.52337295 -123.29048129    0.        ]
Likelihood:
6759.895949278238


Hyperparameters:
[2.39244473e+00 3.00816122e+00 1.01883311e-01 1.00000000e-03]
Likelihood gradient:
[-20.03399093  -5.27525194  44.37678388   0.        ]
Likelihood:
6748.137290105349


Hyperparameters:
[2.15579352e+00 1.28524017e+00 1.02004117e-01 1.00000000e-03]
Likelihood gradient:
[   1.55208442   -2.29568973 -111.46131116    0.        ]
Likelihood:
6759.940859225229


Hyperparameters:
[2.16238472e+00 1.25140695e+00 1.01978841e-01 1.00000000e-03]
Likelihood gradient:
[  0.78821954  -1.70446825 -71.00038337   0.        ]
Likelihood:
6760.018148148771


Hyperparameters:
[2.16800481e+00 1.16413507e+00 1.01937409e-01 1.00000000e-03]
Likelihood gradient:
[ 0.13984462  0.23634727 -2.55632062  0.        ]
Likelihood:
6760.090699216151


Hyperparameters:
[2.16930007e+00 1.17479150e+00 1.01935835e-01 1.00000000e-03]
Likelihood gradient:
[-0.00329509 -0.0387811  -0.52847552  0.        ]
Likelihood:
6760.091718348469


Hyperparameters:
[2.16927137e+00 1.17328981e+00 1.01935559e-01 1.00000000e-03]
Likelihood gradient:
[-0.00049367 -0.00061837 -0.03272958  0.        ]
Likelihood:
6760.091749323288


Hyperparameters:
[2.16926675e+00 1.17326549e+00 1.01935538e-01 1.00000000e-03]
Likelihood gradient:
[-0.00240892  0.00195097  0.00480958  0.        ]
Likelihood:
6760.091749784104


Hyperparameters:
[2.16926984e+00 1.17328176e+00 1.01935552e-01 1.00000000e-03]
Likelihood gradient:
[-9.69630399e-04  3.59179758e-05 -2.02994674e-02  0.00000000e+00]
Likelihood:
6760.091749481


Hyperparameters:
[2.16925576e+00 1.17327006e+00 1.01935522e-01 1.00000000e-03]
Likelihood gradient:
[0.00016055 0.00089047 0.03220903 0.        ]
Likelihood:
6760.091750714651


Hyperparameters:
[2.16926276e+00 1.17327587e+00 1.01935537e-01 1.00000000e-03]
Likelihood gradient:
[-0.0013253   0.00121527  0.00698092  0.        ]
Likelihood:
6760.091750099733


Hyperparameters:
[2.16922861e+00 1.17326539e+00 1.01935467e-01 1.00000000e-03]
Likelihood gradient:
[0.00379117 0.00042399 0.12624445 0.        ]
Likelihood:
6760.091752986682


Hyperparameters:
[2.16925650e+00 1.17327395e+00 1.01935524e-01 1.00000000e-03]
Likelihood gradient:
[-0.00081463  0.00148866  0.02928178  0.        ]
Likelihood:
6760.0917508562015


Hyperparameters:
[2.16925145e+00 1.17327711e+00 1.01935518e-01 1.00000000e-03]
Likelihood gradient:
[0.00120374 0.00014473 0.03960705 0.        ]
Likelihood:
6760.091751152089


Hyperparameters:
[2.16925661e+00 1.17328059e+00 1.01935531e-01 1.00000000e-03]
Likelihood gradient:
[-0.00030585  0.00076777  0.01719666  0.        ]
Likelihood:
6760.0917507052145


Hyperparameters:
[2.16925146e+00 1.17327712e+00 1.01935518e-01 1.00000000e-03]
Likelihood gradient:
[0.00130334 0.00019931 0.03939466 0.        ]
Likelihood:
6760.091751264919


Hyperparameters:
[2.16925147e+00 1.17327712e+00 1.01935518e-01 1.00000000e-03]
Likelihood gradient:
[-0.00014474  0.00119812  0.039939    0.        ]
Likelihood:
6760.091750938282


Hyperparameters:
[2.16925146e+00 1.17327712e+00 1.01935518e-01 1.00000000e-03]
Likelihood gradient:
[-0.00073378  0.00161515  0.0405191   0.        ]
Likelihood:
6760.091751080872


Hyperparameters:
[2.16925146e+00 1.17327712e+00 1.01935518e-01 1.00000000e-03]
Likelihood gradient:
[0.00138475 0.00017336 0.03941399 0.        ]
Likelihood:
6760.0917513867025


Hyperparameters:
[2.16925146e+00 1.17327712e+00 1.01935518e-01 1.00000000e-03]
Likelihood gradient:
[-4.92106745e-05  1.04414384e-03  4.00857764e-02  0.00000000e+00]
Likelihood:
6760.091751153961


Hyperparameters:
[2.16925389e+00 1.17328049e+00 1.01935527e-01 1.00000000e-03]
Likelihood gradient:
[0.00065196 0.00073464 0.02401693 0.        ]
Likelihood:
6760.091751039043


Hyperparameters:
[2.16925148e+00 1.17327713e+00 1.01935518e-01 1.00000000e-03]
Likelihood gradient:
[0.00043043 0.00106468 0.03985957 0.        ]
Likelihood:
6760.091751252852


Hyperparameters:
[2.16925148e+00 1.17327715e+00 1.01935518e-01 1.00000000e-03]
Likelihood gradient:
[0.00084511 0.00041016 0.03947456 0.        ]
Likelihood:
6760.091751046482


Hyperparameters:
[2.16925148e+00 1.17327713e+00 1.01935518e-01 1.00000000e-03]
Likelihood gradient:
[0.00095961 0.00028405 0.03928748 0.        ]
Likelihood:
6760.091751053787


Hyperparameters:
[2.16925148e+00 1.17327713e+00 1.01935518e-01 1.00000000e-03]
Likelihood gradient:
[0.0008277  0.00036473 0.03955756 0.        ]
Likelihood:
6760.0917510341915


Hyperparameters:
[2.16925389e+00 1.17328049e+00 1.01935527e-01 1.00000000e-03]
Likelihood gradient:
[7.62365162e-04 7.85249903e-05 2.37009364e-02 0.00000000e+00]
Likelihood:
6760.0917510019335


Hyperparameters:
[2.16925268e+00 1.17327881e+00 1.01935522e-01 1.00000000e-03]
Likelihood gradient:
[ 8.93525706e-04 -1.43807847e-05  3.14834386e-02  0.00000000e+00]
Likelihood:
6760.091750979929


Hyperparameters:
[2.16925207e+00 1.17327796e+00 1.01935520e-01 1.00000000e-03]
Likelihood gradient:
[0.00071123 0.00024205 0.03575193 0.        ]
Likelihood:
6760.091751136297


Hyperparameters:
[2.16925160e+00 1.17327731e+00 1.01935518e-01 1.00000000e-03]
Likelihood gradient:
[0.00079896 0.00046717 0.0389327  0.        ]
Likelihood:
6760.091751117356


Hyperparameters:
[2.16925153e+00 1.17327721e+00 1.01935518e-01 1.00000000e-03]
Likelihood gradient:
[0.00043326 0.00084065 0.03933197 0.        ]
Likelihood:
6760.091751091473


Hyperparameters:
[2.16925150e+00 1.17327717e+00 1.01935518e-01 1.00000000e-03]
Likelihood gradient:
[0.00062514 0.00052258 0.03937843 0.        ]
Likelihood:
6760.091751184309


Hyperparameters:
[2.16925152e+00 1.17327719e+00 1.01935518e-01 1.00000000e-03]
Likelihood gradient:
[ 0.00180253 -0.00013388  0.03841538  0.        ]
Likelihood:
6760.091751055015


Hyperparameters:
[2.16925151e+00 1.17327718e+00 1.01935518e-01 1.00000000e-03]
Likelihood gradient:
[ 0.00142556 -0.00026181  0.03864611  0.        ]
Likelihood:
6760.091751177433


Hyperparameters:
[2.16925150e+00 1.17327717e+00 1.01935518e-01 1.00000000e-03]
Likelihood gradient:
[0.00078118 0.00066511 0.03957787 0.        ]
Likelihood:
6760.091751122398


Hyperparameters:
[2.16925150e+00 1.17327717e+00 1.01935518e-01 1.00000000e-03]
Likelihood gradient:
[4.32650370e-05 1.03627813e-03 3.99808092e-02 0.00000000e+00]
Likelihood:
6760.091751102103


Hyperparameters:
[2.16925150e+00 1.17327717e+00 1.01935518e-01 1.00000000e-03]
Likelihood gradient:
[9.97503331e-04 8.36755117e-05 3.93211581e-02 0.00000000e+00]
Likelihood:
6760.0917511564185


Hyperparameters:
[2.16925150e+00 1.17327717e+00 1.01935518e-01 1.00000000e-03]
Likelihood gradient:
[-9.08496349e-05  1.50728710e-03  4.01599308e-02  0.00000000e+00]
Likelihood:
6760.091751050755


Warning: stress not available
Warning: stress not available
Warning: stress not available
Warning: stress not available
Warning: stress not available
Warning: stress not available
Warning: stress not available
Warning: stress not available
Warning: stress not available
Warning: stress not available
Warning: stress not available
Warning: stress not available
Warning: stress not available
Warning: stress not available
Warning: stress not available
Warning: stress not available
Warning: stress not available
Warning: stress not available
Warning: stress not available
Warning: stress not available
Warning: stress not available
Warning: stress not available
Warning: stress not available
Warning: stress not available
Warning: stress not available
Warning: stress not available
Warning: stress not available
Warning: stress not available
Warning: stress not available
Warning: stress not available
Warning: stress not available
Warning: stress not available
Warning: stress not available
Warning: stress not available
Warning: stress not available
Warning: stress not available
Warning: stress not available
Warning: stress not available
Warning: stress not available
Warning: stress not available
Warning: stress not available
Warning: stress not available
Warning: stress not available
Warning: stress not available
Warning: stress not available
Warning: stress not available
Warning: stress not available
Warning: stress not available
Warning: stress not available
Warning: stress not available
Warning: stress not available
Warning: stress not available
Warning: stress not available
Warning: stress not available
Warning: stress not available
Warning: stress not available
Warning: stress not available
Warning: stress not available
Warning: stress not available
Warning: stress not available
Warning: stress not available
Warning: stress not available
Warning: stress not available
Warning: stress not available
Warning: stress not available
Warning: stress not available
Warning: stress not available
Warning: stress not available
Warning: stress not available
Warning: stress not available
Warning: stress not available
Warning: stress not available
Warning: stress not available
Warning: stress not available
Warning: stress not available
Warning: stress not available
Warning: stress not available
Warning: stress not available
Warning: stress not available
Warning: stress not available
Warning: stress not available
Warning: stress not available
Warning: stress not available
Warning: stress not available
Warning: stress not available
Warning: stress not available
Warning: stress not available
Warning: stress not available
Warning: stress not available
Warning: stress not available
Warning: stress not available
Warning: stress not available
Warning: stress not available
Warning: stress not available
Warning: stress not available
Warning: stress not available
Warning: stress not available
Warning: stress not available
Warning: stress not available
Warning: stress not available
Warning: stress not available
