/var/spool/slurmd/job7908984/slurm_script: line 17: activate: No such file or directory

CondaError: Run 'conda init' before 'conda activate'


Intel MKL ERROR: Parameter 4 was incorrect on entry to DPOTRF.

Intel MKL ERROR: Parameter 6 was incorrect on entry to DGEMV .

Intel MKL ERROR: Parameter 6 was incorrect on entry to DGEMV .

Intel MKL ERROR: Parameter 6 was incorrect on entry to DGEMV .
/leonardo/pub/userexternal/sperego0/software/flare/flare_v1.3.3-fix/flare/md/fake.py:76: UserWarning: FakeMD runs out of frames.
  warnings.warn("FakeMD runs out of frames.")
Warning: stress not available
Warning: stress not available
Warning: stress not available
Warning: stress not available
Warning: stress not available
Warning: stress not available
Warning: stress not available
Warning: stress not available
Warning: stress not available
Warning: stress not available
Precomputing KnK for hyps optimization
Done precomputing. Time: 0.004967927932739258
Hyperparameters:
[2.e+00 1.e-01 5.e-02 1.e-03]
Likelihood gradient:
[3.10574153e+00 5.61018909e+03 2.20664378e+05 0.00000000e+00]
Likelihood:
429.8883367510334


Hyperparameters:
[2.00001421e+00 1.25670027e-01 1.05967373e+00 1.00000000e-03]
Likelihood gradient:
[  -32.36830686    60.13121385 -3942.50498454     0.        ]
Likelihood:
-4498.589024406522


Hyperparameters:
[2.00000458e+00 1.08266202e-01 3.75132775e-01 1.00000000e-03]
Likelihood gradient:
[   -25.27827719    867.96571842 -10134.15678245      0.        ]
Likelihood:
-322.546755246055


Hyperparameters:
[2.00000153e+00 1.02760686e-01 1.58585467e-01 1.00000000e-03]
Likelihood gradient:
[-1.13973011e+01  3.19858947e+03 -1.60997382e+04  0.00000000e+00]
Likelihood:
2538.6559456903933


Hyperparameters:
[1.99607818e+00 1.36953509e+00 1.45680003e-01 1.00000000e-03]
Likelihood gradient:
[-1.43497230e+01 -4.08014286e+00 -1.62490962e+04  0.00000000e+00]
Likelihood:
2949.483756086096


Hyperparameters:
[-1.15072747e+01  1.44621000e+00  1.38268235e-01  1.00000000e-03]
Likelihood gradient:
[ 1.84581555e+01 -4.12495016e+00 -1.57558687e+04  0.00000000e+00]
Likelihood:
2788.2059142596136


Hyperparameters:
[-5.35315008e-01  1.38390888e+00  1.44290563e-01  1.00000000e-03]
Likelihood gradient:
[-1.55565878e+03 -4.08259899e+00 -1.31280077e+04  0.00000000e+00]
Likelihood:
2557.4615388614784


Hyperparameters:
[1.98178100e+00 1.36961627e+00 1.45672155e-01 1.00000000e-03]
Likelihood gradient:
[-1.33529219e+01 -4.07959721e+00 -1.62463244e+04  0.00000000e+00]
Likelihood:
2949.81061796187


Hyperparameters:
[1.91642585e+00 1.36998737e+00 1.45636283e-01 1.00000000e-03]
Likelihood gradient:
[-8.35373048e+00 -4.07908539e+00 -1.62326565e+04  0.00000000e+00]
Likelihood:
2951.1128742281326


Hyperparameters:
[1.91368221e+00 1.37158843e+00 1.45434564e-01 1.00000000e-03]
Likelihood gradient:
[-8.08877218e+00 -4.07975785e+00 -1.62205005e+04  0.00000000e+00]
Likelihood:
2954.402452140963


Hyperparameters:
[1.90270762e+00 1.37799269e+00 1.44627690e-01 1.00000000e-03]
Likelihood gradient:
[-7.00880003e+00 -4.08361923e+00 -1.61700754e+04  0.00000000e+00]
Likelihood:
2967.528342804567


Hyperparameters:
[1.85880928e+00 1.40360971e+00 1.41400191e-01 1.00000000e-03]
Likelihood gradient:
[-2.35456086e+00 -4.09597471e+00 -1.59377111e+04  0.00000000e+00]
Likelihood:
3019.4644961052836


Hyperparameters:
[1.68321592e+00 1.50607779e+00 1.28490196e-01 1.00000000e-03]
Likelihood gradient:
[ 2.29773348e+01 -4.09979032e+00 -1.43734310e+04  0.00000000e+00]
Likelihood:
3214.3531253610345


Hyperparameters:
[1.91124725e+00 1.79619480e+00 9.17769595e-02 1.00000000e-03]
Likelihood gradient:
[ 3.76037101e+00 -3.90035315e+00  3.79300977e+03  0.00000000e+00]
Likelihood:
3509.741721091894


Hyperparameters:
[1.94093428e+00 1.73372158e+00 9.94895708e-02 1.00000000e-03]
Likelihood gradient:
[-1.08098866e+00 -3.96100595e+00 -3.24465169e+03  0.00000000e+00]
Likelihood:
3510.3164767404724


Hyperparameters:
[1.94070313e+00 1.73649887e+00 9.91284357e-02 1.00000000e-03]
Likelihood gradient:
[-9.80324342e-01 -3.95837682e+00 -2.97459133e+03  0.00000000e+00]
Likelihood:
3511.4288903512625


Hyperparameters:
[1.93977855e+00 1.74760805e+00 9.76838956e-02 1.00000000e-03]
Likelihood gradient:
[-5.75170521e-01 -3.94817202e+00 -1.84249088e+03  0.00000000e+00]
Likelihood:
3514.8752268882545


Hyperparameters:
[1.93911719e+00 1.76412881e+00 9.53498864e-02 1.00000000e-03]
Likelihood gradient:
[-6.01750400e-04 -3.93238809e+00  1.75934759e+02  0.00000000e+00]
Likelihood:
3516.8030338136095


Hyperparameters:
[1.93864297e+00 1.76102986e+00 9.55856743e-02 1.00000000e-03]
Likelihood gradient:
[-3.91343632e-03 -3.93532007e+00 -3.91985596e+01  0.00000000e+00]
Likelihood:
3516.831351452918


Hyperparameters:
[1.93862125e+00 1.75925042e+00 9.55994330e-02 1.00000000e-03]
Likelihood gradient:
[-4.98347296e-03 -3.93682370e+00 -5.16704165e+01  0.00000000e+00]
Likelihood:
3516.837733095719


Hyperparameters:
[1.93853435e+00 1.75213266e+00 9.56544675e-02 1.00000000e-03]
Likelihood gradient:
[-8.17626431e-03 -3.94342394e+00 -1.01470433e+02  0.00000000e+00]
Likelihood:
3516.861574935272


Hyperparameters:
[1.93842609e+00 1.73494642e+00 9.57207143e-02 1.00000000e-03]
Likelihood gradient:
[-1.10544398e-02 -3.95923873e+00 -1.61224116e+02  0.00000000e+00]
Likelihood:
3516.9207945408552


Hyperparameters:
[1.93799305e+00 1.66620146e+00 9.59857012e-02 1.00000000e-03]
Likelihood gradient:
[-2.48442769e-02 -4.01667619e+00 -3.98176609e+02  0.00000000e+00]
Likelihood:
3517.1208570397157


Hyperparameters:
[1.93738733e+00 1.49728615e+00 9.63743311e-02 1.00000000e-03]
Likelihood gradient:
[-4.67115291e-02 -4.10829542e+00 -7.39814933e+02  0.00000000e+00]
Likelihood:
3517.5870864708395


Hyperparameters:
[1.93661692e+00 1.17865622e+00 9.68707774e-02 1.00000000e-03]
Likelihood gradient:
[-7.39756951e-02 -3.75137650e+00 -1.16632228e+03  0.00000000e+00]
Likelihood:
3518.3950242429946


Hyperparameters:
[1.93578443e+00 5.74695320e-01 9.74141195e-02 1.00000000e-03]
Likelihood gradient:
[-7.60494365e-02  1.74286367e+01 -1.62061234e+03  0.00000000e+00]
Likelihood:
3516.813229032471


Hyperparameters:
[1.93630086e+00 9.49360360e-01 9.70770591e-02 1.00000000e-03]
Likelihood gradient:
[-8.01340012e-02 -2.06952078e+00 -1.34038779e+03  0.00000000e+00]
Likelihood:
3518.8462661195517


Hyperparameters:
[1.93680693e+00 8.03768846e-01 9.68081565e-02 1.00000000e-03]
Likelihood gradient:
[-6.49534799e-02  9.82663335e-01 -1.11326817e+03  0.00000000e+00]
Likelihood:
3519.286299111948


Hyperparameters:
[1.93814049e+00 8.25060582e-01 9.60284426e-02 1.00000000e-03]
Likelihood gradient:
[-3.39025601e-02  3.59770483e-01 -4.36220964e+02  0.00000000e+00]
Likelihood:
3519.9061001078953


Hyperparameters:
[1.93886314e+00 8.36840369e-01 9.55256308e-02 1.00000000e-03]
Likelihood gradient:
[2.19573421e-03 4.65583378e-02 1.52675911e+01 0.00000000e+00]
Likelihood:
3520.01469029506


Hyperparameters:
[1.93884639e+00 8.39123320e-01 9.55430007e-02 1.00000000e-03]
Likelihood gradient:
[ 3.49628704e-04 -1.25006621e-02 -5.29386521e-01  0.00000000e+00]
Likelihood:
3520.014857726257


Hyperparameters:
[1.93885097e+00 8.38607543e-01 9.55425395e-02 1.00000000e-03]
Likelihood gradient:
[-0.00045407  0.00128549 -0.11111565  0.        ]
Likelihood:
3520.0148604948618


Hyperparameters:
[1.93884708e+00 8.38655814e-01 9.55424086e-02 1.00000000e-03]
Likelihood gradient:
[ 0.0013734  -0.00088039  0.00835468  0.        ]
Likelihood:
3520.0148609495945


Warning: stress not available
Precomputing KnK for hyps optimization
Done precomputing. Time: 0.005265474319458008
Hyperparameters:
[1.93884708e+00 8.38655814e-01 9.55424086e-02 1.00000000e-03]
Likelihood gradient:
[-6.89141205e+00  1.35520280e+00  3.56364952e+03  0.00000000e+00]
Likelihood:
3730.6107226611803


Hyperparameters:
[1.93689394e+00 8.39039901e-01 1.10554045e+00 1.00000000e-03]
Likelihood gradient:
[-3.80005289e+01  2.03195095e-01 -4.20262055e+03  0.00000000e+00]
Likelihood:
-5119.015562472012


Hyperparameters:
[1.93872087e+00 8.38680633e-01 1.60808045e-01 1.00000000e-03]
Likelihood gradient:
[-1.84562349e+01  1.49012832e+00 -1.76920751e+04  0.00000000e+00]
Likelihood:
2937.4789046425703


Hyperparameters:
[1.93883801e+00 8.38657597e-01 1.00232477e-01 1.00000000e-03]
Likelihood gradient:
[   -7.79202123     1.36143248 -1090.72507987     0.        ]
Likelihood:
3735.9773202364604


Hyperparameters:
[5.80898190e-01 1.08226247e+00 1.00298690e-01 1.00000000e-03]
Likelihood gradient:
[ 1.78367112e+03 -2.43145913e+00  2.74020697e+03  0.00000000e+00]
Likelihood:
3260.6065844278946


Hyperparameters:
[1.62553606e+00 8.94861769e-01 1.00247754e-01 1.00000000e-03]
Likelihood gradient:
[ 3.68238923e+01 -1.67634048e-01 -1.01221983e+03  0.00000000e+00]
Likelihood:
3732.385538420779


Hyperparameters:
[1.86694887e+00 8.51554006e-01 1.00235982e-01 1.00000000e-03]
Likelihood gradient:
[-3.49971025e-01  9.63916920e-01 -1.07867772e+03  0.00000000e+00]
Likelihood:
3736.2981419387215


Hyperparameters:
[1.88197036e+00 1.14799967e+00 9.98952245e-02 1.00000000e-03]
Likelihood gradient:
[  -1.97217318   -3.49664761 -779.45881242    0.        ]
Likelihood:
3736.047939849188


Hyperparameters:
[1.87140953e+00 9.39584128e-01 1.00134794e-01 1.00000000e-03]
Likelihood gradient:
[-8.42246313e-01 -1.16410524e+00 -9.90347828e+02  0.00000000e+00]
Likelihood:
3736.3831051400566


Hyperparameters:
[1.87052710e+00 9.32746696e-01 9.99702828e-02 1.00000000e-03]
Likelihood gradient:
[-7.04786762e-01 -1.03351990e+00 -8.44181284e+02  0.00000000e+00]
Likelihood:
3736.542340936521


Hyperparameters:
[1.86896200e+00 9.13570331e-01 9.96140393e-02 1.00000000e-03]
Likelihood gradient:
[-4.44695668e-01 -6.41288063e-01 -5.23575644e+02  0.00000000e+00]
Likelihood:
3736.8033731689247


Hyperparameters:
[1.86621458e+00 8.82226182e-01 9.90323115e-02 1.00000000e-03]
Likelihood gradient:
[2.92720721e-03 1.00634979e-01 1.25236996e+01 0.00000000e+00]
Likelihood:
3736.962581635813


Hyperparameters:
[1.86618893e+00 8.86413080e-01 9.90460269e-02 1.00000000e-03]
Likelihood gradient:
[ 0.00227086 -0.0058281  -0.27062252  0.        ]
Likelihood:
3736.9628614312096


Hyperparameters:
[1.86621160e+00 8.86183025e-01 9.90457382e-02 1.00000000e-03]
Likelihood gradient:
[ 0.0014838  -0.00165469 -0.00765845  0.        ]
Likelihood:
3736.9628594254173


Hyperparameters:
[1.86619087e+00 8.86393459e-01 9.90460023e-02 1.00000000e-03]
Likelihood gradient:
[ 0.00293616 -0.00531242 -0.24855252  0.        ]
Likelihood:
3736.962861319258


Hyperparameters:
[1.86618913e+00 8.86411138e-01 9.90460245e-02 1.00000000e-03]
Likelihood gradient:
[ 0.00332847 -0.00715502 -0.26915833  0.        ]
Likelihood:
3736.9628613707628


Hyperparameters:
[1.86618894e+00 8.86413024e-01 9.90460269e-02 1.00000000e-03]
Likelihood gradient:
[ 0.00330441 -0.00726726 -0.2714683   0.        ]
Likelihood:
3736.96286143016


Hyperparameters:
[1.86618893e+00 8.86413077e-01 9.90460269e-02 1.00000000e-03]
Likelihood gradient:
[ 0.00313159 -0.00662862 -0.27123807  0.        ]
Likelihood:
3736.9628614850753


Hyperparameters:
[1.86618893e+00 8.86413077e-01 9.90460269e-02 1.00000000e-03]
Likelihood gradient:
[ 0.0036116  -0.00742907 -0.27132939  0.        ]
Likelihood:
3736.962861443625


Hyperparameters:
[1.86618893e+00 8.86413077e-01 9.90460269e-02 1.00000000e-03]
Likelihood gradient:
[ 0.0031534  -0.00645105 -0.27105528  0.        ]
Likelihood:
3736.962861515607


Hyperparameters:
[1.86621160e+00 8.86183025e-01 9.90457382e-02 1.00000000e-03]
Likelihood gradient:
[-0.00082809 -0.00013864 -0.00683839  0.        ]
Likelihood:
3736.962859403131


Hyperparameters:
[1.86619370e+00 8.86364735e-01 9.90459663e-02 1.00000000e-03]
Likelihood gradient:
[ 0.00243244 -0.00561876 -0.2155759   0.        ]
Likelihood:
3736.962861070131


Hyperparameters:
[1.86618990e+00 8.86403325e-01 9.90460147e-02 1.00000000e-03]
Likelihood gradient:
[ 0.00421164 -0.00739636 -0.26026936  0.        ]
Likelihood:
3736.962861376798


Hyperparameters:
[1.86618916e+00 8.86410764e-01 9.90460240e-02 1.00000000e-03]
Likelihood gradient:
[ 0.002927   -0.00682571 -0.26836096  0.        ]
Likelihood:
3736.9628614825324


Hyperparameters:
[1.86618929e+00 8.86409485e-01 9.90460224e-02 1.00000000e-03]
Likelihood gradient:
[ 0.00356501 -0.00765808 -0.26726242  0.        ]
Likelihood:
3736.9628613918703


Hyperparameters:
[1.86618923e+00 8.86410125e-01 9.90460232e-02 1.00000000e-03]
Likelihood gradient:
[ 0.00276956 -0.00686057 -0.26759263  0.        ]
Likelihood:
3736.9628614864378


Hyperparameters:
[1.86618926e+00 8.86409805e-01 9.90460228e-02 1.00000000e-03]
Likelihood gradient:
[ 0.00374219 -0.00708957 -0.26767066  0.        ]
Likelihood:
3736.962861407719


Hyperparameters:
[1.86618924e+00 8.86409965e-01 9.90460230e-02 1.00000000e-03]
Likelihood gradient:
[ 0.00342731 -0.00739782 -0.26781092  0.        ]
Likelihood:
3736.9628614409758


Hyperparameters:
[1.86618923e+00 8.86410045e-01 9.90460231e-02 1.00000000e-03]
Likelihood gradient:
[ 0.00398417 -0.00774375 -0.26828891  0.        ]
Likelihood:
3736.9628614889534


Hyperparameters:
[1.86618924e+00 8.86410005e-01 9.90460231e-02 1.00000000e-03]
Likelihood gradient:
[ 0.00368689 -0.00702625 -0.26763721  0.        ]
Likelihood:
3736.96286137672


Hyperparameters:
[1.86618924e+00 8.86410025e-01 9.90460231e-02 1.00000000e-03]
Likelihood gradient:
[ 0.00325645 -0.00665294 -0.26754224  0.        ]
Likelihood:
3736.962861379605


Hyperparameters:
[1.86618923e+00 8.86410035e-01 9.90460231e-02 1.00000000e-03]
Likelihood gradient:
[ 0.00286924 -0.00719967 -0.26778482  0.        ]
Likelihood:
3736.962861439162


Warning: stress not available
Precomputing KnK for hyps optimization
Done precomputing. Time: 0.005912303924560547
Hyperparameters:
[1.86618893e+00 8.86413080e-01 9.90460269e-02 1.00000000e-03]
Likelihood gradient:
[-6.30043002e+00  5.14617669e-01 -3.14787421e+03  0.00000000e+00]
Likelihood:
4261.995828661512


Hyperparameters:
[ 1.86416744e+00  8.86578195e-01 -9.10951937e-01  1.00000000e-03]
Likelihood gradient:
[-4.18917679e+01 -9.82907508e-01  5.53825424e+03  0.00000000e+00]
Likelihood:
-4592.632191843931


Hyperparameters:
[1.86606497e+00 8.86423206e-01 3.71076332e-02 1.00000000e-03]
Likelihood gradient:
[7.56745111e+00 1.21585249e+00 7.67031829e+05 0.00000000e+00]
Likelihood:
-5205.472661822765


Hyperparameters:
[1.86616074e+00 8.86415383e-01 8.49576101e-02 1.00000000e-03]
Likelihood gradient:
[-2.98327252e+00  5.17303019e-01  1.61854576e+04  0.00000000e+00]
Likelihood:
4187.0332516776325


Hyperparameters:
[1.86618309e+00 8.86413557e-01 9.61284764e-02 1.00000000e-03]
Likelihood gradient:
[  -5.62181703    0.51416258 -232.65227022    0.        ]
Likelihood:
4267.034349838683


Hyperparameters:
[5.67506475e-02 1.05349934e+00 9.64740335e-02 1.00000000e-03]
Likelihood gradient:
[ 2.04752490e+05 -3.19603366e+00  1.40957086e+05  0.00000000e+00]
Likelihood:
-7753.269188829512


Hyperparameters:
[1.28359049e+00 9.40211058e-01 9.62397372e-02 1.00000000e-03]
Likelihood gradient:
[144.71782074  -0.64998347 -32.98198389   0.        ]
Likelihood:
4237.635830333356


Hyperparameters:
[1.81806630e+00 8.90856736e-01 9.61376655e-02 1.00000000e-03]
Likelihood gradient:
[-9.74453519e-03  3.99007083e-01 -2.30628913e+02  0.00000000e+00]
Likelihood:
4267.179226726492


Hyperparameters:
[1.82638677e+00 1.29329958e+00 9.59033832e-02 1.00000000e-03]
Likelihood gradient:
[-1.02604411 -4.27692843 21.07393994  0.        ]
Likelihood:
4266.101393986606


Hyperparameters:
[1.81854273e+00 9.13900706e-01 9.61242505e-02 1.00000000e-03]
Likelihood gradient:
[-7.04127242e-02 -2.16459365e-01 -2.16304374e+02  0.00000000e+00]
Likelihood:
4267.1840764318895


Hyperparameters:
[1.81851518e+00 9.12357883e-01 9.60805135e-02 1.00000000e-03]
Likelihood gradient:
[-5.60678681e-02 -1.76969573e-01 -1.69138356e+02  0.00000000e+00]
Likelihood:
4267.192816601649


Hyperparameters:
[1.81842964e+00 9.07993354e-01 9.59807256e-02 1.00000000e-03]
Likelihood gradient:
[-1.75452910e-02 -6.56194902e-02 -6.11194612e+01  0.00000000e+00]
Likelihood:
4267.204860588505


Hyperparameters:
[1.81841800e+00 9.05424855e-01 9.59242500e-02 1.00000000e-03]
Likelihood gradient:
[-0.00186626  0.00148689  0.25396591  0.        ]
Likelihood:
4267.20666734798


Hyperparameters:
[1.81840136e+00 9.05481125e-01 9.59244883e-02 1.00000000e-03]
Likelihood gradient:
[ 0.00259747 -0.00178619 -0.00143343  0.        ]
Likelihood:
4267.206669779983


Hyperparameters:
[1.81841196e+00 9.05449970e-01 9.59245088e-02 1.00000000e-03]
Likelihood gradient:
[-0.00057465  0.00099563 -0.02593597  0.        ]
Likelihood:
4267.2066682461955


Hyperparameters:
[1.81840146e+00 9.05480848e-01 9.59244885e-02 1.00000000e-03]
Likelihood gradient:
[ 2.73858521e-04  3.43264558e-05 -8.14394763e-04  0.00000000e+00]
Likelihood:
4267.206669872219


Hyperparameters:
[1.81840344e+00 9.05483376e-01 9.59244877e-02 1.00000000e-03]
Likelihood gradient:
[ 0.0014716  -0.00016605 -0.00104502  0.        ]
Likelihood:
4267.206669520512


Hyperparameters:
[1.81840146e+00 9.05480849e-01 9.59244885e-02 1.00000000e-03]
Likelihood gradient:
[ 0.00102219 -0.00023466 -0.00127948  0.        ]
Likelihood:
4267.206669712021


Hyperparameters:
[1.81840146e+00 9.05480848e-01 9.59244885e-02 1.00000000e-03]
Likelihood gradient:
[ 0.00116643 -0.00023003 -0.00150577  0.        ]
Likelihood:
4267.206669841753


Hyperparameters:
[1.81840146e+00 9.05480848e-01 9.59244885e-02 1.00000000e-03]
Likelihood gradient:
[ 0.00161455 -0.00068458 -0.00167889  0.        ]
Likelihood:
4267.20666977724


Hyperparameters:
[1.81840344e+00 9.05483376e-01 9.59244877e-02 1.00000000e-03]
Likelihood gradient:
[ 0.00106632  0.00032781 -0.00080006  0.        ]
Likelihood:
4267.206669497922


Hyperparameters:
[1.81840245e+00 9.05482112e-01 9.59244881e-02 1.00000000e-03]
Likelihood gradient:
[ 0.00062005 -0.00039114 -0.00103657  0.        ]
Likelihood:
4267.206669650981


Hyperparameters:
[1.81840195e+00 9.05481480e-01 9.59244883e-02 1.00000000e-03]
Likelihood gradient:
[ 9.34145587e-04  2.83255690e-05 -1.24472209e-03  0.00000000e+00]
Likelihood:
4267.206669793866


Hyperparameters:
[1.81840171e+00 9.05481164e-01 9.59244884e-02 1.00000000e-03]
Likelihood gradient:
[ 0.0016158  -0.00035397 -0.00120231  0.        ]
Likelihood:
4267.206669868686


Hyperparameters:
[1.81840159e+00 9.05481013e-01 9.59244884e-02 1.00000000e-03]
Likelihood gradient:
[ 0.00170796 -0.00062402 -0.00149106  0.        ]
Likelihood:
4267.206669810184


Hyperparameters:
[1.81840152e+00 9.05480931e-01 9.59244885e-02 1.00000000e-03]
Likelihood gradient:
[ 0.00115509 -0.00051753 -0.00132415  0.        ]
Likelihood:
4267.2066698171275


Hyperparameters:
[1.81840149e+00 9.05480889e-01 9.59244885e-02 1.00000000e-03]
Likelihood gradient:
[ 0.00200945 -0.00151721 -0.00155071  0.        ]
Likelihood:
4267.20666984751


Hyperparameters:
[1.81840147e+00 9.05480869e-01 9.59244885e-02 1.00000000e-03]
Likelihood gradient:
[ 1.38803924e-03  1.59873558e-05 -1.19409287e-03  0.00000000e+00]
Likelihood:
4267.20666983935


Hyperparameters:
[1.81840146e+00 9.05480859e-01 9.59244885e-02 1.00000000e-03]
Likelihood gradient:
[ 0.00196786 -0.00112279 -0.00180516  0.        ]
Likelihood:
4267.206669882946


Hyperparameters:
[1.81840147e+00 9.05480864e-01 9.59244885e-02 1.00000000e-03]
Likelihood gradient:
[ 0.00023314  0.00057758 -0.00081366  0.        ]
Likelihood:
4267.206669811389


Hyperparameters:
[1.81840147e+00 9.05480861e-01 9.59244885e-02 1.00000000e-03]
Likelihood gradient:
[ 0.00207597 -0.00108185 -0.00148322  0.        ]
Likelihood:
4267.206669737261


Hyperparameters:
[1.81840147e+00 9.05480860e-01 9.59244885e-02 1.00000000e-03]
Likelihood gradient:
[-0.00032022  0.00035554 -0.0007008   0.        ]
Likelihood:
4267.206669799867


Warning: stress not available
Precomputing KnK for hyps optimization
Done precomputing. Time: 0.0069882869720458984
Hyperparameters:
[1.81840146e+00 9.05480848e-01 9.59244885e-02 1.00000000e-03]
Likelihood gradient:
[-9.36515015e+00 -5.17989961e-01 -1.32379719e+03  0.00000000e+00]
Likelihood:
4714.842815120244


Hyperparameters:
[ 1.81125643e+00  9.05085654e-01 -9.14050161e-01  1.00000000e-03]
Likelihood gradient:
[-4.34437224e+01 -1.98530026e+00  5.98972841e+03  0.00000000e+00]
Likelihood:
-4983.243052053929


Hyperparameters:
[1.81821140e+00 9.05470336e-01 6.90596739e-02 1.00000000e-03]
Likelihood gradient:
[-4.06410349e+00 -4.64776793e-01  6.96676196e+04  0.00000000e+00]
Likelihood:
4033.4942903200117


Hyperparameters:
[1.81839322e+00 9.05480393e-01 9.47604374e-02 1.00000000e-03]
Likelihood gradient:
[-9.13397444 -0.51579567 45.99425813  0.        ]
Likelihood:
4715.594746065921


Hyperparameters:
[1.65277407e+00 8.96134483e-01 9.47891105e-02 1.00000000e-03]
Likelihood gradient:
[15.4103376  -0.2252592  52.65300857  0.        ]
Likelihood:
4715.254961978455


Hyperparameters:
[1.74837314e+00 9.01529151e-01 9.47725598e-02 1.00000000e-03]
Likelihood gradient:
[-3.87203817e-02 -3.96477148e-01  4.65415401e+01  0.00000000e+00]
Likelihood:
4715.938907372886


Hyperparameters:
[1.75304200e+00 5.04876332e-01 9.48120381e-02 1.00000000e-03]
Likelihood gradient:
[-0.5194466  46.72943986  3.01061589  0.        ]
Likelihood:
4710.429564095016


Hyperparameters:
[1.74885159e+00 8.60881130e-01 9.47766054e-02 1.00000000e-03]
Likelihood gradient:
[-0.10024459  0.86079553 41.58036716  0.        ]
Likelihood:
4715.930486572122


Hyperparameters:
[1.74853364e+00 8.87893525e-01 9.47739169e-02 1.00000000e-03]
Likelihood gradient:
[-5.89524754e-02 -6.39671680e-03  4.48742690e+01  0.00000000e+00]
Likelihood:
4715.941705001005


Hyperparameters:
[1.74801176e+00 8.87676255e-01 9.48125836e-02 1.00000000e-03]
Likelihood gradient:
[ 5.76051251e-03  1.05672611e-03 -1.82957919e+00  0.00000000e+00]
Likelihood:
4715.942638186954


Hyperparameters:
[1.74805695e+00 8.87711390e-01 9.48110678e-02 1.00000000e-03]
Likelihood gradient:
[-0.00266718  0.00165711 -0.00543611  0.        ]
Likelihood:
4715.942632113005


Hyperparameters:
[1.74801480e+00 8.87678624e-01 9.48124814e-02 1.00000000e-03]
Likelihood gradient:
[ 4.42045196e-03  1.51990462e-03 -1.70617173e+00  0.00000000e+00]
Likelihood:
4715.942637926697


Hyperparameters:
[1.74801200e+00 8.87676448e-01 9.48125753e-02 1.00000000e-03]
Likelihood gradient:
[ 0.00408512  0.00245709 -1.81895087  0.        ]
Likelihood:
4715.942638202667


Hyperparameters:
[1.74801385e+00 8.87677884e-01 9.48125134e-02 1.00000000e-03]
Likelihood gradient:
[ 5.75871270e-03 -2.04147981e-04 -1.74522162e+00  0.00000000e+00]
Likelihood:
4715.942637951817


Hyperparameters:
[1.74801211e+00 8.87676532e-01 9.48125717e-02 1.00000000e-03]
Likelihood gradient:
[ 4.43055117e-03  1.57249879e-03 -1.81442499e+00  0.00000000e+00]
Likelihood:
4715.94263816214


Hyperparameters:
[1.74801201e+00 8.87676450e-01 9.48125752e-02 1.00000000e-03]
Likelihood gradient:
[ 5.80004235e-03  2.64664132e-04 -1.81970860e+00  0.00000000e+00]
Likelihood:
4715.942638186047


Hyperparameters:
[1.74801200e+00 8.87676448e-01 9.48125753e-02 1.00000000e-03]
Likelihood gradient:
[ 5.49171841e-03  6.59738323e-04 -1.81961995e+00  0.00000000e+00]
Likelihood:
4715.942638190489


Hyperparameters:
[1.74801200e+00 8.87676448e-01 9.48125753e-02 1.00000000e-03]
Likelihood gradient:
[ 5.61681284e-03  7.73009662e-04 -1.81968941e+00  0.00000000e+00]
Likelihood:
4715.9426381994745


Hyperparameters:
[1.74805695e+00 8.87711390e-01 9.48110678e-02 1.00000000e-03]
Likelihood gradient:
[-0.00073392 -0.00035467 -0.00657584  0.        ]
Likelihood:
4715.942632228565


Hyperparameters:
[1.74801944e+00 8.87682230e-01 9.48123259e-02 1.00000000e-03]
Likelihood gradient:
[ 4.02074327e-03  1.26386794e-03 -1.51919829e+00  0.00000000e+00]
Likelihood:
4715.942637465682


Hyperparameters:
[1.74801337e+00 8.87677510e-01 9.48125295e-02 1.00000000e-03]
Likelihood gradient:
[ 4.32199892e-03  1.68957898e-03 -1.76393770e+00  0.00000000e+00]
Likelihood:
4715.942638155273


Hyperparameters:
[1.74801234e+00 8.87676708e-01 9.48125641e-02 1.00000000e-03]
Likelihood gradient:
[ 5.53882725e-03  4.31518283e-04 -1.80617937e+00  0.00000000e+00]
Likelihood:
4715.942638244935


Hyperparameters:
[1.74801263e+00 8.87676933e-01 9.48125544e-02 1.00000000e-03]
Likelihood gradient:
[ 4.35583911e-03  1.39677015e-03 -1.79389645e+00  0.00000000e+00]
Likelihood:
4715.942638087054


Hyperparameters:
[1.74801248e+00 8.87676821e-01 9.48125592e-02 1.00000000e-03]
Likelihood gradient:
[ 4.27389810e-03  1.62975573e-03 -1.79956935e+00  0.00000000e+00]
Likelihood:
4715.942638141722


Hyperparameters:
[1.74801241e+00 8.87676764e-01 9.48125617e-02 1.00000000e-03]
Likelihood gradient:
[ 4.86728601e-03  1.54438650e-03 -1.80238128e+00  0.00000000e+00]
Likelihood:
4715.94263811215


Hyperparameters:
[1.74801237e+00 8.87676736e-01 9.48125629e-02 1.00000000e-03]
Likelihood gradient:
[ 4.98520879e-03  1.12664412e-03 -1.80453148e+00  0.00000000e+00]
Likelihood:
4715.942638211272


Hyperparameters:
[1.74801236e+00 8.87676722e-01 9.48125635e-02 1.00000000e-03]
Likelihood gradient:
[ 5.36153192e-03  1.07343670e-03 -1.80508074e+00  0.00000000e+00]
Likelihood:
4715.942638120809


Hyperparameters:
[1.74801235e+00 8.87676715e-01 9.48125638e-02 1.00000000e-03]
Likelihood gradient:
[ 5.54289272e-03  9.96637210e-04 -1.80572544e+00  0.00000000e+00]
Likelihood:
4715.942638199445


Hyperparameters:
[1.74801234e+00 8.87676712e-01 9.48125639e-02 1.00000000e-03]
Likelihood gradient:
[ 5.64192441e-03 -1.77121491e-05 -1.80625280e+00  0.00000000e+00]
Likelihood:
4715.942638108147


Hyperparameters:
[1.74801234e+00 8.87676710e-01 9.48125640e-02 1.00000000e-03]
Likelihood gradient:
[ 4.83395346e-03  1.78131722e-03 -1.80535894e+00  0.00000000e+00]
Likelihood:
4715.942638196404


Warning: stress not available
Precomputing KnK for hyps optimization
Done precomputing. Time: 0.007826566696166992
Hyperparameters:
[1.74801176e+00 8.87676255e-01 9.48125836e-02 1.00000000e-03]
Likelihood gradient:
[  -3.26808779    3.5060943  -357.03653048    0.        ]
Likelihood:
5121.059101344481


Hyperparameters:
[ 1.73876768e+00  8.97593549e-01 -9.15096419e-01  1.00000000e-03]
Likelihood gradient:
[-4.37178769e+01 -2.22276991e+00  6.45070455e+03  0.00000000e+00]
Likelihood:
-5362.499356198254


Hyperparameters:
[1.74794639e+00 8.87746382e-01 8.76713175e-02 1.00000000e-03]
Likelihood gradient:
[-1.78696228e+00  3.58806952e+00  1.09029115e+04  0.00000000e+00]
Likelihood:
5085.970251653322


Hyperparameters:
[1.74800938e+00 8.87678806e-01 9.45528422e-02 1.00000000e-03]
Likelihood gradient:
[ -3.21403581   3.50804633 -18.35842172   0.        ]
Likelihood:
5121.107971897247


Hyperparameters:
[1.73399455e+00 9.02990085e-01 9.45549290e-02 1.00000000e-03]
Likelihood gradient:
[ -1.16909854   2.87315369 -18.32418406   0.        ]
Likelihood:
5121.189872538174


Hyperparameters:
[1.75373242e+00 9.68577532e-01 9.45509999e-02 1.00000000e-03]
Likelihood gradient:
[ -4.03355303   0.64229033 -17.9128188    0.        ]
Likelihood:
5121.246247607569


Hyperparameters:
[1.72821106e+00 9.85342482e-01 9.45416275e-02 1.00000000e-03]
Likelihood gradient:
[-0.29941848  0.17975034 -0.35820085  0.        ]
Likelihood:
5121.313278214209


Hyperparameters:
[1.72605937e+00 9.91013944e-01 9.45416004e-02 1.00000000e-03]
Likelihood gradient:
[0.02651112 0.03219709 0.10711872 0.        ]
Likelihood:
5121.314542981638


Hyperparameters:
[1.72618885e+00 9.92150995e-01 9.45416357e-02 1.00000000e-03]
Likelihood gradient:
[0.00679479 0.00301631 0.02424463 0.        ]
Likelihood:
5121.314542921802


Hyperparameters:
[1.72610016e+00 9.91372099e-01 9.45416115e-02 1.00000000e-03]
Likelihood gradient:
[0.02197142 0.02192495 0.08013643 0.        ]
Likelihood:
5121.314546971918


Hyperparameters:
[1.72616562e+00 9.91674094e-01 9.45416220e-02 1.00000000e-03]
Likelihood gradient:
[0.01091433 0.01459291 0.05036366 0.        ]
Likelihood:
5121.314542470507


Hyperparameters:
[1.72610886e+00 9.91412235e-01 9.45416129e-02 1.00000000e-03]
Likelihood gradient:
[0.0193793  0.02158325 0.07666    0.        ]
Likelihood:
5121.314546408132


Hyperparameters:
[1.72610125e+00 9.91377147e-01 9.45416116e-02 1.00000000e-03]
Likelihood gradient:
[0.02066412 0.0227957  0.08053832 0.        ]
Likelihood:
5121.314546965708


Hyperparameters:
[1.72610037e+00 9.91373095e-01 9.45416115e-02 1.00000000e-03]
Likelihood gradient:
[0.02062423 0.02263097 0.08075044 0.        ]
Likelihood:
5121.314546917196


Hyperparameters:
[1.72610017e+00 9.91372157e-01 9.45416115e-02 1.00000000e-03]
Likelihood gradient:
[0.01975203 0.02366584 0.08135021 0.        ]
Likelihood:
5121.314546910291


Hyperparameters:
[1.72610016e+00 9.91372100e-01 9.45416115e-02 1.00000000e-03]
Likelihood gradient:
[0.02028248 0.02265897 0.08090867 0.        ]
Likelihood:
5121.314546699672


Hyperparameters:
[1.72610016e+00 9.91372099e-01 9.45416115e-02 1.00000000e-03]
Likelihood gradient:
[0.01917979 0.02448785 0.08199512 0.        ]
Likelihood:
5121.314546897873


Hyperparameters:
[1.72610016e+00 9.91372099e-01 9.45416115e-02 1.00000000e-03]
Likelihood gradient:
[0.02259982 0.02137221 0.07990465 0.        ]
Likelihood:
5121.314546916008


Hyperparameters:
[1.72616562e+00 9.91674094e-01 9.45416220e-02 1.00000000e-03]
Likelihood gradient:
[0.01069501 0.01493964 0.05049567 0.        ]
Likelihood:
5121.3145423651


Hyperparameters:
[1.72612098e+00 9.91468182e-01 9.45416148e-02 1.00000000e-03]
Likelihood gradient:
[0.01713676 0.02043783 0.07140143 0.        ]
Likelihood:
5121.314545892412


Hyperparameters:
[1.72610645e+00 9.91401109e-01 9.45416125e-02 1.00000000e-03]
Likelihood gradient:
[0.01934085 0.02250147 0.07811622 0.        ]
Likelihood:
5121.314546606762


Hyperparameters:
[1.72610198e+00 9.91380500e-01 9.45416118e-02 1.00000000e-03]
Likelihood gradient:
[0.02096591 0.02233033 0.07972222 0.        ]
Likelihood:
5121.314546753707


Hyperparameters:
[1.72610054e+00 9.91373844e-01 9.45416115e-02 1.00000000e-03]
Likelihood gradient:
[0.02154888 0.02187877 0.08000241 0.        ]
Likelihood:
5121.314546776892


Hyperparameters:
[1.72610035e+00 9.91372972e-01 9.45416115e-02 1.00000000e-03]
Likelihood gradient:
[0.02121339 0.02177846 0.08070641 0.        ]
Likelihood:
5121.31454696437


Hyperparameters:
[1.72610025e+00 9.91372534e-01 9.45416115e-02 1.00000000e-03]
Likelihood gradient:
[0.02060763 0.0226486  0.08070003 0.        ]
Likelihood:
5121.314546918677


Hyperparameters:
[1.72610020e+00 9.91372317e-01 9.45416115e-02 1.00000000e-03]
Likelihood gradient:
[0.01985881 0.02353256 0.08133566 0.        ]
Likelihood:
5121.314546874566


Hyperparameters:
[1.72610018e+00 9.91372208e-01 9.45416115e-02 1.00000000e-03]
Likelihood gradient:
[0.02106286 0.02238542 0.08078296 0.        ]
Likelihood:
5121.3145469795945


Hyperparameters:
[1.72610019e+00 9.91372262e-01 9.45416115e-02 1.00000000e-03]
Likelihood gradient:
[0.02022716 0.02289406 0.08115808 0.        ]
Likelihood:
5121.314546796504


Hyperparameters:
[1.72610019e+00 9.91372235e-01 9.45416115e-02 1.00000000e-03]
Likelihood gradient:
[0.02064304 0.02283949 0.08099144 0.        ]
Likelihood:
5121.314546947391


Hyperparameters:
[1.72610018e+00 9.91372222e-01 9.45416115e-02 1.00000000e-03]
Likelihood gradient:
[0.02064956 0.02238378 0.08083963 0.        ]
Likelihood:
5121.314546925307


Warning: stress not available
Precomputing KnK for hyps optimization
Done precomputing. Time: 0.009094715118408203
Hyperparameters:
[1.72610016e+00 9.91372099e-01 9.45416115e-02 1.00000000e-03]
Likelihood gradient:
[  13.18233039   -2.17812265 -128.94112849    0.        ]
Likelihood:
5508.7846171413785


Hyperparameters:
[ 1.82880784e+00  9.74401661e-01 -9.10079280e-01  1.00000000e-03]
Likelihood gradient:
[-4.53045072e+01 -4.30865469e+00  6.95265962e+03  0.00000000e+00]
Likelihood:
-5708.163808104139


Hyperparameters:
[1.72635042e+00 9.91330748e-01 9.20937060e-02 1.00000000e-03]
Likelihood gradient:
[ 1.38059656e+01 -2.17102871e+00  3.54459163e+03  0.00000000e+00]
Likelihood:
5504.705046642937


Hyperparameters:
[1.72610943e+00 9.91370567e-01 9.44509015e-02 1.00000000e-03]
Likelihood gradient:
[13.2057751  -2.17755576 -1.16636678  0.        ]
Likelihood:
5508.7906469659065


Hyperparameters:
[1.72700734e+00 9.91222509e-01 9.44507372e-02 1.00000000e-03]
Likelihood gradient:
[13.04904169 -2.17576352 -1.18016882  0.        ]
Likelihood:
5508.802600997993


Hyperparameters:
[1.73059900e+00 9.90630277e-01 9.44500804e-02 1.00000000e-03]
Likelihood gradient:
[12.41944215 -2.16264838 -1.22452718  0.        ]
Likelihood:
5508.849002315061


Hyperparameters:
[1.74496562e+00 9.88261348e-01 9.44474529e-02 1.00000000e-03]
Likelihood gradient:
[ 9.96866068 -2.11773313 -1.30822642  0.        ]
Likelihood:
5509.012345805997


Hyperparameters:
[1.74733249e+00 7.87935076e-01 9.44477766e-02 1.00000000e-03]
Likelihood gradient:
[ 9.64101503  5.58483473 -1.20128154  0.        ]
Likelihood:
5508.825266222862


Hyperparameters:
[1.74587974e+00 9.10892213e-01 9.44475779e-02 1.00000000e-03]
Likelihood gradient:
[ 9.83642523 -0.07157305 -1.44958827  0.        ]
Likelihood:
5509.111244068003


Hyperparameters:
[1.76618246e+00 9.10022125e-01 9.44433838e-02 1.00000000e-03]
Likelihood gradient:
[ 6.52808847 -0.04920855 -0.61576171  0.        ]
Likelihood:
5509.273775954851


Hyperparameters:
[1.80624317e+00 9.08113123e-01 9.44358395e-02 1.00000000e-03]
Likelihood gradient:
[4.85467080e-01 7.40481843e-04 8.12730938e-01 0.00000000e+00]
Likelihood:
5509.405929783592


Hyperparameters:
[1.80946065e+00 9.08139383e-01 9.44358915e-02 1.00000000e-03]
Likelihood gradient:
[ 0.02503475 -0.00038402  0.04082083  0.        ]
Likelihood:
5509.406262104094


Hyperparameters:
[1.80963561e+00 9.08123980e-01 9.44358936e-02 1.00000000e-03]
Likelihood gradient:
[ 0.00178024 -0.00145035 -0.00032251  0.        ]
Likelihood:
5509.406238050939


Hyperparameters:
[1.80946550e+00 9.08138956e-01 9.44358916e-02 1.00000000e-03]
Likelihood gradient:
[ 0.02526831 -0.00148471  0.03959687  0.        ]
Likelihood:
5509.406261409407


Hyperparameters:
[1.80946077e+00 9.08139372e-01 9.44358915e-02 1.00000000e-03]
Likelihood gradient:
[ 0.02650618 -0.00123016  0.04038998  0.        ]
Likelihood:
5509.406262058465


Hyperparameters:
[1.80946065e+00 9.08139383e-01 9.44358915e-02 1.00000000e-03]
Likelihood gradient:
[ 2.54614719e-02 -1.56183019e-05  4.09364158e-02  0.00000000e+00]
Likelihood:
5509.406262025068


Hyperparameters:
[1.80946065e+00 9.08139383e-01 9.44358915e-02 1.00000000e-03]
Likelihood gradient:
[ 2.51721114e-02 -6.22850628e-05  4.08829687e-02  0.00000000e+00]
Likelihood:
5509.406262155251


Hyperparameters:
[1.80946065e+00 9.08139383e-01 9.44358915e-02 1.00000000e-03]
Likelihood gradient:
[ 0.02480441 -0.00014312  0.04123223  0.        ]
Likelihood:
5509.406262037515


Hyperparameters:
[1.80946065e+00 9.08139383e-01 9.44358915e-02 1.00000000e-03]
Likelihood gradient:
[ 2.51721114e-02 -6.22850628e-05  4.08829687e-02  0.00000000e+00]
Likelihood:
5509.406262155251


Hyperparameters:
[1.80946065e+00 9.08139383e-01 9.44358915e-02 1.00000000e-03]
Likelihood gradient:
[ 0.02604732 -0.00212476  0.04015762  0.        ]
Likelihood:
5509.406262094724


Hyperparameters:
[1.80946065e+00 9.08139383e-01 9.44358915e-02 1.00000000e-03]
Likelihood gradient:
[ 0.02548357 -0.00081942  0.04058191  0.        ]
Likelihood:
5509.406262067994


Hyperparameters:
[1.80963561e+00 9.08123980e-01 9.44358936e-02 1.00000000e-03]
Likelihood gradient:
[-0.00045462  0.0008849   0.00097366  0.        ]
Likelihood:
5509.406237998119


Hyperparameters:
[1.80954813e+00 9.08131681e-01 9.44358926e-02 1.00000000e-03]
Likelihood gradient:
[ 0.01291757 -0.00033361  0.02052464  0.        ]
Likelihood:
5509.406250598868


Hyperparameters:
[1.80950439e+00 9.08135532e-01 9.44358920e-02 1.00000000e-03]
Likelihood gradient:
[ 0.01916406 -0.00050182  0.03084118  0.        ]
Likelihood:
5509.406256468383


Hyperparameters:
[1.80948252e+00 9.08137457e-01 9.44358918e-02 1.00000000e-03]
Likelihood gradient:
[0.02200034 0.00049002 0.03629645 0.        ]
Likelihood:
5509.406259259362


Hyperparameters:
[1.80947158e+00 9.08138420e-01 9.44358917e-02 1.00000000e-03]
Likelihood gradient:
[ 0.0252652  -0.00169369  0.03741811  0.        ]
Likelihood:
5509.406260764588


Hyperparameters:
[1.80946612e+00 9.08138901e-01 9.44358916e-02 1.00000000e-03]
Likelihood gradient:
[ 0.02538098 -0.0009567   0.038939    0.        ]
Likelihood:
5509.40626134275


Hyperparameters:
[1.80946338e+00 9.08139142e-01 9.44358916e-02 1.00000000e-03]
Likelihood gradient:
[ 0.0257674  -0.00123586  0.03967514  0.        ]
Likelihood:
5509.4062617741965


Hyperparameters:
[1.80946202e+00 9.08139262e-01 9.44358916e-02 1.00000000e-03]
Likelihood gradient:
[ 0.02534824 -0.00098072  0.04050644  0.        ]
Likelihood:
5509.40626186078


Hyperparameters:
[1.80946133e+00 9.08139323e-01 9.44358915e-02 1.00000000e-03]
Likelihood gradient:
[ 0.02688442 -0.00201348  0.03983669  0.        ]
Likelihood:
5509.406262021206


Hyperparameters:
[1.80946099e+00 9.08139353e-01 9.44358915e-02 1.00000000e-03]
Likelihood gradient:
[ 0.02653901 -0.00167502  0.04011889  0.        ]
Likelihood:
5509.406261963191


Hyperparameters:
[1.80946082e+00 9.08139368e-01 9.44358915e-02 1.00000000e-03]
Likelihood gradient:
[0.02377431 0.0005546  0.04152744 0.        ]
Likelihood:
5509.406262115859


Hyperparameters:
[1.80946091e+00 9.08139360e-01 9.44358915e-02 1.00000000e-03]
Likelihood gradient:
[0.02488783 0.00028783 0.04116792 0.        ]
Likelihood:
5509.406262055318


Warning: stress not available
Precomputing KnK for hyps optimization
Done precomputing. Time: 0.01048135757446289
Hyperparameters:
[1.80946065e+00 9.08139383e-01 9.44358915e-02 1.00000000e-03]
Likelihood gradient:
[   8.5195224    -3.49207851 3119.49608685    0.        ]
Likelihood:
5744.395067542402


Hyperparameters:
[1.81221901e+00 9.07008757e-01 1.10443149e+00 1.00000000e-03]
Likelihood gradient:
[-4.55633712e+01 -4.67860110e+00 -6.15040931e+03  0.00000000e+00]
Likelihood:
-7393.289990127754


Hyperparameters:
[1.80957482e+00 9.08092586e-01 1.36239576e-01 1.00000000e-03]
Likelihood gradient:
[-3.10058297e+00 -3.38196282e+00 -2.46092764e+04  0.00000000e+00]
Likelihood:
5103.059482959181


Hyperparameters:
[1.80946728e+00 9.08136665e-01 9.68640131e-02 1.00000000e-03]
Likelihood gradient:
[   7.82432052   -3.48469883 -547.15267305    0.        ]
Likelihood:
5747.42441500317


Hyperparameters:
[2.45457335e+00 6.24497228e-01 9.67116477e-02 1.00000000e-03]
Likelihood gradient:
[ -42.60078632   14.44550996 -420.47007616    0.        ]
Likelihood:
5731.320000581991


Hyperparameters:
[1.88017073e+00 8.77049861e-01 9.68473139e-02 1.00000000e-03]
Likelihood gradient:
[  -2.22566822   -2.69622006 -541.98044128    0.        ]
Likelihood:
5747.707450649481


Hyperparameters:
[1.86449480e+00 6.82366140e-01 9.68252976e-02 1.00000000e-03]
Likelihood gradient:
[-1.31134266e-02  8.09208993e+00 -5.06921064e+02  0.00000000e+00]
Likelihood:
5747.420164059842


Hyperparameters:
[1.87435206e+00 8.04786180e-01 9.68391418e-02 1.00000000e-03]
Likelihood gradient:
[-1.42364049e+00 -8.86185071e-02 -5.29100629e+02  0.00000000e+00]
Likelihood:
5747.83060857186


Hyperparameters:
[1.86471274e+00 8.02224779e-01 9.64818877e-02 1.00000000e-03]
Likelihood gradient:
[ -0.04536253   0.03289717 -15.20155752   0.        ]
Likelihood:
5747.936625657001


Hyperparameters:
[1.86439487e+00 8.03158867e-01 9.64712645e-02 1.00000000e-03]
Likelihood gradient:
[ 0.00128352 -0.00971409  0.23402409  0.        ]
Likelihood:
5747.93676718168


Hyperparameters:
[1.86440072e+00 8.02912392e-01 9.64713418e-02 1.00000000e-03]
Likelihood gradient:
[0.00196987 0.00037309 0.12055549 0.        ]
Likelihood:
5747.93676740441


Hyperparameters:
[1.86441460e+00 8.02919490e-01 9.64714299e-02 1.00000000e-03]
Likelihood gradient:
[-0.00047379  0.00046324 -0.0103296   0.        ]
Likelihood:
5747.936765423052


Hyperparameters:
[1.86440077e+00 8.02912416e-01 9.64713421e-02 1.00000000e-03]
Likelihood gradient:
[0.0001323  0.00133257 0.12080014 0.        ]
Likelihood:
5747.93676740127


Hyperparameters:
[1.86440072e+00 8.02912392e-01 9.64713418e-02 1.00000000e-03]
Likelihood gradient:
[0.00115358 0.00140677 0.12106377 0.        ]
Likelihood:
5747.936767332752


Hyperparameters:
[1.86440072e+00 8.02912392e-01 9.64713418e-02 1.00000000e-03]
Likelihood gradient:
[-0.00047617  0.00194168  0.12127964  0.        ]
Likelihood:
5747.936767475492


Hyperparameters:
[1.86444042e+00 8.02974132e-01 9.64716931e-02 1.00000000e-03]
Likelihood gradient:
[-0.0042096  -0.00161068 -0.39705174  0.        ]
Likelihood:
5747.936761603372


Hyperparameters:
[1.86440088e+00 8.02912647e-01 9.64713433e-02 1.00000000e-03]
Likelihood gradient:
[0.00041855 0.00192676 0.1191352  0.        ]
Likelihood:
5747.936767360536


Hyperparameters:
[1.86440072e+00 8.02912392e-01 9.64713418e-02 1.00000000e-03]
Likelihood gradient:
[-0.0007702   0.00236878  0.12131578  0.        ]
Likelihood:
5747.936767443964


Hyperparameters:
[1.86440072e+00 8.02912392e-01 9.64713418e-02 1.00000000e-03]
Likelihood gradient:
[-0.00023488  0.00188673  0.12104814  0.        ]
Likelihood:
5747.936767192488


Hyperparameters:
[1.86440072e+00 8.02912392e-01 9.64713418e-02 1.00000000e-03]
Likelihood gradient:
[-0.00119271  0.00266321  0.12154813  0.        ]
Likelihood:
5747.936767294361


Hyperparameters:
[1.86444042e+00 8.02974132e-01 9.64716931e-02 1.00000000e-03]
Likelihood gradient:
[-0.00385822 -0.00239029 -0.39739643  0.        ]
Likelihood:
5747.936761667048


Hyperparameters:
[1.86442057e+00 8.02943262e-01 9.64715175e-02 1.00000000e-03]
Likelihood gradient:
[-0.0019658  -0.00089492 -0.13843594  0.        ]
Likelihood:
5747.936764355574


Hyperparameters:
[1.86441064e+00 8.02927827e-01 9.64714296e-02 1.00000000e-03]
Likelihood gradient:
[-0.00117819  0.00054496 -0.0084507   0.        ]
Likelihood:
5747.936765933353


Hyperparameters:
[1.86440568e+00 8.02920110e-01 9.64713857e-02 1.00000000e-03]
Likelihood gradient:
[-0.00043111  0.00103106  0.05634463  0.        ]
Likelihood:
5747.936766592287


Hyperparameters:
[1.86440320e+00 8.02916251e-01 9.64713638e-02 1.00000000e-03]
Likelihood gradient:
[0.00082482 0.00084063 0.08831266 0.        ]
Likelihood:
5747.936767154126


Hyperparameters:
[1.86440196e+00 8.02914322e-01 9.64713528e-02 1.00000000e-03]
Likelihood gradient:
[0.00084097 0.00116891 0.10474539 0.        ]
Likelihood:
5747.936767145267


Hyperparameters:
[1.86440134e+00 8.02913357e-01 9.64713473e-02 1.00000000e-03]
Likelihood gradient:
[0.00159312 0.00055705 0.11272104 0.        ]
Likelihood:
5747.936767260189


Hyperparameters:
[1.86440103e+00 8.02912875e-01 9.64713446e-02 1.00000000e-03]
Likelihood gradient:
[0.00135089 0.00058617 0.11659248 0.        ]
Likelihood:
5747.93676732882


Hyperparameters:
[1.86440088e+00 8.02912633e-01 9.64713432e-02 1.00000000e-03]
Likelihood gradient:
[-0.00108705  0.00322411  0.11930304  0.        ]
Likelihood:
5747.9367673402485


Hyperparameters:
[1.86440080e+00 8.02912513e-01 9.64713425e-02 1.00000000e-03]
Likelihood gradient:
[0.00067499 0.00122567 0.1200365  0.        ]
Likelihood:
5747.936767485131


Hyperparameters:
[1.86440084e+00 8.02912573e-01 9.64713428e-02 1.00000000e-03]
Likelihood gradient:
[-0.00053157  0.00197271  0.11983325  0.        ]
Likelihood:
5747.936767163785


Hyperparameters:
[1.86440082e+00 8.02912543e-01 9.64713427e-02 1.00000000e-03]
Likelihood gradient:
[-0.00067375  0.00285933  0.12015262  0.        ]
Likelihood:
5747.9367672186545


Warning: stress not available
Precomputing KnK for hyps optimization
Done precomputing. Time: 0.011854171752929688
Hyperparameters:
[1.86440072e+00 8.02912392e-01 9.64713418e-02 1.00000000e-03]
Likelihood gradient:
[-3.60110695e+00 -1.55903805e+00 -3.34255168e+03  0.00000000e+00]
Likelihood:
6299.81706907602


Hyperparameters:
[ 1.86331260e+00  8.02441307e-01 -9.13527962e-01  1.00000000e-03]
Likelihood gradient:
[-4.88271256e+01 -3.26114291e+00  7.86430749e+03  0.00000000e+00]
Likelihood:
-6480.258289869458


Hyperparameters:
[1.86434921e+00 8.02890092e-01 4.86605375e-02 1.00000000e-03]
Likelihood gradient:
[ 6.60813596e+00 -1.35450683e+00  4.05518142e+05  0.00000000e+00]
Likelihood:
1177.0866756157484


Hyperparameters:
[1.86439274e+00 8.02908937e-01 8.90638293e-02 1.00000000e-03]
Likelihood gradient:
[-1.88262143e+00 -1.56717566e+00  9.68860004e+03  0.00000000e+00]
Likelihood:
6279.489470428314


Hyperparameters:
[1.86439844e+00 8.02911403e-01 9.43514187e-02 1.00000000e-03]
Likelihood gradient:
[  -3.10605819   -1.5634055  -122.7129212     0.        ]
Likelihood:
6303.553786800912


Hyperparameters:
[-0.07985055 -0.18179382  0.09459813  0.001     ]
Likelihood gradient:
[-143477.91390607   -1351.53627822  123491.07876997       0.        ]
Likelihood:
-4706.956921471094


Hyperparameters:
[1.86437502e+00 8.02899544e-01 9.43514217e-02 1.00000000e-03]
Likelihood gradient:
[  -3.10277502   -1.5626437  -122.71201578    0.        ]
Likelihood:
6303.553880832689


Hyperparameters:
[1.86433424e+00 8.02878888e-01 9.43514269e-02 1.00000000e-03]
Likelihood gradient:
[  -3.09940081   -1.55998425 -122.71026972    0.        ]
Likelihood:
6303.5540446062805


Hyperparameters:
[0.89224184 0.31054253 0.09447478 0.001     ]
Likelihood gradient:
[ 700.27391797  247.15761565 1023.2243054     0.        ]
Likelihood:
6089.592722295147


Hyperparameters:
[1.72072739e+00 7.30146224e-01 9.43696493e-02 1.00000000e-03]
Likelihood gradient:
[  20.2143487     2.46702635 -111.55970881    0.        ]
Likelihood:
6302.424780926125


Hyperparameters:
[1.83909345e+00 7.90095168e-01 9.43546297e-02 1.00000000e-03]
Likelihood gradient:
[   0.41241407   -0.98045916 -121.81028616    0.        ]
Likelihood:
6303.607883585482


Hyperparameters:
[1.85610828e+00 6.87143421e-01 9.43438066e-02 1.00000000e-03]
Likelihood gradient:
[  -1.90485178    5.71699003 -108.48105411    0.        ]
Likelihood:
6303.3882443714865


Hyperparameters:
[1.84217499e+00 7.71449694e-01 9.43526696e-02 1.00000000e-03]
Likelihood gradient:
[-1.74438274e-02 -7.24855723e-02 -1.19438354e+02  0.00000000e+00]
Likelihood:
6303.618305508568


Hyperparameters:
[1.84217349e+00 7.69969065e-01 9.42733402e-02 1.00000000e-03]
Likelihood gradient:
[4.47807764e-03 4.36182372e-03 8.18946714e+00 0.00000000e+00]
Likelihood:
6303.622774582442


Hyperparameters:
[1.84219575e+00 7.70052457e-01 9.42784271e-02 1.00000000e-03]
Likelihood gradient:
[ 0.00233348 -0.00351151 -0.0172253   0.        ]
Likelihood:
6303.622792461474


Hyperparameters:
[1.84221256e+00 7.69981533e-01 9.42784508e-02 1.00000000e-03]
Likelihood gradient:
[-0.00333373  0.0040911  -0.05832617  0.        ]
Likelihood:
6303.622789951702


Hyperparameters:
[1.84219607e+00 7.70051117e-01 9.42784276e-02 1.00000000e-03]
Likelihood gradient:
[ 0.00199667 -0.00204522 -0.01779018  0.        ]
Likelihood:
6303.622792206679


Hyperparameters:
[1.84219576e+00 7.70052453e-01 9.42784271e-02 1.00000000e-03]
Likelihood gradient:
[ 0.0008596  -0.00159371 -0.01690285  0.        ]
Likelihood:
6303.622792422795


Hyperparameters:
[1.84219575e+00 7.70052457e-01 9.42784271e-02 1.00000000e-03]
Likelihood gradient:
[-0.00241395  0.00156294 -0.01560659  0.        ]
Likelihood:
6303.622792377921


Hyperparameters:
[1.84219575e+00 7.70052457e-01 9.42784271e-02 1.00000000e-03]
Likelihood gradient:
[-0.00023213 -0.00100349 -0.01655789  0.        ]
Likelihood:
6303.622792323678


Hyperparameters:
[1.84221256e+00 7.69981533e-01 9.42784508e-02 1.00000000e-03]
Likelihood gradient:
[-0.00379765  0.00407023 -0.05821249  0.        ]
Likelihood:
6303.622789855859


Hyperparameters:
[1.84220416e+00 7.70016995e-01 9.42784390e-02 1.00000000e-03]
Likelihood gradient:
[-0.00186043  0.00238373 -0.03708449  0.        ]
Likelihood:
6303.622791080166


Hyperparameters:
[1.84219996e+00 7.70034726e-01 9.42784330e-02 1.00000000e-03]
Likelihood gradient:
[-0.00124348  0.00062358 -0.02699114  0.        ]
Likelihood:
6303.622791706834


Hyperparameters:
[1.84219786e+00 7.70043592e-01 9.42784301e-02 1.00000000e-03]
Likelihood gradient:
[-4.16048671e-04  4.74824620e-05 -2.14996731e-02  0.00000000e+00]
Likelihood:
6303.622792032875


Hyperparameters:
[1.84219681e+00 7.70048025e-01 9.42784286e-02 1.00000000e-03]
Likelihood gradient:
[ 0.000404   -0.00140733 -0.01932658  0.        ]
Likelihood:
6303.622792062166


Hyperparameters:
[1.84219628e+00 7.70050241e-01 9.42784279e-02 1.00000000e-03]
Likelihood gradient:
[ 0.0007948  -0.00130765 -0.01799758  0.        ]
Likelihood:
6303.622792131133


Hyperparameters:
[1.84219602e+00 7.70051349e-01 9.42784275e-02 1.00000000e-03]
Likelihood gradient:
[-0.00175848  0.00279084 -0.01608669  0.        ]
Likelihood:
6303.622792170565


Hyperparameters:
[1.84219589e+00 7.70051903e-01 9.42784273e-02 1.00000000e-03]
Likelihood gradient:
[ 0.00260861 -0.00418423 -0.0177991   0.        ]
Likelihood:
6303.622792186452


Hyperparameters:
[1.84219582e+00 7.70052180e-01 9.42784272e-02 1.00000000e-03]
Likelihood gradient:
[-0.00186699  0.00126377 -0.01578358  0.        ]
Likelihood:
6303.622792279026


Hyperparameters:
[1.84219579e+00 7.70052319e-01 9.42784272e-02 1.00000000e-03]
Likelihood gradient:
[ 6.98238280e-05 -8.11625131e-04 -1.61248741e-02  0.00000000e+00]
Likelihood:
6303.622792231567


Hyperparameters:
[1.84219577e+00 7.70052388e-01 9.42784272e-02 1.00000000e-03]
Likelihood gradient:
[ 0.00108276 -0.00095325 -0.01640346  0.        ]
Likelihood:
6303.622792159173


Hyperparameters:
[1.84219576e+00 7.70052423e-01 9.42784272e-02 1.00000000e-03]
Likelihood gradient:
[ 0.00052749 -0.00144264 -0.01672492  0.        ]
Likelihood:
6303.622792181162


Warning: stress not available
Precomputing KnK for hyps optimization
Done precomputing. Time: 0.013360738754272461
Hyperparameters:
[1.84219575e+00 7.70052457e-01 9.42784271e-02 1.00000000e-03]
Likelihood gradient:
[    4.8052445      3.80625299 -1405.53532265     0.        ]
Likelihood:
6754.723337607651


Hyperparameters:
[ 1.84564871e+00  7.72787557e-01 -9.15711967e-01  1.00000000e-03]
Likelihood gradient:
[-5.11273150e+01 -2.60792360e+00  8.31498057e+03  0.00000000e+00]
Likelihood:
-6870.3561643633575


Hyperparameters:
[1.84226640e+00 7.70108415e-01 7.36151731e-02 1.00000000e-03]
Likelihood gradient:
[1.09021503e+01 3.89613702e+00 6.30583010e+04 0.00000000e+00]
Likelihood:
6245.441608944333


Hyperparameters:
[1.84219841e+00 7.70054560e-01 9.35019361e-02 1.00000000e-03]
Likelihood gradient:
[  5.0409825    3.80944079 -87.1870351    0.        ]
Likelihood:
6755.306440126213


Hyperparameters:
[1.99077507e+00 8.81993094e-01 9.34735886e-02 1.00000000e-03]
Likelihood gradient:
[-13.94778099  -1.92577378 -75.86690528   0.        ]
Likelihood:
6754.613599915743


Hyperparameters:
[1.88535643e+00 8.02570068e-01 9.34937018e-02 1.00000000e-03]
Likelihood gradient:
[ -1.19819988   1.73656977 -85.41693973   0.        ]
Likelihood:
6755.470747496449


Hyperparameters:
[1.83368937e+00 9.58279879e-01 9.34984729e-02 1.00000000e-03]
Likelihood gradient:
[  6.20739108  -4.0512361  -78.69286983   0.        ]
Likelihood:
6755.106372296723


Hyperparameters:
[1.87421907e+00 8.36134901e-01 9.34947303e-02 1.00000000e-03]
Likelihood gradient:
[ 3.13777401e-01  2.21626778e-02 -8.42093361e+01  0.00000000e+00]
Likelihood:
6755.505725289284


Hyperparameters:
[1.87645170e+00 8.36413661e-01 9.34447058e-02 1.00000000e-03]
Likelihood gradient:
[0.01678041 0.0051742  2.02505692 0.        ]
Likelihood:
6755.507848763369


Hyperparameters:
[1.87656214e+00 8.36504152e-01 9.34458276e-02 1.00000000e-03]
Likelihood gradient:
[-0.00039252  0.00279636  0.04519377  0.        ]
Likelihood:
6755.507836246034


Hyperparameters:
[1.87645738e+00 8.36418311e-01 9.34447635e-02 1.00000000e-03]
Likelihood gradient:
[0.01519837 0.00549505 1.92383317 0.        ]
Likelihood:
6755.507848452162


Hyperparameters:
[1.87645215e+00 8.36414027e-01 9.34447104e-02 1.00000000e-03]
Likelihood gradient:
[0.01683975 0.00584037 2.01742533 0.        ]
Likelihood:
6755.507849061403


Hyperparameters:
[1.87645239e+00 8.36414227e-01 9.34447128e-02 1.00000000e-03]
Likelihood gradient:
[0.01529725 0.0067057  2.01317375 0.        ]
Likelihood:
6755.507849063433


Hyperparameters:
[1.87645489e+00 8.36416269e-01 9.34447381e-02 1.00000000e-03]
Likelihood gradient:
[0.0159102  0.00555216 1.96835772 0.        ]
Likelihood:
6755.507848667745


Hyperparameters:
[1.87645248e+00 8.36414300e-01 9.34447137e-02 1.00000000e-03]
Likelihood gradient:
[0.01681479 0.00526137 2.01110023 0.        ]
Likelihood:
6755.507848791236


Hyperparameters:
[1.87645239e+00 8.36414227e-01 9.34447128e-02 1.00000000e-03]
Likelihood gradient:
[0.01533685 0.00686839 2.01323749 0.        ]
Likelihood:
6755.507848893103


Hyperparameters:
[1.87645239e+00 8.36414227e-01 9.34447128e-02 1.00000000e-03]
Likelihood gradient:
[0.01649178 0.00564466 2.01287538 0.        ]
Likelihood:
6755.507849041798


Hyperparameters:
[1.87645239e+00 8.36414227e-01 9.34447128e-02 1.00000000e-03]
Likelihood gradient:
[0.01522744 0.0075939  2.01391723 0.        ]
Likelihood:
6755.50784922568


Hyperparameters:
[1.87656214e+00 8.36504152e-01 9.34458276e-02 1.00000000e-03]
Likelihood gradient:
[0.00157566 0.00116252 0.04392195 0.        ]
Likelihood:
6755.507836323068


Hyperparameters:
[1.87646659e+00 8.36425862e-01 9.34448571e-02 1.00000000e-03]
Likelihood gradient:
[0.01517593 0.00476575 1.75796911 0.        ]
Likelihood:
6755.507847756671


Hyperparameters:
[1.87645454e+00 8.36415985e-01 9.34447346e-02 1.00000000e-03]
Likelihood gradient:
[0.01669028 0.00438143 1.97386489 0.        ]
Likelihood:
6755.507848655983


Hyperparameters:
[1.87645237e+00 8.36414208e-01 9.34447126e-02 1.00000000e-03]
Likelihood gradient:
[0.01686705 0.00531135 2.01332148 0.        ]
Likelihood:
6755.507849054115


Hyperparameters:
[1.87645345e+00 8.36415096e-01 9.34447236e-02 1.00000000e-03]
Likelihood gradient:
[0.01629984 0.00529448 1.99375271 0.        ]
Likelihood:
6755.507848864612


Hyperparameters:
[1.87645291e+00 8.36414652e-01 9.34447181e-02 1.00000000e-03]
Likelihood gradient:
[0.01707464 0.00466934 2.00335621 0.        ]
Likelihood:
6755.507848691479


Hyperparameters:
[1.87645264e+00 8.36414430e-01 9.34447154e-02 1.00000000e-03]
Likelihood gradient:
[0.01678642 0.00494906 2.00816558 0.        ]
Likelihood:
6755.507848935902


Hyperparameters:
[1.87645251e+00 8.36414319e-01 9.34447140e-02 1.00000000e-03]
Likelihood gradient:
[0.01603478 0.00566024 2.01100812 0.        ]
Likelihood:
6755.5078489340485


Hyperparameters:
[1.87645244e+00 8.36414264e-01 9.34447133e-02 1.00000000e-03]
Likelihood gradient:
[0.01682089 0.00512798 2.01176972 0.        ]
Likelihood:
6755.507848958296


Hyperparameters:
[1.87645240e+00 8.36414236e-01 9.34447129e-02 1.00000000e-03]
Likelihood gradient:
[0.01606613 0.00569333 2.01289306 0.        ]
Likelihood:
6755.507848935042


Hyperparameters:
[1.87645239e+00 8.36414222e-01 9.34447128e-02 1.00000000e-03]
Likelihood gradient:
[0.01669697 0.00546182 2.01276484 0.        ]
Likelihood:
6755.507848920362


Hyperparameters:
[1.87645238e+00 8.36414215e-01 9.34447127e-02 1.00000000e-03]
Likelihood gradient:
[0.01713602 0.00540338 2.01301082 0.        ]
Likelihood:
6755.507848814872


Warning: stress not available
Precomputing KnK for hyps optimization
Done precomputing. Time: 0.013929128646850586
Hyperparameters:
[1.87645170e+00 8.36413661e-01 9.34447058e-02 1.00000000e-03]
Likelihood gradient:
[6.62696948e+01 2.78024373e+00 1.88776214e+04 0.00000000e+00]
Likelihood:
6208.773364662748


Hyperparameters:
[1.87999728e+00 8.36562411e-01 1.10343847e+00 1.00000000e-03]
Likelihood gradient:
[-4.64528084e+01 -5.86739840e+00 -7.29834004e+03  0.00000000e+00]
Likelihood:
-8771.603577422227


Hyperparameters:
[1.87695783e+00 8.36434895e-01 2.37620634e-01 1.00000000e-03]
Likelihood gradient:
[ 1.52298223e+01 -1.32777190e+00 -2.73290593e+04  0.00000000e+00]
Likelihood:
2865.9511104908706


Hyperparameters:
[1.87651752e+00 8.36416423e-01 1.12192675e-01 1.00000000e-03]
Likelihood gradient:
[ 5.92892311e+01  2.23180182e+00 -1.09656934e+04  0.00000000e+00]
Likelihood:
6240.896266447522


Hyperparameters:
[2.90370014e+00 8.76825457e-01 1.11837275e-01 1.00000000e-03]
Likelihood gradient:
[-3.59841011e+01  2.51989577e-01 -1.07647330e+04  0.00000000e+00]
Likelihood:
6240.625315228319


Hyperparameters:
[2.30897092e+00 8.53429001e-01 1.12043048e-01 1.00000000e-03]
Likelihood gradient:
[-4.54035698e+00  1.34804488e+00 -1.09214280e+04  0.00000000e+00]
Likelihood:
6252.28047556592


Hyperparameters:
[2.29967739e+00 1.32135529e+00 1.09999074e-01 1.00000000e-03]
Likelihood gradient:
[-3.39419062e+00 -7.26265652e+00 -8.80788494e+03  0.00000000e+00]
Likelihood:
6270.3685264409


Hyperparameters:
[2.30510695e+00 5.70953339e-01 1.06467422e-01 1.00000000e-03]
Likelihood gradient:
[-3.41076130e+00  3.80657144e+01 -4.60282090e+03  0.00000000e+00]
Likelihood:
6292.2277241631145


Hyperparameters:
[2.28955392e+00 1.16348274e+00 1.01786059e-01 1.00000000e-03]
Likelihood gradient:
[-1.27600933e+00 -6.20404236e+00  2.12969257e+03  0.00000000e+00]
Likelihood:
6301.83951337257


Hyperparameters:
[2.28044397e+00 1.09471933e+00 1.03360717e-01 1.00000000e-03]
Likelihood gradient:
[  -0.60152049   -5.39143452 -313.32509018    0.        ]
Likelihood:
6303.654629282009


Hyperparameters:
[2.27592003e+00 1.00224437e+00 1.03280748e-01 1.00000000e-03]
Likelihood gradient:
[-1.40601310e-01 -3.68367063e+00 -1.91999910e+02  0.00000000e+00]
Likelihood:
6304.1027684387045


Hyperparameters:
[2.27185093e+00 8.03637375e-01 1.03152269e-01 1.00000000e-03]
Likelihood gradient:
[0.28388644 4.52824793 6.23635821 0.        ]
Likelihood:
6304.1729933815695


Hyperparameters:
[2.27406273e+00 9.11592067e-01 1.03222105e-01 1.00000000e-03]
Likelihood gradient:
[ 5.13509005e-02 -9.75514455e-01 -1.02198704e+02  0.00000000e+00]
Likelihood:
6304.3325601017


Hyperparameters:
[2.27432838e+00 8.78970780e-01 1.03154868e-01 1.00000000e-03]
Likelihood gradient:
[ 0.03501013  0.36285006 -0.23677145  0.        ]
Likelihood:
6304.346649792027


Hyperparameters:
[2.27458653e+00 8.87875511e-01 1.03153866e-01 1.00000000e-03]
Likelihood gradient:
[ 0.0074745  -0.02387059  1.03302724  0.        ]
Likelihood:
6304.348120887382


Hyperparameters:
[2.27463070e+00 8.87327316e-01 1.03154562e-01 1.00000000e-03]
Likelihood gradient:
[ 0.00253446 -0.00074661 -0.0118984   0.        ]
Likelihood:
6304.348126056502


Hyperparameters:
[2.27464856e+00 8.87308396e-01 1.03154550e-01 1.00000000e-03]
Likelihood gradient:
[ 0.00405632 -0.00249706  0.00345599  0.        ]
Likelihood:
6304.348124748878


Hyperparameters:
[2.27463083e+00 8.87327180e-01 1.03154562e-01 1.00000000e-03]
Likelihood gradient:
[ 0.00480547 -0.00159382 -0.01270481  0.        ]
Likelihood:
6304.348125888922


Hyperparameters:
[2.27463070e+00 8.87327316e-01 1.03154562e-01 1.00000000e-03]
Likelihood gradient:
[ 0.00481595 -0.0016572  -0.01241323  0.        ]
Likelihood:
6304.348126135466


Hyperparameters:
[2.27463070e+00 8.87327316e-01 1.03154562e-01 1.00000000e-03]
Likelihood gradient:
[ 0.00305884 -0.00067416 -0.01209501  0.        ]
Likelihood:
6304.348126065579


Hyperparameters:
[2.27463070e+00 8.87327316e-01 1.03154562e-01 1.00000000e-03]
Likelihood gradient:
[ 0.00477604 -0.00252875 -0.01270667  0.        ]
Likelihood:
6304.348126128496


Hyperparameters:
[2.27464856e+00 8.87308396e-01 1.03154550e-01 1.00000000e-03]
Likelihood gradient:
[ 0.00225916 -0.00020071  0.00423908  0.        ]
Likelihood:
6304.348124699169


Hyperparameters:
[2.27463963e+00 8.87317856e-01 1.03154556e-01 1.00000000e-03]
Likelihood gradient:
[ 0.00400733 -0.0018805  -0.00444026  0.        ]
Likelihood:
6304.348125462357


Hyperparameters:
[2.27463517e+00 8.87322586e-01 1.03154559e-01 1.00000000e-03]
Likelihood gradient:
[ 0.00419216 -0.00308923 -0.0089922   0.        ]
Likelihood:
6304.348125617853


Hyperparameters:
[2.27463293e+00 8.87324951e-01 1.03154561e-01 1.00000000e-03]
Likelihood gradient:
[ 0.00451043 -0.00157681 -0.01043242  0.        ]
Likelihood:
6304.348125974517


Hyperparameters:
[2.27463182e+00 8.87326133e-01 1.03154562e-01 1.00000000e-03]
Likelihood gradient:
[ 0.00513439 -0.00320312 -0.01195103  0.        ]
Likelihood:
6304.348125948747


Hyperparameters:
[2.27463126e+00 8.87326725e-01 1.03154562e-01 1.00000000e-03]
Likelihood gradient:
[ 0.00402955 -0.00270373 -0.01225196  0.        ]
Likelihood:
6304.348125954226


Hyperparameters:
[2.27463098e+00 8.87327020e-01 1.03154562e-01 1.00000000e-03]
Likelihood gradient:
[ 0.00361685 -0.00179105 -0.01226138  0.        ]
Likelihood:
6304.34812609234


Hyperparameters:
[2.27463112e+00 8.87326872e-01 1.03154562e-01 1.00000000e-03]
Likelihood gradient:
[ 0.00449683 -0.00212115 -0.01182453  0.        ]
Likelihood:
6304.348126078312


Hyperparameters:
[2.27463101e+00 8.87326986e-01 1.03154562e-01 1.00000000e-03]
Likelihood gradient:
[ 0.004198   -0.00183328 -0.01233141  0.        ]
Likelihood:
6304.348125846067


Hyperparameters:
[2.27463100e+00 8.87327003e-01 1.03154562e-01 1.00000000e-03]
Likelihood gradient:
[ 0.00405728 -0.00013028 -0.01160731  0.        ]
Likelihood:
6304.348126057852


Hyperparameters:
[2.27463099e+00 8.87327012e-01 1.03154562e-01 1.00000000e-03]
Likelihood gradient:
[ 0.00445271 -0.00217991 -0.01218339  0.        ]
Likelihood:
6304.3481261270645


Hyperparameters:
[2.27463099e+00 8.87327007e-01 1.03154562e-01 1.00000000e-03]
Likelihood gradient:
[ 0.00594612 -0.00358572 -0.01268654  0.        ]
Likelihood:
6304.348125929242


Warning: stress not available
Precomputing KnK for hyps optimization
Done precomputing. Time: 0.014771223068237305
Hyperparameters:
[2.27463070e+00 8.87327316e-01 1.03154562e-01 1.00000000e-03]
Likelihood gradient:
[   12.05316329     9.21248567 -2121.82907863     0.        ]
Likelihood:
6745.639195484078


Hyperparameters:
[ 2.28036791e+00  8.91712388e-01 -9.06819623e-01  1.00000000e-03]
Likelihood gradient:
[-4.52143012e+01 -7.34023933e+00  9.28646995e+03  0.00000000e+00]
Likelihood:
-7594.858447419687


Hyperparameters:
[2.27479687e+00 8.87454323e-01 7.39022061e-02 1.00000000e-03]
Likelihood gradient:
[1.66093344e+01 1.10922001e+01 1.02745538e+05 0.00000000e+00]
Likelihood:
5659.887266702346


Hyperparameters:
[2.27463862e+00 8.87333366e-01 1.01761126e-01 1.00000000e-03]
Likelihood gradient:
[12.28777867  9.30595357 80.53683936  0.        ]
Likelihood:
6747.0790180746935


Hyperparameters:
[2.42512460e+00 1.00133927e+00 1.01740880e-01 1.00000000e-03]
Likelihood gradient:
[-3.1415048   2.94132753 86.13981955  0.        ]
Likelihood:
6748.363668985334


Hyperparameters:
[2.17159370e+00 1.61250774e+00 1.01751091e-01 1.00000000e-03]
Likelihood gradient:
[ 26.06394639  -6.24264976 100.31015774   0.        ]
Likelihood:
6743.6602647276995


Hyperparameters:
[2.38650101e+00 1.09444636e+00 1.01742435e-01 1.00000000e-03]
Likelihood gradient:
[ 0.41902155 -0.34050896 85.36617189  0.        ]
Likelihood:
6748.53052818709


Hyperparameters:
[2.39090685e+00 1.08466230e+00 1.01796318e-01 1.00000000e-03]
Likelihood gradient:
[-0.00662262 -0.05831852 -3.01454025  0.        ]
Likelihood:
6748.535299230272


Hyperparameters:
[2.39097419e+00 1.08296348e+00 1.01794858e-01 1.00000000e-03]
Likelihood gradient:
[-0.01411587 -0.00637858 -0.59012749  0.        ]
Likelihood:
6748.53534955742


Hyperparameters:
[2.39084341e+00 1.08275399e+00 1.01794509e-01 1.00000000e-03]
Likelihood gradient:
[-0.00163976  0.00026868  0.00310815  0.        ]
Likelihood:
6748.535360215916


Hyperparameters:
[2.39082666e+00 1.08276174e+00 1.01794509e-01 1.00000000e-03]
Likelihood gradient:
[-0.00062831  0.00012825  0.00432955  0.        ]
Likelihood:
6748.535361376144


Hyperparameters:
[2.39081612e+00 1.08276790e+00 1.01794513e-01 1.00000000e-03]
Likelihood gradient:
[ 6.50673485e-04 -2.61182621e-05 -3.63610830e-04  0.00000000e+00]
Likelihood:
6748.5353620229325


Hyperparameters:
[2.39082124e+00 1.08276491e+00 1.01794511e-01 1.00000000e-03]
Likelihood gradient:
[1.13589354e-04 3.80678125e-05 2.29700691e-03 0.00000000e+00]
Likelihood:
6748.535361775026


Hyperparameters:
[2.39082205e+00 1.08276612e+00 1.01794512e-01 1.00000000e-03]
Likelihood gradient:
[ 0.00048752 -0.00067943 -0.00085527  0.        ]
Likelihood:
6748.535361980194


Hyperparameters:
[2.39082144e+00 1.08276521e+00 1.01794512e-01 1.00000000e-03]
Likelihood gradient:
[ 0.00167222 -0.00187189  0.00012734  0.        ]
Likelihood:
6748.53536185377


Hyperparameters:
[2.39082205e+00 1.08276612e+00 1.01794512e-01 1.00000000e-03]
Likelihood gradient:
[ 1.17767724e-04  6.00015796e-05 -3.49512353e-04  0.00000000e+00]
Likelihood:
6748.535361863338


Hyperparameters:
[2.39082205e+00 1.08276612e+00 1.01794512e-01 1.00000000e-03]
Likelihood gradient:
[ 6.15680968e-05 -1.10109431e-04 -4.06539955e-04  0.00000000e+00]
Likelihood:
6748.535361658367


Hyperparameters:
[2.39082205e+00 1.08276612e+00 1.01794512e-01 1.00000000e-03]
Likelihood gradient:
[ 0.00022235 -0.00041783 -0.0006811   0.        ]
Likelihood:
6748.535361721599


Hyperparameters:
[2.39082164e+00 1.08276551e+00 1.01794512e-01 1.00000000e-03]
Likelihood gradient:
[ 0.00121659 -0.00105449 -0.00018112  0.        ]
Likelihood:
6748.535361787817


Hyperparameters:
[2.39082164e+00 1.08276551e+00 1.01794512e-01 1.00000000e-03]
Likelihood gradient:
[-0.00022835  0.00078225  0.0010673   0.        ]
Likelihood:
6748.5353617717865


Hyperparameters:
[2.39082164e+00 1.08276551e+00 1.01794512e-01 1.00000000e-03]
Likelihood gradient:
[ 0.00063445 -0.00026184  0.00037163  0.        ]
Likelihood:
6748.535361936154


Hyperparameters:
[2.39082164e+00 1.08276551e+00 1.01794512e-01 1.00000000e-03]
Likelihood gradient:
[ 0.00054636 -0.00053745  0.00047494  0.        ]
Likelihood:
6748.535361743001


Hyperparameters:
[2.39082164e+00 1.08276551e+00 1.01794512e-01 1.00000000e-03]
Likelihood gradient:
[2.95188678e-04 6.60444256e-05 6.98696167e-04 0.00000000e+00]
Likelihood:
6748.5353617396795


Hyperparameters:
[2.39082164e+00 1.08276551e+00 1.01794512e-01 1.00000000e-03]
Likelihood gradient:
[ 0.00040292 -0.00020396  0.00059511  0.        ]
Likelihood:
6748.535361811297


Hyperparameters:
[2.39082164e+00 1.08276551e+00 1.01794512e-01 1.00000000e-03]
Likelihood gradient:
[-6.81786983e-05  4.00432339e-04  1.02675635e-03  0.00000000e+00]
Likelihood:
6748.53536185799


Hyperparameters:
[2.39082164e+00 1.08276551e+00 1.01794512e-01 1.00000000e-03]
Likelihood gradient:
[ 0.00122283 -0.00101944 -0.00012879  0.        ]
Likelihood:
6748.535361856248


Hyperparameters:
[2.39082164e+00 1.08276551e+00 1.01794512e-01 1.00000000e-03]
Likelihood gradient:
[5.00693235e-05 3.23419240e-04 8.74972393e-04 0.00000000e+00]
Likelihood:
6748.535361921593


Hyperparameters:
[2.39082164e+00 1.08276551e+00 1.01794512e-01 1.00000000e-03]
Likelihood gradient:
[ 0.00039192 -0.00028293  0.00053037  0.        ]
Likelihood:
6748.53536192996


Warning: stress not available
Warning: stress not available
Warning: stress not available
Warning: stress not available
Warning: stress not available
Warning: stress not available
Warning: stress not available
Warning: stress not available
Warning: stress not available
Warning: stress not available
Warning: stress not available
Warning: stress not available
Warning: stress not available
Warning: stress not available
Warning: stress not available
Warning: stress not available
Warning: stress not available
Warning: stress not available
Warning: stress not available
Warning: stress not available
Warning: stress not available
Warning: stress not available
Warning: stress not available
Warning: stress not available
Warning: stress not available
Warning: stress not available
Warning: stress not available
Warning: stress not available
Warning: stress not available
Warning: stress not available
Warning: stress not available
Warning: stress not available
Warning: stress not available
Warning: stress not available
Warning: stress not available
Warning: stress not available
Warning: stress not available
Warning: stress not available
Warning: stress not available
Warning: stress not available
Warning: stress not available
Warning: stress not available
Warning: stress not available
Warning: stress not available
Warning: stress not available
Warning: stress not available
Warning: stress not available
Warning: stress not available
Warning: stress not available
Warning: stress not available
Warning: stress not available
Warning: stress not available
Warning: stress not available
Warning: stress not available
Warning: stress not available
Warning: stress not available
Warning: stress not available
Warning: stress not available
Warning: stress not available
Warning: stress not available
Warning: stress not available
Warning: stress not available
Warning: stress not available
Warning: stress not available
Warning: stress not available
Warning: stress not available
Warning: stress not available
Warning: stress not available
Warning: stress not available
Warning: stress not available
Warning: stress not available
Warning: stress not available
Warning: stress not available
Warning: stress not available
Warning: stress not available
Warning: stress not available
Warning: stress not available
Warning: stress not available
Warning: stress not available
Warning: stress not available
Warning: stress not available
Warning: stress not available
Warning: stress not available
Warning: stress not available
Warning: stress not available
Warning: stress not available
Warning: stress not available
Warning: stress not available
Warning: stress not available
Warning: stress not available
Warning: stress not available
Warning: stress not available
Warning: stress not available
Warning: stress not available
Warning: stress not available
Warning: stress not available
Warning: stress not available
Warning: stress not available
Warning: stress not available
Warning: stress not available
Warning: stress not available
Warning: stress not available
Warning: stress not available
Warning: stress not available
Warning: stress not available
Warning: stress not available
Warning: stress not available
Warning: stress not available
Warning: stress not available
Warning: stress not available
Warning: stress not available
Warning: stress not available
Warning: stress not available
Warning: stress not available
Warning: stress not available
Warning: stress not available
Warning: stress not available
Warning: stress not available
Warning: stress not available
Warning: stress not available
Warning: stress not available
Warning: stress not available
Warning: stress not available
Warning: stress not available
Warning: stress not available
Warning: stress not available
Warning: stress not available
Warning: stress not available
Warning: stress not available
Warning: stress not available
Warning: stress not available
Warning: stress not available
Warning: stress not available
Warning: stress not available
Warning: stress not available
