/var/spool/slurmd/job7908997/slurm_script: line 17: activate: No such file or directory

CondaError: Run 'conda init' before 'conda activate'


Intel MKL ERROR: Parameter 4 was incorrect on entry to DPOTRF.

Intel MKL ERROR: Parameter 6 was incorrect on entry to DGEMV .

Intel MKL ERROR: Parameter 6 was incorrect on entry to DGEMV .

Intel MKL ERROR: Parameter 6 was incorrect on entry to DGEMV .
/leonardo/pub/userexternal/sperego0/software/flare/flare_v1.3.3-fix/flare/md/fake.py:76: UserWarning: FakeMD runs out of frames.
  warnings.warn("FakeMD runs out of frames.")
Warning: stress not available
Warning: stress not available
Warning: stress not available
Warning: stress not available
Warning: stress not available
Warning: stress not available
Warning: stress not available
Warning: stress not available
Warning: stress not available
Warning: stress not available
Precomputing KnK for hyps optimization
Done precomputing. Time: 0.00501251220703125
Hyperparameters:
[2.e+00 1.e-01 5.e-02 1.e-03]
Likelihood gradient:
[-1.15076302e+01  3.63564808e+03  3.46127295e+05  0.00000000e+00]
Likelihood:
-2663.5273299464243


Hyperparameters:
[1.99996642e+00 1.10608242e-01 1.05994429e+00 1.00000000e-03]
Likelihood gradient:
[  -35.10302659    69.69909323 -3931.32050745     0.        ]
Likelihood:
-4514.454628783843


Hyperparameters:
[1.99998886e+00 1.03518847e-01 3.85007408e-01 1.00000000e-03]
Likelihood gradient:
[  -34.20736504   594.92426766 -9704.53046079     0.        ]
Likelihood:
-464.97322684553455


Hyperparameters:
[1.67617703e+00 6.63789528e+00 3.29101208e-01 1.00000000e-03]
Likelihood gradient:
[-2.95346012e+01 -1.33928736e+00 -1.11063174e+04  0.00000000e+00]
Likelihood:
178.11897324118854


Hyperparameters:
[-2.64937875e+01  7.49805641e+00  3.12843335e-01  1.00000000e-03]
Likelihood gradient:
[ 9.13842360e+00 -1.19013321e+00 -1.14765380e+04  0.00000000e+00]
Likelihood:
-176.4682937181242


Hyperparameters:
[-3.98126063e+00  6.81064338e+00  3.25836102e-01  1.00000000e-03]
Likelihood gradient:
[ 4.57764685e+01 -1.30744303e+00 -1.11957703e+04  0.00000000e+00]
Likelihood:
105.03701847858974


Hyperparameters:
[2.17302933e-02 6.68841329e+00 3.28146369e-01 1.00000000e-03]
Likelihood gradient:
[1.38407064e+05 3.24054450e-02 2.18157156e+04 0.00000000e+00]
Likelihood:
-6419.057634197195


Hyperparameters:
[1.13790107e+00 6.65433137e+00 3.28790550e-01 1.00000000e-03]
Likelihood gradient:
[ 4.85146409e+01 -1.33375675e+00 -1.10346065e+04  0.00000000e+00]
Likelihood:
182.52434334114878


Hyperparameters:
[1.42869458e+00 6.64545208e+00 3.28958377e-01 1.00000000e-03]
Likelihood gradient:
[-7.41891582e+00 -1.33710204e+00 -1.10864606e+04  0.00000000e+00]
Likelihood:
184.90058686985958


Hyperparameters:
[1.42226705e+00 6.71246709e+00 3.27718957e-01 1.00000000e-03]
Likelihood gradient:
[-6.46221126e+00 -1.32398939e+00 -1.11152283e+04  0.00000000e+00]
Likelihood:
198.62507001920312


Hyperparameters:
[1.39655694e+00 6.98052714e+00 3.22761277e-01 1.00000000e-03]
Likelihood gradient:
[-2.41535636e+00 -1.27403860e+00 -1.12309160e+04  0.00000000e+00]
Likelihood:
253.82675900093


Hyperparameters:
[1.29371649e+00 8.05276733e+00 3.02930559e-01 1.00000000e-03]
Likelihood gradient:
[ 1.79095537e+01 -1.10606851e+00 -1.17011049e+04  0.00000000e+00]
Likelihood:
479.3752642933032


Hyperparameters:
[8.82354694e-01 1.23417281e+01 2.23607683e-01 1.00000000e-03]
Likelihood gradient:
[ 2.54914919e+02 -7.08517991e-01 -1.32803394e+04  0.00000000e+00]
Likelihood:
1431.7859030950085


Hyperparameters:
[-7.63092495e-01  2.94975713e+01 -9.36838173e-02  1.00000000e-03]
Likelihood gradient:
[-8.74846386e+02 -4.51740621e-02 -2.30465644e+04  0.00000000e+00]
Likelihood:
2315.536813022757


Hyperparameters:
[-7.34488125e+00  9.81209439e+01 -1.36284982e+00  1.00000000e-03]
Likelihood gradient:
[ 2.41626530e+01 -9.19170275e-02  3.05606661e+03  0.00000000e+00]
Likelihood:
-5763.986348409097


Hyperparameters:
[-2.33391391e+00  4.58753474e+01 -3.96585233e-01  1.00000000e-03]
Likelihood gradient:
[ 4.89990983e+01 -1.94153127e-01  9.64530968e+03  0.00000000e+00]
Likelihood:
-566.3756350652939


Hyperparameters:
[-1.11567807e+00  3.31737165e+01 -1.61672876e-01  1.00000000e-03]
Likelihood gradient:
[-1.51551835e+02 -2.18823202e-01  1.25061008e+04  0.00000000e+00]
Likelihood:
2295.2209723548713


Hyperparameters:
[-9.04228785e-01  3.09690935e+01 -1.20899121e-01  1.00000000e-03]
Likelihood gradient:
[-4.28151574e+02 -1.63353181e-01  2.86400837e+03  0.00000000e+00]
Likelihood:
2607.0323370755586


Hyperparameters:
[-6.15294665e+00  3.84184539e+01 -2.58781692e-01  1.00000000e-03]
Likelihood gradient:
[ 3.51052330e+01 -2.30752999e-01  1.29209044e+04  0.00000000e+00]
Likelihood:
809.981398757558


Hyperparameters:
[-1.66715651e+00  3.20518957e+01 -1.40941051e-01  1.00000000e-03]
Likelihood gradient:
[-3.04240319e+00 -2.29078897e-01  1.01267700e+04  0.00000000e+00]
Likelihood:
2567.077242763715


Hyperparameters:
[-1.17571356e+00  3.13544043e+01 -1.28030961e-01  1.00000000e-03]
Likelihood gradient:
[-1.57699553e+02 -1.99735529e-01  6.33849126e+03  0.00000000e+00]
Likelihood:
2646.112246634335


Hyperparameters:
[-1.29637357e+00  3.08436618e+01 -1.18594745e-01  1.00000000e-03]
Likelihood gradient:
[-1.09382648e+02 -1.93418829e-01  2.43835238e+03  0.00000000e+00]
Likelihood:
2704.604556507652


Hyperparameters:
[-1.47801666e+00  3.04603150e+01 -1.11536826e-01  1.00000000e-03]
Likelihood gradient:
[-5.38017991e+01 -1.89103037e-01 -1.69750109e+03  0.00000000e+00]
Likelihood:
2722.2226517088266


Hyperparameters:
[-1.55622229e+00  3.05436426e+01 -1.13104092e-01  1.00000000e-03]
Likelihood gradient:
[-3.40465859e+01 -1.95278572e-01 -5.83925221e+02  0.00000000e+00]
Likelihood:
2727.281020193249


Hyperparameters:
[-1.69045333e+00  3.05845324e+01 -1.13920843e-01  1.00000000e-03]
Likelihood gradient:
[-9.21346974 -0.20117493  3.1154255   0.        ]
Likelihood:
2730.1540049790747


Hyperparameters:
[-1.74006840e+00  3.05816719e+01 -1.13910423e-01  1.00000000e-03]
Likelihood gradient:
[-2.09068897 -0.20257168 13.70812545  0.        ]
Likelihood:
2730.37956039012


Hyperparameters:
[-1.75479412e+00  3.05776152e+01 -1.13869788e-01  1.00000000e-03]
Likelihood gradient:
[-0.15147983 -0.20291327 -7.40371998  0.        ]
Likelihood:
2730.382214672807


Hyperparameters:
[-1.75614741e+00  3.05759145e+01 -1.13863667e-01  1.00000000e-03]
Likelihood gradient:
[  0.02242287  -0.2029526  -10.87458192   0.        ]
Likelihood:
2730.3812538312723


Hyperparameters:
[-1.75488217e+00  3.05775046e+01 -1.13869389e-01  1.00000000e-03]
Likelihood gradient:
[-0.14048644 -0.20291618 -7.62688418  0.        ]
Likelihood:
2730.382160050327


Hyperparameters:
[-1.75480005e+00  3.05776078e+01 -1.13869761e-01  1.00000000e-03]
Likelihood gradient:
[-0.15065319 -0.2029134  -7.41996457  0.        ]
Likelihood:
2730.3822110364526


Hyperparameters:
[-1.75479452e+00  3.05776147e+01 -1.13869786e-01  1.00000000e-03]
Likelihood gradient:
[-0.15152905 -0.20291326 -7.40406994  0.        ]
Likelihood:
2730.38221452832


Hyperparameters:
[-1.75479416e+00  3.05776152e+01 -1.13869787e-01  1.00000000e-03]
Likelihood gradient:
[-0.1519555  -0.20291363 -7.40038183  0.        ]
Likelihood:
2730.3822146542097


Hyperparameters:
[-1.75479413e+00  3.05776152e+01 -1.13869788e-01  1.00000000e-03]
Likelihood gradient:
[-0.15174601 -0.20291342 -7.40239735  0.        ]
Likelihood:
2730.3822147424726


Hyperparameters:
[-1.75479413e+00  3.05776152e+01 -1.13869788e-01  1.00000000e-03]
Likelihood gradient:
[-0.15192585 -0.2029135  -7.40022312  0.        ]
Likelihood:
2730.3822147752753


Hyperparameters:
[-1.75479414e+00  3.05776152e+01 -1.13869788e-01  1.00000000e-03]
Likelihood gradient:
[-0.15215327 -0.20291356 -7.40011821  0.        ]
Likelihood:
2730.3822147235805


Hyperparameters:
[-1.75479413e+00  3.05776152e+01 -1.13869788e-01  1.00000000e-03]
Likelihood gradient:
[-0.1518636  -0.20291352 -7.40032912  0.        ]
Likelihood:
2730.3822147584087


Hyperparameters:
[-1.75479413e+00  3.05776152e+01 -1.13869788e-01  1.00000000e-03]
Likelihood gradient:
[-0.15105475 -0.20291286 -7.4078534   0.        ]
Likelihood:
2730.382214853573


Hyperparameters:
[-1.75479413e+00  3.05776152e+01 -1.13869788e-01  1.00000000e-03]
Likelihood gradient:
[-0.15161596 -0.20291343 -7.40240375  0.        ]
Likelihood:
2730.382214964131


Hyperparameters:
[-1.75479413e+00  3.05776152e+01 -1.13869788e-01  1.00000000e-03]
Likelihood gradient:
[-0.15155346 -0.20291322 -7.40360563  0.        ]
Likelihood:
2730.3822148587396


Hyperparameters:
[-1.75479413e+00  3.05776152e+01 -1.13869788e-01  1.00000000e-03]
Likelihood gradient:
[-0.1518206  -0.20291348 -7.40149591  0.        ]
Likelihood:
2730.38221471985


Hyperparameters:
[-1.75614741e+00  3.05759145e+01 -1.13863667e-01  1.00000000e-03]
Likelihood gradient:
[  0.02218398  -0.20295276 -10.87187771   0.        ]
Likelihood:
2730.381253928006


Hyperparameters:
[-1.75502718e+00  3.05773223e+01 -1.13868734e-01  1.00000000e-03]
Likelihood gradient:
[-0.12147734 -0.20291992 -8.00240261  0.        ]
Likelihood:
2730.382067465487


Hyperparameters:
[-1.75483739e+00  3.05775609e+01 -1.13869592e-01  1.00000000e-03]
Likelihood gradient:
[-0.14587624 -0.20291444 -7.51425371  0.        ]
Likelihood:
2730.382188026526


Hyperparameters:
[-1.75480228e+00  3.05776050e+01 -1.13869751e-01  1.00000000e-03]
Likelihood gradient:
[-0.15027015 -0.20291332 -7.42638326  0.        ]
Likelihood:
2730.3822098001865


Hyperparameters:
[-1.75479569e+00  3.05776133e+01 -1.13869781e-01  1.00000000e-03]
Likelihood gradient:
[-0.15158956 -0.20291335 -7.40683994  0.        ]
Likelihood:
2730.382213856523


Hyperparameters:
[-1.75479445e+00  3.05776148e+01 -1.13869786e-01  1.00000000e-03]
Likelihood gradient:
[-0.1518922  -0.20291354 -7.4016653   0.        ]
Likelihood:
2730.38221442929


Hyperparameters:
[-1.75479418e+00  3.05776152e+01 -1.13869787e-01  1.00000000e-03]
Likelihood gradient:
[-0.15138398 -0.20291315 -7.40491893  0.        ]
Likelihood:
2730.3822146341736


Hyperparameters:
[-1.75479413e+00  3.05776152e+01 -1.13869788e-01  1.00000000e-03]
Likelihood gradient:
[-0.15141382 -0.20291317 -7.40405515  0.        ]
Likelihood:
2730.3822147086785


Hyperparameters:
[-1.75479415e+00  3.05776152e+01 -1.13869788e-01  1.00000000e-03]
Likelihood gradient:
[-0.15118935 -0.202913   -7.40565779  0.        ]
Likelihood:
2730.3822148059917


Hyperparameters:
[-1.75479417e+00  3.05776152e+01 -1.13869787e-01  1.00000000e-03]
Likelihood gradient:
[-0.15141669 -0.20291317 -7.40527904  0.        ]
Likelihood:
2730.382214679821


Hyperparameters:
[-1.75479416e+00  3.05776152e+01 -1.13869787e-01  1.00000000e-03]
Likelihood gradient:
[-0.15158659 -0.2029132  -7.40441984  0.        ]
Likelihood:
2730.382214753541


Hyperparameters:
[-1.75479416e+00  3.05776152e+01 -1.13869787e-01  1.00000000e-03]
Likelihood gradient:
[-0.15185606 -0.20291354 -7.40183916  0.        ]
Likelihood:
2730.3822148378094


Warning: stress not available
Precomputing KnK for hyps optimization
Done precomputing. Time: 0.006215572357177734
Hyperparameters:
[-1.75479412e+00  3.05776152e+01 -1.13869788e-01  1.00000000e-03]
Likelihood gradient:
[-5.33507835e-02 -3.26522870e-01  5.29223684e+03  0.00000000e+00]
Likelihood:
3325.80501780336


Hyperparameters:
[-1.75480430e+00  3.05775529e+01  8.96130210e-01  1.00000000e-03]
Likelihood gradient:
[ 4.13459007e+01 -3.26775699e-01 -5.12567193e+03  0.00000000e+00]
Likelihood:
-4188.462668503637


Hyperparameters:
[-1.75479518e+00  3.05776087e+01 -8.77399211e-03  1.00000000e-03]
Likelihood gradient:
[-3.20955920e+01 -2.53660586e-01 -7.52274621e+07  0.00000000e+00]
Likelihood:
-315323.54173918726


Hyperparameters:
[-1.75479446e+00  3.05776132e+01 -8.03285011e-02  1.00000000e-03]
Likelihood gradient:
[-1.22541265e+01 -3.23542851e-01 -4.20464310e+04  0.00000000e+00]
Likelihood:
2921.817859835386


Hyperparameters:
[-1.75479419e+00  3.05776148e+01 -1.06782132e-01  1.00000000e-03]
Likelihood gradient:
[-2.53412493e+00 -3.26210901e-01  5.79242681e+02  0.00000000e+00]
Likelihood:
3347.528306095939


Hyperparameters:
[-4.59381459e+00  3.02514421e+01 -1.04416684e-01  1.00000000e-03]
Likelihood gradient:
[ 4.63937785e+01 -3.32311368e-01 -1.24212547e+03  0.00000000e+00]
Likelihood:
3218.6506379834846


Hyperparameters:
[-1.80103044e+00  3.05723027e+01 -1.06743608e-01  1.00000000e-03]
Likelihood gradient:
[ 3.76705603e+00 -3.26459738e-01  5.64577813e+02  0.00000000e+00]
Likelihood:
3347.4757828543106


Hyperparameters:
[-1.76792669e+00  3.05761060e+01 -1.06771190e-01  1.00000000e-03]
Likelihood gradient:
[-6.70934739e-01 -3.26283580e-01  5.75276673e+02  0.00000000e+00]
Likelihood:
3347.5430089098227


Hyperparameters:
[-1.76821686e+00  3.05601714e+01 -1.06728939e-01  1.00000000e-03]
Likelihood gradient:
[-6.44419727e-01 -3.26451408e-01  5.42327084e+02  0.00000000e+00]
Likelihood:
3347.5717240210997


Hyperparameters:
[-1.76937755e+00  3.04964332e+01 -1.06559937e-01  1.00000000e-03]
Likelihood gradient:
[-5.41174651e-01 -3.27125950e-01  4.09885436e+02  0.00000000e+00]
Likelihood:
3347.672575052122


Hyperparameters:
[-1.77293457e+00  3.01512646e+01 -1.06201580e-01  1.00000000e-03]
Likelihood gradient:
[ -0.16943631  -0.33084236 125.87643461   0.        ]
Likelihood:
3347.880035142115


Hyperparameters:
[-1.77851536e+00  2.90955150e+01 -1.05654718e-01  1.00000000e-03]
Likelihood gradient:
[   0.41161313   -0.34276801 -316.90729945    0.        ]
Likelihood:
3348.177702679315


Hyperparameters:
[-1.78351915e+00  2.72205290e+01 -1.05190093e-01  1.00000000e-03]
Likelihood gradient:
[ 9.32688851e-01 -3.66254275e-01 -7.02221936e+02  0.00000000e+00]
Likelihood:
3348.597268714924


Hyperparameters:
[-1.78931634e+00  2.38934498e+01 -1.04669422e-01  1.00000000e-03]
Likelihood gradient:
[ 1.53230327e+00 -4.17071823e-01 -1.14429309e+03  0.00000000e+00]
Likelihood:
3349.4037083023777


Hyperparameters:
[-1.81250512e+00  1.05851329e+01 -1.02586738e-01  1.00000000e-03]
Likelihood gradient:
[ 3.87995470e+00 -9.38071319e-01 -3.02680547e+03  0.00000000e+00]
Likelihood:
3353.1112713326256


Hyperparameters:
[-1.90526022e+00 -4.26481347e+01 -9.42560014e-02  1.00000000e-03]
Likelihood gradient:
[ 1.26406034e+01  2.35119738e-01 -1.27802501e+04  0.00000000e+00]
Likelihood:
3275.287386738062


Hyperparameters:
[-1.81979515e+00  6.40129652e+00 -1.01931989e-01  1.00000000e-03]
Likelihood gradient:
[ 4.60314313e+00 -1.53555067e+00 -3.65848455e+03  0.00000000e+00]
Likelihood:
3355.8595668559446


Hyperparameters:
[-1.82940569e+00  8.85688364e-01 -1.01068824e-01  1.00000000e-03]
Likelihood gradient:
[ 5.51366545e+00 -1.50938303e+00 -4.52162165e+03  0.00000000e+00]
Likelihood:
3367.7935055150647


Hyperparameters:
[-1.86733296e+00 -2.08812232e+01 -9.76624127e-02  1.00000000e-03]
Likelihood gradient:
[ 9.19214462e+00  4.76858540e-01 -8.30589126e+03  0.00000000e+00]
Likelihood:
3318.5573785083598


Hyperparameters:
[-1.83181227e+00 -4.95477420e-01 -1.00852679e-01  1.00000000e-03]
Likelihood gradient:
[    5.6660035    -34.98476426 -4743.89684238     0.        ]
Likelihood:
3363.141181253689


Hyperparameters:
[-1.82942670e+00  8.73632104e-01 -1.01066937e-01  1.00000000e-03]
Likelihood gradient:
[ 5.50869541e+00 -1.25964930e+00 -4.52353744e+03  0.00000000e+00]
Likelihood:
3367.8016137549657


Hyperparameters:
[-1.82946074e+00  8.54098943e-01 -1.01063880e-01  1.00000000e-03]
Likelihood gradient:
[ 5.51746863e+00 -8.04492805e-01 -4.52664728e+03  0.00000000e+00]
Likelihood:
3367.8079331079134


Hyperparameters:
[-1.92709456e+00 -6.49099012e+01 -9.30488457e-02  1.00000000e-03]
Likelihood gradient:
[ 1.47127562e+01  1.57427240e-01 -1.45561918e+04  0.00000000e+00]
Likelihood:
3254.2351864661523


Hyperparameters:
[-1.83275161e+00 -1.36256343e+00 -1.00793723e-01  1.00000000e-03]
Likelihood gradient:
[ 5.86354463e+00  4.64758280e+00 -4.80472537e+03  0.00000000e+00]
Likelihood:
3364.6847444716122


Hyperparameters:
[-1.83005944e+00  4.50823087e-01 -1.01014731e-01  1.00000000e-03]
Likelihood gradient:
[    5.40552364    50.68204778 -4577.77169349     0.        ]
Likelihood:
3362.0170850925715


Hyperparameters:
[-1.82953650e+00  8.03066283e-01 -1.01057661e-01  1.00000000e-03]
Likelihood gradient:
[ 5.50847194e+00  6.37501656e-01 -4.53295681e+03  0.00000000e+00]
Likelihood:
3367.785507567264


Hyperparameters:
[-1.82947485e+00  8.44591601e-01 -1.01062722e-01  1.00000000e-03]
Likelihood gradient:
[ 5.51133263e+00 -5.65182215e-01 -4.52782088e+03  0.00000000e+00]
Likelihood:
3367.8092070518014


Hyperparameters:
[-1.82947036e+00  8.44588833e-01 -1.01063284e-01  1.00000000e-03]
Likelihood gradient:
[ 5.51027132e+00 -5.68215486e-01 -4.52724460e+03  0.00000000e+00]
Likelihood:
3367.8117847964622


Hyperparameters:
[-1.82945241e+00  8.44577758e-01 -1.01065534e-01  1.00000000e-03]
Likelihood gradient:
[ 5.49753178e+00 -5.85650402e-01 -4.52494028e+03  0.00000000e+00]
Likelihood:
3367.8220902566136


Hyperparameters:
[-1.82938062e+00  8.44533460e-01 -1.01074535e-01  1.00000000e-03]
Likelihood gradient:
[ 5.50960532e+00 -5.63685087e-01 -4.51574459e+03  0.00000000e+00]
Likelihood:
3367.8632620146473


Hyperparameters:
[-1.82909343e+00  8.44356268e-01 -1.01110537e-01  1.00000000e-03]
Likelihood gradient:
[ 5.46909440e+00 -5.76886347e-01 -4.47896913e+03  0.00000000e+00]
Likelihood:
3368.027115920133


Hyperparameters:
[-1.82794467e+00  8.43647499e-01 -1.01254547e-01  1.00000000e-03]
Likelihood gradient:
[ 5.38058197e+00 -5.45732034e-01 -4.33253020e+03  0.00000000e+00]
Likelihood:
3368.669248033457


Hyperparameters:
[-1.82334964e+00  8.40812423e-01 -1.01830586e-01  1.00000000e-03]
Likelihood gradient:
[ 4.97390965e+00 -4.77657672e-01 -3.75683599e+03  0.00000000e+00]
Likelihood:
3371.0277904676414


Hyperparameters:
[-1.80223970e+00  8.31766627e-01 -1.03532076e-01  1.00000000e-03]
Likelihood gradient:
[ 2.76871498e+00 -2.29225574e-01 -2.14893504e+03  0.00000000e+00]
Likelihood:
3376.138125729565


Hyperparameters:
[-1.77526682e+00  8.23720050e-01 -1.05805495e-01  1.00000000e-03]
Likelihood gradient:
[-1.20546713e-01  5.54047654e-03 -1.94920303e+02  0.00000000e+00]
Likelihood:
3378.8251450355556


Hyperparameters:
[-1.77545719e+00  8.23971001e-01 -1.06030902e-01  1.00000000e-03]
Likelihood gradient:
[-2.23986025e-02 -4.08659619e-03 -1.14963422e+01  0.00000000e+00]
Likelihood:
3378.8482010324033


Hyperparameters:
[-1.77558504e+00  8.23796566e-01 -1.06044988e-01  1.00000000e-03]
Likelihood gradient:
[ 0.00980792  0.01217697 -0.06201792  0.        ]
Likelihood:
3378.8481574270554


Hyperparameters:
[-1.77548526e+00  8.23932703e-01 -1.06033995e-01  1.00000000e-03]
Likelihood gradient:
[-0.02936366 -0.01521454 -8.98375736  0.        ]
Likelihood:
3378.8482057387455


Hyperparameters:
[-1.77550717e+00  8.23843065e-01 -1.06034829e-01  1.00000000e-03]
Likelihood gradient:
[ 1.76435082e-03  1.51522242e-02 -8.30817420e+00  0.00000000e+00]
Likelihood:
3378.848191734385


Hyperparameters:
[-1.77548695e+00  8.23925784e-01 -1.06034059e-01  1.00000000e-03]
Likelihood gradient:
[-1.88289711e-02 -3.61027412e-03 -8.93217818e+00  0.00000000e+00]
Likelihood:
3378.848204810998


Hyperparameters:
[-1.77548540e+00  8.23932138e-01 -1.06034000e-01  1.00000000e-03]
Likelihood gradient:
[-2.25097961e-02 -7.18773379e-03 -8.97918735e+00  0.00000000e+00]
Likelihood:
3378.8482056870052


Hyperparameters:
[-1.77548527e+00  8.23932646e-01 -1.06033995e-01  1.00000000e-03]
Likelihood gradient:
[-0.02337092 -0.00916097 -8.98451357  0.        ]
Likelihood:
3378.8482058728605


Hyperparameters:
[-1.77548527e+00  8.23932646e-01 -1.06033995e-01  1.00000000e-03]
Likelihood gradient:
[-2.30459259e-02 -1.89329883e-03 -8.98650399e+00  0.00000000e+00]
Likelihood:
3378.8482056730863


Hyperparameters:
[-1.77548527e+00  8.23932646e-01 -1.06033995e-01  1.00000000e-03]
Likelihood gradient:
[-2.29390695e-02 -5.28051296e-03 -8.98598366e+00  0.00000000e+00]
Likelihood:
3378.848205364534


Hyperparameters:
[-1.77548527e+00  8.23932646e-01 -1.06033995e-01  1.00000000e-03]
Likelihood gradient:
[-1.02319377e-02  7.68298170e-03 -8.98852842e+00  0.00000000e+00]
Likelihood:
3378.848205915876


Hyperparameters:
[-1.77548572e+00  8.23933013e-01 -1.06034034e-01  1.00000000e-03]
Likelihood gradient:
[-1.68805679e-02  2.93356547e-03 -8.95568187e+00  0.00000000e+00]
Likelihood:
3378.8482056507437


Hyperparameters:
[-1.77548532e+00  8.23932686e-01 -1.06033999e-01  1.00000000e-03]
Likelihood gradient:
[-1.66695652e-02 -2.33358829e-03 -8.98367131e+00  0.00000000e+00]
Likelihood:
3378.8482058176496


Hyperparameters:
[-1.77548528e+00  8.23932648e-01 -1.06033995e-01  1.00000000e-03]
Likelihood gradient:
[-1.27428253e-02  7.89431737e-03 -8.98641720e+00  0.00000000e+00]
Likelihood:
3378.8482056030743


Hyperparameters:
[-1.77548527e+00  8.23932646e-01 -1.06033995e-01  1.00000000e-03]
Likelihood gradient:
[-0.01012249  0.01235884 -8.98869655  0.        ]
Likelihood:
3378.848205550623


Hyperparameters:
[-1.77548527e+00  8.23932646e-01 -1.06033995e-01  1.00000000e-03]
Likelihood gradient:
[-2.14670378e-02 -5.80809419e-03 -8.98598261e+00  0.00000000e+00]
Likelihood:
3378.848205685508


Hyperparameters:
[-1.77548572e+00  8.23933013e-01 -1.06034034e-01  1.00000000e-03]
Likelihood gradient:
[-8.70580384e-03  3.86595851e-03 -8.95633766e+00  0.00000000e+00]
Likelihood:
3378.8482055609575


Hyperparameters:
[-1.77548539e+00  8.23932738e-01 -1.06034005e-01  1.00000000e-03]
Likelihood gradient:
[-1.21771924e-02  5.88012551e-03 -8.97945950e+00  0.00000000e+00]
Likelihood:
3378.848205503091


Hyperparameters:
[-1.77548533e+00  8.23932692e-01 -1.06034000e-01  1.00000000e-03]
Likelihood gradient:
[-1.87767746e-02 -1.78508255e-03 -8.98079380e+00  0.00000000e+00]
Likelihood:
3378.8482054163815


Hyperparameters:
[-1.77548530e+00  8.23932669e-01 -1.06033998e-01  1.00000000e-03]
Likelihood gradient:
[-2.00642143e-02 -4.55972852e-03 -8.98371026e+00  0.00000000e+00]
Likelihood:
3378.848205489807


Hyperparameters:
[-1.77548529e+00  8.23932658e-01 -1.06033996e-01  1.00000000e-03]
Likelihood gradient:
[-2.13405033e-02 -2.74329581e-03 -8.98371890e+00  0.00000000e+00]
Likelihood:
3378.8482054081624


Hyperparameters:
[-1.77548528e+00  8.23932652e-01 -1.06033996e-01  1.00000000e-03]
Likelihood gradient:
[-0.01909979 -0.00899482 -8.98321225  0.        ]
Likelihood:
3378.848205175027


Hyperparameters:
[-1.77548528e+00  8.23932649e-01 -1.06033995e-01  1.00000000e-03]
Likelihood gradient:
[-2.06479214e-02  4.76102609e-03 -8.98601958e+00  0.00000000e+00]
Likelihood:
3378.84820532105


Hyperparameters:
[-1.77548527e+00  8.23932648e-01 -1.06033995e-01  1.00000000e-03]
Likelihood gradient:
[-2.46627897e-02 -6.89077512e-03 -8.98557922e+00  0.00000000e+00]
Likelihood:
3378.848205362906


Hyperparameters:
[-1.77548527e+00  8.23932647e-01 -1.06033995e-01  1.00000000e-03]
Likelihood gradient:
[-3.64689639e-03  1.02298372e-02 -8.98811773e+00  0.00000000e+00]
Likelihood:
3378.8482054017077


Hyperparameters:
[-1.77548527e+00  8.23932647e-01 -1.06033995e-01  1.00000000e-03]
Likelihood gradient:
[-2.34278234e-02 -8.49459918e-03 -8.98378164e+00  0.00000000e+00]
Likelihood:
3378.8482053135504


Hyperparameters:
[-1.77548527e+00  8.23932646e-01 -1.06033995e-01  1.00000000e-03]
Likelihood gradient:
[-1.56603147e-02  5.27347109e-03 -8.98873910e+00  0.00000000e+00]
Likelihood:
3378.848205264435


Hyperparameters:
[-1.77548527e+00  8.23932646e-01 -1.06033995e-01  1.00000000e-03]
Likelihood gradient:
[-2.44563607e-02 -2.24452422e-03 -8.98628550e+00  0.00000000e+00]
Likelihood:
3378.8482054677625


Warning: stress not available
Precomputing KnK for hyps optimization
Done precomputing. Time: 0.006898164749145508
Hyperparameters:
[-1.77548527e+00  8.23932646e-01 -1.06033995e-01  1.00000000e-03]
Likelihood gradient:
[-3.23935044e+00 -1.75008277e+00  2.92104204e+03  0.00000000e+00]
Likelihood:
3872.4486406877986


Hyperparameters:
[-1.77660533e+00  8.23327526e-01  9.03965203e-01  1.00000000e-03]
Likelihood gradient:
[ 4.32729246e+01 -1.66297477e+00 -5.55806654e+03  0.00000000e+00]
Likelihood:
-4567.663675701818


Hyperparameters:
[-1.77555323e+00  8.23895933e-01 -4.47557640e-02  1.00000000e-03]
Likelihood gradient:
[-2.52125872e+01 -1.81496305e+00 -4.74434204e+05  0.00000000e+00]
Likelihood:
-2602.81660005087


Hyperparameters:
[-1.77549925e+00  8.23925097e-01 -9.34330188e-02  1.00000000e-03]
Likelihood gradient:
[-7.71232104e+00 -1.74431679e+00 -1.10701537e+04  0.00000000e+00]
Likelihood:
3830.1952085881057


Hyperparameters:
[-1.77548878e+00  8.23930749e-01 -1.02868062e-01  1.00000000e-03]
Likelihood gradient:
[ -4.32984522  -1.73260577 174.7206174    0.        ]
Likelihood:
3877.4600780248093


Hyperparameters:
[-3.76480997e+00  4.09518909e-02 -1.01992053e-01  1.00000000e-03]
Likelihood gradient:
[   51.69612071 22797.86906102 -9042.34179063     0.        ]
Likelihood:
2913.8609861133136


Hyperparameters:
[-2.40380511e+00  5.76631115e-01 -1.02591380e-01  1.00000000e-03]
Likelihood gradient:
[43.9499146  14.41066815 23.47005777  0.        ]
Likelihood:
3859.8732248056367


Hyperparameters:
[-1.81221203e+00  8.09476813e-01 -1.02851891e-01  1.00000000e-03]
Likelihood gradient:
[  0.93535444  -1.3561258  171.96654687   0.        ]
Likelihood:
3877.5111635968387


Hyperparameters:
[-1.80698830e+00  7.37943754e-01 -1.02844337e-01  1.00000000e-03]
Likelihood gradient:
[  0.2058756    1.22574896 163.29916543   0.        ]
Likelihood:
3877.5321216923758


Hyperparameters:
[-1.80638752e+00  7.57618406e-01 -1.02733526e-01  1.00000000e-03]
Likelihood gradient:
[ 0.08211036  0.40005427 58.99516086  0.        ]
Likelihood:
3877.560773584607


Hyperparameters:
[-1.80595866e+00  7.67067300e-01 -1.02670224e-01  1.00000000e-03]
Likelihood gradient:
[-0.00433209  0.01074988 -0.8659993   0.        ]
Likelihood:
3877.564994615381


Hyperparameters:
[-1.80598787e+00  7.67351895e-01 -1.02671282e-01  1.00000000e-03]
Likelihood gradient:
[0.03971775 0.04714948 0.1336756  0.        ]
Likelihood:
3877.5649738857655


Hyperparameters:
[-1.80595941e+00  7.67074570e-01 -1.02670251e-01  1.00000000e-03]
Likelihood gradient:
[ 0.01556761  0.04500692 -0.84802782  0.        ]
Likelihood:
3877.5649945238356


Hyperparameters:
[-1.80595871e+00  7.67067802e-01 -1.02670225e-01  1.00000000e-03]
Likelihood gradient:
[-0.0082944   0.01034371 -0.86428859  0.        ]
Likelihood:
3877.5649948135733


Hyperparameters:
[-1.80595871e+00  7.67067805e-01 -1.02670226e-01  1.00000000e-03]
Likelihood gradient:
[ 0.00664264  0.02388978 -0.86744268  0.        ]
Likelihood:
3877.5649949553226


Hyperparameters:
[-1.80595906e+00  7.67071188e-01 -1.02670238e-01  1.00000000e-03]
Likelihood gradient:
[ 0.01195444  0.03014575 -0.85657938  0.        ]
Likelihood:
3877.564994482099


Hyperparameters:
[-1.80595872e+00  7.67067897e-01 -1.02670226e-01  1.00000000e-03]
Likelihood gradient:
[-0.00355709  0.01954593 -0.86575687  0.        ]
Likelihood:
3877.564994785869


Hyperparameters:
[-1.80595871e+00  7.67067806e-01 -1.02670226e-01  1.00000000e-03]
Likelihood gradient:
[-0.00553586  0.01723461 -0.86587957  0.        ]
Likelihood:
3877.564994972201


Hyperparameters:
[-1.80595871e+00  7.67067806e-01 -1.02670226e-01  1.00000000e-03]
Likelihood gradient:
[ 0.0081082   0.0280681  -0.86913845  0.        ]
Likelihood:
3877.564995043902


Hyperparameters:
[-1.80595872e+00  7.67067851e-01 -1.02670226e-01  1.00000000e-03]
Likelihood gradient:
[-0.01414921  0.01248012 -0.86382426  0.        ]
Likelihood:
3877.564994718914


Hyperparameters:
[-1.80595871e+00  7.67067806e-01 -1.02670226e-01  1.00000000e-03]
Likelihood gradient:
[-0.01248952  0.00685004 -0.86307988  0.        ]
Likelihood:
3877.5649949190865


Hyperparameters:
[-1.80597546e+00  7.67102767e-01 -1.02670416e-01  1.00000000e-03]
Likelihood gradient:
[ 0.0165718   0.03848325 -0.6831896   0.        ]
Likelihood:
3877.5649802844455


Hyperparameters:
[-1.80595882e+00  7.67068039e-01 -1.02670227e-01  1.00000000e-03]
Likelihood gradient:
[ 0.0208772   0.04336912 -0.8697122   0.        ]
Likelihood:
3877.564994489373


Hyperparameters:
[-1.80595871e+00  7.67067806e-01 -1.02670226e-01  1.00000000e-03]
Likelihood gradient:
[ 0.0065803   0.03183273 -0.86844373  0.        ]
Likelihood:
3877.5649945851246


Hyperparameters:
[-1.80595871e+00  7.67067806e-01 -1.02670226e-01  1.00000000e-03]
Likelihood gradient:
[ 0.00836564  0.03094765 -0.86811006  0.        ]
Likelihood:
3877.564994626471


Hyperparameters:
[-1.80595871e+00  7.67067806e-01 -1.02670226e-01  1.00000000e-03]
Likelihood gradient:
[ 0.01534928  0.03486072 -0.86984281  0.        ]
Likelihood:
3877.5649948061828


Hyperparameters:
[-1.80597546e+00  7.67102767e-01 -1.02670416e-01  1.00000000e-03]
Likelihood gradient:
[ 0.02021578  0.04117074 -0.68450615  0.        ]
Likelihood:
3877.5649800169413


Hyperparameters:
[-1.80596709e+00  7.67085286e-01 -1.02670321e-01  1.00000000e-03]
Likelihood gradient:
[ 0.01671856  0.038814   -0.77610261  0.        ]
Likelihood:
3877.5649872240965


Hyperparameters:
[-1.80596290e+00  7.67076546e-01 -1.02670273e-01  1.00000000e-03]
Likelihood gradient:
[ 0.00452588  0.02609775 -0.82192315  0.        ]
Likelihood:
3877.5649912515055


Hyperparameters:
[-1.80596081e+00  7.67072176e-01 -1.02670249e-01  1.00000000e-03]
Likelihood gradient:
[ 0.00576973  0.02893098 -0.84384139  0.        ]
Likelihood:
3877.5649929085002


Hyperparameters:
[-1.80595976e+00  7.67069991e-01 -1.02670237e-01  1.00000000e-03]
Likelihood gradient:
[-0.01053834  0.00900761 -0.85359767  0.        ]
Likelihood:
3877.5649939288505


Hyperparameters:
[-1.80595923e+00  7.67068898e-01 -1.02670231e-01  1.00000000e-03]
Likelihood gradient:
[ 0.01160854  0.02786516 -0.86240975  0.        ]
Likelihood:
3877.564994431975


Hyperparameters:
[-1.80595897e+00  7.67068352e-01 -1.02670228e-01  1.00000000e-03]
Likelihood gradient:
[ 0.00529308  0.02594778 -0.86549313  0.        ]
Likelihood:
3877.5649947014435


Hyperparameters:
[-1.80595884e+00  7.67068079e-01 -1.02670227e-01  1.00000000e-03]
Likelihood gradient:
[ 0.01807555  0.04697209 -0.86919942  0.        ]
Likelihood:
3877.564994805416


Hyperparameters:
[-1.80595878e+00  7.67067942e-01 -1.02670226e-01  1.00000000e-03]
Likelihood gradient:
[ 0.020069    0.04371662 -0.87077241  0.        ]
Likelihood:
3877.5649942966547


Hyperparameters:
[-1.80595874e+00  7.67067874e-01 -1.02670226e-01  1.00000000e-03]
Likelihood gradient:
[-0.00759505  0.01699693 -0.86618749  0.        ]
Likelihood:
3877.5649946165913


Hyperparameters:
[-1.80595873e+00  7.67067840e-01 -1.02670226e-01  1.00000000e-03]
Likelihood gradient:
[ 0.02332974  0.04728074 -0.87056528  0.        ]
Likelihood:
3877.5649943552116


Hyperparameters:
[-1.80595872e+00  7.67067823e-01 -1.02670226e-01  1.00000000e-03]
Likelihood gradient:
[-0.01645762  0.01365054 -0.86424761  0.        ]
Likelihood:
3877.5649948861264


Warning: stress not available
Precomputing KnK for hyps optimization
Done precomputing. Time: 0.008121728897094727
Hyperparameters:
[-1.80595871e+00  7.67067806e-01 -1.02670226e-01  1.00000000e-03]
Likelihood gradient:
[ 5.81829054e+00 -1.20418040e+00  5.04232402e+03  0.00000000e+00]
Likelihood:
4492.391699477239


Hyperparameters:
[-1.80479328e+00  7.66826603e-01  9.07329073e-01  1.00000000e-03]
Likelihood gradient:
[ 4.62010126e+01 -1.55124659e+00 -6.01670610e+03  0.00000000e+00]
Likelihood:
-4955.456457819877


Hyperparameters:
[-1.80586040e+00  7.67047459e-01 -1.74699295e-02  1.00000000e-03]
Likelihood gradient:
[-1.85782558e+01 -1.33142126e+00 -9.36777617e+06  0.00000000e+00]
Likelihood:
-68000.59197321451


Hyperparameters:
[-1.80592944e+00  7.67061747e-01 -7.73017509e-02  1.00000000e-03]
Likelihood gradient:
[-2.49305148e+00 -1.25373103e+00 -4.16557652e+04  0.00000000e+00]
Likelihood:
4158.846272907922


Hyperparameters:
[-1.80595342e+00  7.67066711e-01 -9.80871547e-02  1.00000000e-03]
Likelihood gradient:
[  4.34219089  -1.22369619 508.69523005   0.        ]
Likelihood:
4505.5140950425375


Hyperparameters:
[ 2.37061517e+00 -4.58820283e-01 -9.89274742e-02  1.00000000e-03]
Likelihood gradient:
[ -46.5053358   -40.03610277 1515.0849913     0.        ]
Likelihood:
4483.516828193437


Hyperparameters:
[-0.29026613  0.32218922 -0.09839211  0.001     ]
Likelihood gradient:
[ -9714.06150046    172.303778   -15338.26365475      0.        ]
Likelihood:
2701.336589231316


Hyperparameters:
[-1.38082984e+00  6.42286413e-01 -9.81726889e-02  1.00000000e-03]
Likelihood gradient:
[-103.54175712    5.92946983  343.74730766    0.        ]
Likelihood:
4488.898957554853


Hyperparameters:
[-1.77465047e+00  7.57878815e-01 -9.80934528e-02  1.00000000e-03]
Likelihood gradient:
[-2.04953133e-01 -8.93300032e-01  5.05185581e+02  0.00000000e+00]
Likelihood:
4505.616372683244


Hyperparameters:
[-1.78725056e+00  5.86275816e-01 -9.79930433e-02  1.00000000e-03]
Likelihood gradient:
[  1.59343963  11.67366822 398.0700253    0.        ]
Likelihood:
4504.930411860201


Hyperparameters:
[-1.77647626e+00  7.33013116e-01 -9.80789032e-02  1.00000000e-03]
Likelihood gradient:
[5.77178370e-02 1.42897370e-01 4.89718428e+02 0.00000000e+00]
Likelihood:
4505.631655600668


Hyperparameters:
[-1.77654664e+00  7.33640844e-01 -9.80160388e-02  1.00000000e-03]
Likelihood gradient:
[3.82919421e-02 9.42714240e-02 4.19889339e+02 0.00000000e+00]
Likelihood:
4505.660252132911


Hyperparameters:
[-1.77689540e+00  7.33295986e-01 -9.78783576e-02  1.00000000e-03]
Likelihood gradient:
[6.59311014e-02 1.29238580e-01 2.66228200e+02 0.00000000e+00]
Likelihood:
4505.707097084423


Hyperparameters:
[-1.77672417e+00  7.37211740e-01 -9.76393336e-02  1.00000000e-03]
Likelihood gradient:
[-0.06721753 -0.06175108 -3.38917415  0.        ]
Likelihood:
4505.738889963601


Hyperparameters:
[-1.77717336e+00  7.35765184e-01 -9.76420312e-02  1.00000000e-03]
Likelihood gradient:
[ 0.02169523  0.02155914 -0.17454335  0.        ]
Likelihood:
4505.73848830734


Hyperparameters:
[-1.77674544e+00  7.37143239e-01 -9.76394614e-02  1.00000000e-03]
Likelihood gradient:
[-0.06176593 -0.05571215 -3.23870589  0.        ]
Likelihood:
4505.738874024179


Hyperparameters:
[-1.77672521e+00  7.37208393e-01 -9.76393398e-02  1.00000000e-03]
Likelihood gradient:
[-0.04983387 -0.04081571 -3.38557041  0.        ]
Likelihood:
4505.738889211194


Hyperparameters:
[-1.77672423e+00  7.37211568e-01 -9.76393339e-02  1.00000000e-03]
Likelihood gradient:
[-0.06046694 -0.05776636 -3.38962633  0.        ]
Likelihood:
4505.738890080596


Hyperparameters:
[-1.77672423e+00  7.37211565e-01 -9.76393339e-02  1.00000000e-03]
Likelihood gradient:
[-0.03718495 -0.02935025 -3.39504602  0.        ]
Likelihood:
4505.738890193881


Hyperparameters:
[-1.77672638e+00  7.37213528e-01 -9.76394643e-02  1.00000000e-03]
Likelihood gradient:
[-0.06404328 -0.06217375 -3.23883316  0.        ]
Likelihood:
4505.738888457847


Hyperparameters:
[-1.77672431e+00  7.37211637e-01 -9.76393387e-02  1.00000000e-03]
Likelihood gradient:
[-0.04703146 -0.04135064 -3.38745196  0.        ]
Likelihood:
4505.738889806218


Hyperparameters:
[-1.77672423e+00  7.37211565e-01 -9.76393340e-02  1.00000000e-03]
Likelihood gradient:
[-0.06683531 -0.05816938 -3.38937843  0.        ]
Likelihood:
4505.738889892054


Hyperparameters:
[-1.77672423e+00  7.37211565e-01 -9.76393339e-02  1.00000000e-03]
Likelihood gradient:
[-0.06417047 -0.0592529  -3.389032    0.        ]
Likelihood:
4505.738889942673


Hyperparameters:
[-1.77672423e+00  7.37211565e-01 -9.76393339e-02  1.00000000e-03]
Likelihood gradient:
[-0.03908847 -0.03121977 -3.39539802  0.        ]
Likelihood:
4505.738889921664


Hyperparameters:
[-1.77672638e+00  7.37213528e-01 -9.76394643e-02  1.00000000e-03]
Likelihood gradient:
[-0.05539507 -0.04985509 -3.24297049  0.        ]
Likelihood:
4505.738888081392


Hyperparameters:
[-1.77672530e+00  7.37212546e-01 -9.76393991e-02  1.00000000e-03]
Likelihood gradient:
[-0.05101513 -0.04741247 -3.31776586  0.        ]
Likelihood:
4505.738888976793


Hyperparameters:
[-1.77672477e+00  7.37212055e-01 -9.76393665e-02  1.00000000e-03]
Likelihood gradient:
[-0.05724818 -0.04209244 -3.35465554  0.        ]
Likelihood:
4505.738889559818


Hyperparameters:
[-1.77672450e+00  7.37211810e-01 -9.76393502e-02  1.00000000e-03]
Likelihood gradient:
[-0.04533739 -0.04160332 -3.37323492  0.        ]
Likelihood:
4505.73888965217


Hyperparameters:
[-1.77672436e+00  7.37211687e-01 -9.76393421e-02  1.00000000e-03]
Likelihood gradient:
[-0.05363969 -0.04427619 -3.38270052  0.        ]
Likelihood:
4505.738889812044


Hyperparameters:
[-1.77672429e+00  7.37211626e-01 -9.76393380e-02  1.00000000e-03]
Likelihood gradient:
[-0.05992017 -0.05197881 -3.3852234   0.        ]
Likelihood:
4505.738889973169


Hyperparameters:
[-1.77672426e+00  7.37211595e-01 -9.76393360e-02  1.00000000e-03]
Likelihood gradient:
[-0.04353035 -0.0426531  -3.39050255  0.        ]
Likelihood:
4505.738889736396


Hyperparameters:
[-1.77672424e+00  7.37211580e-01 -9.76393350e-02  1.00000000e-03]
Likelihood gradient:
[-0.05755626 -0.05778764 -3.38922503  0.        ]
Likelihood:
4505.738889836123


Hyperparameters:
[-1.77672424e+00  7.37211572e-01 -9.76393344e-02  1.00000000e-03]
Likelihood gradient:
[-0.06804395 -0.05629926 -3.38877356  0.        ]
Likelihood:
4505.738890042224


Hyperparameters:
[-1.77672423e+00  7.37211568e-01 -9.76393342e-02  1.00000000e-03]
Likelihood gradient:
[-0.08350792 -0.07141418 -3.38433202  0.        ]
Likelihood:
4505.738890184363


Hyperparameters:
[-1.77672423e+00  7.37211566e-01 -9.76393340e-02  1.00000000e-03]
Likelihood gradient:
[-0.04628942 -0.04103271 -3.3935917   0.        ]
Likelihood:
4505.738890130149


Hyperparameters:
[-1.77672423e+00  7.37211565e-01 -9.76393340e-02  1.00000000e-03]
Likelihood gradient:
[-0.06400344 -0.06069773 -3.38816551  0.        ]
Likelihood:
4505.738889883923


Warning: stress not available
Precomputing KnK for hyps optimization
Done precomputing. Time: 0.009454727172851562
Hyperparameters:
[-1.77672423e+00  7.37211565e-01 -9.76393339e-02  1.00000000e-03]
Likelihood gradient:
[-1.57134926e+01 -4.54288913e-01 -2.45289760e+03  0.00000000e+00]
Likelihood:
4739.7620575256715


Hyperparameters:
[-1.78319425e+00  7.37024511e-01 -1.10761859e+00  1.00000000e-03]
Likelihood gradient:
[ 4.21914454e+01 -1.76480510e+00  5.34419251e+03  0.00000000e+00]
Likelihood:
-6512.769432805397


Hyperparameters:
[-1.77697325e+00  7.37204365e-01 -1.36512639e-01  1.00000000e-03]
Likelihood gradient:
[-7.87333227e-02 -4.94220594e-01  1.99615002e+04  0.00000000e+00]
Likelihood:
4268.2553931447965


Hyperparameters:
[-1.77673896e+00  7.37211139e-01 -9.99389023e-02  1.00000000e-03]
Likelihood gradient:
[-14.71776778  -0.49976645 365.67144182   0.        ]
Likelihood:
4742.0995752470735


Hyperparameters:
[-2.09426123e+00  7.26649130e-01 -9.98205221e-02  1.00000000e-03]
Likelihood gradient:
[ 2.48832009e+01 -3.79437930e-03  3.24843959e+02  0.00000000e+00]
Likelihood:
4739.48792033352


Hyperparameters:
[-1.86437628e+00  7.34295985e-01 -9.99062289e-02  1.00000000e-03]
Likelihood gradient:
[ -0.66961146  -0.39122603 362.57281594   0.        ]
Likelihood:
4742.682452912422


Hyperparameters:
[-1.86647948e+00  3.54502046e-01 -9.96155084e-02  1.00000000e-03]
Likelihood gradient:
[ -0.55781119 113.27211345  17.94905585   0.        ]
Likelihood:
4731.541237792364


Hyperparameters:
[-1.86471308e+00  6.73478497e-01 -9.98596750e-02  1.00000000e-03]
Likelihood gradient:
[ -0.62209001   3.13537953 308.64888288   0.        ]
Likelihood:
4742.621136409614


Hyperparameters:
[-1.86444670e+00  7.21579763e-01 -9.98964950e-02  1.00000000e-03]
Likelihood gradient:
[-6.41410451e-01  2.57874222e-01  3.51307300e+02  0.00000000e+00]
Likelihood:
4742.686676013182


Hyperparameters:
[-1.86483509e+00  7.21987369e-01 -9.98732207e-02  1.00000000e-03]
Likelihood gradient:
[-6.15243168e-01  2.07618714e-01  3.24471041e+02  0.00000000e+00]
Likelihood:
4742.694537203361


Hyperparameters:
[-1.86638863e+00  7.23617792e-01 -9.97801234e-02  1.00000000e-03]
Likelihood gradient:
[-3.79347424e-01  1.72236825e-01  2.16779616e+02  0.00000000e+00]
Likelihood:
4742.719454541761


Hyperparameters:
[-1.86925842e+00  7.27565437e-01 -9.95926190e-02  1.00000000e-03]
Likelihood gradient:
[-0.05822656 -0.04176034 -1.73036293  0.        ]
Likelihood:
4742.737999014113


Hyperparameters:
[-1.86960858e+00  7.26764880e-01 -9.95938241e-02  1.00000000e-03]
Likelihood gradient:
[-0.01298938 -0.01669803 -0.18795951  0.        ]
Likelihood:
4742.737725766112


Hyperparameters:
[-1.86926905e+00  7.27541152e-01 -9.95926555e-02  1.00000000e-03]
Likelihood gradient:
[-0.03633837 -0.03110296 -1.68638291  0.        ]
Likelihood:
4742.737992000373


Hyperparameters:
[-1.86925879e+00  7.27564606e-01 -9.95926202e-02  1.00000000e-03]
Likelihood gradient:
[-1.69099890e-02  4.70885612e-04 -1.73758796e+00  0.00000000e+00]
Likelihood:
4742.737998766066


Hyperparameters:
[-1.86925844e+00  7.27565409e-01 -9.95926190e-02  1.00000000e-03]
Likelihood gradient:
[-0.05337479 -0.04107143 -1.73165763  0.        ]
Likelihood:
4742.737999444036


Hyperparameters:
[-1.86925844e+00  7.27565409e-01 -9.95926190e-02  1.00000000e-03]
Likelihood gradient:
[-0.08494008 -0.07884906 -1.72324143  0.        ]
Likelihood:
4742.737999559133


Hyperparameters:
[-1.86925861e+00  7.27565007e-01 -9.95926196e-02  1.00000000e-03]
Likelihood gradient:
[-0.06669033 -0.06412484 -1.725698    0.        ]
Likelihood:
4742.737999423871


Hyperparameters:
[-1.86925845e+00  7.27565390e-01 -9.95926190e-02  1.00000000e-03]
Likelihood gradient:
[-0.05901296 -0.05351154 -1.72969738  0.        ]
Likelihood:
4742.7379991162015


Hyperparameters:
[-1.86925844e+00  7.27565408e-01 -9.95926190e-02  1.00000000e-03]
Likelihood gradient:
[-0.07205531 -0.06206028 -1.72616371  0.        ]
Likelihood:
4742.737999754723


Hyperparameters:
[-1.86925844e+00  7.27565399e-01 -9.95926190e-02  1.00000000e-03]
Likelihood gradient:
[-0.05136916 -0.04138281 -1.73007262  0.        ]
Likelihood:
4742.737999535264


Hyperparameters:
[-1.86925844e+00  7.27565408e-01 -9.95926190e-02  1.00000000e-03]
Likelihood gradient:
[-0.07043712 -0.06097109 -1.72601014  0.        ]
Likelihood:
4742.737999380139


Hyperparameters:
[-1.86925844e+00  7.27565408e-01 -9.95926190e-02  1.00000000e-03]
Likelihood gradient:
[-0.06318629 -0.05273131 -1.72848475  0.        ]
Likelihood:
4742.737999901976


Hyperparameters:
[-1.86960858e+00  7.26764880e-01 -9.95938241e-02  1.00000000e-03]
Likelihood gradient:
[-0.002047    0.00351023 -0.19242146  0.        ]
Likelihood:
4742.737725925919


Hyperparameters:
[-1.86943350e+00  7.27165158e-01 -9.95932215e-02  1.00000000e-03]
Likelihood gradient:
[-0.01917617 -0.00940037 -0.96369792  0.        ]
Likelihood:
4742.737869182109


Hyperparameters:
[-1.86934596e+00  7.27365298e-01 -9.95929202e-02  1.00000000e-03]
Likelihood gradient:
[-0.06903178 -0.06468473 -1.33763363  0.        ]
Likelihood:
4742.737935869551


Hyperparameters:
[-1.86930219e+00  7.27465368e-01 -9.95927696e-02  1.00000000e-03]
Likelihood gradient:
[-0.02871656 -0.01131455 -1.54361743  0.        ]
Likelihood:
4742.7379682012925


Hyperparameters:
[-1.86928031e+00  7.27515402e-01 -9.95926943e-02  1.00000000e-03]
Likelihood gradient:
[-0.0233185  -0.00784696 -1.6401235   0.        ]
Likelihood:
4742.737983967778


Hyperparameters:
[-1.86926937e+00  7.27540420e-01 -9.95926566e-02  1.00000000e-03]
Likelihood gradient:
[-0.02573344 -0.01113065 -1.68776349  0.        ]
Likelihood:
4742.737991947655


Hyperparameters:
[-1.86926390e+00  7.27552929e-01 -9.95926378e-02  1.00000000e-03]
Likelihood gradient:
[-0.04423509 -0.03804268 -1.70591873  0.        ]
Likelihood:
4742.737995809352


Hyperparameters:
[-1.86925901e+00  7.27564098e-01 -9.95926210e-02  1.00000000e-03]
Likelihood gradient:
[-0.05529059 -0.04182181 -1.72786082  0.        ]
Likelihood:
4742.737999199271


Hyperparameters:
[-1.86926145e+00  7.27558513e-01 -9.95926294e-02  1.00000000e-03]
Likelihood gradient:
[-0.03327077 -0.02563052 -1.72181166  0.        ]
Likelihood:
4742.737997443908


Hyperparameters:
[-1.86926023e+00  7.27561305e-01 -9.95926252e-02  1.00000000e-03]
Likelihood gradient:
[-0.04669239 -0.03550075 -1.7253201   0.        ]
Likelihood:
4742.737998397775


Hyperparameters:
[-1.86925962e+00  7.27562702e-01 -9.95926231e-02  1.00000000e-03]
Likelihood gradient:
[-0.05722485 -0.05838936 -1.72106344  0.        ]
Likelihood:
4742.737999072966


Hyperparameters:
[-1.86925915e+00  7.27563772e-01 -9.95926215e-02  1.00000000e-03]
Likelihood gradient:
[-0.05786698 -0.04467886 -1.7261631   0.        ]
Likelihood:
4742.737999229705


Warning: stress not available
Precomputing KnK for hyps optimization
Done precomputing. Time: 0.010159969329833984
Hyperparameters:
[-1.86925842e+00  7.27565437e-01 -9.95926190e-02  1.00000000e-03]
Likelihood gradient:
[-4.82780840e-01  6.06988022e+00  3.35751780e+03  0.00000000e+00]
Likelihood:
5276.475542833859


Hyperparameters:
[-1.86940365e+00  7.29391360e-01  9.10405720e-01  1.00000000e-03]
Likelihood gradient:
[ 4.67366705e+01  3.16847826e+00 -6.92818518e+03  0.00000000e+00]
Likelihood:
-5733.218098777277


Hyperparameters:
[-1.86926629e+00  7.27664291e-01 -4.49124698e-02  1.00000000e-03]
Likelihood gradient:
[-1.85496402e+01  6.13245816e+00 -5.10244646e+05  0.00000000e+00]
Likelihood:
-1354.7614203007324


Hyperparameters:
[-1.86925991e+00  7.27584093e-01 -8.92731027e-02  1.00000000e-03]
Likelihood gradient:
[-3.95956024e+00  6.06276853e+00 -1.25069095e+04  0.00000000e+00]
Likelihood:
5236.589381005866


Hyperparameters:
[-1.86925879e+00  7.27570066e-01 -9.70324427e-02  1.00000000e-03]
Likelihood gradient:
[ -1.33949144   6.06085456 177.11177339   0.        ]
Likelihood:
5281.089339483391


Hyperparameters:
[-2.20352402e+00  2.18789638e+00 -9.69121887e-02  1.00000000e-03]
Likelihood gradient:
[32.97672572 -5.4513509  92.62282702  0.        ]
Likelihood:
5267.629578417407


Hyperparameters:
[-1.91162841e+00  9.12672981e-01 -9.70172000e-02  1.00000000e-03]
Likelihood gradient:
[  4.69280013  -2.48785876 170.297886     0.        ]
Likelihood:
5281.169984786491


Hyperparameters:
[-1.85709004e+00  9.49321201e-01 -9.70281137e-02  1.00000000e-03]
Likelihood gradient:
[ -3.14790548  -3.3144692  167.1989362    0.        ]
Likelihood:
5281.1550963994905


Hyperparameters:
[-1.88487427e+00  9.30650996e-01 -9.70225538e-02  1.00000000e-03]
Likelihood gradient:
[  0.97876653  -2.90804521 169.08486058   0.        ]
Likelihood:
5281.21944998761


Hyperparameters:
[-1.88453087e+00  8.99914825e-01 -9.69622206e-02  1.00000000e-03]
Likelihood gradient:
[ 0.89909117 -2.15276121 88.83417643  0.        ]
Likelihood:
5281.305894450848


Hyperparameters:
[-1.87968573e+00  8.23313293e-01 -9.69019196e-02  1.00000000e-03]
Likelihood gradient:
[0.17670808 0.49309772 6.92417909 0.        ]
Likelihood:
5281.386376430461


Hyperparameters:
[-1.87833847e+00  8.37660746e-01 -9.68959403e-02  1.00000000e-03]
Likelihood gradient:
[-0.02442545 -0.09339074 -1.50090104  0.        ]
Likelihood:
5281.390461016052


Hyperparameters:
[-1.87849953e+00  8.35375119e-01 -9.68969981e-02  1.00000000e-03]
Likelihood gradient:
[ 0.01379187  0.00482909 -0.03805635  0.        ]
Likelihood:
5281.390438484039


Hyperparameters:
[-1.87838422e+00  8.37011530e-01 -9.68962407e-02  1.00000000e-03]
Likelihood gradient:
[-0.01016873 -0.06316596 -1.08607376  0.        ]
Likelihood:
5281.390476524464


Hyperparameters:
[-1.87837047e+00  8.36518066e-01 -9.68965140e-02  1.00000000e-03]
Likelihood gradient:
[-0.01816234 -0.05205013 -0.72393195  0.        ]
Likelihood:
5281.390517966009


Hyperparameters:
[-1.87855306e+00  8.34980245e-01 -9.68969999e-02  1.00000000e-03]
Likelihood gradient:
[ 0.01820937  0.01566231 -0.01737115  0.        ]
Likelihood:
5281.390390443548


Hyperparameters:
[-1.87838632e+00  8.36384535e-01 -9.68965561e-02  1.00000000e-03]
Likelihood gradient:
[-0.00104993 -0.03742593 -0.66669133  0.        ]
Likelihood:
5281.390510709009


Hyperparameters:
[-1.87837201e+00  8.36505106e-01 -9.68965180e-02  1.00000000e-03]
Likelihood gradient:
[-0.01011227 -0.05381838 -0.71632596  0.        ]
Likelihood:
5281.390517013806


Hyperparameters:
[-1.87837058e+00  8.36517073e-01 -9.68965143e-02  1.00000000e-03]
Likelihood gradient:
[-0.00728738 -0.0418149  -0.72703818  0.        ]
Likelihood:
5281.390517737325


Hyperparameters:
[-1.87837047e+00  8.36518033e-01 -9.68965140e-02  1.00000000e-03]
Likelihood gradient:
[-0.01709872 -0.04698346 -0.72557096  0.        ]
Likelihood:
5281.3905179155045


Hyperparameters:
[-1.87837047e+00  8.36518066e-01 -9.68965140e-02  1.00000000e-03]
Likelihood gradient:
[-0.01252299 -0.04967481 -0.72480443  0.        ]
Likelihood:
5281.390517804717


Hyperparameters:
[-1.87837047e+00  8.36518066e-01 -9.68965140e-02  1.00000000e-03]
Likelihood gradient:
[-0.0136155  -0.05083256 -0.72426018  0.        ]
Likelihood:
5281.390517689935


Hyperparameters:
[-1.87837047e+00  8.36518066e-01 -9.68965140e-02  1.00000000e-03]
Likelihood gradient:
[ 0.00184378 -0.0305536  -0.73052443  0.        ]
Likelihood:
5281.3905178812165


Hyperparameters:
[-1.87855306e+00  8.34980245e-01 -9.68969999e-02  1.00000000e-03]
Likelihood gradient:
[ 0.03593408  0.03578773 -0.0225903   0.        ]
Likelihood:
5281.390390455877


Hyperparameters:
[-1.87840665e+00  8.36213330e-01 -9.68966102e-02  1.00000000e-03]
Likelihood gradient:
[ 0.00702295 -0.02215996 -0.58856867  0.        ]
Likelihood:
5281.390500543546


Hyperparameters:
[-1.87837830e+00  8.36452076e-01 -9.68965348e-02  1.00000000e-03]
Likelihood gradient:
[ 0.00806077 -0.02442871 -0.70311002  0.        ]
Likelihood:
5281.390514562936


Hyperparameters:
[-1.87837223e+00  8.36503222e-01 -9.68965186e-02  1.00000000e-03]
Likelihood gradient:
[-0.01060982 -0.04807046 -0.71888668  0.        ]
Likelihood:
5281.390516925305


Hyperparameters:
[-1.87837085e+00  8.36514822e-01 -9.68965150e-02  1.00000000e-03]
Likelihood gradient:
[-0.01794678 -0.05579159 -0.72067519  0.        ]
Likelihood:
5281.390518108286


Hyperparameters:
[-1.87837134e+00  8.36510729e-01 -9.68965163e-02  1.00000000e-03]
Likelihood gradient:
[-0.03012375 -0.06420314 -0.71562941  0.        ]
Likelihood:
5281.39051768661


Hyperparameters:
[-1.87837094e+00  8.36514084e-01 -9.68965152e-02  1.00000000e-03]
Likelihood gradient:
[-0.02362583 -0.06066309 -0.7191815   0.        ]
Likelihood:
5281.390517961276


Hyperparameters:
[-1.87837086e+00  8.36514739e-01 -9.68965150e-02  1.00000000e-03]
Likelihood gradient:
[-0.03133059 -0.0618312  -0.7189138   0.        ]
Likelihood:
5281.3905177553515


Hyperparameters:
[-1.87837086e+00  8.36514780e-01 -9.68965150e-02  1.00000000e-03]
Likelihood gradient:
[-0.04038642 -0.07016778 -0.71539562  0.        ]
Likelihood:
5281.390517559979


Hyperparameters:
[-1.87837085e+00  8.36514801e-01 -9.68965150e-02  1.00000000e-03]
Likelihood gradient:
[-0.00268971 -0.04517385 -0.72408137  0.        ]
Likelihood:
5281.390517648768


Hyperparameters:
[-1.87837085e+00  8.36514812e-01 -9.68965150e-02  1.00000000e-03]
Likelihood gradient:
[-0.01391432 -0.04150459 -0.72515009  0.        ]
Likelihood:
5281.3905179184985


Hyperparameters:
[-1.87837085e+00  8.36514817e-01 -9.68965150e-02  1.00000000e-03]
Likelihood gradient:
[-0.01038141 -0.05102463 -0.72081988  0.        ]
Likelihood:
5281.390517656118


Warning: stress not available
Precomputing KnK for hyps optimization
Done precomputing. Time: 0.01198267936706543
Hyperparameters:
[-1.87837047e+00  8.36518066e-01 -9.68965140e-02  1.00000000e-03]
Likelihood gradient:
[  8.26388672  -0.4743777  228.07206612   0.        ]
Likelihood:
5670.327073956982


Hyperparameters:
[-1.84179854e+00  8.34418703e-01  9.12438954e-01  1.00000000e-03]
Likelihood gradient:
[ 4.93727266e+01 -5.66162743e-01 -7.38247752e+03  0.00000000e+00]
Likelihood:
-6120.888368918286


Hyperparameters:
[-1.87822145e+00  8.36509512e-01 -9.27838062e-02  1.00000000e-03]
Likelihood gradient:
[ 7.07815860e+00 -4.78696296e-01 -6.28249550e+03  0.00000000e+00]
Likelihood:
5658.35641847905


Hyperparameters:
[-1.87836484e+00  8.36517744e-01 -9.67413006e-02  1.00000000e-03]
Likelihood gradient:
[ 8.21167117 -0.49205834  6.80811859  0.        ]
Likelihood:
5670.345377059952


Hyperparameters:
[-1.87387771e+00  8.36248517e-01 -9.67423352e-02  1.00000000e-03]
Likelihood gradient:
[ 7.582612   -0.4695892   7.01051414  0.        ]
Likelihood:
5670.384851466899


Hyperparameters:
[-1.85592919e+00  8.35171608e-01 -9.67464739e-02  1.00000000e-03]
Likelihood gradient:
[ 4.98000362 -0.43642683  7.66953114  0.        ]
Likelihood:
5670.5141469221035


Hyperparameters:
[-1.82727411e+00  4.81096285e-01 -9.67185979e-02  1.00000000e-03]
Likelihood gradient:
[  0.52397494  59.70405005 -42.12376116   0.        ]
Likelihood:
5664.221956126092


Hyperparameters:
[-1.85280693e+00  7.96591464e-01 -9.67434366e-02  1.00000000e-03]
Likelihood gradient:
[4.52956194 1.38407243 2.38472701 0.        ]
Likelihood:
5670.515048982539


Hyperparameters:
[-1.85451704e+00  8.17722413e-01 -9.67451002e-02  1.00000000e-03]
Likelihood gradient:
[4.75463116 0.31116973 5.28562006 0.        ]
Likelihood:
5670.523260971651


Hyperparameters:
[-1.85071387e+00  8.18781746e-01 -9.67454676e-02  1.00000000e-03]
Likelihood gradient:
[4.20754163 0.2851412  4.6522237  0.        ]
Likelihood:
5670.544085709211


Hyperparameters:
[-1.84094454e+00  8.22168748e-01 -9.67464632e-02  1.00000000e-03]
Likelihood gradient:
[2.72747468 0.13975011 3.05819386 0.        ]
Likelihood:
5670.587540790186


Hyperparameters:
[-1.82294261e+00  8.25432985e-01 -9.67482113e-02  1.00000000e-03]
Likelihood gradient:
[-0.08984705  0.00747145 -0.21189754  0.        ]
Likelihood:
5670.628177817938


Hyperparameters:
[-1.82351578e+00  8.25600763e-01 -9.67482314e-02  1.00000000e-03]
Likelihood gradient:
[-0.0063694  -0.01306543  0.00717509  0.        ]
Likelihood:
5670.627671454027


Hyperparameters:
[-1.82295207e+00  8.25435752e-01 -9.67482116e-02  1.00000000e-03]
Likelihood gradient:
[-0.09936692 -0.00958428 -0.20464397  0.        ]
Likelihood:
5670.628170169619


Hyperparameters:
[-1.82294278e+00  8.25433033e-01 -9.67482113e-02  1.00000000e-03]
Likelihood gradient:
[-0.09715053 -0.00435202 -0.20978338  0.        ]
Likelihood:
5670.628177701625


Hyperparameters:
[-1.82294262e+00  8.25432986e-01 -9.67482113e-02  1.00000000e-03]
Likelihood gradient:
[-0.11164392 -0.01849171 -0.20749029  0.        ]
Likelihood:
5670.62817789379


Hyperparameters:
[-1.82294262e+00  8.25432987e-01 -9.67482113e-02  1.00000000e-03]
Likelihood gradient:
[-0.12004796 -0.03069647 -0.20197216  0.        ]
Likelihood:
5670.628177709164


Hyperparameters:
[-1.82294262e+00  8.25432986e-01 -9.67482113e-02  1.00000000e-03]
Likelihood gradient:
[-0.10102071 -0.0069074  -0.20901132  0.        ]
Likelihood:
5670.628177857849


Hyperparameters:
[-1.82294262e+00  8.25432986e-01 -9.67482113e-02  1.00000000e-03]
Likelihood gradient:
[-0.12029752 -0.02143606 -0.20406493  0.        ]
Likelihood:
5670.628177639903


Hyperparameters:
[-1.82351578e+00  8.25600763e-01 -9.67482314e-02  1.00000000e-03]
Likelihood gradient:
[-0.0017504  -0.01229052  0.00518679  0.        ]
Likelihood:
5670.6276718921035


Hyperparameters:
[-1.82322920e+00  8.25516874e-01 -9.67482213e-02  1.00000000e-03]
Likelihood gradient:
[-0.05002326 -0.00312044 -0.10436625  0.        ]
Likelihood:
5670.627931743671


Hyperparameters:
[-1.82308591e+00  8.25474930e-01 -9.67482163e-02  1.00000000e-03]
Likelihood gradient:
[-0.09492735 -0.02331682 -0.1509772   0.        ]
Likelihood:
5670.628056489302


Hyperparameters:
[-1.82301426e+00  8.25453957e-01 -9.67482138e-02  1.00000000e-03]
Likelihood gradient:
[-0.08406607 -0.00606862 -0.18262726  0.        ]
Likelihood:
5670.628117671107


Hyperparameters:
[-1.82297844e+00  8.25443471e-01 -9.67482125e-02  1.00000000e-03]
Likelihood gradient:
[-0.10853803 -0.02540897 -0.1918931   0.        ]
Likelihood:
5670.628147975454


Hyperparameters:
[-1.82296053e+00  8.25438228e-01 -9.67482119e-02  1.00000000e-03]
Likelihood gradient:
[-0.11647026 -0.02821387 -0.19785432  0.        ]
Likelihood:
5670.628163042884


Hyperparameters:
[-1.82295157e+00  8.25435607e-01 -9.67482116e-02  1.00000000e-03]
Likelihood gradient:
[-0.0879652  -0.00473599 -0.20776038  0.        ]
Likelihood:
5670.628170258184


Hyperparameters:
[-1.82294709e+00  8.25434296e-01 -9.67482114e-02  1.00000000e-03]
Likelihood gradient:
[-0.10748303 -0.01466077 -0.20429766  0.        ]
Likelihood:
5670.628174473928


Hyperparameters:
[-1.82294485e+00  8.25433641e-01 -9.67482114e-02  1.00000000e-03]
Likelihood gradient:
[-0.07843114  0.00749727 -0.21597957  0.        ]
Likelihood:
5670.628175737904


Hyperparameters:
[-1.82294373e+00  8.25433313e-01 -9.67482113e-02  1.00000000e-03]
Likelihood gradient:
[-0.09463945 -0.00487965 -0.21007616  0.        ]
Likelihood:
5670.628177055509


Hyperparameters:
[-1.82294317e+00  8.25433149e-01 -9.67482113e-02  1.00000000e-03]
Likelihood gradient:
[-0.07624585  0.00674067 -0.21249774  0.        ]
Likelihood:
5670.628177295097


Hyperparameters:
[-1.82294289e+00  8.25433067e-01 -9.67482113e-02  1.00000000e-03]
Likelihood gradient:
[-0.11277892 -0.0234787  -0.20504495  0.        ]
Likelihood:
5670.628177759596


Warning: stress not available
Precomputing KnK for hyps optimization
Done precomputing. Time: 0.017214059829711914
Hyperparameters:
[-1.82294261e+00  8.25432985e-01 -9.67482113e-02  1.00000000e-03]
Likelihood gradient:
[  7.49265189   1.09392258 945.34421045   0.        ]
Likelihood:
6094.3881340465705


Hyperparameters:
[-1.81493777e+00  8.26601688e-01  9.13219390e-01  1.00000000e-03]
Likelihood gradient:
[ 5.22935082e+01 -1.35133138e-01 -7.84463936e+03  0.00000000e+00]
Likelihood:
-6500.588689070187


Hyperparameters:
[-1.82282074e+00  8.25450779e-01 -8.13708432e-02  1.00000000e-03]
Likelihood gradient:
[ 2.67728722e+00  1.11804775e+00 -3.46422397e+04  0.00000000e+00]
Likelihood:
5872.847808496663


Hyperparameters:
[-1.82293807e+00  8.25433649e-01 -9.61746444e-02  1.00000000e-03]
Likelihood gradient:
[ 7.33775669  1.11097673 75.89020288  0.        ]
Likelihood:
6094.682284791041


Hyperparameters:
[-1.74364714e+00  8.37477008e-01 -9.61879917e-02  1.00000000e-03]
Likelihood gradient:
[-6.46859996  0.51789251 68.91212702  0.        ]
Likelihood:
6094.82162269507


Hyperparameters:
[-1.76641115e+00  1.09337888e+00 -9.61635896e-02  1.00000000e-03]
Likelihood gradient:
[-2.20681544 -5.78886981 39.97043588  0.        ]
Likelihood:
6094.03072417076


Hyperparameters:
[-1.74586870e+00  8.62450740e-01 -9.61856102e-02  1.00000000e-03]
Likelihood gradient:
[-6.04172535 -0.58900125 66.11959398  0.        ]
Likelihood:
6094.83203944864


Hyperparameters:
[-1.74916594e+00  8.61095280e-01 -9.61807331e-02  1.00000000e-03]
Likelihood gradient:
[-5.40086042 -0.51416315 59.8764933   0.        ]
Likelihood:
6094.848564717215


Hyperparameters:
[-1.75506074e+00  8.59225611e-01 -9.61710009e-02  1.00000000e-03]
Likelihood gradient:
[-4.30049531 -0.44702646 47.13476809  0.        ]
Likelihood:
6094.872579431629


Hyperparameters:
[-1.76561287e+00  8.53975415e-01 -9.61543807e-02  1.00000000e-03]
Likelihood gradient:
[-2.38488526 -0.23551724 25.44507535  0.        ]
Likelihood:
6094.899441807584


Hyperparameters:
[-1.77874132e+00  8.48066850e-01 -9.61347258e-02  1.00000000e-03]
Likelihood gradient:
[-0.03242302  0.0293173  -0.15723537  0.        ]
Likelihood:
6094.902859110583


Hyperparameters:
[-1.77892164e+00  8.48721147e-01 -9.61347874e-02  1.00000000e-03]
Likelihood gradient:
[ 0.01164703  0.00710976 -0.00066605  0.        ]
Likelihood:
6094.902687559805


Hyperparameters:
[-1.77874539e+00  8.48081617e-01 -9.61347272e-02  1.00000000e-03]
Likelihood gradient:
[-0.01043739  0.0533364  -0.16143572  0.        ]
Likelihood:
6094.902855589486


Hyperparameters:
[-1.77874141e+00  8.48067191e-01 -9.61347258e-02  1.00000000e-03]
Likelihood gradient:
[-0.02397374  0.03306343 -0.16014114  0.        ]
Likelihood:
6094.902858779711


Hyperparameters:
[-1.77874132e+00  8.48066852e-01 -9.61347258e-02  1.00000000e-03]
Likelihood gradient:
[-0.01035115  0.04947192 -0.16180037  0.        ]
Likelihood:
6094.90285911807


Hyperparameters:
[-1.77874132e+00  8.48066855e-01 -9.61347258e-02  1.00000000e-03]
Likelihood gradient:
[-0.02484656  0.03631965 -0.16051429  0.        ]
Likelihood:
6094.902858718895


Hyperparameters:
[-1.77874132e+00  8.48066852e-01 -9.61347258e-02  1.00000000e-03]
Likelihood gradient:
[-0.03294739  0.02718308 -0.15384659  0.        ]
Likelihood:
6094.902858980571


Hyperparameters:
[-1.77874132e+00  8.48066852e-01 -9.61347258e-02  1.00000000e-03]
Likelihood gradient:
[-0.05351141  0.00690239 -0.14860736  0.        ]
Likelihood:
6094.902859349893


Hyperparameters:
[-1.77874937e+00  8.48074429e-01 -9.61347270e-02  1.00000000e-03]
Likelihood gradient:
[-0.03154297  0.02606212 -0.1523233   0.        ]
Likelihood:
6094.902851096902


Hyperparameters:
[-1.77874139e+00  8.48066923e-01 -9.61347258e-02  1.00000000e-03]
Likelihood gradient:
[-0.02274653  0.0420313  -0.16115696  0.        ]
Likelihood:
6094.9028586646655


Hyperparameters:
[-1.77874132e+00  8.48066852e-01 -9.61347258e-02  1.00000000e-03]
Likelihood gradient:
[-0.04943271  0.01567397 -0.1510762   0.        ]
Likelihood:
6094.902858845318


Hyperparameters:
[-1.77874132e+00  8.48066852e-01 -9.61347258e-02  1.00000000e-03]
Likelihood gradient:
[-0.02508519  0.03887591 -0.15801423  0.        ]
Likelihood:
6094.902859200887


Hyperparameters:
[-1.77874132e+00  8.48066852e-01 -9.61347258e-02  1.00000000e-03]
Likelihood gradient:
[-0.02640865  0.03585408 -0.15760723  0.        ]
Likelihood:
6094.902858717982


Hyperparameters:
[-1.77874937e+00  8.48074429e-01 -9.61347270e-02  1.00000000e-03]
Likelihood gradient:
[-0.04550449  0.01155138 -0.14718689  0.        ]
Likelihood:
6094.902851284387


Hyperparameters:
[-1.77874534e+00  8.48070641e-01 -9.61347264e-02  1.00000000e-03]
Likelihood gradient:
[-0.04696698  0.01073734 -0.14850651  0.        ]
Likelihood:
6094.902854634127


Hyperparameters:
[-1.77874333e+00  8.48068746e-01 -9.61347261e-02  1.00000000e-03]
Likelihood gradient:
[-0.04973067  0.01323647 -0.15135681  0.        ]
Likelihood:
6094.9028569685


Hyperparameters:
[-1.77874232e+00  8.48067799e-01 -9.61347260e-02  1.00000000e-03]
Likelihood gradient:
[-0.05688847  0.00049519 -0.14637746  0.        ]
Likelihood:
6094.902858185373


Hyperparameters:
[-1.77874182e+00  8.48067326e-01 -9.61347259e-02  1.00000000e-03]
Likelihood gradient:
[-0.04038402  0.02079986 -0.15306572  0.        ]
Likelihood:
6094.902858414012


Hyperparameters:
[-1.77874157e+00  8.48067089e-01 -9.61347258e-02  1.00000000e-03]
Likelihood gradient:
[-0.03729423  0.0185992  -0.15322103  0.        ]
Likelihood:
6094.902858497164


Hyperparameters:
[-1.77874144e+00  8.48066971e-01 -9.61347258e-02  1.00000000e-03]
Likelihood gradient:
[-0.0329702   0.031664   -0.15741925  0.        ]
Likelihood:
6094.902859018659


Hyperparameters:
[-1.77874138e+00  8.48066912e-01 -9.61347258e-02  1.00000000e-03]
Likelihood gradient:
[-0.05281755  0.00573355 -0.14920594  0.        ]
Likelihood:
6094.902858733156


Hyperparameters:
[-1.77874135e+00  8.48066882e-01 -9.61347258e-02  1.00000000e-03]
Likelihood gradient:
[-0.02777956  0.02596307 -0.1575182   0.        ]
Likelihood:
6094.902859057409


Hyperparameters:
[-1.77874133e+00  8.48066867e-01 -9.61347258e-02  1.00000000e-03]
Likelihood gradient:
[-0.03327348  0.02427625 -0.15450555  0.        ]
Likelihood:
6094.90285915033


Hyperparameters:
[-1.77874133e+00  8.48066860e-01 -9.61347258e-02  1.00000000e-03]
Likelihood gradient:
[-0.02679961  0.02889872 -0.15662985  0.        ]
Likelihood:
6094.902858892823


Hyperparameters:
[-1.77874132e+00  8.48066856e-01 -9.61347258e-02  1.00000000e-03]
Likelihood gradient:
[-0.03529152  0.02595183 -0.15500692  0.        ]
Likelihood:
6094.902859447615


Warning: stress not available
Precomputing KnK for hyps optimization
Done precomputing. Time: 0.019294023513793945
Hyperparameters:
[-1.77874132e+00  8.48066852e-01 -9.61347258e-02  1.00000000e-03]
Likelihood gradient:
[ 6.16343319e+00 -8.61524898e-01  4.74816236e+03  0.00000000e+00]
Likelihood:
6711.5845250229595


Hyperparameters:
[-1.77743027e+00  8.47883594e-01  9.13864407e-01  1.00000000e-03]
Likelihood gradient:
[ 5.34266948e+01 -1.84507822e+00 -8.31519533e+03  0.00000000e+00]
Likelihood:
-6873.979189516172


Hyperparameters:
[-1.77866237e+00  8.48055818e-01 -3.53174815e-02  1.00000000e-03]
Likelihood gradient:
[-1.35731809e+01 -1.55708533e-01 -1.27599538e+06  0.00000000e+00]
Likelihood:
-8478.339816014195


Hyperparameters:
[-1.77872313e+00  8.48064311e-01 -8.21262795e-02  1.00000000e-03]
Likelihood gradient:
[ 1.32818283e+00 -8.37868429e-01 -2.64484159e+04  0.00000000e+00]
Likelihood:
6587.336214499446


Hyperparameters:
[-1.77873776e+00  8.48066355e-01 -9.33943756e-02  1.00000000e-03]
Likelihood gradient:
[  5.21688249  -0.86259937 361.23450416   0.        ]
Likelihood:
6718.731651772847


Hyperparameters:
[ 0.94545472  0.39074876 -0.09386243  0.001     ]
Likelihood gradient:
[ 582.00513301  150.34309079 -109.00571814    0.        ]
Likelihood:
6556.826405442305


Hyperparameters:
[-1.76900964e+00  8.46433269e-01 -9.33960471e-02  1.00000000e-03]
Likelihood gradient:
[  3.54117396  -0.78550983 360.7165773    0.        ]
Likelihood:
6718.784857359666


Hyperparameters:
[-1.77065873e+00  7.22742321e-01 -9.33512625e-02  1.00000000e-03]
Likelihood gradient:
[  3.79119128   7.4047403  283.95873985   0.        ]
Likelihood:
6718.445523101194


Hyperparameters:
[-1.76923477e+00  8.29547408e-01 -9.33899332e-02  1.00000000e-03]
Likelihood gradient:
[ 3.55644289e+00 -8.76429598e-03  3.50261660e+02  0.00000000e+00]
Likelihood:
6718.792733369772


Hyperparameters:
[-1.76704644e+00  8.29666538e-01 -9.33667280e-02  1.00000000e-03]
Likelihood gradient:
[ 3.16619438e+00 -1.44956149e-02  3.09522634e+02  0.00000000e+00]
Likelihood:
6718.809998425273


Hyperparameters:
[-1.76144271e+00  8.29557687e-01 -9.33113804e-02  1.00000000e-03]
Likelihood gradient:
[2.16165976e+00 8.99589140e-03 2.11978203e+02 0.00000000e+00]
Likelihood:
6718.845115166187


Hyperparameters:
[-1.74937378e+00  8.30620295e-01 -9.31909617e-02  1.00000000e-03]
Likelihood gradient:
[-0.08054514 -0.04107834 -1.27815429  0.        ]
Likelihood:
6718.8828277784305


Hyperparameters:
[-1.74982947e+00  8.29726047e-01 -9.31914453e-02  1.00000000e-03]
Likelihood gradient:
[-0.01083477 -0.01450579 -0.26077475  0.        ]
Likelihood:
6718.88239942976


Hyperparameters:
[-1.74938572e+00  8.30596877e-01 -9.31909743e-02  1.00000000e-03]
Likelihood gradient:
[-0.08307621 -0.04323168 -1.2482883   0.        ]
Likelihood:
6718.882817643071


Hyperparameters:
[-1.74937411e+00  8.30619652e-01 -9.31909620e-02  1.00000000e-03]
Likelihood gradient:
[-0.09094648 -0.04594077 -1.27232241  0.        ]
Likelihood:
6718.882827320587


Hyperparameters:
[-1.74937379e+00  8.30620284e-01 -9.31909617e-02  1.00000000e-03]
Likelihood gradient:
[-0.10135681 -0.0614806  -1.26900402  0.        ]
Likelihood:
6718.882827441899


Hyperparameters:
[-1.74937378e+00  8.30620295e-01 -9.31909617e-02  1.00000000e-03]
Likelihood gradient:
[-0.08031056 -0.04214229 -1.27611834  0.        ]
Likelihood:
6718.882827567599


Hyperparameters:
[-1.74937378e+00  8.30620295e-01 -9.31909617e-02  1.00000000e-03]
Likelihood gradient:
[-0.09816358 -0.05946416 -1.27075842  0.        ]
Likelihood:
6718.8828275242795


Hyperparameters:
[-1.74982947e+00  8.29726047e-01 -9.31914453e-02  1.00000000e-03]
Likelihood gradient:
[-0.00654998 -0.00961907 -0.26276829  0.        ]
Likelihood:
6718.882398867954


Hyperparameters:
[-1.74960162e+00  8.30173171e-01 -9.31912035e-02  1.00000000e-03]
Likelihood gradient:
[-0.05235963 -0.02115416 -0.76920888  0.        ]
Likelihood:
6718.8826231524345


Hyperparameters:
[-1.74948770e+00  8.30396733e-01 -9.31910826e-02  1.00000000e-03]
Likelihood gradient:
[-0.07264615 -0.041304   -1.0186926   0.        ]
Likelihood:
6718.8827276680495


Hyperparameters:
[-1.74943074e+00  8.30508514e-01 -9.31910221e-02  1.00000000e-03]
Likelihood gradient:
[-0.07446299 -0.03574605 -1.14982472  0.        ]
Likelihood:
6718.882778672405


Hyperparameters:
[-1.74940226e+00  8.30564405e-01 -9.31909919e-02  1.00000000e-03]
Likelihood gradient:
[-0.10140379 -0.05137966 -1.20397132  0.        ]
Likelihood:
6718.882803202314


Hyperparameters:
[-1.74938802e+00  8.30592350e-01 -9.31909768e-02  1.00000000e-03]
Likelihood gradient:
[-0.09720209 -0.05624287 -1.23776234  0.        ]
Likelihood:
6718.882815681587


Hyperparameters:
[-1.74938090e+00  8.30606323e-01 -9.31909692e-02  1.00000000e-03]
Likelihood gradient:
[-0.10245083 -0.05746455 -1.25173183  0.        ]
Likelihood:
6718.88282187458


Hyperparameters:
[-1.74937734e+00  8.30613309e-01 -9.31909655e-02  1.00000000e-03]
Likelihood gradient:
[-0.08710687 -0.04784337 -1.2677498   0.        ]
Likelihood:
6718.882824688157


Hyperparameters:
[-1.74937556e+00  8.30616802e-01 -9.31909636e-02  1.00000000e-03]
Likelihood gradient:
[-0.08533174 -0.04665334 -1.27189102  0.        ]
Likelihood:
6718.882826270867


Hyperparameters:
[-1.74937467e+00  8.30618549e-01 -9.31909626e-02  1.00000000e-03]
Likelihood gradient:
[-0.10987928 -0.05890395 -1.26721072  0.        ]
Likelihood:
6718.882827254458


Hyperparameters:
[-1.74937388e+00  8.30620106e-01 -9.31909618e-02  1.00000000e-03]
Likelihood gradient:
[-0.12212838 -0.07747782 -1.26096508  0.        ]
Likelihood:
6718.882827736554


Hyperparameters:
[-1.74937380e+00  8.30620270e-01 -9.31909617e-02  1.00000000e-03]
Likelihood gradient:
[-0.08382543 -0.04606488 -1.27572715  0.        ]
Likelihood:
6718.882828049094


Warning: stress not available
Precomputing KnK for hyps optimization
Done precomputing. Time: 0.017818450927734375
Hyperparameters:
[-1.74937378e+00  8.30620295e-01 -9.31909617e-02  1.00000000e-03]
Likelihood gradient:
[-1.19334888e+01  9.34186268e-02 -3.07805998e+03  0.00000000e+00]
Likelihood:
6959.95573440109


Hyperparameters:
[-1.75328947e+00  8.30650948e-01 -1.10318337e+00  1.00000000e-03]
Likelihood gradient:
[ 5.14038268e+01 -2.43989287e+00  7.31393518e+03  0.00000000e+00]
Likelihood:
-8765.851317289516


Hyperparameters:
[-1.74951030e+00  8.30621364e-01 -1.28402287e-01  1.00000000e-03]
Likelihood gradient:
[ 1.50047025e+00 -3.42774701e-03  2.82443680e+04  0.00000000e+00]
Likelihood:
6358.173134167151


Hyperparameters:
[-1.74938117e+00  8.30620353e-01 -9.50956354e-02  1.00000000e-03]
Likelihood gradient:
[-1.11730123e+01  9.33402854e-02  4.32255225e+02  0.00000000e+00]
Likelihood:
6962.419378997047


Hyperparameters:
[-2.19070554e+00  8.34276948e-01 -9.49908405e-02  1.00000000e-03]
Likelihood gradient:
[ 4.45089890e+01 -1.22556579e-01  3.49270574e+02  0.00000000e+00]
Likelihood:
6952.521176730723


Hyperparameters:
[-1.80709417e+00  8.31098534e-01 -9.50819311e-02  1.00000000e-03]
Likelihood gradient:
[6.07355816e-02 4.23436104e-02 4.29495337e+02 0.00000000e+00]
Likelihood:
6962.68004212065


Hyperparameters:
[-1.80705884e+00  8.73339567e-01 -9.48487092e-02  1.00000000e-03]
Likelihood gradient:
[-5.73135694e-03 -1.88493485e+00  1.81564119e+01  0.00000000e+00]
Likelihood:
6962.69162529528


Hyperparameters:
[-1.80714748e+00  8.61429554e-01 -9.47965014e-02  1.00000000e-03]
Likelihood gradient:
[-1.31125639e-02 -1.38478428e+00 -7.46131218e+01  0.00000000e+00]
Likelihood:
6962.709699506406


Hyperparameters:
[-1.80720907e+00  8.36740196e-01 -9.48275906e-02  1.00000000e-03]
Likelihood gradient:
[ 8.81010618e-03 -2.31541945e-01 -1.93434483e+01  0.00000000e+00]
Likelihood:
6962.731659530591


Hyperparameters:
[-1.80714468e+00  8.31784236e-01 -9.48385087e-02  1.00000000e-03]
Likelihood gradient:
[0.00778998 0.02791982 0.02007217 0.        ]
Likelihood:
6962.732401455562


Hyperparameters:
[-1.80710807e+00  8.32318074e-01 -9.48385287e-02  1.00000000e-03]
Likelihood gradient:
[-0.04605741 -0.04829234  0.05764123  0.        ]
Likelihood:
6962.73243478107


Hyperparameters:
[-1.80713165e+00  8.31974327e-01 -9.48385158e-02  1.00000000e-03]
Likelihood gradient:
[-0.02044037  0.00231043  0.03039425  0.        ]
Likelihood:
6962.732414637869


Hyperparameters:
[-1.80723552e+00  8.32095583e-01 -9.48384723e-02  1.00000000e-03]
Likelihood gradient:
[ 0.01064721 -0.0029643  -0.01104215  0.        ]
Likelihood:
6962.732313615772


Hyperparameters:
[-1.80713205e+00  8.31974804e-01 -9.48385156e-02  1.00000000e-03]
Likelihood gradient:
[-0.00369621  0.00434528  0.02989564  0.        ]
Likelihood:
6962.732414089307


Hyperparameters:
[-1.80713165e+00  8.31974328e-01 -9.48385158e-02  1.00000000e-03]
Likelihood gradient:
[-0.03014095 -0.01691156  0.03713582  0.        ]
Likelihood:
6962.732414540349


Hyperparameters:
[-1.80713165e+00  8.31974327e-01 -9.48385158e-02  1.00000000e-03]
Likelihood gradient:
[-0.02657375 -0.01468986  0.03624525  0.        ]
Likelihood:
6962.732414469383


Hyperparameters:
[-1.80713165e+00  8.31974327e-01 -9.48385158e-02  1.00000000e-03]
Likelihood gradient:
[-0.02279298  0.0019906   0.03222831  0.        ]
Likelihood:
6962.732415213279


Hyperparameters:
[-1.80713165e+00  8.31974327e-01 -9.48385158e-02  1.00000000e-03]
Likelihood gradient:
[-0.02586057 -0.01129601  0.03618033  0.        ]
Likelihood:
6962.7324147348045


Hyperparameters:
[-1.80714081e+00  8.31977978e-01 -9.48385114e-02  1.00000000e-03]
Likelihood gradient:
[-0.00656052  0.00064864  0.02596203  0.        ]
Likelihood:
6962.732405812409


Hyperparameters:
[-1.80713168e+00  8.31974340e-01 -9.48385158e-02  1.00000000e-03]
Likelihood gradient:
[-0.02647017 -0.00990884  0.03747166  0.        ]
Likelihood:
6962.732415061975


Hyperparameters:
[-1.80713171e+00  8.31974353e-01 -9.48385158e-02  1.00000000e-03]
Likelihood gradient:
[-0.00471501  0.01506977  0.02694377  0.        ]
Likelihood:
6962.732414769474


Hyperparameters:
[-1.80713178e+00  8.31974390e-01 -9.48384955e-02  1.00000000e-03]
Likelihood gradient:
[ 0.00236919  0.01211201 -0.00619262  0.        ]
Likelihood:
6962.732414170572


Hyperparameters:
[-1.80713171e+00  8.31974353e-01 -9.48385158e-02  1.00000000e-03]
Likelihood gradient:
[-0.01819166 -0.00652371  0.03576319  0.        ]
Likelihood:
6962.732414316408


Hyperparameters:
[-1.80713171e+00  8.31974353e-01 -9.48385158e-02  1.00000000e-03]
Likelihood gradient:
[-0.00880733  0.00808568  0.03082321  0.        ]
Likelihood:
6962.732414544946


Hyperparameters:
[-1.80713178e+00  8.31974390e-01 -9.48384955e-02  1.00000000e-03]
Likelihood gradient:
[ 0.00319668  0.01611091 -0.00896992  0.        ]
Likelihood:
6962.732414584167


Hyperparameters:
[-1.80713175e+00  8.31974372e-01 -9.48385056e-02  1.00000000e-03]
Likelihood gradient:
[-0.00750813  0.00888493  0.01108329  0.        ]
Likelihood:
6962.7324144910435


Hyperparameters:
[-1.80713173e+00  8.31974362e-01 -9.48385107e-02  1.00000000e-03]
Likelihood gradient:
[0.01454056 0.02762701 0.01454385 0.        ]
Likelihood:
6962.732414162969


Hyperparameters:
[-1.80713172e+00  8.31974358e-01 -9.48385132e-02  1.00000000e-03]
Likelihood gradient:
[-0.00962915  0.00668334  0.02510732  0.        ]
Likelihood:
6962.7324145654675


Hyperparameters:
[-1.80713172e+00  8.31974355e-01 -9.48385145e-02  1.00000000e-03]
Likelihood gradient:
[-0.00014027  0.00920776  0.02699822  0.        ]
Likelihood:
6962.732414613996


Hyperparameters:
[-1.80713171e+00  8.31974354e-01 -9.48385151e-02  1.00000000e-03]
Likelihood gradient:
[-0.00804779  0.00450472  0.03177178  0.        ]
Likelihood:
6962.732414846829


Hyperparameters:
[-1.80713172e+00  8.31974355e-01 -9.48385148e-02  1.00000000e-03]
Likelihood gradient:
[-0.02125589 -0.00956373  0.03364265  0.        ]
Likelihood:
6962.732414455129


Hyperparameters:
[-1.80713171e+00  8.31974355e-01 -9.48385150e-02  1.00000000e-03]
Likelihood gradient:
[-0.01239708 -0.00076225  0.03171158  0.        ]
Likelihood:
6962.732414703474


Hyperparameters:
[-1.80713171e+00  8.31974354e-01 -9.48385151e-02  1.00000000e-03]
Likelihood gradient:
[-0.0159891  -0.00294788  0.03197103  0.        ]
Likelihood:
6962.732414255139


Hyperparameters:
[-1.80713171e+00  8.31974354e-01 -9.48385151e-02  1.00000000e-03]
Likelihood gradient:
[0.00265166 0.0129069  0.0262196  0.        ]
Likelihood:
6962.7324145571765


Hyperparameters:
[-1.80713171e+00  8.31974354e-01 -9.48385151e-02  1.00000000e-03]
Likelihood gradient:
[-0.01590984 -0.0057483   0.03380947  0.        ]
Likelihood:
6962.732414694876


Hyperparameters:
[-1.80713171e+00  8.31974354e-01 -9.48385151e-02  1.00000000e-03]
Likelihood gradient:
[-0.02709584 -0.01589916  0.03826392  0.        ]
Likelihood:
6962.732414936321


Warning: stress not available
Precomputing KnK for hyps optimization
Done precomputing. Time: 0.01927471160888672
Hyperparameters:
[-1.80713171e+00  8.31974353e-01 -9.48385158e-02  1.00000000e-03]
Likelihood gradient:
[-1.05316370e+01  2.26454820e-01  4.10987224e+03  0.00000000e+00]
Likelihood:
7536.128305207856


Hyperparameters:
[-1.80971985e+00  8.32030004e-01  9.15158167e-01  1.00000000e-03]
Likelihood gradient:
[ 5.64911504e+01 -1.81633127e+00 -9.23294770e+03  0.00000000e+00]
Likelihood:
-7640.00696323366


Hyperparameters:
[-1.80725761e+00  8.31977060e-01 -4.57092959e-02  1.00000000e-03]
Likelihood gradient:
[-2.70172762e+01  3.56658508e-01 -5.71946275e+05  0.00000000e+00]
Likelihood:
414.8026961662363


Hyperparameters:
[-1.80715299e+00  8.31974811e-01 -8.65330592e-02  1.00000000e-03]
Likelihood gradient:
[-1.35559894e+01  2.35727630e-01 -1.41519710e+04  0.00000000e+00]
Likelihood:
7500.132974884698


Hyperparameters:
[-1.80713717e+00  8.31974470e-01 -9.27087377e-02  1.00000000e-03]
Likelihood gradient:
[-11.31193465   0.22672393 181.77398376   0.        ]
Likelihood:
7540.778279740385


Hyperparameters:
[-2.63440708e+00  8.48503505e-01 -9.25372176e-02  1.00000000e-03]
Likelihood gradient:
[ 60.17700835  -0.65800032 -35.47582895   0.        ]
Likelihood:
7510.541806650897


Hyperparameters:
[-1.87503091e+00  8.33331002e-01 -9.26946611e-02  1.00000000e-03]
Likelihood gradient:
[1.41923860e+00 1.49587030e-01 1.76801779e+02 0.00000000e+00]
Likelihood:
7541.041193388119


Hyperparameters:
[-1.86668022e+00  9.91214296e-01 -9.26001886e-02  1.00000000e-03]
Likelihood gradient:
[ -0.05397764  -5.50946288 -10.56788979   0.        ]
Likelihood:
7540.571273040769


Hyperparameters:
[-1.87468807e+00  8.39813105e-01 -9.26907824e-02  1.00000000e-03]
Likelihood gradient:
[  1.36190482  -0.20257367 169.13567176   0.        ]
Likelihood:
7541.042463133203


Hyperparameters:
[-1.87397985e+00  8.39474388e-01 -9.26817262e-02  1.00000000e-03]
Likelihood gradient:
[  1.23915004  -0.18287739 151.21955437   0.        ]
Likelihood:
7541.045530916346


Hyperparameters:
[-1.87114697e+00  8.38119519e-01 -9.26455010e-02  1.00000000e-03]
Likelihood gradient:
[ 0.75197265 -0.09008495 79.46384221  0.        ]
Likelihood:
7541.0552378053635


Hyperparameters:
[-1.86678540e+00  8.36838469e-01 -9.26052514e-02  1.00000000e-03]
Likelihood gradient:
[-0.04878389 -0.0529532  -0.79022595  0.        ]
Likelihood:
7541.062359397782


Hyperparameters:
[-1.86703239e+00  8.35875526e-01 -9.26054348e-02  1.00000000e-03]
Likelihood gradient:
[ 0.01622109  0.02019517 -0.36189064  0.        ]
Likelihood:
7541.062157750512


Hyperparameters:
[-1.86679693e+00  8.36793527e-01 -9.26052600e-02  1.00000000e-03]
Likelihood gradient:
[-0.02121395 -0.01913274 -0.77958481  0.        ]
Likelihood:
7541.062351206596


Hyperparameters:
[-1.86678597e+00  8.36836266e-01 -9.26052518e-02  1.00000000e-03]
Likelihood gradient:
[-0.04933933 -0.05072502 -0.78653144  0.        ]
Likelihood:
7541.0623592042975


Hyperparameters:
[-1.86678545e+00  8.36838298e-01 -9.26052515e-02  1.00000000e-03]
Likelihood gradient:
[-0.05664516 -0.05629293 -0.78698496  0.        ]
Likelihood:
7541.062359229214


Hyperparameters:
[-1.86678540e+00  8.36838467e-01 -9.26052514e-02  1.00000000e-03]
Likelihood gradient:
[-0.04923577 -0.05302644 -0.78884398  0.        ]
Likelihood:
7541.062359765627


Hyperparameters:
[-1.86678540e+00  8.36838467e-01 -9.26052514e-02  1.00000000e-03]
Likelihood gradient:
[-0.03858219 -0.0357905  -0.79597071  0.        ]
Likelihood:
7541.062359189733


Hyperparameters:
[-1.86678540e+00  8.36838467e-01 -9.26052514e-02  1.00000000e-03]
Likelihood gradient:
[-0.04690917 -0.04846727 -0.79074201  0.        ]
Likelihood:
7541.06235941689


Hyperparameters:
[-1.86678540e+00  8.36838467e-01 -9.26052514e-02  1.00000000e-03]
Likelihood gradient:
[-0.05352376 -0.06125105 -0.78496702  0.        ]
Likelihood:
7541.062359348922


Hyperparameters:
[-1.86703239e+00  8.35875526e-01 -9.26054348e-02  1.00000000e-03]
Likelihood gradient:
[ 0.01008421  0.01587525 -0.36181791  0.        ]
Likelihood:
7541.06215797324


Hyperparameters:
[-1.86681489e+00  8.36723500e-01 -9.26052733e-02  1.00000000e-03]
Likelihood gradient:
[-0.0353405  -0.03626285 -0.74014701  0.        ]
Likelihood:
7541.062338596634


Hyperparameters:
[-1.86678933e+00  8.36823170e-01 -9.26052543e-02  1.00000000e-03]
Likelihood gradient:
[-0.07073984 -0.07115236 -0.7744289   0.        ]
Likelihood:
7541.062356979819


Hyperparameters:
[-1.86678598e+00  8.36836225e-01 -9.26052519e-02  1.00000000e-03]
Likelihood gradient:
[-0.03872488 -0.03771847 -0.79400799  0.        ]
Likelihood:
7541.062359191594


Hyperparameters:
[-1.86678552e+00  8.36838002e-01 -9.26052515e-02  1.00000000e-03]
Likelihood gradient:
[-0.05189962 -0.04665935 -0.79149196  0.        ]
Likelihood:
7541.062359083386


Hyperparameters:
[-1.86678546e+00  8.36838235e-01 -9.26052515e-02  1.00000000e-03]
Likelihood gradient:
[-0.05100376 -0.05169979 -0.78925585  0.        ]
Likelihood:
7541.0623593904875


Hyperparameters:
[-1.86678544e+00  8.36838336e-01 -9.26052515e-02  1.00000000e-03]
Likelihood gradient:
[-0.06311753 -0.06624622 -0.78418583  0.        ]
Likelihood:
7541.062359291283


Hyperparameters:
[-1.86678542e+00  8.36838403e-01 -9.26052514e-02  1.00000000e-03]
Likelihood gradient:
[-0.0412278  -0.04048352 -0.79342488  0.        ]
Likelihood:
7541.062359444693


Hyperparameters:
[-1.86679000e+00  8.36841160e-01 -9.26052734e-02  1.00000000e-03]
Likelihood gradient:
[-0.06299193 -0.07118046 -0.73842675  0.        ]
Likelihood:
7541.062355526517


Hyperparameters:
[-1.86678544e+00  8.36838413e-01 -9.26052515e-02  1.00000000e-03]
Likelihood gradient:
[-0.04755301 -0.03838775 -0.79451614  0.        ]
Likelihood:
7541.062359297579


Hyperparameters:
[-1.86678542e+00  8.36838403e-01 -9.26052514e-02  1.00000000e-03]
Likelihood gradient:
[-0.02969971 -0.03400897 -0.79768315  0.        ]
Likelihood:
7541.062359106352


Hyperparameters:
[-1.86678542e+00  8.36838403e-01 -9.26052514e-02  1.00000000e-03]
Likelihood gradient:
[-0.05511591 -0.05108825 -0.78897718  0.        ]
Likelihood:
7541.062359376949


Hyperparameters:
[-1.86679000e+00  8.36841160e-01 -9.26052734e-02  1.00000000e-03]
Likelihood gradient:
[-0.04605701 -0.05329472 -0.74570562  0.        ]
Likelihood:
7541.062355694157


Hyperparameters:
[-1.86678771e+00  8.36839781e-01 -9.26052624e-02  1.00000000e-03]
Likelihood gradient:
[-0.02640722 -0.02732475 -0.77589284  0.        ]
Likelihood:
7541.06235740635


Hyperparameters:
[-1.86678656e+00  8.36839092e-01 -9.26052569e-02  1.00000000e-03]
Likelihood gradient:
[-0.02796638 -0.0284783  -0.7869663   0.        ]
Likelihood:
7541.062358567127


Hyperparameters:
[-1.86678599e+00  8.36838747e-01 -9.26052542e-02  1.00000000e-03]
Likelihood gradient:
[-0.04010148 -0.04151935 -0.78764943  0.        ]
Likelihood:
7541.062358846302


Hyperparameters:
[-1.86678570e+00  8.36838575e-01 -9.26052528e-02  1.00000000e-03]
Likelihood gradient:
[-0.04842697 -0.0387966  -0.78901817  0.        ]
Likelihood:
7541.062358806925


Hyperparameters:
[-1.86678556e+00  8.36838489e-01 -9.26052521e-02  1.00000000e-03]
Likelihood gradient:
[-0.05013386 -0.05319131 -0.78714391  0.        ]
Likelihood:
7541.062358892053


Hyperparameters:
[-1.86678549e+00  8.36838446e-01 -9.26052518e-02  1.00000000e-03]
Likelihood gradient:
[-0.03769892 -0.03735712 -0.79450269  0.        ]
Likelihood:
7541.062359554126


Hyperparameters:
[-1.86678553e+00  8.36838467e-01 -9.26052520e-02  1.00000000e-03]
Likelihood gradient:
[-0.0546702  -0.05673917 -0.785239    0.        ]
Likelihood:
7541.062359554309


Hyperparameters:
[-1.86678554e+00  8.36838478e-01 -9.26052520e-02  1.00000000e-03]
Likelihood gradient:
[-0.02318916 -0.02229116 -0.79734213  0.        ]
Likelihood:
7541.062358958427


Hyperparameters:
[-1.86678553e+00  8.36838473e-01 -9.26052520e-02  1.00000000e-03]
Likelihood gradient:
[-0.03606035 -0.04328729 -0.79259579  0.        ]
Likelihood:
7541.062359006857


Hyperparameters:
[-1.86678553e+00  8.36838470e-01 -9.26052520e-02  1.00000000e-03]
Likelihood gradient:
[-0.04419692 -0.0376272  -0.79344971  0.        ]
Likelihood:
7541.0623593887285


Hyperparameters:
[-1.86678553e+00  8.36838469e-01 -9.26052520e-02  1.00000000e-03]
Likelihood gradient:
[-0.05514703 -0.05708997 -0.78722473  0.        ]
Likelihood:
7541.062359069423


Warning: stress not available
Warning: stress not available
Warning: stress not available
Warning: stress not available
Warning: stress not available
Warning: stress not available
Warning: stress not available
Warning: stress not available
Warning: stress not available
Warning: stress not available
Warning: stress not available
Warning: stress not available
Warning: stress not available
Warning: stress not available
Warning: stress not available
Warning: stress not available
Warning: stress not available
Warning: stress not available
Warning: stress not available
Warning: stress not available
Warning: stress not available
Warning: stress not available
Warning: stress not available
Warning: stress not available
Warning: stress not available
Warning: stress not available
Warning: stress not available
Warning: stress not available
Warning: stress not available
Warning: stress not available
Warning: stress not available
Warning: stress not available
Warning: stress not available
Warning: stress not available
Warning: stress not available
Warning: stress not available
Warning: stress not available
Warning: stress not available
Warning: stress not available
Warning: stress not available
Warning: stress not available
Warning: stress not available
Warning: stress not available
Warning: stress not available
Warning: stress not available
Warning: stress not available
Warning: stress not available
Warning: stress not available
Warning: stress not available
Warning: stress not available
Warning: stress not available
Warning: stress not available
Warning: stress not available
Warning: stress not available
Warning: stress not available
Warning: stress not available
Warning: stress not available
Warning: stress not available
Warning: stress not available
Warning: stress not available
Warning: stress not available
Warning: stress not available
Warning: stress not available
Warning: stress not available
Warning: stress not available
Warning: stress not available
