/var/spool/slurmd/job7908988/slurm_script: line 17: activate: No such file or directory

CondaError: Run 'conda init' before 'conda activate'


Intel MKL ERROR: Parameter 4 was incorrect on entry to DPOTRF.

Intel MKL ERROR: Parameter 6 was incorrect on entry to DGEMV .

Intel MKL ERROR: Parameter 6 was incorrect on entry to DGEMV .

Intel MKL ERROR: Parameter 6 was incorrect on entry to DGEMV .
/leonardo/pub/userexternal/sperego0/software/flare/flare_v1.3.3-fix/flare/md/fake.py:76: UserWarning: FakeMD runs out of frames.
  warnings.warn("FakeMD runs out of frames.")
Warning: stress not available
Warning: stress not available
Warning: stress not available
Warning: stress not available
Warning: stress not available
Warning: stress not available
Warning: stress not available
Warning: stress not available
Warning: stress not available
Warning: stress not available
Precomputing KnK for hyps optimization
Done precomputing. Time: 0.005726337432861328
Hyperparameters:
[2.e+00 1.e-01 5.e-02 1.e-03]
Likelihood gradient:
[-7.78888432e+00  4.24144848e+03  2.17394460e+05  0.00000000e+00]
Likelihood:
514.4396568229076


Hyperparameters:
[1.99996382e+00 1.19701734e-01 1.05980782e+00 1.00000000e-03]
Likelihood gradient:
[  -38.88944113    64.4332098  -3946.76991425     0.        ]
Likelihood:
-4501.917479376846


Hyperparameters:
[1.99998836e+00 1.06336248e-01 3.74762944e-01 1.00000000e-03]
Likelihood gradient:
[   -44.15917565    677.63337026 -10191.72004548      0.        ]
Likelihood:
-307.3690823397819


Hyperparameters:
[1.99999612e+00 1.02112354e-01 1.58268227e-01 1.00000000e-03]
Likelihood gradient:
[   -30.1539783    2206.60459174 -16153.0583841       0.        ]
Likelihood:
2572.5085242525574


Hyperparameters:
[1.97841265e+00 1.87287693e+00 1.42836411e-01 1.00000000e-03]
Likelihood gradient:
[-2.97746992e+01 -3.40990672e+00 -1.60981696e+04  0.00000000e+00]
Likelihood:
2964.3523032695985


Hyperparameters:
[-2.20065993e+01  1.96211830e+00  1.38010879e-01  1.00000000e-03]
Likelihood gradient:
[ 1.11707450e+01 -3.33060055e+00 -1.58123383e+04  0.00000000e+00]
Likelihood:
2553.780101694937


Hyperparameters:
[-2.24494386e+00  1.88859083e+00  1.41986716e-01  1.00000000e-03]
Likelihood gradient:
[ 4.08684063e+01 -3.39486127e+00 -1.60851265e+04  0.00000000e+00]
Likelihood:
2968.3490371128228


Hyperparameters:
[5.55133085e-03 1.88021739e+00 1.42439492e-01 1.00000000e-03]
Likelihood gradient:
[ 1.73650822e+06 -1.47016897e+00  4.08672861e+05  0.00000000e+00]
Likelihood:
-31513.265167671976


Hyperparameters:
[-2.24492010e+00  1.88859075e+00  1.41986721e-01  1.00000000e-03]
Likelihood gradient:
[ 4.08681820e+01 -3.39459391e+00 -1.60851233e+04  0.00000000e+00]
Likelihood:
2968.3499356823977


Hyperparameters:
[-2.24478680e+00  1.88859025e+00  1.41986747e-01  1.00000000e-03]
Likelihood gradient:
[ 4.08633016e+01 -3.39492075e+00 -1.60851085e+04  0.00000000e+00]
Likelihood:
2968.3549759915977


Hyperparameters:
[-1.11961773e+00  1.88440382e+00  1.42213120e-01  1.00000000e-03]
Likelihood gradient:
[-1.43241658e+02 -3.46726811e+00 -1.55009641e+04  0.00000000e+00]
Likelihood:
2951.612028765415


Hyperparameters:
[-1.74752352e+00  1.88674008e+00  1.42086792e-01  1.00000000e-03]
Likelihood gradient:
[ 1.19808940e+01 -3.41293403e+00 -1.59829521e+04  0.00000000e+00]
Likelihood:
2981.4080822490405


Hyperparameters:
[-1.57650014e+00  1.91299210e+00  1.40053797e-01  1.00000000e-03]
Likelihood gradient:
[-1.01638956e+01 -3.40795443e+00 -1.57561539e+04  0.00000000e+00]
Likelihood:
3013.9490136368313


Hyperparameters:
[-1.58854626e+00  1.96730843e+00  1.35877946e-01  1.00000000e-03]
Likelihood gradient:
[-1.05002885e+01 -3.37466601e+00 -1.53760838e+04  0.00000000e+00]
Likelihood:
3078.9205521092663


Hyperparameters:
[-1.63673073e+00  2.18457373e+00  1.19174541e-01  1.00000000e-03]
Likelihood gradient:
[-1.19402290e+01 -3.22403134e+00 -1.24965226e+04  0.00000000e+00]
Likelihood:
3315.142480756371


Hyperparameters:
[-1.86736621e+00  2.81613103e+00  7.05455630e-02  1.00000000e-03]
Likelihood gradient:
[-1.57572210e+00 -2.75553910e+00  4.73992721e+04  0.00000000e+00]
Likelihood:
3047.3810171828327


Hyperparameters:
[-1.73532317e+00  2.45455289e+00  9.83865450e-02  1.00000000e-03]
Likelihood gradient:
[   -7.79746634    -3.02081499 -2790.25922494     0.        ]
Likelihood:
3491.772989405259


Hyperparameters:
[-1.81604553e+00  2.52963704e+00  9.24483220e-02  1.00000000e-03]
Likelihood gradient:
[ 4.09374573e-01 -2.96418288e+00  2.49007589e+03  0.00000000e+00]
Likelihood:
3493.5259624538894


Hyperparameters:
[-1.81095461e+00  2.51090498e+00  9.38472337e-02  1.00000000e-03]
Likelihood gradient:
[ 3.46286831e-01 -2.97787881e+00  1.08623846e+03  0.00000000e+00]
Likelihood:
3496.074416613773


Hyperparameters:
[-1.80448012e+00  2.49374266e+00  9.49705282e-02  1.00000000e-03]
Likelihood gradient:
[-2.18104882e-03 -2.99088036e+00  3.29610201e+01  0.00000000e+00]
Likelihood:
3496.7515045697382


Hyperparameters:
[-1.80420194e+00  2.49032939e+00  9.50543511e-02  1.00000000e-03]
Likelihood gradient:
[-2.14039385e-03 -2.99329340e+00 -4.32415556e+01  0.00000000e+00]
Likelihood:
3496.7613705287213


Hyperparameters:
[-1.80390496e+00  2.48259626e+00  9.51410986e-02  1.00000000e-03]
Likelihood gradient:
[-3.06695763e-03 -2.99877722e+00 -1.21742387e+02  0.00000000e+00]
Likelihood:
3496.7774727062706


Hyperparameters:
[-1.80359902e+00  2.46814478e+00  9.52298881e-02  1.00000000e-03]
Likelihood gradient:
[-4.36214817e-03 -3.00907068e+00 -2.01717645e+02  0.00000000e+00]
Likelihood:
3496.8066164381908


Hyperparameters:
[-1.80324086e+00  2.44158776e+00  9.53341925e-02  1.00000000e-03]
Likelihood gradient:
[-5.71823294e-03 -3.02809439e+00 -2.95188724e+02  0.00000000e+00]
Likelihood:
3496.860973079507


Hyperparameters:
[-1.80276650e+00  2.39186227e+00  9.54723088e-02  1.00000000e-03]
Likelihood gradient:
[-7.33793712e-03 -3.06339729e+00 -4.18164986e+02  0.00000000e+00]
Likelihood:
3496.9633013785515


Hyperparameters:
[-1.80208181e+00  2.29726572e+00  9.56709830e-02  1.00000000e-03]
Likelihood gradient:
[-1.06801027e-02 -3.13015595e+00 -5.93489095e+02  0.00000000e+00]
Likelihood:
3497.1559406755423


Hyperparameters:
[-1.80104839e+00  2.11554551e+00  9.59737184e-02  1.00000000e-03]
Likelihood gradient:
[-1.12690362e-02 -3.24965170e+00 -8.57111466e+02  0.00000000e+00]
Likelihood:
3497.5164457746496


Hyperparameters:
[-1.79936512e+00  1.76483443e+00  9.64537606e-02  1.00000000e-03]
Likelihood gradient:
[-1.47101164e-02 -3.38640020e+00 -1.26645563e+03  0.00000000e+00]
Likelihood:
3498.176125184533


Hyperparameters:
[-1.79662206e+00  1.08349241e+00  9.72233919e-02  1.00000000e-03]
Likelihood gradient:
[ 4.24244693e-03 -1.23552228e+00 -1.89931428e+03  0.00000000e+00]
Likelihood:
3498.9060082913384


Hyperparameters:
[-1.79791629e+00  1.24910492e+00  9.68066176e-02  1.00000000e-03]
Likelihood gradient:
[-2.40362055e-02 -2.50738812e+00 -1.55951519e+03  0.00000000e+00]
Likelihood:
3499.3034293803503


Hyperparameters:
[-1.79934518e+00  1.22805701e+00  9.63257112e-02  1.00000000e-03]
Likelihood gradient:
[-4.34144301e-02 -2.39048663e+00 -1.15639867e+03  0.00000000e+00]
Likelihood:
3500.0080409567836


Warning: stress not available
Precomputing KnK for hyps optimization
Done precomputing. Time: 0.0061359405517578125
Hyperparameters:
[-1.79934518e+00  1.22805701e+00  9.63257112e-02  1.00000000e-03]
Likelihood gradient:
[-1.22659525e+00 -2.18330646e+00 -2.40254346e+03  0.00000000e+00]
Likelihood:
3932.9438095028745


Hyperparameters:
[-1.79986083e+00  1.22713917e+00 -9.13673740e-01  1.00000000e-03]
Likelihood gradient:
[ 4.76532311e+01 -4.29727133e+00  5.04879060e+03  0.00000000e+00]
Likelihood:
-4233.924153797623


Hyperparameters:
[-1.79937217e+00  1.22800897e+00  4.34649299e-02  1.00000000e-03]
Likelihood gradient:
[-2.33264827e+01 -1.77592716e+00  3.82590294e+05  0.00000000e+00]
Likelihood:
-881.5098314394727


Hyperparameters:
[-1.79935026e+00  1.22804798e+00  8.63890535e-02  1.00000000e-03]
Likelihood gradient:
[-5.46843894e+00 -2.10566271e+00  9.44934600e+03  0.00000000e+00]
Likelihood:
3903.174031692769


Hyperparameters:
[-1.79934639e+00  1.22805486e+00  9.39621538e-02  1.00000000e-03]
Likelihood gradient:
[  -2.22658642   -2.16598939 -128.19741742    0.        ]
Likelihood:
3935.990711251783


Hyperparameters:
[-3.21631383e+00 -1.15711088e-01  9.32666773e-02  1.00000000e-03]
Likelihood gradient:
[   50.81595805 -2771.06284183  1401.34656808     0.        ]
Likelihood:
3696.4292698207682


Hyperparameters:
[-1.80034256e+00  1.22711015e+00  9.39616648e-02  1.00000000e-03]
Likelihood gradient:
[  -2.09219369   -2.15869857 -128.11063628    0.        ]
Likelihood:
3935.994649385374


Hyperparameters:
[-1.82995812e+00  1.19902455e+00  9.39471289e-02  1.00000000e-03]
Likelihood gradient:
[   1.77419913   -1.93028151 -125.07881302    0.        ]
Likelihood:
3936.0487682837756


Hyperparameters:
[-1.82658196e+00  1.14148952e+00  9.39453188e-02  1.00000000e-03]
Likelihood gradient:
[   1.35482414   -1.3716543  -121.33183047    0.        ]
Likelihood:
3936.1509564870994


Hyperparameters:
[-1.81686505e+00  1.01049088e+00  9.38334716e-02  1.00000000e-03]
Likelihood gradient:
[ 0.08251393  0.58863498 -0.6309402   0.        ]
Likelihood:
3936.2316923354338


Hyperparameters:
[-1.81616867e+00  1.05013142e+00  9.38286425e-02  1.00000000e-03]
Likelihood gradient:
[-0.0177491  -0.13172812  3.97208136  0.        ]
Likelihood:
3936.2405396506074


Hyperparameters:
[-1.81628645e+00  1.04288204e+00  9.38328401e-02  1.00000000e-03]
Likelihood gradient:
[-1.53926449e-04 -9.98721662e-03 -2.92027390e-01  0.00000000e+00]
Likelihood:
3936.2410258122536


Hyperparameters:
[-1.81628700e+00  1.04228576e+00  9.38325099e-02  1.00000000e-03]
Likelihood gradient:
[-0.00244514 -0.00090639  0.05688996  0.        ]
Likelihood:
3936.2410284187436


Hyperparameters:
[-1.81630790e+00  1.04222075e+00  9.38325655e-02  1.00000000e-03]
Likelihood gradient:
[ 0.00268169  0.00132167 -0.00715179  0.        ]
Likelihood:
3936.2410218593523


Hyperparameters:
[-1.81628706e+00  1.04228557e+00  9.38325101e-02  1.00000000e-03]
Likelihood gradient:
[-0.0015484  -0.00146158  0.05673918  0.        ]
Likelihood:
3936.241028510972


Hyperparameters:
[-1.81628712e+00  1.04228536e+00  9.38325103e-02  1.00000000e-03]
Likelihood gradient:
[0.00194313 0.00202904 0.05924239 0.        ]
Likelihood:
3936.241028837114


Hyperparameters:
[-1.81628708e+00  1.04228548e+00  9.38325102e-02  1.00000000e-03]
Likelihood gradient:
[-0.00145391 -0.00041557  0.05715507  0.        ]
Likelihood:
3936.241028628425


Hyperparameters:
[-1.81629020e+00  1.04229120e+00  9.38325719e-02  1.00000000e-03]
Likelihood gradient:
[ 0.00197001  0.001543   -0.0064397   0.        ]
Likelihood:
3936.2410276759856


Hyperparameters:
[-1.81628709e+00  1.04228549e+00  9.38325102e-02  1.00000000e-03]
Likelihood gradient:
[0.00085157 0.00072518 0.05820641 0.        ]
Likelihood:
3936.241028657789


Hyperparameters:
[-1.81632016e+00  1.04235170e+00  9.38331882e-02  1.00000000e-03]
Likelihood gradient:
[ 6.26031346e-03 -4.34561953e-04 -6.55122938e-01  0.00000000e+00]
Likelihood:
3936.241018165916


Hyperparameters:
[-1.81628712e+00  1.04228555e+00  9.38325109e-02  1.00000000e-03]
Likelihood gradient:
[0.00137546 0.00130191 0.05800173 0.        ]
Likelihood:
3936.241028472634


Hyperparameters:
[-1.81628709e+00  1.04228549e+00  9.38325102e-02  1.00000000e-03]
Likelihood gradient:
[0.00215615 0.00226054 0.05940928 0.        ]
Likelihood:
3936.241028918974


Hyperparameters:
[-1.81628709e+00  1.04228549e+00  9.38325102e-02  1.00000000e-03]
Likelihood gradient:
[0.00237996 0.00273545 0.05937905 0.        ]
Likelihood:
3936.241028577326


Hyperparameters:
[-1.81628709e+00  1.04228549e+00  9.38325102e-02  1.00000000e-03]
Likelihood gradient:
[0.00215615 0.00226054 0.05940928 0.        ]
Likelihood:
3936.241028918974


Hyperparameters:
[-1.81628709e+00  1.04228549e+00  9.38325102e-02  1.00000000e-03]
Likelihood gradient:
[0.00183357 0.0020098  0.0589924  0.        ]
Likelihood:
3936.2410283601457


Hyperparameters:
[-1.81628709e+00  1.04228549e+00  9.38325102e-02  1.00000000e-03]
Likelihood gradient:
[0.00170329 0.00227599 0.05853674 0.        ]
Likelihood:
3936.2410286431186


Hyperparameters:
[-1.81632016e+00  1.04235170e+00  9.38331882e-02  1.00000000e-03]
Likelihood gradient:
[ 0.00190319 -0.00295758 -0.65691765  0.        ]
Likelihood:
3936.2410180102834


Hyperparameters:
[-1.81630363e+00  1.04231860e+00  9.38328492e-02  1.00000000e-03]
Likelihood gradient:
[ 0.00359523  0.00053746 -0.29839525  0.        ]
Likelihood:
3936.241023281631


Hyperparameters:
[-1.81629536e+00  1.04230204e+00  9.38326797e-02  1.00000000e-03]
Likelihood gradient:
[ 0.00296926  0.00259205 -0.11913348  0.        ]
Likelihood:
3936.2410260387824


Hyperparameters:
[-1.81629122e+00  1.04229376e+00  9.38325950e-02  1.00000000e-03]
Likelihood gradient:
[ 0.00067424  0.00039681 -0.03095646  0.        ]
Likelihood:
3936.241027400567


Hyperparameters:
[-1.81628916e+00  1.04228963e+00  9.38325526e-02  1.00000000e-03]
Likelihood gradient:
[0.000616   0.00028135 0.01321602 0.        ]
Likelihood:
3936.2410278464795


Hyperparameters:
[-1.81628812e+00  1.04228756e+00  9.38325314e-02  1.00000000e-03]
Likelihood gradient:
[0.00285398 0.00275192 0.03753211 0.        ]
Likelihood:
3936.241028058741


Hyperparameters:
[-1.81628760e+00  1.04228652e+00  9.38325208e-02  1.00000000e-03]
Likelihood gradient:
[-0.00111145 -0.00044919  0.04601633  0.        ]
Likelihood:
3936.2410285328433


Hyperparameters:
[-1.81628735e+00  1.04228600e+00  9.38325155e-02  1.00000000e-03]
Likelihood gradient:
[0.00040863 0.00126551 0.05298021 0.        ]
Likelihood:
3936.2410285360475


Hyperparameters:
[-1.81628722e+00  1.04228575e+00  9.38325129e-02  1.00000000e-03]
Likelihood gradient:
[0.00096682 0.00175247 0.05580503 0.        ]
Likelihood:
3936.241028569134


Hyperparameters:
[-1.81628715e+00  1.04228562e+00  9.38325116e-02  1.00000000e-03]
Likelihood gradient:
[-0.00093576 -0.00064201  0.0554894   0.        ]
Likelihood:
3936.241028404411


Hyperparameters:
[-1.81628712e+00  1.04228555e+00  9.38325109e-02  1.00000000e-03]
Likelihood gradient:
[0.00055488 0.00113636 0.05759392 0.        ]
Likelihood:
3936.2410285023343


Hyperparameters:
[-1.81628710e+00  1.04228552e+00  9.38325106e-02  1.00000000e-03]
Likelihood gradient:
[0.00019809 0.00030005 0.05718368 0.        ]
Likelihood:
3936.2410285011847


Warning: stress not available
Precomputing KnK for hyps optimization
Done precomputing. Time: 0.00703120231628418
Hyperparameters:
[-1.81628709e+00  1.04228549e+00  9.38325102e-02  1.00000000e-03]
Likelihood gradient:
[  2.94178702  -3.01752382 660.10953533   0.        ]
Likelihood:
4296.677619859423


Hyperparameters:
[-1.81178610e+00  1.03766862e+00  1.10381193e+00  1.00000000e-03]
Likelihood gradient:
[   46.70275935    -4.60588677 -4596.77418282     0.        ]
Likelihood:
-5565.8204146399075


Hyperparameters:
[-1.81622932e+00  1.04222623e+00  1.06794375e-01  1.00000000e-03]
Likelihood gradient:
[ 7.87280651e+00 -3.13117351e+00 -1.01630268e+04  0.00000000e+00]
Likelihood:
4227.267427138218


Hyperparameters:
[-1.81628442e+00  1.04228275e+00  9.44318429e-02  1.00000000e-03]
Likelihood gradient:
[  3.17478597  -3.02260144 -18.32572014   0.        ]
Likelihood:
4296.868880882771


Hyperparameters:
[-1.75244386e+00  9.81384433e-01  9.44538981e-02  1.00000000e-03]
Likelihood gradient:
[ -5.85184894  -2.25029172 -15.44701399   0.        ]
Likelihood:
4296.9732425779775


Hyperparameters:
[-1.75936339e+00  9.05712423e-01  9.44516663e-02  1.00000000e-03]
Likelihood gradient:
[ -4.7936669   -0.85178239 -15.09148202   0.        ]
Likelihood:
4297.128696479993


Hyperparameters:
[-1.79363551e+00  8.61819751e-01  9.44256910e-02  1.00000000e-03]
Likelihood gradient:
[ 0.14824492  0.26869938 -0.09466465  0.        ]
Likelihood:
4297.209666827568


Hyperparameters:
[-1.79315852e+00  8.74776131e-01  9.44255239e-02  1.00000000e-03]
Likelihood gradient:
[ 0.08267984 -0.0845151   0.05029705  0.        ]
Likelihood:
4297.211038282068


Hyperparameters:
[-1.79252105e+00  8.71669448e-01  9.44258759e-02  1.00000000e-03]
Likelihood gradient:
[-0.00381814 -0.00206625 -0.02421834  0.        ]
Likelihood:
4297.211408694522


Hyperparameters:
[-1.79255007e+00  8.71590734e-01  9.44258442e-02  1.00000000e-03]
Likelihood gradient:
[-0.00029211  0.00159569  0.00094318  0.        ]
Likelihood:
4297.2113998634095


Hyperparameters:
[-1.79252119e+00  8.71669045e-01  9.44258758e-02  1.00000000e-03]
Likelihood gradient:
[-0.00635379 -0.00351378 -0.02441601  0.        ]
Likelihood:
4297.211408677136


Hyperparameters:
[-1.79252105e+00  8.71669443e-01  9.44258759e-02  1.00000000e-03]
Likelihood gradient:
[-0.00508198 -0.00113636 -0.02370906  0.        ]
Likelihood:
4297.211408881043


Hyperparameters:
[-1.79257772e+00  8.71592446e-01  9.44258223e-02  1.00000000e-03]
Likelihood gradient:
[-0.00094964 -0.00397587  0.01174224  0.        ]
Likelihood:
4297.211390773045


Hyperparameters:
[-1.79252124e+00  8.71669181e-01  9.44258757e-02  1.00000000e-03]
Likelihood gradient:
[-0.00397441 -0.00149475 -0.02411373  0.        ]
Likelihood:
4297.211408392154


Hyperparameters:
[-1.79252105e+00  8.71669443e-01  9.44258759e-02  1.00000000e-03]
Likelihood gradient:
[-0.00620648 -0.00313173 -0.02480341  0.        ]
Likelihood:
4297.211408684382


Hyperparameters:
[-1.79252105e+00  8.71669443e-01  9.44258759e-02  1.00000000e-03]
Likelihood gradient:
[-0.00994053 -0.00555932 -0.02530296  0.        ]
Likelihood:
4297.211408534946


Hyperparameters:
[-1.79257772e+00  8.71592446e-01  9.44258223e-02  1.00000000e-03]
Likelihood gradient:
[0.00614371 0.00274511 0.01464782 0.        ]
Likelihood:
4297.211391044812


Hyperparameters:
[-1.79254938e+00  8.71630945e-01  9.44258491e-02  1.00000000e-03]
Likelihood gradient:
[ 0.00048269 -0.00087024 -0.00518088  0.        ]
Likelihood:
4297.211399645492


Hyperparameters:
[-1.79253522e+00  8.71650194e-01  9.44258625e-02  1.00000000e-03]
Likelihood gradient:
[-0.00186191 -0.00145416 -0.01452565  0.        ]
Likelihood:
4297.211404401087


Hyperparameters:
[-1.79252813e+00  8.71659819e-01  9.44258692e-02  1.00000000e-03]
Likelihood gradient:
[-0.00203111  0.00062567 -0.01868487  0.        ]
Likelihood:
4297.2114062838045


Hyperparameters:
[-1.79252459e+00  8.71664631e-01  9.44258726e-02  1.00000000e-03]
Likelihood gradient:
[-0.00884453 -0.00564936 -0.02358198  0.        ]
Likelihood:
4297.211407948078


Hyperparameters:
[-1.79252282e+00  8.71667037e-01  9.44258743e-02  1.00000000e-03]
Likelihood gradient:
[-0.00960597 -0.00676927 -0.02485707  0.        ]
Likelihood:
4297.211408200525


Hyperparameters:
[-1.79252193e+00  8.71668240e-01  9.44258751e-02  1.00000000e-03]
Likelihood gradient:
[-0.00771869 -0.00464459 -0.02459907  0.        ]
Likelihood:
4297.211408258629


Hyperparameters:
[-1.79252149e+00  8.71668842e-01  9.44258755e-02  1.00000000e-03]
Likelihood gradient:
[-0.00260541 -0.00023902 -0.02284343  0.        ]
Likelihood:
4297.211408610296


Hyperparameters:
[-1.79252127e+00  8.71669143e-01  9.44258757e-02  1.00000000e-03]
Likelihood gradient:
[-0.0051394  -0.0009208  -0.02411451  0.        ]
Likelihood:
4297.2114083232655


Hyperparameters:
[-1.79252116e+00  8.71669293e-01  9.44258758e-02  1.00000000e-03]
Likelihood gradient:
[-0.00639284 -0.00300095 -0.02460453  0.        ]
Likelihood:
4297.21140868801


Hyperparameters:
[-1.79252110e+00  8.71669368e-01  9.44258759e-02  1.00000000e-03]
Likelihood gradient:
[-0.00557035 -0.00332928 -0.02480683  0.        ]
Likelihood:
4297.2114086404745


Hyperparameters:
[-1.79252108e+00  8.71669406e-01  9.44258759e-02  1.00000000e-03]
Likelihood gradient:
[-0.00549503 -0.00063475 -0.02420435  0.        ]
Likelihood:
4297.2114085479925


Warning: stress not available
Precomputing KnK for hyps optimization
Done precomputing. Time: 0.008894920349121094
Hyperparameters:
[-1.79252105e+00  8.71669443e-01  9.44258759e-02  1.00000000e-03]
Likelihood gradient:
[0.22714003 1.91286398 4.7413851  0.        ]
Likelihood:
4677.663592355189


Hyperparameters:
[-1.74769444e+00  1.24917759e+00  1.03014922e+00  1.00000000e-03]
Likelihood gradient:
[ 4.93754101e+01 -4.61960218e+00 -5.32985488e+03  0.00000000e+00]
Likelihood:
-5642.863180891951


Hyperparameters:
[-1.79251659e+00  8.71706993e-01  9.45189508e-02  1.00000000e-03]
Likelihood gradient:
[   0.2649217     1.90990873 -107.64402842    0.        ]
Likelihood:
4677.658873925061


Hyperparameters:
[-1.79252083e+00  8.71671287e-01  9.44304446e-02  1.00000000e-03]
Likelihood gradient:
[ 0.22785293  1.91139415 -0.78846753  0.        ]
Likelihood:
4677.663605011728


Hyperparameters:
[-1.79251926e+00  8.71684474e-01  9.44304413e-02  1.00000000e-03]
Likelihood gradient:
[ 0.2309464   1.91264241 -0.78378185  0.        ]
Likelihood:
4677.663631106598


Hyperparameters:
[-1.79251297e+00  8.71737222e-01  9.44304281e-02  1.00000000e-03]
Likelihood gradient:
[ 0.2285165   1.91104013 -0.76538179  0.        ]
Likelihood:
4677.663735580441


Hyperparameters:
[-1.79248784e+00  8.71948214e-01  9.44303753e-02  1.00000000e-03]
Likelihood gradient:
[ 0.23458527  1.91174598 -0.69130852  0.        ]
Likelihood:
4677.664151331153


Hyperparameters:
[-1.79238728e+00  8.72792184e-01  9.44301639e-02  1.00000000e-03]
Likelihood gradient:
[ 0.21450184  1.87380836 -0.40879722  0.        ]
Likelihood:
4677.665797500364


Hyperparameters:
[-1.79198508e+00  8.76168065e-01  9.44293184e-02  1.00000000e-03]
Likelihood gradient:
[0.14884112 1.74705596 0.7287171  0.        ]
Likelihood:
4677.672103514629


Hyperparameters:
[-1.79037625e+00  8.89671587e-01  9.44259366e-02  1.00000000e-03]
Likelihood gradient:
[-0.09000291  1.27309433  5.29341052  0.        ]
Likelihood:
4677.693011606558


Hyperparameters:
[-1.86560916e+00  9.31091381e-01  9.44068253e-02  1.00000000e-03]
Likelihood gradient:
[ 9.8390936   0.04857353 -0.79342242  0.        ]
Likelihood:
4677.318233547828


Hyperparameters:
[-1.79485757e+00  8.92138798e-01  9.44247982e-02  1.00000000e-03]
Likelihood gradient:
[0.55893669 1.19670212 4.77436756 0.        ]
Likelihood:
4677.693559534782


Hyperparameters:
[-1.79476972e+00  8.93022168e-01  9.44249203e-02  1.00000000e-03]
Likelihood gradient:
[0.53741943 1.16178683 4.64731829 0.        ]
Likelihood:
4677.694676728264


Hyperparameters:
[-1.79441833e+00  8.96555649e-01  9.44254087e-02  1.00000000e-03]
Likelihood gradient:
[0.48780504 1.04634695 4.15240877 0.        ]
Likelihood:
4677.698877427001


Hyperparameters:
[-1.79345843e+00  9.06369297e-01  9.44267134e-02  1.00000000e-03]
Likelihood gradient:
[0.35224194 0.74022468 2.83850657 0.        ]
Likelihood:
4677.708329247442


Hyperparameters:
[-1.79096898e+00  9.30100965e-01  9.44296473e-02  1.00000000e-03]
Likelihood gradient:
[-0.01844495  0.04863294  0.01687825  0.        ]
Likelihood:
4677.718669262853


Hyperparameters:
[-1.79109988e+00  9.31773818e-01  9.44295997e-02  1.00000000e-03]
Likelihood gradient:
[-0.0025208   0.00112252 -0.00113295  0.        ]
Likelihood:
4677.718669496058


Hyperparameters:
[-1.79111781e+00  9.31814283e-01  9.44295923e-02  1.00000000e-03]
Likelihood gradient:
[-0.00012295  0.00091417  0.00029096  0.        ]
Likelihood:
4677.718664097068


Hyperparameters:
[-1.79109993e+00  9.31773930e-01  9.44295997e-02  1.00000000e-03]
Likelihood gradient:
[-0.00026766  0.00288058  0.00019073  0.        ]
Likelihood:
4677.718669730949


Hyperparameters:
[-1.79110000e+00  9.31774072e-01  9.44295997e-02  1.00000000e-03]
Likelihood gradient:
[ 0.0001202   0.00274867 -0.00020671  0.        ]
Likelihood:
4677.718669685561


Hyperparameters:
[-1.79109993e+00  9.31773930e-01  9.44295997e-02  1.00000000e-03]
Likelihood gradient:
[-0.00240058  0.00145797 -0.00081637  0.        ]
Likelihood:
4677.718669804086


Hyperparameters:
[-1.79109993e+00  9.31773930e-01  9.44295997e-02  1.00000000e-03]
Likelihood gradient:
[-0.0023539   0.00186545 -0.00066876  0.        ]
Likelihood:
4677.718669811269


Hyperparameters:
[-1.79109996e+00  9.31774001e-01  9.44295997e-02  1.00000000e-03]
Likelihood gradient:
[-0.00442474 -0.00090427 -0.00152847  0.        ]
Likelihood:
4677.718669703891


Hyperparameters:
[-1.79121739e+00  9.31884398e-01  9.44295529e-02  1.00000000e-03]
Likelihood gradient:
[0.01983038 0.00366267 0.00751647 0.        ]
Likelihood:
4677.718630905725


Hyperparameters:
[-1.79110018e+00  9.31774203e-01  9.44295996e-02  1.00000000e-03]
Likelihood gradient:
[-0.00207148  0.00204786 -0.0005716   0.        ]
Likelihood:
4677.7186694754655


Hyperparameters:
[-1.79109997e+00  9.31774001e-01  9.44295997e-02  1.00000000e-03]
Likelihood gradient:
[0.00140538 0.00388117 0.00117122 0.        ]
Likelihood:
4677.718669600155


Hyperparameters:
[-1.79109996e+00  9.31774001e-01  9.44295997e-02  1.00000000e-03]
Likelihood gradient:
[0.00104088 0.00455456 0.00046866 0.        ]
Likelihood:
4677.71866984766


Hyperparameters:
[-1.79109996e+00  9.31774001e-01  9.44295997e-02  1.00000000e-03]
Likelihood gradient:
[0.00291262 0.00622002 0.00170483 0.        ]
Likelihood:
4677.718669687224


Hyperparameters:
[-1.79109996e+00  9.31774001e-01  9.44295997e-02  1.00000000e-03]
Likelihood gradient:
[-0.00227898  0.00162629 -0.00040637  0.        ]
Likelihood:
4677.718669909379


Hyperparameters:
[-1.79109996e+00  9.31774001e-01  9.44295997e-02  1.00000000e-03]
Likelihood gradient:
[-0.00272294 -0.00043359 -0.0015298   0.        ]
Likelihood:
4677.718669599552


Hyperparameters:
[-1.79109996e+00  9.31774001e-01  9.44295997e-02  1.00000000e-03]
Likelihood gradient:
[-3.35901395e-04  3.06235955e-03  3.28904862e-05  0.00000000e+00]
Likelihood:
4677.718669644343


Hyperparameters:
[-1.79121739e+00  9.31884398e-01  9.44295529e-02  1.00000000e-03]
Likelihood gradient:
[ 0.01260967 -0.00323558  0.00425874  0.        ]
Likelihood:
4677.718631069535


Hyperparameters:
[-1.79115868e+00  9.31829200e-01  9.44295763e-02  1.00000000e-03]
Likelihood gradient:
[0.00850964 0.00040422 0.00228712 0.        ]
Likelihood:
4677.718650486144


Hyperparameters:
[-1.79112932e+00  9.31801601e-01  9.44295880e-02  1.00000000e-03]
Likelihood gradient:
[0.00513839 0.00484186 0.00252431 0.        ]
Likelihood:
4677.718660326325


Hyperparameters:
[-1.79111464e+00  9.31787801e-01  9.44295939e-02  1.00000000e-03]
Likelihood gradient:
[0.00221724 0.00310855 0.00074649 0.        ]
Likelihood:
4677.718664889595


Hyperparameters:
[-1.79110730e+00  9.31780901e-01  9.44295968e-02  1.00000000e-03]
Likelihood gradient:
[0.00163741 0.00455909 0.00065439 0.        ]
Likelihood:
4677.718667264049


Hyperparameters:
[-1.79110363e+00  9.31777451e-01  9.44295983e-02  1.00000000e-03]
Likelihood gradient:
[-0.00292264  0.0009095  -0.00127288  0.        ]
Likelihood:
4677.7186685249235


Hyperparameters:
[-1.79110180e+00  9.31775726e-01  9.44295990e-02  1.00000000e-03]
Likelihood gradient:
[-2.71886125e-03 -1.57620936e-05 -9.80543926e-04  0.00000000e+00]
Likelihood:
4677.718669130105


Hyperparameters:
[-1.79110088e+00  9.31774864e-01  9.44295993e-02  1.00000000e-03]
Likelihood gradient:
[-0.00212157  0.00058623 -0.0012134   0.        ]
Likelihood:
4677.718669228792


Hyperparameters:
[-1.79110042e+00  9.31774432e-01  9.44295995e-02  1.00000000e-03]
Likelihood gradient:
[-0.00225031  0.00058154 -0.00029572  0.        ]
Likelihood:
4677.71866988747


Hyperparameters:
[-1.79110267e+00  9.31776859e-01  9.44296011e-02  1.00000000e-03]
Likelihood gradient:
[ 0.0010358   0.00356238 -0.0024187   0.        ]
Likelihood:
4677.718668689999


Hyperparameters:
[-1.79110043e+00  9.31774435e-01  9.44295995e-02  1.00000000e-03]
Likelihood gradient:
[-0.00406747 -0.00074966 -0.00169985  0.        ]
Likelihood:
4677.718669657968


Hyperparameters:
[-1.79110042e+00  9.31774432e-01  9.44295995e-02  1.00000000e-03]
Likelihood gradient:
[0.00210395 0.00521612 0.0012248  0.        ]
Likelihood:
4677.718669684166


Hyperparameters:
[-1.79110042e+00  9.31774432e-01  9.44295995e-02  1.00000000e-03]
Likelihood gradient:
[-0.00147486  0.00173271 -0.00098907  0.        ]
Likelihood:
4677.718669627174


Hyperparameters:
[-1.79110267e+00  9.31776859e-01  9.44296011e-02  1.00000000e-03]
Likelihood gradient:
[-0.00123161  0.00117657 -0.0041713   0.        ]
Likelihood:
4677.7186690168855


Hyperparameters:
[-1.79110155e+00  9.31775646e-01  9.44296003e-02  1.00000000e-03]
Likelihood gradient:
[-0.0055897  -0.00158676 -0.00399937  0.        ]
Likelihood:
4677.718669118973


Hyperparameters:
[-1.79110099e+00  9.31775039e-01  9.44295999e-02  1.00000000e-03]
Likelihood gradient:
[-0.00115924  0.00297867 -0.0010258   0.        ]
Likelihood:
4677.718669323553


Hyperparameters:
[-1.79110070e+00  9.31774736e-01  9.44295997e-02  1.00000000e-03]
Likelihood gradient:
[-0.00115635  0.00207174 -0.00085623  0.        ]
Likelihood:
4677.718669435936


Hyperparameters:
[-1.79110056e+00  9.31774584e-01  9.44295996e-02  1.00000000e-03]
Likelihood gradient:
[ 0.00175891  0.00334184 -0.00022058  0.        ]
Likelihood:
4677.71866952242


Hyperparameters:
[-1.79110049e+00  9.31774508e-01  9.44295996e-02  1.00000000e-03]
Likelihood gradient:
[0.00134214 0.00437003 0.00107412 0.        ]
Likelihood:
4677.718669662845


Hyperparameters:
[-1.79110046e+00  9.31774470e-01  9.44295996e-02  1.00000000e-03]
Likelihood gradient:
[-0.00100458  0.0021121  -0.00074166  0.        ]
Likelihood:
4677.718669685271


Hyperparameters:
[-1.79110044e+00  9.31774451e-01  9.44295995e-02  1.00000000e-03]
Likelihood gradient:
[-0.00365853 -0.00016684 -0.00147532  0.        ]
Likelihood:
4677.718669589818


Hyperparameters:
[-1.79110043e+00  9.31774442e-01  9.44295995e-02  1.00000000e-03]
Likelihood gradient:
[0.00182045 0.00521812 0.00078064 0.        ]
Likelihood:
4677.718669513874


Hyperparameters:
[-1.79110043e+00  9.31774437e-01  9.44295995e-02  1.00000000e-03]
Likelihood gradient:
[0.00147761 0.00427557 0.00051671 0.        ]
Likelihood:
4677.718669577293


Hyperparameters:
[-1.79110043e+00  9.31774435e-01  9.44295995e-02  1.00000000e-03]
Likelihood gradient:
[-0.00174698  0.00120642 -0.00118454  0.        ]
Likelihood:
4677.71866984945


Hyperparameters:
[-1.79110042e+00  9.31774434e-01  9.44295995e-02  1.00000000e-03]
Likelihood gradient:
[0.00193435 0.00421259 0.0001651  0.        ]
Likelihood:
4677.7186694560905


Warning: stress not available
Precomputing KnK for hyps optimization
Done precomputing. Time: 0.008844852447509766
Hyperparameters:
[-1.79110042e+00  9.31774432e-01  9.44295995e-02  1.00000000e-03]
Likelihood gradient:
[4.56231626e-01 3.13501984e-01 1.61181031e+03 0.00000000e+00]
Likelihood:
4985.263501133177


Hyperparameters:
[-1.79081454e+00  9.31970881e-01  1.10442954e+00  1.00000000e-03]
Likelihood gradient:
[ 4.99274465e+01 -3.24382108e-01 -5.36813433e+03  0.00000000e+00]
Likelihood:
-6486.525678035782


Hyperparameters:
[-1.79109304e+00  9.31779508e-01  1.20522046e-01  1.00000000e-03]
Likelihood gradient:
[ 9.75727641e+00  1.87543937e-01 -1.78975170e+04  0.00000000e+00]
Likelihood:
4717.863033094309


Hyperparameters:
[-1.79110005e+00  9.31774692e-01  9.57649289e-02  1.00000000e-03]
Likelihood gradient:
[   0.9393081     0.30572837 -140.39764011    0.        ]
Likelihood:
4986.232265426559


Hyperparameters:
[-8.90498774e-01  1.23812602e+00  9.59048673e-02  1.00000000e-03]
Likelihood gradient:
[-616.99273277   -4.49474487 1296.55150136    0.        ]
Likelihood:
4821.332992797716


Hyperparameters:
[-1.70647590e+00  9.60560704e-01  9.57780780e-02  1.00000000e-03]
Likelihood gradient:
[ -13.29772255   -0.52174632 -122.86644548    0.        ]
Likelihood:
4985.755035336111


Hyperparameters:
[-1.78401674e+00  9.34184170e-01  9.57660295e-02  1.00000000e-03]
Likelihood gradient:
[  -0.1403249     0.23050628 -139.2153487     0.        ]
Likelihood:
4986.2379167061845


Hyperparameters:
[-1.78672086e+00  9.71605332e-01  9.57487159e-02  1.00000000e-03]
Likelihood gradient:
[   0.26301486   -0.79103336 -118.44133927    0.        ]
Likelihood:
4986.227985902999


Hyperparameters:
[-1.78468056e+00  9.43370404e-01  9.57617793e-02  1.00000000e-03]
Likelihood gradient:
[-3.89279655e-02 -3.80728070e-02 -1.34119312e+02  0.00000000e+00]
Likelihood:
4986.239215759229


Hyperparameters:
[-1.78477374e+00  9.43106435e-01  9.57423160e-02  1.00000000e-03]
Likelihood gradient:
[-3.15759989e-02 -2.95435890e-02 -1.09478943e+02  0.00000000e+00]
Likelihood:
4986.241568479225


Hyperparameters:
[-1.78497702e+00  9.42662946e-01  9.56990841e-02  1.00000000e-03]
Likelihood gradient:
[-2.08217289e-02 -2.03319797e-02 -5.46580980e+01  0.00000000e+00]
Likelihood:
4986.245065864856


Hyperparameters:
[-1.78524645e+00  9.41838255e-01  9.56559304e-02  1.00000000e-03]
Likelihood gradient:
[0.00664576 0.00662423 0.16690188 0.        ]
Likelihood:
4986.24615987528


Hyperparameters:
[-1.78520262e+00  9.42064007e-01  9.56560611e-02  1.00000000e-03]
Likelihood gradient:
[0.0037093  0.00279646 0.01719195 0.        ]
Likelihood:
4986.246175031061


Hyperparameters:
[-1.78515863e+00  9.42237160e-01  9.56560890e-02  1.00000000e-03]
Likelihood gradient:
[-0.00801594 -0.00788284 -0.00542892  0.        ]
Likelihood:
4986.246189202406


Hyperparameters:
[-1.78519057e+00  9.42111429e-01  9.56560688e-02  1.00000000e-03]
Likelihood gradient:
[0.00363368 0.00186074 0.01217585 0.        ]
Likelihood:
4986.246179149421


Hyperparameters:
[-1.78512652e+00  9.42247257e-01  9.56561025e-02  1.00000000e-03]
Likelihood gradient:
[-0.01362646 -0.00822915 -0.01045945  0.        ]
Likelihood:
4986.246199480194


Hyperparameters:
[-1.78517800e+00  9.42138075e-01  9.56560754e-02  1.00000000e-03]
Likelihood gradient:
[-0.00147767 -0.00097479  0.00706524  0.        ]
Likelihood:
4986.246183196587


Hyperparameters:
[-1.78518107e+00  9.42127895e-01  9.56560806e-02  1.00000000e-03]
Likelihood gradient:
[0.00195431 0.00195426 0.00057753 0.        ]
Likelihood:
4986.24618233378


Hyperparameters:
[-1.78517801e+00  9.42138047e-01  9.56560754e-02  1.00000000e-03]
Likelihood gradient:
[-0.00257756 -0.00255258  0.0066254   0.        ]
Likelihood:
4986.246183122099


Hyperparameters:
[-1.78517800e+00  9.42138075e-01  9.56560754e-02  1.00000000e-03]
Likelihood gradient:
[-0.00239971 -0.00323405  0.00605449  0.        ]
Likelihood:
4986.246183278818


Hyperparameters:
[-1.78517800e+00  9.42138075e-01  9.56560754e-02  1.00000000e-03]
Likelihood gradient:
[-0.00349393 -0.00226007  0.00671168  0.        ]
Likelihood:
4986.246183271838


Hyperparameters:
[-1.78517800e+00  9.42138075e-01  9.56560754e-02  1.00000000e-03]
Likelihood gradient:
[-0.00239971 -0.00323405  0.00605449  0.        ]
Likelihood:
4986.246183278818


Hyperparameters:
[-1.78517800e+00  9.42138075e-01  9.56560754e-02  1.00000000e-03]
Likelihood gradient:
[0.00149526 0.00211224 0.00868823 0.        ]
Likelihood:
4986.246183555457


Hyperparameters:
[-1.78517800e+00  9.42138075e-01  9.56560754e-02  1.00000000e-03]
Likelihood gradient:
[-0.00266468 -0.00224691  0.00635086  0.        ]
Likelihood:
4986.246183235249


Hyperparameters:
[-1.78517800e+00  9.42138075e-01  9.56560754e-02  1.00000000e-03]
Likelihood gradient:
[0.00149526 0.00211224 0.00868823 0.        ]
Likelihood:
4986.246183555457


Hyperparameters:
[-1.78517800e+00  9.42138075e-01  9.56560754e-02  1.00000000e-03]
Likelihood gradient:
[-0.00109362 -0.0003178   0.00789668  0.        ]
Likelihood:
4986.246183308396


Hyperparameters:
[-1.78518326e+00  9.42141141e-01  9.56560817e-02  1.00000000e-03]
Likelihood gradient:
[-0.00058364 -0.00180966 -0.00299259  0.        ]
Likelihood:
4986.246181474968


Hyperparameters:
[-1.78517801e+00  9.42138077e-01  9.56560754e-02  1.00000000e-03]
Likelihood gradient:
[-0.00403438 -0.00324798  0.00561758  0.        ]
Likelihood:
4986.246183103949


Hyperparameters:
[-1.78517800e+00  9.42138075e-01  9.56560754e-02  1.00000000e-03]
Likelihood gradient:
[-0.00052477 -0.00058071  0.00755218  0.        ]
Likelihood:
4986.246183191415


Hyperparameters:
[-1.78517800e+00  9.42138075e-01  9.56560754e-02  1.00000000e-03]
Likelihood gradient:
[-0.00239176 -0.00282587  0.00617843  0.        ]
Likelihood:
4986.2461831043365


Hyperparameters:
[-1.78518326e+00  9.42141141e-01  9.56560817e-02  1.00000000e-03]
Likelihood gradient:
[-0.00695849 -0.00625214 -0.00547645  0.        ]
Likelihood:
4986.246181793113


Hyperparameters:
[-1.78518063e+00  9.42139608e-01  9.56560785e-02  1.00000000e-03]
Likelihood gradient:
[-0.00171068 -0.00074044  0.0018609   0.        ]
Likelihood:
4986.24618261359


Hyperparameters:
[-1.78517932e+00  9.42138842e-01  9.56560770e-02  1.00000000e-03]
Likelihood gradient:
[-0.00703323 -0.00749513  0.00187701  0.        ]
Likelihood:
4986.246182776766


Hyperparameters:
[-1.78517866e+00  9.42138459e-01  9.56560762e-02  1.00000000e-03]
Likelihood gradient:
[-0.00671961 -0.00523756  0.00412403  0.        ]
Likelihood:
4986.2461829478925


Hyperparameters:
[-1.78517833e+00  9.42138267e-01  9.56560758e-02  1.00000000e-03]
Likelihood gradient:
[0.00115303 0.00136914 0.00762842 0.        ]
Likelihood:
4986.2461830470875


Hyperparameters:
[-1.78517817e+00  9.42138171e-01  9.56560756e-02  1.00000000e-03]
Likelihood gradient:
[-0.00524008 -0.00393996  0.00505162  0.        ]
Likelihood:
4986.246182995532


Hyperparameters:
[-1.78517809e+00  9.42138123e-01  9.56560755e-02  1.00000000e-03]
Likelihood gradient:
[-0.00155165 -0.00076131  0.00694196  0.        ]
Likelihood:
4986.246183076446


Hyperparameters:
[-1.78517805e+00  9.42138099e-01  9.56560754e-02  1.00000000e-03]
Likelihood gradient:
[-0.00250235 -0.00233485  0.0061906   0.        ]
Likelihood:
4986.2461830371885


Hyperparameters:
[-1.78517802e+00  9.42138087e-01  9.56560754e-02  1.00000000e-03]
Likelihood gradient:
[-0.00253289 -0.00144453  0.00658915  0.        ]
Likelihood:
4986.2461832891295


Hyperparameters:
[-1.78517801e+00  9.42138080e-01  9.56560754e-02  1.00000000e-03]
Likelihood gradient:
[-0.0050854  -0.00562703  0.0051032   0.        ]
Likelihood:
4986.246182900428


Hyperparameters:
[-1.78517801e+00  9.42138078e-01  9.56560754e-02  1.00000000e-03]
Likelihood gradient:
[0.00171014 0.00160148 0.00820812 0.        ]
Likelihood:
4986.246182855508


Hyperparameters:
[-1.78517801e+00  9.42138077e-01  9.56560754e-02  1.00000000e-03]
Likelihood gradient:
[-0.00293467 -0.00307209  0.00596233  0.        ]
Likelihood:
4986.246183325575


Warning: stress not available
Precomputing KnK for hyps optimization
Done precomputing. Time: 0.010702848434448242
Hyperparameters:
[-1.78517800e+00  9.42138075e-01  9.56560754e-02  1.00000000e-03]
Likelihood gradient:
[-4.80435276e+00  6.57615701e+00 -6.63659975e+03  0.00000000e+00]
Likelihood:
5678.173869556636


Hyperparameters:
[-1.78590916e+00  9.43138876e-01 -9.14343164e-01  1.00000000e-03]
Likelihood gradient:
[5.49580757e+01 3.56291320e+00 6.91176885e+03 0.00000000e+00]
Likelihood:
-5745.940417681884


Hyperparameters:
[-1.78524303e+00  9.42227077e-01  5.83638520e-03  1.00000000e-03]
Likelihood gradient:
[-2.63136461e+01  7.43082529e+02  2.57910559e+08  0.00000000e+00]
Likelihood:
-730071.7662992931


Hyperparameters:
[-1.78519896e+00  9.42166754e-01  6.67136238e-02  1.00000000e-03]
Likelihood gradient:
[-1.46047602e+01  6.66803497e+00  7.95570756e+04  0.00000000e+00]
Likelihood:
4963.902757655862


Hyperparameters:
[-1.78518137e+00  9.42142689e-01  9.10002546e-02  1.00000000e-03]
Likelihood gradient:
[  -6.43840457    6.59294542 -488.42908538    0.        ]
Likelihood:
5695.366096339549


Hyperparameters:
[-4.41289461e+00  3.58028208e+00  9.01466850e-02  1.00000000e-03]
Likelihood gradient:
[ 53.6321526   -3.46228219 680.9637183    0.        ]
Likelihood:
5555.454564857118


Hyperparameters:
[-1.92539081e+00  1.08290844e+00  9.09547099e-02  1.00000000e-03]
Likelihood gradient:
[  13.84794883    1.22981748 -461.40172454    0.        ]
Likelihood:
5695.253769648749


Hyperparameters:
[-1.84780704e+00  1.00501684e+00  9.09799117e-02  1.00000000e-03]
Likelihood gradient:
[   3.49820362    3.75935768 -478.307869      0.        ]
Likelihood:
5695.761158709167


Hyperparameters:
[-1.80007848e+00  1.17265977e+00  9.09781723e-02  1.00000000e-03]
Likelihood gradient:
[  -3.9424618    -0.77662352 -460.92080812    0.        ]
Likelihood:
5695.972508775971


Hyperparameters:
[-1.82439824e+00  1.14117218e+00  9.06204003e-02  1.00000000e-03]
Likelihood gradient:
[-0.15236841 -0.15982607 72.42051622  0.        ]
Likelihood:
5696.099022756156


Hyperparameters:
[-1.82559302e+00  1.13532592e+00  9.06678487e-02  1.00000000e-03]
Likelihood gradient:
[ 0.04733174 -0.03807586 -0.34000616  0.        ]
Likelihood:
5696.101007171394


Hyperparameters:
[-1.82537899e+00  1.13388601e+00  9.06680872e-02  1.00000000e-03]
Likelihood gradient:
[ 0.01300199 -0.00762034 -0.63493337  0.        ]
Likelihood:
5696.1011107970935


Hyperparameters:
[-1.82529884e+00  1.13352593e+00  9.06676988e-02  1.00000000e-03]
Likelihood gradient:
[ 0.00447924  0.00377628 -0.01422847  0.        ]
Likelihood:
5696.101137710142


Hyperparameters:
[-1.82526869e+00  1.13363768e+00  9.06676642e-02  1.00000000e-03]
Likelihood gradient:
[-0.00321065 -0.00125395  0.04561848  0.        ]
Likelihood:
5696.101146577583


Hyperparameters:
[-1.82528455e+00  1.13361485e+00  9.06676936e-02  1.00000000e-03]
Likelihood gradient:
[-7.99057844e-05 -1.20766378e-03 -4.86311734e-03  0.00000000e+00]
Likelihood:
5696.101142148635


Hyperparameters:
[-1.82526874e+00  1.13363761e+00  9.06676643e-02  1.00000000e-03]
Likelihood gradient:
[-0.00025002  0.00069699  0.04737848  0.        ]
Likelihood:
5696.101146739506


Hyperparameters:
[-1.82527678e+00  1.13364979e+00  9.06677006e-02  1.00000000e-03]
Likelihood gradient:
[-0.00291275 -0.00145303 -0.01276143  0.        ]
Likelihood:
5696.101144349002


Hyperparameters:
[-1.82526875e+00  1.13363762e+00  9.06676643e-02  1.00000000e-03]
Likelihood gradient:
[-0.00095514  0.00097817  0.0474293   0.        ]
Likelihood:
5696.101146744371


Hyperparameters:
[-1.82526876e+00  1.13363764e+00  9.06676644e-02  1.00000000e-03]
Likelihood gradient:
[-0.00454008 -0.00274767  0.04364823  0.        ]
Likelihood:
5696.101146846877


Hyperparameters:
[-1.82527000e+00  1.13363915e+00  9.06677038e-02  1.00000000e-03]
Likelihood gradient:
[ 0.00014892  0.00041948 -0.01385833  0.        ]
Likelihood:
5696.101146150431


Hyperparameters:
[-1.82526876e+00  1.13363764e+00  9.06676644e-02  1.00000000e-03]
Likelihood gradient:
[-1.30849724e-03  4.34350950e-05  4.66599719e-02  0.00000000e+00]
Likelihood:
5696.101146573139


Hyperparameters:
[-1.82526876e+00  1.13363764e+00  9.06676644e-02  1.00000000e-03]
Likelihood gradient:
[-1.40609043e-03  7.41296101e-05  4.67070631e-02  0.00000000e+00]
Likelihood:
5696.101146966246


Hyperparameters:
[-1.82526876e+00  1.13363764e+00  9.06676644e-02  1.00000000e-03]
Likelihood gradient:
[-0.00029234 -0.00021971  0.04635429  0.        ]
Likelihood:
5696.101147007583


Hyperparameters:
[-1.82526876e+00  1.13363756e+00  9.06677351e-02  1.00000000e-03]
Likelihood gradient:
[-0.00202186 -0.00032183 -0.06194815  0.        ]
Likelihood:
5696.101146771418


Hyperparameters:
[-1.82526876e+00  1.13363764e+00  9.06676645e-02  1.00000000e-03]
Likelihood gradient:
[-0.00199266 -0.00061252  0.04524231  0.        ]
Likelihood:
5696.10114686811


Hyperparameters:
[-1.82526876e+00  1.13363764e+00  9.06676644e-02  1.00000000e-03]
Likelihood gradient:
[-0.00297194 -0.00170584  0.04469828  0.        ]
Likelihood:
5696.101146889983


Hyperparameters:
[-1.82526876e+00  1.13363764e+00  9.06676644e-02  1.00000000e-03]
Likelihood gradient:
[-0.00172668 -0.00078263  0.04619385  0.        ]
Likelihood:
5696.101146942921


Hyperparameters:
[-1.82526876e+00  1.13363756e+00  9.06677351e-02  1.00000000e-03]
Likelihood gradient:
[-0.00150908 -0.0002849  -0.06143131  0.        ]
Likelihood:
5696.101147071884


Hyperparameters:
[-1.82526876e+00  1.13363757e+00  9.06677329e-02  1.00000000e-03]
Likelihood gradient:
[-0.00320458 -0.00200252 -0.06022907  0.        ]
Likelihood:
5696.101146862011


Hyperparameters:
[-1.82526876e+00  1.13363756e+00  9.06677351e-02  1.00000000e-03]
Likelihood gradient:
[-0.00499093 -0.0022932  -0.06376674  0.        ]
Likelihood:
5696.1011468691395


Hyperparameters:
[-1.82526876e+00  1.13363756e+00  9.06677351e-02  1.00000000e-03]
Likelihood gradient:
[-0.00160293 -0.00012691 -0.06160235  0.        ]
Likelihood:
5696.101146788775


Warning: stress not available
Precomputing KnK for hyps optimization
Done precomputing. Time: 0.01248478889465332
Hyperparameters:
[-1.82526876e+00  1.13363764e+00  9.06676644e-02  1.00000000e-03]
Likelihood gradient:
[ 8.56617667e+00  2.20775983e-01 -1.81424052e+03  0.00000000e+00]
Likelihood:
6190.442805134724


Hyperparameters:
[-1.82049996e+00  1.13376054e+00 -9.19321070e-01  1.00000000e-03]
Likelihood gradient:
[ 5.72608484e+01 -1.38858082e+00  7.34410487e+03  0.00000000e+00]
Likelihood:
-6157.984994096096


Hyperparameters:
[-1.82513426e+00  1.13364111e+00  6.21815204e-02  1.00000000e-03]
Likelihood gradient:
[6.61297647e-01 3.31689332e-01 1.15650390e+05 0.00000000e+00]
Likelihood:
5038.245481869475


Hyperparameters:
[-1.82526256e+00  1.13363780e+00  8.93539450e-02  1.00000000e-03]
Likelihood gradient:
[8.18255243e+00 2.24715145e-01 3.23853187e+02 0.00000000e+00]
Likelihood:
6191.438973890394


Hyperparameters:
[-1.58148729e+00  1.14026767e+00  8.94035574e-02  1.00000000e-03]
Likelihood gradient:
[-4.22158947e+01  5.86995220e-02  3.41719866e+02  0.00000000e+00]
Likelihood:
6188.049429105962


Hyperparameters:
[-1.77484550e+00  1.13500897e+00  8.93642057e-02  1.00000000e-03]
Likelihood gradient:
[2.08662927e-01 1.90400940e-01 3.22269913e+02 0.00000000e+00]
Likelihood:
6191.674702622053


Hyperparameters:
[-1.77393133e+00  1.32398994e+00  8.95623353e-02  1.00000000e-03]
Likelihood gradient:
[  0.11464959  -2.85719616 -10.2358744    0.        ]
Likelihood:
6191.415655216286


Hyperparameters:
[-1.77473710e+00  1.15741873e+00  8.93877003e-02  1.00000000e-03]
Likelihood gradient:
[ 1.99160593e-01 -3.11969640e-01  2.82639034e+02  0.00000000e+00]
Likelihood:
6191.680403172719


Hyperparameters:
[-1.77439902e+00  1.15442396e+00  8.94248980e-02  1.00000000e-03]
Likelihood gradient:
[ 1.53637973e-01 -2.47998016e-01  2.20159247e+02  0.00000000e+00]
Likelihood:
6191.690767265027


Hyperparameters:
[-1.77364572e+00  1.14683509e+00  8.95109162e-02  1.00000000e-03]
Likelihood gradient:
[ 5.39317953e-02 -8.21535874e-02  7.61659353e+01  0.00000000e+00]
Likelihood:
6191.705093838002


Hyperparameters:
[-1.77323963e+00  1.14307029e+00  8.95564105e-02  1.00000000e-03]
Likelihood gradient:
[0.00259627 0.00414435 0.29304321 0.        ]
Likelihood:
6191.70712892938


Hyperparameters:
[-1.77322281e+00  1.14325460e+00  8.95565927e-02  1.00000000e-03]
Likelihood gradient:
[-0.00260402 -0.00197778 -0.00750768  0.        ]
Likelihood:
6191.707134639682


Hyperparameters:
[-1.77323380e+00  1.14319721e+00  8.95565887e-02  1.00000000e-03]
Likelihood gradient:
[ 6.58210998e-05  5.52295119e-05 -3.71744866e-03  0.00000000e+00]
Likelihood:
6191.707131108247


Hyperparameters:
[-1.77322288e+00  1.14325422e+00  8.95565927e-02  1.00000000e-03]
Likelihood gradient:
[ 0.00062861  0.00016388 -0.00497079  0.        ]
Likelihood:
6191.707134785283


Hyperparameters:
[-1.77322102e+00  1.14325147e+00  8.95565894e-02  1.00000000e-03]
Likelihood gradient:
[-0.00215356 -0.00204912 -0.00072005  0.        ]
Likelihood:
6191.707135191222


Hyperparameters:
[-1.77321358e+00  1.14324046e+00  8.95565764e-02  1.00000000e-03]
Likelihood gradient:
[-0.00150265  0.00052468  0.0251713   0.        ]
Likelihood:
6191.707137859406


Hyperparameters:
[-1.77321897e+00  1.14324844e+00  8.95565858e-02  1.00000000e-03]
Likelihood gradient:
[-2.42016348e-03 -6.99018784e-05  6.52804092e-03  0.00000000e+00]
Likelihood:
6191.707136062023


Hyperparameters:
[-1.77321359e+00  1.14324047e+00  8.95565764e-02  1.00000000e-03]
Likelihood gradient:
[-0.00335139 -0.00091872  0.02372964  0.        ]
Likelihood:
6191.707137725711


Hyperparameters:
[-1.77321358e+00  1.14324046e+00  8.95565764e-02  1.00000000e-03]
Likelihood gradient:
[-0.00349527 -0.00140225  0.02364415  0.        ]
Likelihood:
6191.7071373666895


Hyperparameters:
[-1.77321358e+00  1.14324046e+00  8.95565764e-02  1.00000000e-03]
Likelihood gradient:
[-0.00270247 -0.00022128  0.02397673  0.        ]
Likelihood:
6191.707137695585


Hyperparameters:
[-1.77322102e+00  1.14325147e+00  8.95565894e-02  1.00000000e-03]
Likelihood gradient:
[-0.00027711 -0.00044757  0.00093448  0.        ]
Likelihood:
6191.707135307219


Hyperparameters:
[-1.77321916e+00  1.14324872e+00  8.95565862e-02  1.00000000e-03]
Likelihood gradient:
[-0.00213099 -0.00089853  0.00529904  0.        ]
Likelihood:
6191.707136276993


Hyperparameters:
[-1.77321916e+00  1.14324872e+00  8.95565862e-02  1.00000000e-03]
Likelihood gradient:
[-0.00247653 -0.00101221  0.00554726  0.        ]
Likelihood:
6191.707135534507


Hyperparameters:
[-1.77321916e+00  1.14324872e+00  8.95565862e-02  1.00000000e-03]
Likelihood gradient:
[-0.00157662 -0.00125196  0.00579011  0.        ]
Likelihood:
6191.707135986875


Hyperparameters:
[-1.77321916e+00  1.14324872e+00  8.95565862e-02  1.00000000e-03]
Likelihood gradient:
[-0.00368987 -0.00189391  0.00451751  0.        ]
Likelihood:
6191.707136250436


Warning: stress not available
Precomputing KnK for hyps optimization
Done precomputing. Time: 0.017566919326782227
Hyperparameters:
[-1.77322288e+00  1.14325422e+00  8.95565927e-02  1.00000000e-03]
Likelihood gradient:
[-3.33319056e+00 -1.15946770e+00 -2.30613830e+03  0.00000000e+00]
Likelihood:
6704.088127317669


Hyperparameters:
[-1.77468269e+00  1.14274642e+00 -9.20442225e-01  1.00000000e-03]
Likelihood gradient:
[ 5.91667195e+01 -2.18162837e+00  7.80271594e+03  0.00000000e+00]
Likelihood:
-6540.270892180423


Hyperparameters:
[-1.77327080e+00  1.14323755e+00  5.64040359e-02  1.00000000e-03]
Likelihood gradient:
[-1.42646967e+01 -1.07375279e+00  1.82908038e+05  0.00000000e+00]
Likelihood:
4736.890940544361


Hyperparameters:
[-1.77322603e+00  1.14325312e+00  8.73742933e-02  1.00000000e-03]
Likelihood gradient:
[-4.10865575e+00 -1.15977934e+00  1.63928974e+03  0.00000000e+00]
Likelihood:
6704.904423788432


Hyperparameters:
[-2.13689142e+00  1.03187605e+00  8.73898916e-02  1.00000000e-03]
Likelihood gradient:
[  38.84239342    1.92761895 1527.36142693    0.        ]
Likelihood:
6697.312186902629


Hyperparameters:
[-1.79932730e+00  1.13525928e+00  8.73754129e-02  1.00000000e-03]
Likelihood gradient:
[ 4.57736396e-01 -9.84875709e-01  1.62825183e+03  0.00000000e+00]
Likelihood:
6704.953157402444


Hyperparameters:
[-1.79769489e+00  1.09533639e+00  8.74112646e-02  1.00000000e-03]
Likelihood gradient:
[ 1.94716176e-01 -1.77446944e-02  1.55999734e+03  0.00000000e+00]
Likelihood:
6705.032003402921


Hyperparameters:
[-1.79752481e+00  1.09943154e+00  8.75133855e-02  1.00000000e-03]
Likelihood gradient:
[ 1.99295379e-01 -1.25688469e-01  1.36473520e+03  0.00000000e+00]
Likelihood:
6705.181120722453


Hyperparameters:
[-1.79672734e+00  1.09692590e+00  8.77337529e-02  1.00000000e-03]
Likelihood gradient:
[ 1.36963255e-01 -6.01150662e-02  9.47383029e+02  0.00000000e+00]
Likelihood:
6705.436410601074


Hyperparameters:
[-1.79494987e+00  1.09493735e+00  8.82340282e-02  1.00000000e-03]
Likelihood gradient:
[-3.48790725e-03 -1.13924869e-02  1.90756056e+01  0.00000000e+00]
Likelihood:
6705.677828457861


Hyperparameters:
[-1.79494905e+00  1.09446379e+00  8.82443010e-02  1.00000000e-03]
Likelihood gradient:
[0.00508406 0.00515268 0.28031847 0.        ]
Likelihood:
6705.677929790254


Hyperparameters:
[-1.79491996e+00  1.09467563e+00  8.82445244e-02  1.00000000e-03]
Likelihood gradient:
[-0.00173522 -0.00222687 -0.11992214  0.        ]
Likelihood:
6705.677939482728


Hyperparameters:
[-1.79492693e+00  1.09461128e+00  8.82444579e-02  1.00000000e-03]
Likelihood gradient:
[ 0.00125142  0.00023082 -0.00015007  0.        ]
Likelihood:
6705.677936943235


Hyperparameters:
[-1.79492003e+00  1.09467496e+00  8.82445237e-02  1.00000000e-03]
Likelihood gradient:
[-0.00163493 -0.00191257 -0.11862931  0.        ]
Likelihood:
6705.677939780084


Hyperparameters:
[-1.79492691e+00  1.09467273e+00  8.82444520e-02  1.00000000e-03]
Likelihood gradient:
[-0.00337179 -0.00519579  0.00638461  0.        ]
Likelihood:
6705.677937236849


Hyperparameters:
[-1.79492005e+00  1.09467495e+00  8.82445236e-02  1.00000000e-03]
Likelihood gradient:
[-0.00422233 -0.00423136 -0.12070023  0.        ]
Likelihood:
6705.677939315599


Hyperparameters:
[-1.79492003e+00  1.09467496e+00  8.82445237e-02  1.00000000e-03]
Likelihood gradient:
[-0.00078209 -0.00145801 -0.11842467  0.        ]
Likelihood:
6705.677939061452


Hyperparameters:
[-1.79492003e+00  1.09467496e+00  8.82445237e-02  1.00000000e-03]
Likelihood gradient:
[-0.00298203 -0.0026297  -0.11950203  0.        ]
Likelihood:
6705.677939452626


Hyperparameters:
[-1.79492691e+00  1.09467273e+00  8.82444520e-02  1.00000000e-03]
Likelihood gradient:
[-0.00102289 -0.00263948  0.0084699   0.        ]
Likelihood:
6705.677937182618


Hyperparameters:
[-1.79492347e+00  1.09467384e+00  8.82444878e-02  1.00000000e-03]
Likelihood gradient:
[-0.00216911 -0.00315579 -0.05630158  0.        ]
Likelihood:
6705.677938032268


Hyperparameters:
[-1.79492175e+00  1.09467440e+00  8.82445057e-02  1.00000000e-03]
Likelihood gradient:
[-0.00431911 -0.00486513 -0.08959644  0.        ]
Likelihood:
6705.677938917455


Hyperparameters:
[-1.79492089e+00  1.09467468e+00  8.82445147e-02  1.00000000e-03]
Likelihood gradient:
[ 0.00151292 -0.00122138 -0.10207061  0.        ]
Likelihood:
6705.677938912715


Hyperparameters:
[-1.79492046e+00  1.09467482e+00  8.82445192e-02  1.00000000e-03]
Likelihood gradient:
[-0.00118885 -0.00236161 -0.11088574  0.        ]
Likelihood:
6705.677938816771


Hyperparameters:
[-1.79492025e+00  1.09467489e+00  8.82445214e-02  1.00000000e-03]
Likelihood gradient:
[-0.00121852 -0.00191787 -0.11484097  0.        ]
Likelihood:
6705.677939073694


Hyperparameters:
[-1.79492014e+00  1.09467492e+00  8.82445226e-02  1.00000000e-03]
Likelihood gradient:
[-0.00466618 -0.00456024 -0.11944979  0.        ]
Likelihood:
6705.677939157373


Hyperparameters:
[-1.79492009e+00  1.09467494e+00  8.82445231e-02  1.00000000e-03]
Likelihood gradient:
[-0.00078197 -0.00170189 -0.11728401  0.        ]
Likelihood:
6705.677939278417


Hyperparameters:
[-1.79492006e+00  1.09467495e+00  8.82445234e-02  1.00000000e-03]
Likelihood gradient:
[-0.00087329 -0.00200606 -0.11855156  0.        ]
Likelihood:
6705.677939403442


Hyperparameters:
[-1.79492005e+00  1.09467495e+00  8.82445235e-02  1.00000000e-03]
Likelihood gradient:
[-0.00363032 -0.00347691 -0.12031876  0.        ]
Likelihood:
6705.677939284486


Hyperparameters:
[-1.79492004e+00  1.09467496e+00  8.82445236e-02  1.00000000e-03]
Likelihood gradient:
[-0.00042234 -0.0020589  -0.11871714  0.        ]
Likelihood:
6705.677939230585


Hyperparameters:
[-1.79492004e+00  1.09467496e+00  8.82445236e-02  1.00000000e-03]
Likelihood gradient:
[-0.00247431 -0.00249657 -0.11963721  0.        ]
Likelihood:
6705.677939160265


Warning: stress not available
Precomputing KnK for hyps optimization
Done precomputing. Time: 0.01907062530517578
Hyperparameters:
[-1.79492003e+00  1.09467496e+00  8.82445237e-02  1.00000000e-03]
Likelihood gradient:
[-7.63415473e+00  1.01614701e-01 -3.02243589e+03  0.00000000e+00]
Likelihood:
7252.251538584813


Hyperparameters:
[-1.79747111e+00  1.09470891e+00 -9.21752254e-01  1.00000000e-03]
Likelihood gradient:
[ 6.10987372e+01 -1.55775783e+00  8.25734690e+03  0.00000000e+00]
Likelihood:
-6929.193301332721


Hyperparameters:
[-1.79501999e+00  1.09467629e+00  4.86691492e-02  1.00000000e-03]
Likelihood gradient:
[-2.05313312e+01  2.75350380e-01  3.37178883e+05  0.00000000e+00]
Likelihood:
3411.4013894955897


Hyperparameters:
[-1.79493192e+00  1.09467512e+00  8.35405951e-02  1.00000000e-03]
Likelihood gradient:
[-9.32957556e+00  1.12672638e-01  6.90605791e+03  0.00000000e+00]
Likelihood:
7244.177175895191


Hyperparameters:
[-1.79492392e+00  1.09467501e+00  8.67072030e-02  1.00000000e-03]
Likelihood gradient:
[ -8.19077383   0.10541347 -69.89706287   0.        ]
Likelihood:
7254.661962254842


Hyperparameters:
[-2.38830468e+00  1.10230593e+00  8.65926947e-02  1.00000000e-03]
Likelihood gradient:
[49.85038763 -0.10677299 51.20964335  0.        ]
Likelihood:
7238.106809691477


Hyperparameters:
[-1.84516979e+00  1.09532117e+00  8.66975067e-02  1.00000000e-03]
Likelihood gradient:
[  0.63696931   0.0886929  -67.46090506   0.        ]
Likelihood:
7254.8320776752225


Hyperparameters:
[-1.84144498e+00  1.18525150e+00  8.66628885e-02  1.00000000e-03]
Likelihood gradient:
[ 0.0036238  -2.01221235  3.15524615  0.        ]
Likelihood:
7254.742677892918


Hyperparameters:
[-1.84495816e+00  1.10043068e+00  8.66955399e-02  1.00000000e-03]
Likelihood gradient:
[ 5.98449685e-01 -5.74452472e-02 -6.34569967e+01  0.00000000e+00]
Likelihood:
7254.832477086522


Hyperparameters:
[-1.84431193e+00  1.10005220e+00  8.66892627e-02  1.00000000e-03]
Likelihood gradient:
[ 4.86657631e-01 -4.86957185e-02 -5.06440648e+01  0.00000000e+00]
Likelihood:
7254.833401863418


Hyperparameters:
[-1.84237841e+00  1.09867574e+00  8.66722803e-02  1.00000000e-03]
Likelihood gradient:
[ 1.58334921e-01 -1.23327074e-02 -1.58951327e+01  0.00000000e+00]
Likelihood:
7254.835223189537


Hyperparameters:
[-1.84144625e+00  1.09819520e+00  8.66645236e-02  1.00000000e-03]
Likelihood gradient:
[0.00715199 0.00578544 0.00936673 0.        ]
Likelihood:
7254.835648785682


Hyperparameters:
[-1.84139935e+00  1.09839688e+00  8.66644999e-02  1.00000000e-03]
Likelihood gradient:
[-2.18932065e-05 -6.12297108e-05  7.16505688e-02  0.00000000e+00]
Likelihood:
7254.835664112223


Hyperparameters:
[-1.84139943e+00  1.09839478e+00  8.66645352e-02  1.00000000e-03]
Likelihood gradient:
[0.00047931 0.00083701 0.00136473 0.        ]
Likelihood:
7254.835663942902


Hyperparameters:
[-1.84139935e+00  1.09839688e+00  8.66645000e-02  1.00000000e-03]
Likelihood gradient:
[0.00011505 0.0009086  0.07279893 0.        ]
Likelihood:
7254.8356644296055


Hyperparameters:
[-1.84139939e+00  1.09839600e+00  8.66652471e-02  1.00000000e-03]
Likelihood gradient:
[ 0.00213528  0.00223533 -1.42930511  0.        ]
Likelihood:
7254.835663403344


Hyperparameters:
[-1.84139935e+00  1.09839686e+00  8.66645096e-02  1.00000000e-03]
Likelihood gradient:
[-0.00122204  0.00069433  0.05224776  0.        ]
Likelihood:
7254.83566401835


Hyperparameters:
[-1.84139935e+00  1.09839688e+00  8.66645000e-02  1.00000000e-03]
Likelihood gradient:
[0.00072436 0.00093774 0.0722378  0.        ]
Likelihood:
7254.835663595175


Hyperparameters:
[-1.84139935e+00  1.09839688e+00  8.66645000e-02  1.00000000e-03]
Likelihood gradient:
[8.98938797e-05 8.78134081e-04 7.25312001e-02 0.00000000e+00]
Likelihood:
7254.835663986702


Hyperparameters:
[-1.84139939e+00  1.09839600e+00  8.66652471e-02  1.00000000e-03]
Likelihood gradient:
[ 0.00202467  0.00169386 -1.42960175  0.        ]
Likelihood:
7254.835663068605


Hyperparameters:
[-1.84139937e+00  1.09839644e+00  8.66648736e-02  1.00000000e-03]
Likelihood gradient:
[ 4.75433133e-05  7.25543199e-04 -6.79970048e-01  0.00000000e+00]
Likelihood:
7254.835663265307


Hyperparameters:
[-1.84139936e+00  1.09839666e+00  8.66646868e-02  1.00000000e-03]
Likelihood gradient:
[-3.70005162e-04 -7.83478348e-05 -3.04508998e-01  0.00000000e+00]
Likelihood:
7254.835663698799


Hyperparameters:
[-1.84139935e+00  1.09839677e+00  8.66645934e-02  1.00000000e-03]
Likelihood gradient:
[-0.00033125  0.00045292 -0.11551238  0.        ]
Likelihood:
7254.835663765369


Hyperparameters:
[-1.84139935e+00  1.09839682e+00  8.66645467e-02  1.00000000e-03]
Likelihood gradient:
[ 0.00075848  0.00208091 -0.02125322  0.        ]
Likelihood:
7254.835663353231


Hyperparameters:
[-1.84139935e+00  1.09839685e+00  8.66645234e-02  1.00000000e-03]
Likelihood gradient:
[0.00083365 0.00194115 0.0261864  0.        ]
Likelihood:
7254.835663936705


Hyperparameters:
[-1.84139935e+00  1.09839686e+00  8.66645117e-02  1.00000000e-03]
Likelihood gradient:
[-0.00180847 -0.00051184  0.04746814  0.        ]
Likelihood:
7254.83566389222


Hyperparameters:
[-1.84139935e+00  1.09839687e+00  8.66645059e-02  1.00000000e-03]
Likelihood gradient:
[ 3.21999431e-04 -4.24827785e-05  6.01850514e-02  0.00000000e+00]
Likelihood:
7254.835664325099


Hyperparameters:
[-1.84139935e+00  1.09839687e+00  8.66645029e-02  1.00000000e-03]
Likelihood gradient:
[-2.10737934e-05  6.27040522e-04  6.65684664e-02  0.00000000e+00]
Likelihood:
7254.835664390706


Hyperparameters:
[-1.84139935e+00  1.09839687e+00  8.66645015e-02  1.00000000e-03]
Likelihood gradient:
[0.00127231 0.00175337 0.07012183 0.        ]
Likelihood:
7254.835664371823


Hyperparameters:
[-1.84139935e+00  1.09839687e+00  8.66645008e-02  1.00000000e-03]
Likelihood gradient:
[-0.00070227  0.00052303  0.07076097  0.        ]
Likelihood:
7254.835663606436


Hyperparameters:
[-1.84139935e+00  1.09839688e+00  8.66645004e-02  1.00000000e-03]
Likelihood gradient:
[-0.00268528 -0.0014175   0.06923509  0.        ]
Likelihood:
7254.835663598835


Warning: stress not available
Precomputing KnK for hyps optimization
Done precomputing. Time: 0.018944501876831055
Hyperparameters:
[-1.84139935e+00  1.09839688e+00  8.66645000e-02  1.00000000e-03]
Likelihood gradient:
[-3.79079402e+00  4.18257317e+00 -6.85464375e+03  0.00000000e+00]
Likelihood:
7965.44057399188


Hyperparameters:
[-1.84195790e+00  1.09901316e+00 -9.23335158e-01  1.00000000e-03]
Likelihood gradient:
[ 6.37623510e+01 -2.50099276e-01  8.70983557e+03  0.00000000e+00]
Likelihood:
-7324.149613255953


Hyperparameters:
[-1.84143980e+00  1.09844151e+00  1.35219972e-02  1.00000000e-03]
Likelihood gradient:
[-2.13511699e+01  4.21617570e+01  2.18655559e+07  0.00000000e+00]
Likelihood:
-125335.40553148609


Hyperparameters:
[-1.84141152e+00  1.09841030e+00  6.46562424e-02  1.00000000e-03]
Likelihood gradient:
[-1.10124175e+01  4.36436450e+00  8.18563789e+04  0.00000000e+00]
Likelihood:
7361.021358983424


Hyperparameters:
[-1.84140102e+00  1.09839872e+00  8.36341924e-02  1.00000000e-03]
Likelihood gradient:
[  -4.84094096    4.20302548 -586.66874392    0.        ]
Likelihood:
7977.000730238164


Hyperparameters:
[-4.57169982e+00  3.42279682e+00  8.30123833e-02  1.00000000e-03]
Likelihood gradient:
[ 57.79932303  -4.48479841 700.98097288   0.        ]
Likelihood:
7818.035466409081


Hyperparameters:
[-1.93348247e+00  1.17679086e+00  8.36132214e-02  1.00000000e-03]
Likelihood gradient:
[   9.93157037    1.48729558 -567.77674734    0.        ]
Likelihood:
7976.943522849819


Hyperparameters:
[-1.88245747e+00  1.13335150e+00  8.36248420e-02  1.00000000e-03]
Likelihood gradient:
[   2.16451799    2.88239457 -579.11533352    0.        ]
Likelihood:
7977.169732955634


Hyperparameters:
[-1.86315213e+00  1.23604302e+00  8.36186234e-02  1.00000000e-03]
Likelihood gradient:
[-1.05548038e+00 -6.99655249e-02 -5.59574900e+02  0.00000000e+00]
Likelihood:
7977.323636556757


Hyperparameters:
[-1.86972233e+00  1.23322720e+00  8.33428966e-02  1.00000000e-03]
Likelihood gradient:
[-3.27011131e-02 -7.19502012e-04  6.75457817e+01  0.00000000e+00]
Likelihood:
7977.39344332198


Hyperparameters:
[-1.86983722e+00  1.23320011e+00  8.33724391e-02  1.00000000e-03]
Likelihood gradient:
[-0.00554883 -0.00188005 -0.40718832  0.        ]
Likelihood:
7977.394403198014


Hyperparameters:
[-1.86986998e+00  1.23313379e+00  8.33722602e-02  1.00000000e-03]
Likelihood gradient:
[ 0.00131054  0.00090107 -0.00519105  0.        ]
Likelihood:
7977.394393484628


Hyperparameters:
[-1.86983743e+00  1.23319968e+00  8.33724379e-02  1.00000000e-03]
Likelihood gradient:
[-0.00697312 -0.00242851 -0.40628601  0.        ]
Likelihood:
7977.394403215054


Hyperparameters:
[-1.86983769e+00  1.23319917e+00  8.33724366e-02  1.00000000e-03]
Likelihood gradient:
[-0.00512079 -0.00139814 -0.40196018  0.        ]
Likelihood:
7977.394403535651


Hyperparameters:
[-1.86987165e+00  1.23322273e+00  8.33721523e-02  1.00000000e-03]
Likelihood gradient:
[ 0.00067452 -0.00146972  0.24059703  0.        ]
Likelihood:
7977.3943931012545


Hyperparameters:
[-1.86983782e+00  1.23319927e+00  8.33724354e-02  1.00000000e-03]
Likelihood gradient:
[-0.00483013 -0.00123581 -0.39811477  0.        ]
Likelihood:
7977.394402994318


Hyperparameters:
[-1.86983769e+00  1.23319917e+00  8.33724366e-02  1.00000000e-03]
Likelihood gradient:
[-3.15826976e-03 -2.15858434e-04 -3.99891534e-01  0.00000000e+00]
Likelihood:
7977.394403355211


Hyperparameters:
[-1.86983769e+00  1.23319917e+00  8.33724366e-02  1.00000000e-03]
Likelihood gradient:
[-0.00567209 -0.00191926 -0.40273737  0.        ]
Likelihood:
7977.394402999198


Hyperparameters:
[-1.86987165e+00  1.23322273e+00  8.33721523e-02  1.00000000e-03]
Likelihood gradient:
[ 0.00197543 -0.00051171  0.24224858  0.        ]
Likelihood:
7977.39439332654


Hyperparameters:
[-1.86985467e+00  1.23321095e+00  8.33722944e-02  1.00000000e-03]
Likelihood gradient:
[-0.00047415 -0.00031041 -0.07844983  0.        ]
Likelihood:
7977.394398572418


Hyperparameters:
[-1.86984618e+00  1.23320506e+00  8.33723655e-02  1.00000000e-03]
Likelihood gradient:
[-0.00517741 -0.00289603 -0.24278717  0.        ]
Likelihood:
7977.394400736266


Hyperparameters:
[-1.86984193e+00  1.23320212e+00  8.33724010e-02  1.00000000e-03]
Likelihood gradient:
[-0.00392877 -0.00159512 -0.32126367  0.        ]
Likelihood:
7977.394401897716


Hyperparameters:
[-1.86983981e+00  1.23320065e+00  8.33724188e-02  1.00000000e-03]
Likelihood gradient:
[-0.00504973 -0.00198566 -0.36170857  0.        ]
Likelihood:
7977.394402597311


Hyperparameters:
[-1.86983875e+00  1.23319991e+00  8.33724277e-02  1.00000000e-03]
Likelihood gradient:
[-2.35209330e-03  3.40276673e-05 -3.79041259e-01  0.00000000e+00]
Likelihood:
7977.394403004808


Hyperparameters:
[-1.86983822e+00  1.23319954e+00  8.33724321e-02  1.00000000e-03]
Likelihood gradient:
[-0.00475379 -0.00099674 -0.39118896  0.        ]
Likelihood:
7977.394402691552


Hyperparameters:
[-1.86983795e+00  1.23319936e+00  8.33724344e-02  1.00000000e-03]
Likelihood gradient:
[-0.00529653 -0.0017237  -0.39683672  0.        ]
Likelihood:
7977.394403328532


Hyperparameters:
[-1.86983782e+00  1.23319927e+00  8.33724355e-02  1.00000000e-03]
Likelihood gradient:
[-2.54249363e-03  4.57906910e-05 -3.96977391e-01  0.00000000e+00]
Likelihood:
7977.3944033600455


Hyperparameters:
[-1.86983775e+00  1.23319922e+00  8.33724360e-02  1.00000000e-03]
Likelihood gradient:
[-0.00756584 -0.00279721 -0.40248747  0.        ]
Likelihood:
7977.394403049546


Hyperparameters:
[-1.86983772e+00  1.23319920e+00  8.33724363e-02  1.00000000e-03]
Likelihood gradient:
[-0.00395012 -0.00055219 -0.39964211  0.        ]
Likelihood:
7977.3944032401


Hyperparameters:
[-1.86983770e+00  1.23319919e+00  8.33724364e-02  1.00000000e-03]
Likelihood gradient:
[-0.0052014  -0.00145076 -0.40121497  0.        ]
Likelihood:
7977.394403048656


Warning: stress not available
Precomputing KnK for hyps optimization
Done precomputing. Time: 0.023700237274169922
Hyperparameters:
[-1.86983769e+00  1.23319917e+00  8.33724366e-02  1.00000000e-03]
Likelihood gradient:
[ 5.90957870e+00  2.02842845e+00 -5.62745286e+03  0.00000000e+00]
Likelihood:
8652.521718976335


Hyperparameters:
[-1.86877705e+00  1.23356323e+00 -9.26626941e-01  1.00000000e-03]
Likelihood gradient:
[ 6.58144998e+01 -1.12703305e+00  9.14508448e+03  0.00000000e+00]
Likelihood:
-7736.596582762062


Hyperparameters:
[-1.86977585e+00  1.23322040e+00  2.44856965e-02  1.00000000e-03]
Likelihood gradient:
[-7.74947785e+00  5.40778328e+00  3.41987407e+06  0.00000000e+00]
Likelihood:
-23134.7838823859


Hyperparameters:
[-1.86982168e+00  1.23320467e+00  6.81312909e-02  1.00000000e-03]
Likelihood gradient:
[1.42489836e+00 2.09969905e+00 5.11237236e+04 0.00000000e+00]
Likelihood:
8375.090910704857


Hyperparameters:
[-1.86983542e+00  1.23319995e+00  8.12111023e-02  1.00000000e-03]
Likelihood gradient:
[   5.24973959    2.03766236 -501.49219807    0.        ]
Likelihood:
8659.267531503698


Hyperparameters:
[3.98569673e-01 2.12502791e+00 8.14089897e-02 1.00000000e-03]
Likelihood gradient:
[ 6.97059278e+03 -5.46228368e+00  1.55790344e+04  0.00000000e+00]
Likelihood:
7078.092879847372


Hyperparameters:
[-1.86908413e+00  1.23349532e+00  8.12111679e-02  1.00000000e-03]
Likelihood gradient:
[   5.12896248    2.03154047 -501.42689753    0.        ]
Likelihood:
8659.272218412001


Hyperparameters:
[-1.86805403e+00  1.23390031e+00  8.12112577e-02  1.00000000e-03]
Likelihood gradient:
[   4.95369072    2.01681988 -501.34681279    0.        ]
Likelihood:
8659.278488244789


Hyperparameters:
[-7.34742180e-01  1.67946411e+00  8.13101237e-02  1.00000000e-03]
Likelihood gradient:
[-1557.5216612     -4.38582484  2911.57792046     0.        ]
Likelihood:
8236.509811390843


Hyperparameters:
[-1.65956311e+00  1.31586893e+00  8.12294457e-02  1.00000000e-03]
Likelihood gradient:
[-4.08461614e+01 -6.62839666e-02 -4.61758945e+02  0.00000000e+00]
Likelihood:
8656.100759351397


Hyperparameters:
[-1.83675985e+00  1.24620368e+00  8.12139877e-02  1.00000000e-03]
Likelihood gradient:
[-4.64451580e-01  1.65898782e+00 -4.98344039e+02  0.00000000e+00]
Likelihood:
8659.380602229226


Hyperparameters:
[-1.84532700e+00  1.37621459e+00  8.11964550e-02  1.00000000e-03]
Likelihood gradient:
[   1.05596471   -1.22795728 -457.18803266    0.        ]
Likelihood:
8659.396470787773


Hyperparameters:
[-1.84421713e+00  1.36545880e+00  8.11577950e-02  1.00000000e-03]
Likelihood gradient:
[   0.84353131   -1.04102409 -358.67898851    0.        ]
Likelihood:
8659.425837359155


Hyperparameters:
[-1.84189327e+00  1.33561402e+00  8.10844953e-02  1.00000000e-03]
Likelihood gradient:
[   0.4119907    -0.47293702 -171.13867929    0.        ]
Likelihood:
8659.47016398807


Hyperparameters:
[-1.83967940e+00  1.31068843e+00  8.10178362e-02  1.00000000e-03]
Likelihood gradient:
[-0.0068175   0.04934988  0.17010339  0.        ]
Likelihood:
8659.482369511847


Hyperparameters:
[-1.83972264e+00  1.31302228e+00  8.10179498e-02  1.00000000e-03]
Likelihood gradient:
[ 0.00241542 -0.00063388 -0.14105131  0.        ]
Likelihood:
8659.482414661748


Hyperparameters:
[-1.83970914e+00  1.31299309e+00  8.10178982e-02  1.00000000e-03]
Likelihood gradient:
[ 0.00085205  0.0004483  -0.00367112  0.        ]
Likelihood:
8659.482419195876


Hyperparameters:
[-1.83970130e+00  1.31300719e+00  8.10178866e-02  1.00000000e-03]
Likelihood gradient:
[-0.00212352 -0.00084177  0.02666629  0.        ]
Likelihood:
8659.48242112025


Hyperparameters:
[-1.83970670e+00  1.31299748e+00  8.10178946e-02  1.00000000e-03]
Likelihood gradient:
[-0.00136193 -0.00083221  0.00356524  0.        ]
Likelihood:
8659.482419431995


Hyperparameters:
[-1.83970131e+00  1.31300717e+00  8.10178866e-02  1.00000000e-03]
Likelihood gradient:
[0.00053293 0.00088511 0.03075371 0.        ]
Likelihood:
8659.482421387529


Hyperparameters:
[-1.83970131e+00  1.31300718e+00  8.10178866e-02  1.00000000e-03]
Likelihood gradient:
[-0.00280412 -0.00189566  0.02514528  0.        ]
Likelihood:
8659.482420576234


Hyperparameters:
[-1.83970131e+00  1.31300717e+00  8.10178866e-02  1.00000000e-03]
Likelihood gradient:
[0.00010371 0.00096514 0.03066572 0.        ]
Likelihood:
8659.482420492728


Hyperparameters:
[-1.83970131e+00  1.31300717e+00  8.10178866e-02  1.00000000e-03]
Likelihood gradient:
[-0.0025288  -0.00055044  0.0271528   0.        ]
Likelihood:
8659.482421437073


Hyperparameters:
[-1.83970130e+00  1.31300719e+00  8.10178866e-02  1.00000000e-03]
Likelihood gradient:
[-0.00295561 -0.00129867  0.02567816  0.        ]
Likelihood:
8659.482420513325


Hyperparameters:
[-1.83970142e+00  1.31300697e+00  8.10178867e-02  1.00000000e-03]
Likelihood gradient:
[9.77890583e-05 7.06132009e-04 2.91739872e-02 0.00000000e+00]
Likelihood:
8659.482420573235


Hyperparameters:
[-1.83960061e+00  1.31327838e+00  8.10177601e-02  1.00000000e-03]
Likelihood gradient:
[-0.02084646 -0.00722205  0.38239805  0.        ]
Likelihood:
8659.482449927042


Hyperparameters:
[-1.83969679e+00  1.31301944e+00  8.10178809e-02  1.00000000e-03]
Likelihood gradient:
[-1.06297298e-03  8.45411737e-06  4.53080087e-02  0.00000000e+00]
Likelihood:
8659.482422432731


Hyperparameters:
[-1.83969972e+00  1.31301724e+00  8.10178899e-02  1.00000000e-03]
Likelihood gradient:
[0.00055899 0.00029619 0.02181481 0.        ]
Likelihood:
8659.482421361628


Hyperparameters:
[-1.83969679e+00  1.31301944e+00  8.10178809e-02  1.00000000e-03]
Likelihood gradient:
[-0.00188268 -0.00098974  0.04333292  0.        ]
Likelihood:
8659.48242188618


Hyperparameters:
[-1.83969679e+00  1.31301944e+00  8.10178809e-02  1.00000000e-03]
Likelihood gradient:
[-0.00105148  0.00011077  0.04500843  0.        ]
Likelihood:
8659.48242236046


Hyperparameters:
[-1.83969679e+00  1.31301944e+00  8.10178809e-02  1.00000000e-03]
Likelihood gradient:
[-0.00243918 -0.00083778  0.04250866  0.        ]
Likelihood:
8659.482422098628


Hyperparameters:
[-1.83969972e+00  1.31301724e+00  8.10178899e-02  1.00000000e-03]
Likelihood gradient:
[-0.00082721 -0.00043481  0.02037157  0.        ]
Likelihood:
8659.482421741403


Hyperparameters:
[-1.83969826e+00  1.31301834e+00  8.10178854e-02  1.00000000e-03]
Likelihood gradient:
[-1.37576031e-03  2.23788855e-05  3.24408662e-02  0.00000000e+00]
Likelihood:
8659.482421666018


Hyperparameters:
[-1.83969752e+00  1.31301889e+00  8.10178832e-02  1.00000000e-03]
Likelihood gradient:
[-0.00266178 -0.00084681  0.03696527  0.        ]
Likelihood:
8659.482421806726


Hyperparameters:
[-1.83969716e+00  1.31301916e+00  8.10178820e-02  1.00000000e-03]
Likelihood gradient:
[-0.00248186 -0.00120217  0.03906272  0.        ]
Likelihood:
8659.48242215359


Hyperparameters:
[-1.83969697e+00  1.31301930e+00  8.10178815e-02  1.00000000e-03]
Likelihood gradient:
[-1.74127905e-03 -7.27104446e-05  4.27097670e-02  0.00000000e+00]
Likelihood:
8659.482421794084


Hyperparameters:
[-1.83969688e+00  1.31301937e+00  8.10178812e-02  1.00000000e-03]
Likelihood gradient:
[-0.00020717  0.00037348  0.04513724  0.        ]
Likelihood:
8659.482422274168


Hyperparameters:
[-1.83969684e+00  1.31301940e+00  8.10178811e-02  1.00000000e-03]
Likelihood gradient:
[-0.00275425 -0.00086488  0.04260912  0.        ]
Likelihood:
8659.482421953124


Hyperparameters:
[-1.83969681e+00  1.31301942e+00  8.10178810e-02  1.00000000e-03]
Likelihood gradient:
[-0.00323225 -0.00165088  0.0413324   0.        ]
Likelihood:
8659.48242210523


Hyperparameters:
[-1.83969680e+00  1.31301943e+00  8.10178810e-02  1.00000000e-03]
Likelihood gradient:
[-0.00091399  0.00031117  0.04539917  0.        ]
Likelihood:
8659.482422087713


Hyperparameters:
[-1.83969680e+00  1.31301943e+00  8.10178809e-02  1.00000000e-03]
Likelihood gradient:
[-0.00275199 -0.000717    0.04316043  0.        ]
Likelihood:
8659.482422164732


Hyperparameters:
[-1.83969679e+00  1.31301943e+00  8.10178809e-02  1.00000000e-03]
Likelihood gradient:
[-0.0001723   0.00034426  0.04467482  0.        ]
Likelihood:
8659.482421856177


Hyperparameters:
[-1.83969679e+00  1.31301944e+00  8.10178809e-02  1.00000000e-03]
Likelihood gradient:
[-0.0032877  -0.00112249  0.04141891  0.        ]
Likelihood:
8659.48242202077


Warning: stress not available
Warning: stress not available
Warning: stress not available
Warning: stress not available
Warning: stress not available
Warning: stress not available
Warning: stress not available
Warning: stress not available
Warning: stress not available
Warning: stress not available
Warning: stress not available
Warning: stress not available
Warning: stress not available
Warning: stress not available
Warning: stress not available
Warning: stress not available
Warning: stress not available
Warning: stress not available
Warning: stress not available
Warning: stress not available
Warning: stress not available
Warning: stress not available
Warning: stress not available
Warning: stress not available
Warning: stress not available
Warning: stress not available
Warning: stress not available
Warning: stress not available
Warning: stress not available
Warning: stress not available
Warning: stress not available
Warning: stress not available
Warning: stress not available
Warning: stress not available
Warning: stress not available
Warning: stress not available
Warning: stress not available
Warning: stress not available
Warning: stress not available
Warning: stress not available
Warning: stress not available
Warning: stress not available
Warning: stress not available
Warning: stress not available
Warning: stress not available
Warning: stress not available
Warning: stress not available
Warning: stress not available
Warning: stress not available
Warning: stress not available
Warning: stress not available
Warning: stress not available
Warning: stress not available
Warning: stress not available
Warning: stress not available
Warning: stress not available
Warning: stress not available
Warning: stress not available
Warning: stress not available
Warning: stress not available
Warning: stress not available
Warning: stress not available
Warning: stress not available
Warning: stress not available
Warning: stress not available
Warning: stress not available
Warning: stress not available
Warning: stress not available
Warning: stress not available
Warning: stress not available
Warning: stress not available
Warning: stress not available
Warning: stress not available
Warning: stress not available
Warning: stress not available
Warning: stress not available
Warning: stress not available
Warning: stress not available
Warning: stress not available
Warning: stress not available
Warning: stress not available
Warning: stress not available
Warning: stress not available
Warning: stress not available
Warning: stress not available
Warning: stress not available
Warning: stress not available
Warning: stress not available
Warning: stress not available
Warning: stress not available
Warning: stress not available
Warning: stress not available
