/var/spool/slurmd/job7922652/slurm_script: line 17: activate: No such file or directory

CondaError: Run 'conda init' before 'conda activate'


Intel MKL ERROR: Parameter 4 was incorrect on entry to DPOTRF.

Intel MKL ERROR: Parameter 6 was incorrect on entry to DGEMV .

Intel MKL ERROR: Parameter 6 was incorrect on entry to DGEMV .

Intel MKL ERROR: Parameter 6 was incorrect on entry to DGEMV .
/leonardo/pub/userexternal/sperego0/software/flare/flare_v1.3.3-fix/flare/md/fake.py:76: UserWarning: FakeMD runs out of frames.
  warnings.warn("FakeMD runs out of frames.")
Warning: stress not available
Warning: stress not available
Warning: stress not available
Warning: stress not available
Warning: stress not available
Warning: stress not available
Warning: stress not available
Warning: stress not available
Warning: stress not available
Warning: stress not available
Precomputing KnK for hyps optimization
Done precomputing. Time: 0.004289150238037109
Hyperparameters:
[2.e+00 1.e-01 5.e-02 1.e-03]
Likelihood gradient:
[-2.15806248e+01  5.65852338e+03  5.19489567e+05  0.00000000e+00]
Likelihood:
-8140.835568020928


Hyperparameters:
[1.99995805e+00 1.11000740e-01 1.05994009e+00 1.00000000e-03]
Likelihood gradient:
[  -44.86526251     9.25781372 -3296.20776777     0.        ]
Likelihood:
-3873.6775050379256


Hyperparameters:
[-4.27185148e+01  4.49826166e+01  5.70677943e-01  1.00000000e-03]
Likelihood gradient:
[ 5.56938198e+00 -2.00442386e-01 -5.70724825e+03  0.00000000e+00]
Likelihood:
-2403.986008072564


Hyperparameters:
[-6.66145961e+01  9.48022902e+01  2.54328328e-02  1.00000000e-03]
Likelihood gradient:
[ 3.58508300e+00 -8.50749410e-02  4.32494644e+06  0.00000000e+00]
Likelihood:
-48313.24051048439


Hyperparameters:
[-5.08827212e+01  6.20037379e+01  3.84392436e-01  1.00000000e-03]
Likelihood gradient:
[ 4.68695956e+00 -1.45997364e-01 -7.76519159e+03  0.00000000e+00]
Likelihood:
-1208.2988673965542


Hyperparameters:
[-6.10268581e+01  8.31527113e+01  1.52930174e-01  1.00000000e-03]
Likelihood gradient:
[ 3.91243317e+00 -1.04605554e-01 -2.23894705e+03  0.00000000e+00]
Likelihood:
633.3433101943483


Hyperparameters:
[-7.07997242e+01  1.06284509e+02 -1.00249156e-01  1.00000000e-03]
Likelihood gradient:
[ 3.37335959e+00 -8.20649325e-02 -3.81310055e+04  0.00000000e+00]
Likelihood:
-16.773280810622055


Hyperparameters:
[-6.12366999e+01  8.36493944e+01  1.47493939e-01  1.00000000e-03]
Likelihood gradient:
[ 3.89907487e+00 -1.03616368e-01 -7.24016045e+02  0.00000000e+00]
Likelihood:
640.6525253868595


Hyperparameters:
[-5.95189213e+01  8.38302519e+01  1.45484936e-01  1.00000000e-03]
Likelihood gradient:
[  4.0113925   -0.10325346 -89.08550076   0.        ]
Likelihood:
648.251227135801


Hyperparameters:
[-5.57339032e+01  8.40144374e+01  1.43406013e-01  1.00000000e-03]
Likelihood gradient:
[ 4.28320209e+00 -1.02881709e-01  6.15812823e+02  0.00000000e+00]
Likelihood:
663.3798952647885


Hyperparameters:
[-4.05938305e+01  8.47511792e+01  1.35090324e-01  1.00000000e-03]
Likelihood gradient:
[ 5.87469544e+00 -1.01395139e-01  4.00639115e+03  0.00000000e+00]
Likelihood:
720.4041790518986


Hyperparameters:
[1.99664600e+01 8.76981465e+01 1.01827564e-01 1.00000000e-03]
Likelihood gradient:
[-1.18651464e+01 -9.55067147e-02  3.53340251e+04  0.00000000e+00]
Likelihood:
344.3885985714369


Hyperparameters:
[-2.21515855e+01  8.56486104e+01  1.24960914e-01  1.00000000e-03]
Likelihood gradient:
[ 1.07108252e+01 -9.96267352e-02  9.76013741e+03  0.00000000e+00]
Likelihood:
796.5298508816813


Hyperparameters:
[-1.34894601e+01  8.60701242e+01  1.20203239e-01  1.00000000e-03]
Likelihood gradient:
[ 1.73726662e+01 -9.89140377e-02  1.33019380e+04  0.00000000e+00]
Likelihood:
858.9589904067379


Hyperparameters:
[-8.35662110e+00  8.63198970e+01  1.17384026e-01  1.00000000e-03]
Likelihood gradient:
[ 2.71633029e+01 -9.87656451e-02  1.57221548e+04  0.00000000e+00]
Likelihood:
928.8249167929444


Hyperparameters:
[5.80491947e+00 8.70090218e+01 1.09605795e-01 1.00000000e-03]
Likelihood gradient:
[-3.69543060e+01 -9.79080558e-02  2.39773706e+04  0.00000000e+00]
Likelihood:
856.7318033214906


Hyperparameters:
[-2.01184229e+00  8.66286448e+01  1.13899154e-01  1.00000000e-03]
Likelihood gradient:
[ 3.05992237e+01 -1.05151957e-01  1.91599751e+04  0.00000000e+00]
Likelihood:
1118.8892010337786


Hyperparameters:
[-1.07790299e+00  8.66740918e+01  1.13386188e-01  1.00000000e-03]
Likelihood gradient:
[-2.12436556e+02 -1.12269748e-01  2.03564018e+04  0.00000000e+00]
Likelihood:
1068.2644615217177


Hyperparameters:
[-1.78616661e+00  8.66396265e+01  1.13775202e-01  1.00000000e-03]
Likelihood gradient:
[ 1.23441262e+01 -1.06517297e-01  1.93353557e+04  0.00000000e+00]
Likelihood:
1121.621566759647


Hyperparameters:
[2.46327445e+02 9.62151689e+01 4.88050632e-03 1.00000000e-03]
Likelihood gradient:
[-9.70200835e-01 -8.39946800e-02  6.30681913e+08  0.00000000e+00]
Likelihood:
-1526905.1422513232


Hyperparameters:
[7.90310590e+01 8.97586363e+01 7.83052928e-02 1.00000000e-03]
Likelihood gradient:
[-3.02246280e+00 -9.15435413e-02  1.08417411e+05  0.00000000e+00]
Likelihood:
-1515.1615439895995


Hyperparameters:
[1.09840665e+00 8.67509519e+01 1.12509190e-01 1.00000000e-03]
Likelihood gradient:
[ 1.99323091e+02 -1.11985201e-01  2.12645280e+04  0.00000000e+00]
Likelihood:
1054.1965374576457


Hyperparameters:
[-1.76520674e+00  8.66404354e+01  1.13766002e-01  1.00000000e-03]
Likelihood gradient:
[ 1.00609560e+01 -1.06659330e-01  1.93507882e+04  0.00000000e+00]
Likelihood:
1121.6873511259973


Hyperparameters:
[-1.76514425e+00  8.66398103e+01  1.13772834e-01  1.00000000e-03]
Likelihood gradient:
[ 1.00560939e+01 -1.06661285e-01  1.93436651e+04  0.00000000e+00]
Likelihood:
1121.8202376616791


Hyperparameters:
[-1.76489433e+00  8.66373098e+01  1.13800158e-01  1.00000000e-03]
Likelihood gradient:
[ 1.00358296e+01 -1.06669129e-01  1.93151853e+04  0.00000000e+00]
Likelihood:
1122.3512943433743


Hyperparameters:
[-1.76389461e+00  8.66273077e+01  1.13909458e-01  1.00000000e-03]
Likelihood gradient:
[ 9.95515357e+00 -1.06700479e-01  1.92015792e+04  0.00000000e+00]
Likelihood:
1124.4677023225522


Hyperparameters:
[-1.75989577e+00  8.65872993e+01  1.14346654e-01  1.00000000e-03]
Likelihood gradient:
[ 9.63165598e+00 -1.06825699e-01  1.87520633e+04  0.00000000e+00]
Likelihood:
1132.8091728400868


Hyperparameters:
[-1.74390038e+00  8.64272658e+01  1.16095442e-01  1.00000000e-03]
Likelihood gradient:
[ 8.31802072e+00 -1.07323733e-01  1.70297986e+04  0.00000000e+00]
Likelihood:
1164.246978470701


Hyperparameters:
[-1.70997989e+00  8.59665615e+01  1.21124207e-01  1.00000000e-03]
Likelihood gradient:
[ 5.85456508e+00 -1.08641597e-01  1.26809139e+04  0.00000000e+00]
Likelihood:
1238.902689550965


Hyperparameters:
[-1.63992253e+00  8.48794234e+01  1.32974794e-01  1.00000000e-03]
Likelihood gradient:
[ 1.04757722e+00 -1.11464159e-01  5.17414736e+03  0.00000000e+00]
Likelihood:
1341.8532789525807


Hyperparameters:
[-1.61239360e+00  8.41275040e+01  1.41151555e-01  1.00000000e-03]
Likelihood gradient:
[ 4.77953033e-01 -1.13080451e-01  1.57982065e+03  0.00000000e+00]
Likelihood:
1368.8780776851236


Hyperparameters:
[-1.59813550e+00  8.37928386e+01  1.44770709e-01  1.00000000e-03]
Likelihood gradient:
[-3.46603673e-02 -1.13761008e-01  2.90703751e+02  0.00000000e+00]
Likelihood:
1372.263074373608


Hyperparameters:
[-1.59622110e+00  8.37128902e+01  1.45615281e-01  1.00000000e-03]
Likelihood gradient:
[ 0.0400483  -0.11390955 11.85790826  0.        ]
Likelihood:
1372.400448993365


Hyperparameters:
[-1.59563963e+00  8.37045021e+01  1.45684291e-01  1.00000000e-03]
Likelihood gradient:
[ -0.0119577   -0.11392645 -10.40154518   0.        ]
Likelihood:
1372.4017888540457


Hyperparameters:
[-1.59568155e+00  8.37011337e+01  1.45694763e-01  1.00000000e-03]
Likelihood gradient:
[-1.99316554e-03 -1.13930954e-01 -1.38262484e+01  0.00000000e+00]
Likelihood:
1372.4020225567665


Hyperparameters:
[-1.59568633e+00  8.36958223e+01  1.45704387e-01  1.00000000e-03]
Likelihood gradient:
[ 2.57413442e-03 -1.13938140e-01 -1.69589820e+01  0.00000000e+00]
Likelihood:
1372.402476814389


Hyperparameters:
[-1.59570547e+00  8.36745766e+01  1.45742883e-01  1.00000000e-03]
Likelihood gradient:
[ 2.06151207e-02 -1.13966898e-01 -2.94804598e+01  0.00000000e+00]
Likelihood:
1372.403992943924


Hyperparameters:
[-1.59579984e+00  8.36253817e+01  1.45797986e-01  1.00000000e-03]
Likelihood gradient:
[  0.055735    -0.11403188 -47.40023919   0.        ]
Likelihood:
1372.4074261308124


Hyperparameters:
[-1.59588561e+00  8.35372263e+01  1.45863655e-01  1.00000000e-03]
Likelihood gradient:
[  0.09402232  -0.11414768 -68.70068691   0.        ]
Likelihood:
1372.4136168594323


Hyperparameters:
[-1.59600310e+00  8.33768420e+01  1.45947951e-01  1.00000000e-03]
Likelihood gradient:
[  0.1444798   -0.11435775 -95.97371967   0.        ]
Likelihood:
1372.4249201088141


Hyperparameters:
[-1.59615351e+00  8.30806565e+01  1.46062741e-01  1.00000000e-03]
Likelihood gradient:
[ 2.12397513e-01 -1.14746501e-01 -1.32978737e+02  0.00000000e+00]
Likelihood:
1372.445595329522


Warning: stress not available
Precomputing KnK for hyps optimization
Done precomputing. Time: 0.004968166351318359
Hyperparameters:
[-1.59615351e+00  8.30806565e+01  1.46062741e-01  1.00000000e-03]
Likelihood gradient:
[-1.02158103e+01 -1.23299244e-01 -7.95843451e+02  0.00000000e+00]
Likelihood:
1568.2459235214228


Hyperparameters:
[-1.60911726e+00  8.30805000e+01 -8.63854046e-01  1.00000000e-03]
Likelihood gradient:
[ 5.18548426e+01 -1.20658429e-01  4.42000953e+03  0.00000000e+00]
Likelihood:
-3479.217618441261


Hyperparameters:
[-1.59658913e+00  8.30806513e+01  1.12126626e-01  1.00000000e-03]
Likelihood gradient:
[-2.77999772e+01 -1.17303108e-01  2.19019059e+04  0.00000000e+00]
Likelihood:
1288.7897923222026


Hyperparameters:
[-1.59618060e+00  8.30806562e+01  1.43951645e-01  1.00000000e-03]
Likelihood gradient:
[-11.24543322  -0.12305409 -49.94288595   0.        ]
Likelihood:
1569.1485593305615


Hyperparameters:
[-1.75730380e+00  8.30789041e+01  1.43727216e-01  1.00000000e-03]
Likelihood gradient:
[  9.96809584  -0.12153577 -32.80420687   0.        ]
Likelihood:
1569.0711180329654


Hyperparameters:
[-1.66875786e+00  8.30798669e+01  1.43850552e-01  1.00000000e-03]
Likelihood gradient:
[ -0.66705111  -0.12235181 -45.51453772   0.        ]
Likelihood:
1569.5359101581307


Hyperparameters:
[-1.67371395e+00  8.29575040e+01  1.43715716e-01  1.00000000e-03]
Likelihood gradient:
[-0.06100327 -0.12245614  2.15278385  0.        ]
Likelihood:
1569.5531406895634


Hyperparameters:
[-1.67867652e+00  8.26737895e+01  1.43604398e-01  1.00000000e-03]
Likelihood gradient:
[ 0.55023151 -0.12278584 41.37272026  0.        ]
Likelihood:
1569.5818341178174


Hyperparameters:
[-1.68404139e+00  8.21381937e+01  1.43487148e-01  1.00000000e-03]
Likelihood gradient:
[ 1.20692017 -0.12346371 82.85701596  0.        ]
Likelihood:
1569.6331453538633


Hyperparameters:
[-1.69083086e+00  8.11341305e+01  1.43340844e-01  1.00000000e-03]
Likelihood gradient:
[ 2.03066329e+00 -1.24798345e-01  1.34919141e+02  0.00000000e+00]
Likelihood:
1569.7275506789601


Hyperparameters:
[-1.70040807e+00  7.92304803e+01  1.43137570e-01  1.00000000e-03]
Likelihood gradient:
[ 3.17798898e+00 -1.27460983e-01  2.07812934e+02  0.00000000e+00]
Likelihood:
1569.9032549875647


Hyperparameters:
[-1.71498501e+00  7.55878716e+01  1.42834209e-01  1.00000000e-03]
Likelihood gradient:
[ 4.88898753e+00 -1.32973715e-01  3.17816164e+02  0.00000000e+00]
Likelihood:
1570.232014293836


Hyperparameters:
[-1.73855914e+00  6.85871580e+01  1.42357319e-01  1.00000000e-03]
Likelihood gradient:
[ 7.56371748e+00 -1.45279153e-01  4.93749302e+02  0.00000000e+00]
Likelihood:
1570.8534209462405


Hyperparameters:
[-1.83285565e+00  4.05843035e+01  1.40449757e-01  1.00000000e-03]
Likelihood gradient:
[ 1.70449269e+01 -2.39495279e-01  1.23663367e+03  0.00000000e+00]
Likelihood:
1573.145452383018


Hyperparameters:
[-2.21004170e+00 -7.14271143e+01  1.32819510e-01  1.00000000e-03]
Likelihood gradient:
[3.87369630e+01 1.33280165e-01 4.78268904e+03 0.00000000e+00]
Likelihood:
1534.2109595919237


Hyperparameters:
[-1.86238051e+00  3.18164241e+01  1.39852487e-01  1.00000000e-03]
Likelihood gradient:
[ 1.96427790e+01 -3.05692588e-01  1.48252576e+03  0.00000000e+00]
Likelihood:
1574.1460096001683


Hyperparameters:
[-1.89224737e+00  2.29469837e+01  1.39248298e-01  1.00000000e-03]
Likelihood gradient:
[ 2.20952211e+01 -4.26194688e-01  1.73755344e+03  0.00000000e+00]
Likelihood:
1575.7256963527952


Hyperparameters:
[-2.05114453e+00 -2.42400653e+01  1.36033904e-01  1.00000000e-03]
Likelihood gradient:
[3.21816380e+01 3.99560296e-01 3.17719918e+03 0.00000000e+00]
Likelihood:
1562.9303505755215


Hyperparameters:
[-1.92663559e+00  1.27348530e+01  1.38552645e-01  1.00000000e-03]
Likelihood gradient:
[ 2.46964350e+01 -7.72117065e-01  2.03829616e+03  0.00000000e+00]
Likelihood:
1579.376326326853


Hyperparameters:
[-1.94923354e+00  6.02403313e+00  1.38095502e-01  1.00000000e-03]
Likelihood gradient:
[ 2.62742484e+01 -1.59230382e+00  2.23947431e+03  0.00000000e+00]
Likelihood:
1585.117190791928


Hyperparameters:
[-1.96843480e+00  3.21911777e-01  1.37707072e-01  1.00000000e-03]
Likelihood gradient:
[  26.87348741  233.23580425 2519.43709092    0.        ]
Likelihood:
1561.7149636827826


Hyperparameters:
[-1.95669660e+00  3.80775787e+00  1.37944529e-01  1.00000000e-03]
Likelihood gradient:
[  26.77244177   -2.37040947 2306.41961707    0.        ]
Likelihood:
1588.8640876708032


Hyperparameters:
[-1.96422268e+00  1.57276633e+00  1.37792281e-01  1.00000000e-03]
Likelihood gradient:
[  27.25917708   -2.87509655 2374.36172447    0.        ]
Likelihood:
1594.832218788306


Hyperparameters:
[-1.96660807e+00  8.64389042e-01  1.37744026e-01  1.00000000e-03]
Likelihood gradient:
[  27.37775244    7.82123866 2400.19143945    0.        ]
Likelihood:
1594.5600208727974


Hyperparameters:
[-1.96541976e+00  1.21727414e+00  1.37768065e-01  1.00000000e-03]
Likelihood gradient:
[ 2.73302993e+01 -8.85604817e-01  2.38589808e+03  0.00000000e+00]
Likelihood:
1595.49316139021


Hyperparameters:
[-1.96562781e+00  1.15549150e+00  1.37763856e-01  1.00000000e-03]
Likelihood gradient:
[ 2.73421344e+01 -1.40412424e-01  2.38805953e+03  0.00000000e+00]
Likelihood:
1595.5100735642682


Hyperparameters:
[-1.96559590e+00  1.16496839e+00  1.37764502e-01  1.00000000e-03]
Likelihood gradient:
[ 2.73378462e+01 -2.69230147e-01  2.38772203e+03  0.00000000e+00]
Likelihood:
1595.5105544794096


Hyperparameters:
[-2.16090240e+00 -5.54890754e+01  1.35631194e-01  1.00000000e-03]
Likelihood gradient:
[3.71947086e+01 1.70544079e-01 3.34206794e+03 0.00000000e+00]
Likelihood:
1549.8699885088026


Hyperparameters:
[-1.96950715e+00  3.04008300e-02  1.37721780e-01  1.00000000e-03]
Likelihood gradient:
[3.99737715e+00 5.18066242e+03 9.02537019e+03 0.00000000e+00]
Likelihood:
1062.125955645225


Hyperparameters:
[-1.96675529e+00  8.28655020e-01  1.37751838e-01  1.00000000e-03]
Likelihood gradient:
[  27.38688357    9.75078915 2397.44166015    0.        ]
Likelihood:
1594.2616883509136


Hyperparameters:
[-1.96561906e+00  1.15825009e+00  1.37764249e-01  1.00000000e-03]
Likelihood gradient:
[ 2.73421060e+01 -1.77398382e-01  2.38786781e+03  0.00000000e+00]
Likelihood:
1595.5108119199895


Hyperparameters:
[-1.96561909e+00  1.15824979e+00  1.37764467e-01  1.00000000e-03]
Likelihood gradient:
[ 2.73385945e+01 -1.80300607e-01  2.38776743e+03  0.00000000e+00]
Likelihood:
1595.5113319660977


Hyperparameters:
[-1.96561923e+00  1.15824863e+00  1.37765339e-01  1.00000000e-03]
Likelihood gradient:
[ 2.73408268e+01 -1.79049687e-01  2.38737048e+03  0.00000000e+00]
Likelihood:
1595.5134117881853


Hyperparameters:
[-1.96561978e+00  1.15824397e+00  1.37768830e-01  1.00000000e-03]
Likelihood gradient:
[ 2.73419999e+01 -1.78648362e-01  2.38577975e+03  0.00000000e+00]
Likelihood:
1595.5217275652594


Hyperparameters:
[-1.96562200e+00  1.15822534e+00  1.37782792e-01  1.00000000e-03]
Likelihood gradient:
[ 2.73464068e+01 -1.76178174e-01  2.37942008e+03  0.00000000e+00]
Likelihood:
1595.5549352026464


Hyperparameters:
[-1.96563087e+00  1.15815080e+00  1.37838640e-01  1.00000000e-03]
Likelihood gradient:
[ 2.73549066e+01 -1.77900541e-01  2.35400897e+03  0.00000000e+00]
Likelihood:
1595.6868784453573


Hyperparameters:
[-1.96566632e+00  1.15785265e+00  1.38062030e-01  1.00000000e-03]
Likelihood gradient:
[ 2.73986668e+01 -1.76585315e-01  2.25286794e+03  0.00000000e+00]
Likelihood:
1596.2005006946874


Hyperparameters:
[-1.96580816e+00  1.15666007e+00  1.38955593e-01  1.00000000e-03]
Likelihood gradient:
[ 2.75837293e+01 -1.62867968e-01  1.85621080e+03  0.00000000e+00]
Likelihood:
1598.0316840860369


Hyperparameters:
[-1.90890397e+00  1.15117033e+00  1.40852811e-01  1.00000000e-03]
Likelihood gradient:
[ 2.38927574e+01 -9.64094405e-02  1.06615329e+03  0.00000000e+00]
Likelihood:
1602.2815664082955


Hyperparameters:
[-1.70348261e+00  1.14238592e+00  1.44174171e-01  1.00000000e-03]
Likelihood gradient:
[ 4.84151812e+00  2.28696237e-02 -1.57089770e+02  0.00000000e+00]
Likelihood:
1606.9300055989734


Hyperparameters:
[-1.67185120e+00  1.14386675e+00  1.44068025e-01  1.00000000e-03]
Likelihood gradient:
[ 7.85852362e-01  4.78118573e-03 -1.06487325e+02  0.00000000e+00]
Likelihood:
1607.0492351221073


Hyperparameters:
[-1.66597813e+00  1.14441389e+00  1.43824188e-01  1.00000000e-03]
Likelihood gradient:
[-8.89650293e-02  3.76511467e-04 -1.46733301e+01  0.00000000e+00]
Likelihood:
1607.0690130369858


Hyperparameters:
[-1.66673361e+00  1.14447667e+00  1.43783712e-01  1.00000000e-03]
Likelihood gradient:
[-0.0064299  -0.00178373 -0.04306448  0.        ]
Likelihood:
1607.0689675825834


Hyperparameters:
[-1.66619851e+00  1.14443220e+00  1.43812381e-01  1.00000000e-03]
Likelihood gradient:
[-6.77672724e-02 -1.41208148e-03 -1.04082159e+01  0.00000000e+00]
Likelihood:
1607.069067465346


Hyperparameters:
[-1.66640750e+00  1.14431090e+00  1.43803194e-01  1.00000000e-03]
Likelihood gradient:
[-4.25210380e-02  8.06069267e-04 -7.10227188e+00  0.00000000e+00]
Likelihood:
1607.069054215157


Hyperparameters:
[-1.66624118e+00  1.14440743e+00  1.43810505e-01  1.00000000e-03]
Likelihood gradient:
[-6.00697117e-02 -5.19459720e-04 -9.73279888e+00  0.00000000e+00]
Likelihood:
1607.0690676510785


Hyperparameters:
[-1.66635095e+00  1.14434372e+00  1.43805680e-01  1.00000000e-03]
Likelihood gradient:
[-5.01822169e-02 -1.89166330e-03 -7.99738188e+00  0.00000000e+00]
Likelihood:
1607.0690613505303


Hyperparameters:
[-1.66626247e+00  1.14439508e+00  1.43809569e-01  1.00000000e-03]
Likelihood gradient:
[-5.78632945e-02  6.68195281e-04 -9.39625660e+00  0.00000000e+00]
Likelihood:
1607.0690672488627


Hyperparameters:
[-1.66624551e+00  1.14440492e+00  1.43810314e-01  1.00000000e-03]
Likelihood gradient:
[-6.14513809e-02 -1.57119114e-03 -9.66506691e+00  0.00000000e+00]
Likelihood:
1607.0690676179656


Hyperparameters:
[-1.66624208e+00  1.14440691e+00  1.43810465e-01  1.00000000e-03]
Likelihood gradient:
[-6.13787992e-02 -1.98087102e-03 -9.71911947e+00  0.00000000e+00]
Likelihood:
1607.0690676470476


Hyperparameters:
[-1.66624137e+00  1.14440732e+00  1.43810496e-01  1.00000000e-03]
Likelihood gradient:
[-6.05980169e-02 -5.93433865e-04 -9.73007959e+00  0.00000000e+00]
Likelihood:
1607.0690676630265


Hyperparameters:
[-1.66624151e+00  1.14440724e+00  1.43810490e-01  1.00000000e-03]
Likelihood gradient:
[-6.31628480e-02 -2.53154125e-03 -9.72850549e+00  0.00000000e+00]
Likelihood:
1607.0690676973527


Hyperparameters:
[-1.66624161e+00  1.14440719e+00  1.43810486e-01  1.00000000e-03]
Likelihood gradient:
[-6.13402460e-02 -1.42615693e-03 -9.72664583e+00  0.00000000e+00]
Likelihood:
1607.0690676911372


Hyperparameters:
[-1.66624153e+00  1.14440723e+00  1.43810490e-01  1.00000000e-03]
Likelihood gradient:
[-6.36970872e-02 -2.10754235e-03 -9.72823099e+00  0.00000000e+00]
Likelihood:
1607.0690676227996


Hyperparameters:
[-1.66624151e+00  1.14440724e+00  1.43810490e-01  1.00000000e-03]
Likelihood gradient:
[-6.00827239e-02  1.07084867e-04 -9.72766670e+00  0.00000000e+00]
Likelihood:
1607.0690676365703


Hyperparameters:
[-1.66624151e+00  1.14440724e+00  1.43810490e-01  1.00000000e-03]
Likelihood gradient:
[-5.99135612e-02 -5.63352694e-04 -9.72785246e+00  0.00000000e+00]
Likelihood:
1607.069067661835


Hyperparameters:
[-1.66624151e+00  1.14440724e+00  1.43810490e-01  1.00000000e-03]
Likelihood gradient:
[-6.14523211e-02 -7.79036028e-04 -9.72793419e+00  0.00000000e+00]
Likelihood:
1607.069067733817


Hyperparameters:
[-1.66640750e+00  1.14431090e+00  1.43803194e-01  1.00000000e-03]
Likelihood gradient:
[-4.14169518e-02  1.45525488e-03 -7.10203063e+00  0.00000000e+00]
Likelihood:
1607.0690541836439


Hyperparameters:
[-1.66629174e+00  1.14437809e+00  1.43808283e-01  1.00000000e-03]
Likelihood gradient:
[-5.59692013e-02 -9.71315617e-04 -8.93343845e+00  0.00000000e+00]
Likelihood:
1607.0690660203782


Hyperparameters:
[-1.66623780e+00  1.14440940e+00  1.43810653e-01  1.00000000e-03]
Likelihood gradient:
[-6.26731871e-02 -2.26072877e-03 -9.78700989e+00  0.00000000e+00]
Likelihood:
1607.0690677072353


Hyperparameters:
[-1.66626880e+00  1.14439141e+00  1.43809291e-01  1.00000000e-03]
Likelihood gradient:
[-6.07359862e-02 -2.33684483e-03 -9.29699383e+00  0.00000000e+00]
Likelihood:
1607.0690669638498


Hyperparameters:
[-1.66624974e+00  1.14440247e+00  1.43810129e-01  1.00000000e-03]
Likelihood gradient:
[-5.99016255e-02 -5.00811500e-04 -9.59772052e+00  0.00000000e+00]
Likelihood:
1607.0690674949992


Hyperparameters:
[-1.66624286e+00  1.14440646e+00  1.43810431e-01  1.00000000e-03]
Likelihood gradient:
[-5.89552221e-02  6.41550552e-04 -9.70634364e+00  0.00000000e+00]
Likelihood:
1607.069067581735


Hyperparameters:
[-1.66623987e+00  1.14440820e+00  1.43810563e-01  1.00000000e-03]
Likelihood gradient:
[-6.19265637e-02 -1.91957273e-03 -9.75436818e+00  0.00000000e+00]
Likelihood:
1607.069067598034


Hyperparameters:
[-1.66623859e+00  1.14440894e+00  1.43810619e-01  1.00000000e-03]
Likelihood gradient:
[-6.26860457e-02 -1.70889288e-03 -9.77438243e+00  0.00000000e+00]
Likelihood:
1607.0690676764088


Hyperparameters:
[-1.66623812e+00  1.14440921e+00  1.43810639e-01  1.00000000e-03]
Likelihood gradient:
[-6.38068767e-02 -2.37176454e-03 -9.78206744e+00  0.00000000e+00]
Likelihood:
1607.0690676749364


Hyperparameters:
[-1.66623791e+00  1.14440933e+00  1.43810649e-01  1.00000000e-03]
Likelihood gradient:
[-6.19497600e-02 -1.05160412e-03 -9.78510723e+00  0.00000000e+00]
Likelihood:
1607.0690677024713


Hyperparameters:
[-1.66623785e+00  1.14440937e+00  1.43810651e-01  1.00000000e-03]
Likelihood gradient:
[-6.30862888e-02 -1.34563026e-03 -9.78620144e+00  0.00000000e+00]
Likelihood:
1607.0690676442691


Hyperparameters:
[-1.66623781e+00  1.14440939e+00  1.43810653e-01  1.00000000e-03]
Likelihood gradient:
[-5.80579506e-02  8.37122193e-04 -9.78625299e+00  0.00000000e+00]
Likelihood:
1607.069067576621


Warning: stress not available
Precomputing KnK for hyps optimization
Done precomputing. Time: 0.005756378173828125
Hyperparameters:
[-1.66619851e+00  1.14443220e+00  1.43812381e-01  1.00000000e-03]
Likelihood gradient:
[4.16565624e+00 1.23437339e+00 2.20419697e+03 0.00000000e+00]
Likelihood:
1613.835930997776


Hyperparameters:
[-1.66428974e+00  1.14499781e+00  1.15381042e+00  1.00000000e-03]
Likelihood gradient:
[ 5.15389358e+01 -2.59672711e+00 -3.67979646e+03  0.00000000e+00]
Likelihood:
-4971.290100809412


Hyperparameters:
[-1.66608950e+00  1.14446451e+00  2.01493459e-01  1.00000000e-03]
Likelihood gradient:
[ 2.45976787e+01  6.53242283e-01 -9.37172730e+03  0.00000000e+00]
Likelihood:
1307.578488883907


Hyperparameters:
[-1.66618697e+00  1.14443562e+00  1.49914660e-01  1.00000000e-03]
Likelihood gradient:
[   6.61565904    1.17175186 -274.74202736    0.        ]
Likelihood:
1619.463769558708


Hyperparameters:
[5.82573579e-02 1.46482519e+00 1.51427057e-01 1.00000000e-03]
Likelihood gradient:
[ 9.52928707e+04 -3.48339392e+00  4.38120305e+04  0.00000000e+00]
Likelihood:
-4030.0215550833436


Hyperparameters:
[-1.66613292e+00  1.14444566e+00  1.49914708e-01  1.00000000e-03]
Likelihood gradient:
[   6.61206732    1.17425659 -274.73705081    0.        ]
Likelihood:
1619.4641532408623


Hyperparameters:
[-1.66607603e+00  1.14445623e+00  1.49914758e-01  1.00000000e-03]
Likelihood gradient:
[   6.60452698    1.17397719 -274.73286541    0.        ]
Likelihood:
1619.464556836805


Hyperparameters:
[-8.03909337e-01  1.30464071e+00  1.50670907e-01  1.00000000e-03]
Likelihood gradient:
[-440.62522143   -1.0828785   742.96659273    0.        ]
Likelihood:
1507.7305349542803


Hyperparameters:
[-1.56646531e+00  1.16296320e+00  1.50002120e-01  1.00000000e-03]
Likelihood gradient:
[  -7.79805245    0.84782464 -262.02739441    0.        ]
Likelihood:
1619.4844772246333


Hyperparameters:
[-1.62071167e+00  1.15288461e+00  1.49954544e-01  1.00000000e-03]
Likelihood gradient:
[   0.48536193    1.02406272 -270.30969554    0.        ]
Likelihood:
1619.6501432529458


Hyperparameters:
[-1.62745307e+00  1.46621004e+00  1.49736712e-01  1.00000000e-03]
Likelihood gradient:
[   1.34429091   -2.18938812 -195.09052429    0.        ]
Likelihood:
1619.4103927436918


Hyperparameters:
[-1.62242128e+00  1.23234360e+00  1.49899302e-01  1.00000000e-03]
Likelihood gradient:
[ 6.98754018e-01 -1.84834971e-01 -2.51505769e+02  0.00000000e+00]
Likelihood:
1619.6935632124232


Hyperparameters:
[-1.62073960e+00  1.22657240e+00  1.49559483e-01  1.00000000e-03]
Likelihood gradient:
[ 3.12581273e-01 -1.03792428e-01 -1.25550240e+02  0.00000000e+00]
Likelihood:
1619.7602655882129


Hyperparameters:
[-1.61959931e+00  1.21930245e+00  1.49220001e-01  1.00000000e-03]
Likelihood gradient:
[-0.00417474 -0.00518072  1.48286958  0.        ]
Likelihood:
1619.7825589930517


Hyperparameters:
[-1.61961621e+00  1.21896935e+00  1.49223922e-01  1.00000000e-03]
Likelihood gradient:
[-0.0032812  -0.00205075  0.00851844  0.        ]
Likelihood:
1619.7825532373809


Hyperparameters:
[-1.61960149e+00  1.21925934e+00  1.49220509e-01  1.00000000e-03]
Likelihood gradient:
[ 1.38269585e-03 -1.04498418e-03  1.29340405e+00  0.00000000e+00]
Likelihood:
1619.7825586341478


Hyperparameters:
[-1.61959964e+00  1.21929579e+00  1.49220080e-01  1.00000000e-03]
Likelihood gradient:
[-0.00375759 -0.00423483  1.45368269  0.        ]
Likelihood:
1619.7825589562735


Hyperparameters:
[-1.61959936e+00  1.21930137e+00  1.49220014e-01  1.00000000e-03]
Likelihood gradient:
[-0.00379534 -0.0046492   1.47842872  0.        ]
Likelihood:
1619.7825589728263


Hyperparameters:
[-1.61959931e+00  1.21930234e+00  1.49220003e-01  1.00000000e-03]
Likelihood gradient:
[-9.26680180e-04 -2.42002053e-03  1.48340391e+00  0.00000000e+00]
Likelihood:
1619.7825590028324


Hyperparameters:
[-1.61959923e+00  1.21930225e+00  1.49220016e-01  1.00000000e-03]
Likelihood gradient:
[-8.59594213e-04 -3.11877783e-03  1.47817458e+00  0.00000000e+00]
Likelihood:
1619.7825590595057


Hyperparameters:
[-1.61959893e+00  1.21930187e+00  1.49220069e-01  1.00000000e-03]
Likelihood gradient:
[-0.00495794 -0.00502202  1.45768564  0.        ]
Likelihood:
1619.7825593540229


Hyperparameters:
[-1.61959769e+00  1.21930037e+00  1.49220280e-01  1.00000000e-03]
Likelihood gradient:
[-0.00547705 -0.00511123  1.37903589  0.        ]
Likelihood:
1619.7825602910361


Hyperparameters:
[-1.61959276e+00  1.21929437e+00  1.49221126e-01  1.00000000e-03]
Likelihood gradient:
[-0.0031425  -0.00365174  1.06498475  0.        ]
Likelihood:
1619.7825640778992


Hyperparameters:
[-1.61958118e+00  1.21927978e+00  1.49223987e-01  1.00000000e-03]
Likelihood gradient:
[-0.00118708 -0.00214737 -0.00108014  0.        ]
Likelihood:
1619.7825717087771


Hyperparameters:
[-1.61957258e+00  1.21926957e+00  1.49224002e-01  1.00000000e-03]
Likelihood gradient:
[-0.00490827 -0.00309987 -0.00308857  0.        ]
Likelihood:
1619.7825765220887


Hyperparameters:
[-1.61957667e+00  1.21927442e+00  1.49223994e-01  1.00000000e-03]
Likelihood gradient:
[-0.00342283 -0.00367866 -0.00228761  0.        ]
Likelihood:
1619.7825743418443


Hyperparameters:
[-1.61956544e+00  1.21926078e+00  1.49224007e-01  1.00000000e-03]
Likelihood gradient:
[-0.00723424 -0.00433902 -0.0021854   0.        ]
Likelihood:
1619.7825804275171


Hyperparameters:
[-1.61957278e+00  1.21926970e+00  1.49223999e-01  1.00000000e-03]
Likelihood gradient:
[-0.00208784 -0.00201508 -0.00170596  0.        ]
Likelihood:
1619.7825765242233


Hyperparameters:
[-1.61957087e+00  1.21926733e+00  1.49223998e-01  1.00000000e-03]
Likelihood gradient:
[-0.00598118 -0.00428187 -0.00125578  0.        ]
Likelihood:
1619.7825775421352


Hyperparameters:
[-1.61957206e+00  1.21926880e+00  1.49223998e-01  1.00000000e-03]
Likelihood gradient:
[-0.00368776 -0.0025889  -0.00147108  0.        ]
Likelihood:
1619.7825769034162


Hyperparameters:
[-1.61957087e+00  1.21926733e+00  1.49223998e-01  1.00000000e-03]
Likelihood gradient:
[-0.00929718 -0.00552427 -0.0019603   0.        ]
Likelihood:
1619.7825774707908


Hyperparameters:
[-1.61957087e+00  1.21926733e+00  1.49223998e-01  1.00000000e-03]
Likelihood gradient:
[-0.00786723 -0.00522702 -0.00167066  0.        ]
Likelihood:
1619.7825775394676


Hyperparameters:
[-1.61957087e+00  1.21926733e+00  1.49223998e-01  1.00000000e-03]
Likelihood gradient:
[-0.00440572 -0.00329531 -0.00090607  0.        ]
Likelihood:
1619.7825775307592


Hyperparameters:
[-1.61957146e+00  1.21926792e+00  1.49223996e-01  1.00000000e-03]
Likelihood gradient:
[-0.00345524 -0.00318421 -0.00045318  0.        ]
Likelihood:
1619.7825770957197


Hyperparameters:
[-1.61957087e+00  1.21926733e+00  1.49223998e-01  1.00000000e-03]
Likelihood gradient:
[-0.00573559 -0.00409628 -0.00101893  0.        ]
Likelihood:
1619.7825774809153


Hyperparameters:
[-1.61957087e+00  1.21926733e+00  1.49223998e-01  1.00000000e-03]
Likelihood gradient:
[-0.006095   -0.00470186 -0.00130007  0.        ]
Likelihood:
1619.7825774403946


Hyperparameters:
[-1.61957146e+00  1.21926792e+00  1.49223996e-01  1.00000000e-03]
Likelihood gradient:
[-0.00628196 -0.00472272 -0.00086914  0.        ]
Likelihood:
1619.7825771177186


Hyperparameters:
[-1.61957117e+00  1.21926763e+00  1.49223997e-01  1.00000000e-03]
Likelihood gradient:
[-0.00638112 -0.00398424 -0.00094752  0.        ]
Likelihood:
1619.7825772467486


Hyperparameters:
[-1.61957102e+00  1.21926748e+00  1.49223998e-01  1.00000000e-03]
Likelihood gradient:
[-0.00843607 -0.00515468 -0.00159527  0.        ]
Likelihood:
1619.7825773899385


Hyperparameters:
[-1.61957095e+00  1.21926741e+00  1.49223998e-01  1.00000000e-03]
Likelihood gradient:
[-0.00509722 -0.00397706 -0.00108868  0.        ]
Likelihood:
1619.7825773311424


Hyperparameters:
[-1.61957091e+00  1.21926737e+00  1.49223998e-01  1.00000000e-03]
Likelihood gradient:
[-0.00747847 -0.00492879 -0.00134105  0.        ]
Likelihood:
1619.7825774525163


Hyperparameters:
[-1.61957089e+00  1.21926735e+00  1.49223998e-01  1.00000000e-03]
Likelihood gradient:
[-0.00533006 -0.00306535 -0.00091505  0.        ]
Likelihood:
1619.782577393039


Hyperparameters:
[-1.61957088e+00  1.21926734e+00  1.49223998e-01  1.00000000e-03]
Likelihood gradient:
[-0.00642002 -0.0037333  -0.00115556  0.        ]
Likelihood:
1619.7825773798631


Hyperparameters:
[-1.61957088e+00  1.21926734e+00  1.49223998e-01  1.00000000e-03]
Likelihood gradient:
[-0.00659384 -0.00466278 -0.00139296  0.        ]
Likelihood:
1619.7825773788027


Hyperparameters:
[-1.61957087e+00  1.21926734e+00  1.49223998e-01  1.00000000e-03]
Likelihood gradient:
[-0.00800326 -0.00578995 -0.00183085  0.        ]
Likelihood:
1619.7825773796703


Hyperparameters:
[-1.61957087e+00  1.21926733e+00  1.49223998e-01  1.00000000e-03]
Likelihood gradient:
[-0.00882968 -0.00503661 -0.00172451  0.        ]
Likelihood:
1619.782577312615


Hyperparameters:
[-1.61957087e+00  1.21926733e+00  1.49223998e-01  1.00000000e-03]
Likelihood gradient:
[-0.00359719 -0.00265561 -0.00101252  0.        ]
Likelihood:
1619.7825774408993


Hyperparameters:
[-1.61957087e+00  1.21926733e+00  1.49223998e-01  1.00000000e-03]
Likelihood gradient:
[-0.00344785 -0.00243305 -0.00075045  0.        ]
Likelihood:
1619.7825773694613


Warning: stress not available
Precomputing KnK for hyps optimization
Done precomputing. Time: 0.00639653205871582
Hyperparameters:
[-1.61957087e+00  1.21926733e+00  1.49223998e-01  1.00000000e-03]
Likelihood gradient:
[ -13.7834513    -1.91590723 1217.0846635     0.        ]
Likelihood:
1682.3127778632643


Hyperparameters:
[-1.63100835e+00  1.21767752e+00  1.15915798e+00  1.00000000e-03]
Likelihood gradient:
[ 5.22603553e+01 -3.20676669e+00 -3.97226281e+03  0.00000000e+00]
Likelihood:
-5399.709436259371


Hyperparameters:
[-1.61993810e+00  1.21921629e+00  1.81650043e-01  1.00000000e-03]
Likelihood gradient:
[ 2.03007168e+00 -1.98118109e+00 -7.43526809e+03  0.00000000e+00]
Likelihood:
1557.5642593331086


Hyperparameters:
[-1.61960619e+00  1.21926242e+00  1.52342848e-01  1.00000000e-03]
Likelihood gradient:
[-12.1539136   -1.92090281 -60.91997857   0.        ]
Likelihood:
1684.0820292041935


Hyperparameters:
[-1.90474342e+00  1.17448870e+00  1.51975997e-01  1.00000000e-03]
Likelihood gradient:
[ 21.5625707   -1.40394273 -24.5332158    0.        ]
Likelihood:
1682.180598338501


Hyperparameters:
[-1.70159159e+00  1.20638865e+00  1.52237367e-01  1.00000000e-03]
Likelihood gradient:
[ -0.07285732  -1.7847393  -58.30197942   0.        ]
Likelihood:
1684.555766196464


Hyperparameters:
[-1.69640518e+00  6.71103248e-01  1.52203377e-01  1.00000000e-03]
Likelihood gradient:
[ -0.79231543  25.70530336 -35.99544092   0.        ]
Likelihood:
1681.0997396750936


Hyperparameters:
[-1.70045208e+00  1.08878046e+00  1.52229899e-01  1.00000000e-03]
Likelihood gradient:
[-2.39712612e-01 -4.25803585e-02 -5.45817585e+01  0.00000000e+00]
Likelihood:
1684.6726230124204


Hyperparameters:
[-1.70253185e+00  1.08592016e+00  1.52093835e-01  1.00000000e-03]
Likelihood gradient:
[-0.02054379  0.00920023 -2.22145388  0.        ]
Likelihood:
1684.6757976414801


Hyperparameters:
[-1.70269897e+00  1.08656426e+00  1.52087812e-01  1.00000000e-03]
Likelihood gradient:
[0.0040199  0.00180379 0.06829946 0.        ]
Likelihood:
1684.67573048539


Hyperparameters:
[-1.70253991e+00  1.08595124e+00  1.52093544e-01  1.00000000e-03]
Likelihood gradient:
[-0.01183149  0.0158201  -2.10951725  0.        ]
Likelihood:
1684.6757950743722


Hyperparameters:
[-1.70253227e+00  1.08592178e+00  1.52093820e-01  1.00000000e-03]
Likelihood gradient:
[-0.01403613  0.01586791 -2.21421604  0.        ]
Likelihood:
1684.6757976292465


Hyperparameters:
[-1.70253191e+00  1.08592041e+00  1.52093833e-01  1.00000000e-03]
Likelihood gradient:
[-0.0162563   0.01254197 -2.21977879  0.        ]
Likelihood:
1684.6757976514182


Hyperparameters:
[-1.70253196e+00  1.08592059e+00  1.52093831e-01  1.00000000e-03]
Likelihood gradient:
[-0.01444902  0.0140945  -2.21888566  0.        ]
Likelihood:
1684.6757977221187


Hyperparameters:
[-1.70253211e+00  1.08592119e+00  1.52093825e-01  1.00000000e-03]
Likelihood gradient:
[-0.0151325   0.01342756 -2.21684437  0.        ]
Likelihood:
1684.6757976021745


Hyperparameters:
[-1.70253196e+00  1.08592061e+00  1.52093831e-01  1.00000000e-03]
Likelihood gradient:
[-0.01295533  0.0170125  -2.21826604  0.        ]
Likelihood:
1684.6757977051193


Hyperparameters:
[-1.70253196e+00  1.08592059e+00  1.52093831e-01  1.00000000e-03]
Likelihood gradient:
[-0.01587581  0.01303039 -2.21910191  0.        ]
Likelihood:
1684.6757977914658


Hyperparameters:
[-1.70253196e+00  1.08592059e+00  1.52093831e-01  1.00000000e-03]
Likelihood gradient:
[-0.01523424  0.01300244 -2.21879809  0.        ]
Likelihood:
1684.6757977818625


Hyperparameters:
[-1.70253196e+00  1.08592059e+00  1.52093831e-01  1.00000000e-03]
Likelihood gradient:
[-0.01543735  0.01384684 -2.21872949  0.        ]
Likelihood:
1684.6757977724592


Hyperparameters:
[-1.70269897e+00  1.08656426e+00  1.52087812e-01  1.00000000e-03]
Likelihood gradient:
[0.00343073 0.00120305 0.06845441 0.        ]
Likelihood:
1684.67573060229


Hyperparameters:
[-1.70255301e+00  1.08600173e+00  1.52093072e-01  1.00000000e-03]
Likelihood gradient:
[-0.01445582  0.01086685 -1.93092231  0.        ]
Likelihood:
1684.6757906752719


Hyperparameters:
[-1.70253494e+00  1.08593209e+00  1.52093723e-01  1.00000000e-03]
Likelihood gradient:
[-0.01203577  0.01610719 -2.17752741  0.        ]
Likelihood:
1684.675796706164


Hyperparameters:
[-1.70253233e+00  1.08592201e+00  1.52093818e-01  1.00000000e-03]
Likelihood gradient:
[-0.01323513  0.01566833 -2.21329792  0.        ]
Likelihood:
1684.6757976232202


Hyperparameters:
[-1.70253202e+00  1.08592085e+00  1.52093829e-01  1.00000000e-03]
Likelihood gradient:
[-0.01678589  0.01278026 -2.21809196  0.        ]
Likelihood:
1684.6757977265788


Hyperparameters:
[-1.70253207e+00  1.08592102e+00  1.52093827e-01  1.00000000e-03]
Likelihood gradient:
[-0.01530984  0.01402804 -2.21748458  0.        ]
Likelihood:
1684.6757976586978


Hyperparameters:
[-1.70253205e+00  1.08592094e+00  1.52093828e-01  1.00000000e-03]
Likelihood gradient:
[-0.01315068  0.01506843 -2.21740682  0.        ]
Likelihood:
1684.6757976609733


Hyperparameters:
[-1.70253204e+00  1.08592089e+00  1.52093828e-01  1.00000000e-03]
Likelihood gradient:
[-0.01769204  0.01222444 -2.21827461  0.        ]
Likelihood:
1684.675797694852


Hyperparameters:
[-1.70253203e+00  1.08592087e+00  1.52093828e-01  1.00000000e-03]
Likelihood gradient:
[-0.0153749   0.01461395 -2.21791298  0.        ]
Likelihood:
1684.675797686662


Hyperparameters:
[-1.70253203e+00  1.08592086e+00  1.52093828e-01  1.00000000e-03]
Likelihood gradient:
[-0.0168055   0.01220636 -2.21855208  0.        ]
Likelihood:
1684.6757977287016


Hyperparameters:
[-1.70253203e+00  1.08592086e+00  1.52093828e-01  1.00000000e-03]
Likelihood gradient:
[-0.01729612  0.01161176 -2.21847142  0.        ]
Likelihood:
1684.6757976892077


Hyperparameters:
[-1.70253203e+00  1.08592086e+00  1.52093828e-01  1.00000000e-03]
Likelihood gradient:
[-0.01353845  0.01442385 -2.21764597  0.        ]
Likelihood:
1684.675797774763


Warning: stress not available
Precomputing KnK for hyps optimization
Done precomputing. Time: 0.00809168815612793
Hyperparameters:
[-1.70253185e+00  1.08592016e+00  1.52093835e-01  1.00000000e-03]
Likelihood gradient:
[-3.23633507e+01  1.06563649e+00 -4.29304287e+03  0.00000000e+00]
Likelihood:
2129.606171315516


Hyperparameters:
[-1.71014557e+00  1.08617086e+00 -8.57877436e-01  1.00000000e-03]
Likelihood gradient:
[ 5.74554173e+01 -2.70289063e+00  5.67427715e+03  0.00000000e+00]
Likelihood:
-4332.368076285791


Hyperparameters:
[-1.70333715e+00  1.08594667e+00  4.52689724e-02  1.00000000e-03]
Likelihood gradient:
[-8.64865581e+01  1.80534466e+00  9.49718318e+05  0.00000000e+00]
Likelihood:
-13752.065007602876


Hyperparameters:
[-1.70274431e+00  1.08592715e+00  1.23910752e-01  1.00000000e-03]
Likelihood gradient:
[-4.73456602e+01  1.31147145e+00  1.20403835e+04  0.00000000e+00]
Likelihood:
2058.6423729188264


Hyperparameters:
[-1.70260571e+00  1.08592259e+00  1.42295349e-01  1.00000000e-03]
Likelihood gradient:
[ -37.46756812    1.15597307 -351.08698294    0.        ]
Likelihood:
2153.4589574161055


Hyperparameters:
[-2.97170559e+00  1.12487757e+00  1.40621943e-01  1.00000000e-03]
Likelihood gradient:
[ 48.02507598   0.40367587 246.78265591   0.        ]
Likelihood:
2124.1350051057307


Hyperparameters:
[-1.98639858e+00  1.09463360e+00  1.41921146e-01  1.00000000e-03]
Likelihood gradient:
[   4.78492334    0.98974259 -281.52085114    0.        ]
Likelihood:
2157.489402588306


Hyperparameters:
[-1.95182327e+00  2.10829608e+00  1.41224948e-01  1.00000000e-03]
Likelihood gradient:
[ 0.68545721 -4.28056129 65.70221553  0.        ]
Likelihood:
2154.4093832704493


Hyperparameters:
[-1.98310164e+00  1.19129171e+00  1.41854760e-01  1.00000000e-03]
Likelihood gradient:
[   4.4015279    -0.84278275 -249.25176349    0.        ]
Likelihood:
2157.5242999705188


Hyperparameters:
[-1.97664385e+00  1.18264895e+00  1.41715204e-01  1.00000000e-03]
Likelihood gradient:
[   3.66197313   -0.70624608 -179.92118138    0.        ]
Likelihood:
2157.5890237091226


Hyperparameters:
[-1.95716232e+00  1.15576584e+00  1.41490578e-01  1.00000000e-03]
Likelihood gradient:
[  1.40931029  -0.25417151 -64.8720719    0.        ]
Likelihood:
2157.6853743716674


Hyperparameters:
[-1.94500647e+00  1.14049888e+00  1.41363888e-01  1.00000000e-03]
Likelihood gradient:
[-0.04280906  0.02488987  0.86986974  0.        ]
Likelihood:
2157.703547748224


Hyperparameters:
[-1.94537392e+00  1.14184018e+00  1.41365450e-01  1.00000000e-03]
Likelihood gradient:
[ 0.0016378   0.00031076 -0.01537083  0.        ]
Likelihood:
2157.7034524548526


Hyperparameters:
[-1.94503213e+00  1.14059255e+00  1.41363997e-01  1.00000000e-03]
Likelihood gradient:
[-0.03698755  0.02556113  0.80892865  0.        ]
Likelihood:
2157.703542721707


Hyperparameters:
[-1.94500838e+00  1.14050586e+00  1.41363896e-01  1.00000000e-03]
Likelihood gradient:
[-0.03853248  0.02809354  0.86649169  0.        ]
Likelihood:
2157.703547375627


Hyperparameters:
[-1.94500661e+00  1.14049940e+00  1.41363888e-01  1.00000000e-03]
Likelihood gradient:
[-0.03847723  0.02868935  0.87087676  0.        ]
Likelihood:
2157.7035476994442


Hyperparameters:
[-1.94500648e+00  1.14049891e+00  1.41363888e-01  1.00000000e-03]
Likelihood gradient:
[-0.04170883  0.02585212  0.8701568   0.        ]
Likelihood:
2157.7035477386507


Hyperparameters:
[-1.94500647e+00  1.14049888e+00  1.41363888e-01  1.00000000e-03]
Likelihood gradient:
[-0.04272103  0.02565104  0.87022027  0.        ]
Likelihood:
2157.703547728629


Hyperparameters:
[-1.94500647e+00  1.14049888e+00  1.41363888e-01  1.00000000e-03]
Likelihood gradient:
[-0.03916952  0.02756337  0.87068861  0.        ]
Likelihood:
2157.70354777575


Hyperparameters:
[-1.94500647e+00  1.14049888e+00  1.41363888e-01  1.00000000e-03]
Likelihood gradient:
[-0.03874614  0.02929534  0.87120946  0.        ]
Likelihood:
2157.703547722039


Hyperparameters:
[-1.94500647e+00  1.14049888e+00  1.41363888e-01  1.00000000e-03]
Likelihood gradient:
[-0.03909616  0.02759974  0.87098905  0.        ]
Likelihood:
2157.703547726819


Hyperparameters:
[-1.94537392e+00  1.14184018e+00  1.41365450e-01  1.00000000e-03]
Likelihood gradient:
[ 0.00266044  0.0006781  -0.01497786  0.        ]
Likelihood:
2157.7034524344035


Hyperparameters:
[-1.94507008e+00  1.14073107e+00  1.41364158e-01  1.00000000e-03]
Likelihood gradient:
[-0.033434    0.02145321  0.71709272  0.        ]
Likelihood:
2157.703534882641


Hyperparameters:
[-1.94501933e+00  1.14054584e+00  1.41363943e-01  1.00000000e-03]
Likelihood gradient:
[-0.03820841  0.027392    0.84001185  0.        ]
Likelihood:
2157.7035452576365


Hyperparameters:
[-1.94500914e+00  1.14050862e+00  1.41363899e-01  1.00000000e-03]
Likelihood gradient:
[-0.04041178  0.02615274  0.86404112  0.        ]
Likelihood:
2157.7035472750595


Hyperparameters:
[-1.94500705e+00  1.14050101e+00  1.41363890e-01  1.00000000e-03]
Likelihood gradient:
[-0.03976114  0.02767216  0.86939548  0.        ]
Likelihood:
2157.703547607074


Hyperparameters:
[-1.94500658e+00  1.14049927e+00  1.41363888e-01  1.00000000e-03]
Likelihood gradient:
[-0.03952413  0.02811894  0.87067195  0.        ]
Likelihood:
2157.703547619073


Hyperparameters:
[-1.94500652e+00  1.14049907e+00  1.41363888e-01  1.00000000e-03]
Likelihood gradient:
[-0.04016184  0.02720632  0.87082614  0.        ]
Likelihood:
2157.7035476565616


Hyperparameters:
[-1.94500650e+00  1.14049898e+00  1.41363888e-01  1.00000000e-03]
Likelihood gradient:
[-0.04257169  0.02593689  0.87032371  0.        ]
Likelihood:
2157.703547713697


Hyperparameters:
[-1.94500648e+00  1.14049893e+00  1.41363888e-01  1.00000000e-03]
Likelihood gradient:
[-0.03881202  0.02793548  0.87081573  0.        ]
Likelihood:
2157.703547632672


Hyperparameters:
[-1.94500648e+00  1.14049891e+00  1.41363888e-01  1.00000000e-03]
Likelihood gradient:
[-0.04407935  0.02332527  0.86955404  0.        ]
Likelihood:
2157.7035476544715


Hyperparameters:
[-1.94500647e+00  1.14049889e+00  1.41363888e-01  1.00000000e-03]
Likelihood gradient:
[-0.0414593   0.02643701  0.87017979  0.        ]
Likelihood:
2157.7035476840692


Hyperparameters:
[-1.94500647e+00  1.14049889e+00  1.41363888e-01  1.00000000e-03]
Likelihood gradient:
[-0.04264646  0.02551214  0.86961513  0.        ]
Likelihood:
2157.7035476902056


Warning: stress not available
Precomputing KnK for hyps optimization
Done precomputing. Time: 0.010570287704467773
Hyperparameters:
[-1.94500647e+00  1.14049888e+00  1.41363888e-01  1.00000000e-03]
Likelihood gradient:
[ 1.39605373e+01 -1.77067486e-01 -2.34702555e+03  0.00000000e+00]
Likelihood:
2501.739768432777


Hyperparameters:
[-1.93899891e+00  1.14042268e+00 -8.68618242e-01  1.00000000e-03]
Likelihood gradient:
[ 6.10270226e+01 -3.89760609e+00  6.02485796e+03  0.00000000e+00]
Likelihood:
-4711.823443763759


Hyperparameters:
[-1.94463773e+00  1.14049420e+00  7.93726766e-02  1.00000000e-03]
Likelihood gradient:
[5.65046835e-01 1.43408739e-01 1.31143439e+05 0.00000000e+00]
Likelihood:
177.4041515694953


Hyperparameters:
[-1.94495773e+00  1.14049826e+00  1.33169286e-01  1.00000000e-03]
Likelihood gradient:
[ 1.21184768e+01 -1.25094596e-01  2.21722312e+03  0.00000000e+00]
Likelihood:
2503.203614835171


Hyperparameters:
[-1.94498140e+00  1.14049856e+00  1.37149925e-01  1.00000000e-03]
Likelihood gradient:
[ 1.30112815e+01 -1.52900446e-01 -1.70442782e+02  0.00000000e+00]
Likelihood:
2507.1612683954572


Hyperparameters:
[-1.09885767e+00  1.13062209e+00  1.37497456e-01  1.00000000e-03]
Likelihood gradient:
[-3.11012643e+02  2.53922146e-02  3.66590120e+02  0.00000000e+00]
Likelihood:
2428.559580934655


Hyperparameters:
[-1.82784317e+00  1.13913125e+00  1.37198038e-01  1.00000000e-03]
Likelihood gradient:
[-1.94321324e+00 -1.27343684e-01 -1.66729255e+02  0.00000000e+00]
Likelihood:
2507.8845053133555


Hyperparameters:
[-1.84389092e+00  1.01032862e+00  1.36868968e-01  1.00000000e-03]
Likelihood gradient:
[ 0.27317981  3.3467083  13.77119184  0.        ]
Likelihood:
2507.730334779686


Hyperparameters:
[-1.83117988e+00  1.11235005e+00  1.37129616e-01  1.00000000e-03]
Likelihood gradient:
[  -1.47521806    0.44530159 -129.44749707    0.        ]
Likelihood:
2507.8948942458537


Hyperparameters:
[-1.83525503e+00  1.12103726e+00  1.37043825e-01  1.00000000e-03]
Likelihood gradient:
[ -0.91063305   0.2551624  -82.8079568    0.        ]
Likelihood:
2507.910294277014


Hyperparameters:
[-1.84181337e+00  1.13264550e+00  1.36891124e-01  1.00000000e-03]
Likelihood gradient:
[-0.02232475  0.0071814   0.83951001  0.        ]
Likelihood:
2507.9185674739747


Hyperparameters:
[-1.84198339e+00  1.13298453e+00  1.36892720e-01  1.00000000e-03]
Likelihood gradient:
[ 0.00448555  0.00212468 -0.10913624  0.        ]
Likelihood:
2507.918505399827


Hyperparameters:
[-1.84181663e+00  1.13265200e+00  1.36891154e-01  1.00000000e-03]
Likelihood gradient:
[-0.01831177  0.00970506  0.82226518  0.        ]
Likelihood:
2507.9185663545068


Hyperparameters:
[-1.84181343e+00  1.13264563e+00  1.36891124e-01  1.00000000e-03]
Likelihood gradient:
[-0.0178034   0.01118223  0.84038261  0.        ]
Likelihood:
2507.9185675324134


Hyperparameters:
[-1.84181350e+00  1.13264575e+00  1.36891125e-01  1.00000000e-03]
Likelihood gradient:
[-0.01967442  0.00939097  0.83957696  0.        ]
Likelihood:
2507.918567440751


Hyperparameters:
[-1.84181344e+00  1.13264563e+00  1.36891124e-01  1.00000000e-03]
Likelihood gradient:
[-0.02371384  0.00602525  0.83882617  0.        ]
Likelihood:
2507.9185674822693


Hyperparameters:
[-1.84181343e+00  1.13264563e+00  1.36891124e-01  1.00000000e-03]
Likelihood gradient:
[-0.01922412  0.00896676  0.83982608  0.        ]
Likelihood:
2507.918567495226


Hyperparameters:
[-1.84181343e+00  1.13264563e+00  1.36891124e-01  1.00000000e-03]
Likelihood gradient:
[-0.02216855  0.00654126  0.83902182  0.        ]
Likelihood:
2507.918567464694


Hyperparameters:
[-1.84198339e+00  1.13298453e+00  1.36892720e-01  1.00000000e-03]
Likelihood gradient:
[ 0.00037275 -0.00090578 -0.10988189  0.        ]
Likelihood:
2507.9185053186084


Hyperparameters:
[-1.84189838e+00  1.13281502e+00  1.36891922e-01  1.00000000e-03]
Likelihood gradient:
[-0.00998091  0.00389698  0.36489667  0.        ]
Likelihood:
2507.918537453139


Hyperparameters:
[-1.84185588e+00  1.13273026e+00  1.36891523e-01  1.00000000e-03]
Likelihood gradient:
[-0.01529764  0.00614863  0.60241773  0.        ]
Likelihood:
2507.918552725241


Hyperparameters:
[-1.84183462e+00  1.13268788e+00  1.36891323e-01  1.00000000e-03]
Likelihood gradient:
[-0.01637742  0.00812624  0.72158991  0.        ]
Likelihood:
2507.9185602429225


Hyperparameters:
[-1.84182400e+00  1.13266669e+00  1.36891223e-01  1.00000000e-03]
Likelihood gradient:
[-0.01484662  0.01105297  0.7816774   0.        ]
Likelihood:
2507.918563840245


Hyperparameters:
[-1.84181868e+00  1.13265609e+00  1.36891174e-01  1.00000000e-03]
Likelihood gradient:
[-0.01942943  0.00828783  0.81018182  0.        ]
Likelihood:
2507.9185656884993


Hyperparameters:
[-1.84181603e+00  1.13265080e+00  1.36891149e-01  1.00000000e-03]
Likelihood gradient:
[-0.023302    0.00601848  0.82440672  0.        ]
Likelihood:
2507.9185666361445


Hyperparameters:
[-1.84181470e+00  1.13264815e+00  1.36891136e-01  1.00000000e-03]
Likelihood gradient:
[-0.01925648  0.00856519  0.83259239  0.        ]
Likelihood:
2507.9185670926236


Hyperparameters:
[-1.84181404e+00  1.13264682e+00  1.36891130e-01  1.00000000e-03]
Likelihood gradient:
[-0.02150014  0.00840907  0.83586999  0.        ]
Likelihood:
2507.918567322302


Hyperparameters:
[-1.84181370e+00  1.13264616e+00  1.36891127e-01  1.00000000e-03]
Likelihood gradient:
[-0.01896838  0.01031965  0.8387012   0.        ]
Likelihood:
2507.918567464534


Hyperparameters:
[-1.84181352e+00  1.13264579e+00  1.36891125e-01  1.00000000e-03]
Likelihood gradient:
[-0.01805319  0.01030399  0.83972764  0.        ]
Likelihood:
2507.918567578665


Hyperparameters:
[-1.84181361e+00  1.13264598e+00  1.36891126e-01  1.00000000e-03]
Likelihood gradient:
[-0.01923809  0.0104149   0.83951797  0.        ]
Likelihood:
2507.9185674426017


Warning: stress not available
Precomputing KnK for hyps optimization
Done precomputing. Time: 0.009882926940917969
Hyperparameters:
[-1.84181337e+00  1.13264550e+00  1.36891124e-01  1.00000000e-03]
Likelihood gradient:
[-1.17854779e+01  4.51434141e-01 -7.29844408e+02  0.00000000e+00]
Likelihood:
2729.4379837962297


Hyperparameters:
[-1.85812065e+00  1.13327014e+00 -8.72977027e-01  1.00000000e-03]
Likelihood gradient:
[ 6.01507522e+01 -4.15109357e+00  6.40035827e+03  0.00000000e+00]
Likelihood:
-5047.364691404744


Hyperparameters:
[-1.84214660e+00  1.13265826e+00  1.16255103e-01  1.00000000e-03]
Likelihood gradient:
[-1.82978334e+01  6.23580606e-01  1.75228735e+04  0.00000000e+00]
Likelihood:
2580.67813892933


Hyperparameters:
[-1.84183154e+00  1.13264620e+00  1.35766055e-01  1.00000000e-03]
Likelihood gradient:
[-12.14089834   0.46124289 -58.29663268   0.        ]
Likelihood:
2729.8841569056767


Hyperparameters:
[-1.91576813e+00  1.13545316e+00  1.35726287e-01  1.00000000e-03]
Likelihood gradient:
[ -0.87538628   0.40444172 -55.5889188    0.        ]
Likelihood:
2730.3296082913694


Hyperparameters:
[-1.91976247e+00  1.53680915e+00  1.35625394e-01  1.00000000e-03]
Likelihood gradient:
[-0.36522777 -4.12900353  3.38338861  0.        ]
Likelihood:
2729.346998458883


Hyperparameters:
[-1.91598267e+00  1.15700995e+00  1.35720868e-01  1.00000000e-03]
Likelihood gradient:
[ -0.84831751  -0.06995889 -52.51189745   0.        ]
Likelihood:
2730.333521035176


Hyperparameters:
[-1.92058767e+00  1.15461439e+00  1.35647939e-01  1.00000000e-03]
Likelihood gradient:
[-0.22350703 -0.01707226 -9.13373863  0.        ]
Likelihood:
2730.3367519930543


Hyperparameters:
[-1.92220405e+00  1.15383330e+00  1.35632147e-01  1.00000000e-03]
Likelihood gradient:
[-0.00980844 -0.00427214  0.1149038   0.        ]
Likelihood:
2730.336462484096


Hyperparameters:
[-1.92083989e+00  1.15449251e+00  1.35645475e-01  1.00000000e-03]
Likelihood gradient:
[-0.19533522 -0.0180547  -7.69236425  0.        ]
Likelihood:
2730.3367404958844


Hyperparameters:
[-1.92063443e+00  1.15459179e+00  1.35647482e-01  1.00000000e-03]
Likelihood gradient:
[-0.22461121 -0.02211779 -8.86852659  0.        ]
Likelihood:
2730.336750812543


Hyperparameters:
[-1.92059659e+00  1.15461008e+00  1.35647852e-01  1.00000000e-03]
Likelihood gradient:
[-0.22960033 -0.02187389 -9.08474129  0.        ]
Likelihood:
2730.3367517363913


Hyperparameters:
[-1.92058934e+00  1.15461358e+00  1.35647923e-01  1.00000000e-03]
Likelihood gradient:
[-0.22400435 -0.01789226 -9.124693    0.        ]
Likelihood:
2730.336751825944


Hyperparameters:
[-1.92058792e+00  1.15461427e+00  1.35647937e-01  1.00000000e-03]
Likelihood gradient:
[-0.23115578 -0.02232996 -9.13487892  0.        ]
Likelihood:
2730.33675187689


Hyperparameters:
[-1.92058769e+00  1.15461438e+00  1.35647939e-01  1.00000000e-03]
Likelihood gradient:
[-0.23008256 -0.02205695 -9.13584904  0.        ]
Likelihood:
2730.3367518331233


Hyperparameters:
[-1.92058767e+00  1.15461439e+00  1.35647939e-01  1.00000000e-03]
Likelihood gradient:
[-0.22744412 -0.01950381 -9.13505047  0.        ]
Likelihood:
2730.3367518182804


Hyperparameters:
[-1.92058767e+00  1.15461439e+00  1.35647939e-01  1.00000000e-03]
Likelihood gradient:
[-0.22820019 -0.02090823 -9.135515    0.        ]
Likelihood:
2730.3367519196963


Hyperparameters:
[-1.92058767e+00  1.15461439e+00  1.35647939e-01  1.00000000e-03]
Likelihood gradient:
[-0.22653719 -0.02003222 -9.13520199  0.        ]
Likelihood:
2730.336751883886


Hyperparameters:
[-1.92220405e+00  1.15383330e+00  1.35632147e-01  1.00000000e-03]
Likelihood gradient:
[-0.00844432 -0.00283047  0.11535454  0.        ]
Likelihood:
2730.336462402609


Hyperparameters:
[-1.92110636e+00  1.15436374e+00  1.35642872e-01  1.00000000e-03]
Likelihood gradient:
[-0.1591327  -0.01661811 -6.16789146  0.        ]
Likelihood:
2730.336714891184


Hyperparameters:
[-1.92077579e+00  1.15452348e+00  1.35646101e-01  1.00000000e-03]
Likelihood gradient:
[-0.20131216 -0.01757666 -8.05861745  0.        ]
Likelihood:
2730.336744475706


Hyperparameters:
[-1.92066081e+00  1.15457904e+00  1.35647225e-01  1.00000000e-03]
Likelihood gradient:
[-0.21926415 -0.01994427 -8.71711341  0.        ]
Likelihood:
2730.336749831249


Hyperparameters:
[-1.92061667e+00  1.15460037e+00  1.35647656e-01  1.00000000e-03]
Likelihood gradient:
[-0.22803504 -0.02265312 -8.97010077  0.        ]
Likelihood:
2730.336751077224


Hyperparameters:
[-1.92059901e+00  1.15460891e+00  1.35647828e-01  1.00000000e-03]
Likelihood gradient:
[-0.22537672 -0.01984529 -9.07026324  0.        ]
Likelihood:
2730.336751675619


Hyperparameters:
[-1.92059218e+00  1.15461221e+00  1.35647895e-01  1.00000000e-03]
Likelihood gradient:
[-0.22440258 -0.01835446 -9.10882159  0.        ]
Likelihood:
2730.3367517601546


Hyperparameters:
[-1.92058930e+00  1.15461360e+00  1.35647923e-01  1.00000000e-03]
Likelihood gradient:
[-0.22648197 -0.01931198 -9.12530419  0.        ]
Likelihood:
2730.33675192559


Hyperparameters:
[-1.92058830e+00  1.15461408e+00  1.35647933e-01  1.00000000e-03]
Likelihood gradient:
[-0.22622989 -0.01943703 -9.13121176  0.        ]
Likelihood:
2730.336751907842


Hyperparameters:
[-1.92058785e+00  1.15461430e+00  1.35647937e-01  1.00000000e-03]
Likelihood gradient:
[-0.22842966 -0.02101068 -9.13414041  0.        ]
Likelihood:
2730.336751885039


Hyperparameters:
[-1.92058770e+00  1.15461437e+00  1.35647939e-01  1.00000000e-03]
Likelihood gradient:
[-0.22717527 -0.01896205 -9.13443271  0.        ]
Likelihood:
2730.336751873192


Hyperparameters:
[-1.92058768e+00  1.15461438e+00  1.35647939e-01  1.00000000e-03]
Likelihood gradient:
[-0.22804889 -0.02034735 -9.13530766  0.        ]
Likelihood:
2730.3367519174462


Warning: stress not available
Precomputing KnK for hyps optimization
Done precomputing. Time: 0.011368989944458008
Hyperparameters:
[-1.92058767e+00  1.15461439e+00  1.35647939e-01  1.00000000e-03]
Likelihood gradient:
[ 7.58069104e+00 -7.67639145e-02  3.78274258e+02  0.00000000e+00]
Likelihood:
2900.8751107893586


Hyperparameters:
[-1.90035113e+00  1.15440947e+00  1.14544517e+00  1.00000000e-03]
Likelihood gradient:
[ 5.95480544e+01 -5.17088586e+00 -5.27087326e+03  0.00000000e+00]
Likelihood:
-6985.746708532641


Hyperparameters:
[-1.92043259e+00  1.15461282e+00  1.43386445e-01  1.00000000e-03]
Likelihood gradient:
[ 9.42296696e+00 -1.58714306e-01 -4.07282594e+03  0.00000000e+00]
Likelihood:
2885.773868340959


Hyperparameters:
[-1.92057600e+00  1.15461427e+00  1.36230139e-01  1.00000000e-03]
Likelihood gradient:
[ 7.71972765 -0.08110431 -2.0629143   0.        ]
Likelihood:
2900.984324384206


Hyperparameters:
[-1.89199874e+00  1.15431409e+00  1.36240578e-01  1.00000000e-03]
Likelihood gradient:
[ 3.81124948 -0.08002971 -1.66001985  0.        ]
Likelihood:
2901.1598608908953


Hyperparameters:
[-1.86415152e+00  1.07504559e+00  1.36249712e-01  1.00000000e-03]
Likelihood gradient:
[-0.24863125  2.02033715  0.88931065  0.        ]
Likelihood:
2901.1480581554933


Hyperparameters:
[-1.87893926e+00  1.11713961e+00  1.36244862e-01  1.00000000e-03]
Likelihood gradient:
[ 1.93962604  0.81713703 -0.56943706  0.        ]
Likelihood:
2901.188947622053


Hyperparameters:
[-1.86294286e+00  1.15107597e+00  1.36249242e-01  1.00000000e-03]
Likelihood gradient:
[-0.43799061 -0.0076398   0.58576852  0.        ]
Likelihood:
2901.2204485795373


Hyperparameters:
[-1.86591293e+00  1.15083146e+00  1.36248908e-01  1.00000000e-03]
Likelihood gradient:
[ 0.00743123 -0.00449658 -0.02132929  0.        ]
Likelihood:
2901.2199712528018


Hyperparameters:
[-1.86351729e+00  1.15102868e+00  1.36249177e-01  1.00000000e-03]
Likelihood gradient:
[-0.35294593 -0.00889198  0.46722996  0.        ]
Likelihood:
2901.2204600127625


Hyperparameters:
[-1.86358220e+00  1.15100743e+00  1.36249169e-01  1.00000000e-03]
Likelihood gradient:
[-0.34157838 -0.00759475  0.45478836  0.        ]
Likelihood:
2901.2204582620543


Hyperparameters:
[-1.86352988e+00  1.15102456e+00  1.36249176e-01  1.00000000e-03]
Likelihood gradient:
[-0.35055184 -0.00825085  0.46502266  0.        ]
Likelihood:
2901.2204597672426


Hyperparameters:
[-1.86351977e+00  1.15102787e+00  1.36249177e-01  1.00000000e-03]
Likelihood gradient:
[-0.35312959 -0.00891842  0.46649039  0.        ]
Likelihood:
2901.2204600066216


Hyperparameters:
[-1.86351781e+00  1.15102851e+00  1.36249177e-01  1.00000000e-03]
Likelihood gradient:
[-0.35262707 -0.00836105  0.46707064  0.        ]
Likelihood:
2901.2204600924542


Hyperparameters:
[-1.86351911e+00  1.15102809e+00  1.36249177e-01  1.00000000e-03]
Likelihood gradient:
[-0.35269097 -0.00809059  0.46684846  0.        ]
Likelihood:
2901.2204600508903


Hyperparameters:
[-1.86351806e+00  1.15102843e+00  1.36249177e-01  1.00000000e-03]
Likelihood gradient:
[-0.3527754  -0.00734552  0.4676363   0.        ]
Likelihood:
2901.220460017663


Hyperparameters:
[-1.86351784e+00  1.15102850e+00  1.36249177e-01  1.00000000e-03]
Likelihood gradient:
[-0.35397344 -0.00858223  0.46713638  0.        ]
Likelihood:
2901.2204599509278


Hyperparameters:
[-1.86351781e+00  1.15102851e+00  1.36249177e-01  1.00000000e-03]
Likelihood gradient:
[-0.3531317  -0.00778723  0.46733391  0.        ]
Likelihood:
2901.2204600294117


Hyperparameters:
[-1.86351781e+00  1.15102851e+00  1.36249177e-01  1.00000000e-03]
Likelihood gradient:
[-0.34862779 -0.00560738  0.4683766   0.        ]
Likelihood:
2901.220460058319


Hyperparameters:
[-1.86351781e+00  1.15102851e+00  1.36249177e-01  1.00000000e-03]
Likelihood gradient:
[-0.35481392 -0.00894362  0.46711585  0.        ]
Likelihood:
2901.220460044655


Hyperparameters:
[-1.86358220e+00  1.15100743e+00  1.36249169e-01  1.00000000e-03]
Likelihood gradient:
[-0.34311466 -0.00847868  0.45424896  0.        ]
Likelihood:
2901.220458278185


Hyperparameters:
[-1.86354748e+00  1.15101880e+00  1.36249173e-01  1.00000000e-03]
Likelihood gradient:
[-0.3470859  -0.00710452  0.46182785  0.        ]
Likelihood:
2901.220459374128


Hyperparameters:
[-1.86352932e+00  1.15102474e+00  1.36249176e-01  1.00000000e-03]
Likelihood gradient:
[-0.34909301 -0.00612032  0.46579169  0.        ]
Likelihood:
2901.220459754546


Hyperparameters:
[-1.86352220e+00  1.15102707e+00  1.36249177e-01  1.00000000e-03]
Likelihood gradient:
[-0.35304324 -0.00841707  0.46628956  0.        ]
Likelihood:
2901.2204599163615


Hyperparameters:
[-1.86351930e+00  1.15102802e+00  1.36249177e-01  1.00000000e-03]
Likelihood gradient:
[-0.35402166 -0.0091213   0.46678487  0.        ]
Likelihood:
2901.2204599799225


Hyperparameters:
[-1.86351812e+00  1.15102841e+00  1.36249177e-01  1.00000000e-03]
Likelihood gradient:
[-0.35299776 -0.00846172  0.46722757  0.        ]
Likelihood:
2901.2204599428405


Hyperparameters:
[-1.86351756e+00  1.15102859e+00  1.36249177e-01  1.00000000e-03]
Likelihood gradient:
[-0.35186871 -0.00820661  0.46739092  0.        ]
Likelihood:
2901.2204599443066


Hyperparameters:
[-1.86351736e+00  1.15102866e+00  1.36249177e-01  1.00000000e-03]
Likelihood gradient:
[-0.35487247 -0.00959198  0.46665593  0.        ]
Likelihood:
2901.2204600345376


Hyperparameters:
[-1.86351743e+00  1.15102863e+00  1.36249177e-01  1.00000000e-03]
Likelihood gradient:
[-0.35532858 -0.00999479  0.46652496  0.        ]
Likelihood:
2901.2204600013665


Hyperparameters:
[-1.86351737e+00  1.15102865e+00  1.36249177e-01  1.00000000e-03]
Likelihood gradient:
[-0.35368154 -0.00879385  0.46709758  0.        ]
Likelihood:
2901.220459976257


Hyperparameters:
[-1.86351736e+00  1.15102866e+00  1.36249177e-01  1.00000000e-03]
Likelihood gradient:
[-0.35216344 -0.00833841  0.46734695  0.        ]
Likelihood:
2901.22046006279


Hyperparameters:
[-1.86351737e+00  1.15102866e+00  1.36249177e-01  1.00000000e-03]
Likelihood gradient:
[-0.35701004 -0.0108776   0.46641793  0.        ]
Likelihood:
2901.2204599561283


Warning: stress not available
Precomputing KnK for hyps optimization
Done precomputing. Time: 0.01572561264038086
Hyperparameters:
[-1.86351729e+00  1.15102868e+00  1.36249177e-01  1.00000000e-03]
Likelihood gradient:
[ -29.45207615   -3.61169556 1171.88657294    0.        ]
Likelihood:
2984.70281051255


Hyperparameters:
[-1.88889267e+00  1.14791691e+00  1.14592556e+00  1.00000000e-03]
Likelihood gradient:
[   59.6466121     -5.92491129 -5572.68610437     0.        ]
Likelihood:
-7400.833247185212


Hyperparameters:
[-1.86406621e+00  1.15096137e+00  1.58090347e-01  1.00000000e-03]
Likelihood gradient:
[-2.23784259e+01 -3.69349830e+00 -9.58620654e+03  0.00000000e+00]
Likelihood:
2877.7525638149436


Hyperparameters:
[-1.86356148e+00  1.15102326e+00  1.38007473e-01  1.00000000e-03]
Likelihood gradient:
[-28.88068826  -3.61606549 -38.04470072   0.        ]
Likelihood:
2985.6895836166277


Hyperparameters:
[-1.93147298e+00  1.14252587e+00  1.37975306e-01  1.00000000e-03]
Likelihood gradient:
[-16.41839453  -3.48843971 -36.4418395    0.        ]
Likelihood:
2987.2240079878593


Hyperparameters:
[-1.94545601e+00  3.19987485e-01  1.37959317e-01  1.00000000e-03]
Likelihood gradient:
[-14.16594191 332.07091317  91.72215665   0.        ]
Likelihood:
2944.4146279336037


Hyperparameters:
[-1.93528514e+00  9.18278898e-01  1.37970947e-01  1.00000000e-03]
Likelihood gradient:
[-15.78024031   2.91238822 -32.87352931   0.        ]
Likelihood:
2987.475610050047


Hyperparameters:
[-1.96221064e+00  9.46589575e-01  1.37943762e-01  1.00000000e-03]
Likelihood gradient:
[-11.38498938   1.67391889 -21.9855836    0.        ]
Likelihood:
2987.89700240029


Hyperparameters:
[-2.03297860e+00  9.72958532e-01  1.37880965e-01  1.00000000e-03]
Likelihood gradient:
[-1.0166352   0.66380111  3.59995681  0.        ]
Likelihood:
2988.335399758531


Hyperparameters:
[-2.03962071e+00  9.93193752e-01  1.37884281e-01  1.00000000e-03]
Likelihood gradient:
[-0.12868301 -0.03131941 -0.18090906  0.        ]
Likelihood:
2988.343506987825


Hyperparameters:
[-2.04057955e+00  9.92289256e-01  1.37883671e-01  1.00000000e-03]
Likelihood gradient:
[0.00349868 0.00104693 0.0388759  0.        ]
Likelihood:
2988.343297438527


Hyperparameters:
[-2.03970611e+00  9.93113187e-01  1.37884226e-01  1.00000000e-03]
Likelihood gradient:
[-0.11233047 -0.02519227 -0.16071308  0.        ]
Likelihood:
2988.343494366336


Hyperparameters:
[-2.03962906e+00  9.93185874e-01  1.37884275e-01  1.00000000e-03]
Likelihood gradient:
[-0.12337352 -0.03003992 -0.17813786  0.        ]
Likelihood:
2988.3435058061586


Hyperparameters:
[-2.03962153e+00  9.93192977e-01  1.37884280e-01  1.00000000e-03]
Likelihood gradient:
[-0.12038751 -0.02387844 -0.17883957  0.        ]
Likelihood:
2988.343506839905


Hyperparameters:
[-2.03962078e+00  9.93193685e-01  1.37884280e-01  1.00000000e-03]
Likelihood gradient:
[-0.12927773 -0.03317564 -0.18113076  0.        ]
Likelihood:
2988.3435070729192


Hyperparameters:
[-2.03962082e+00  9.93193641e-01  1.37884280e-01  1.00000000e-03]
Likelihood gradient:
[-0.12577516 -0.02840045 -0.18013287  0.        ]
Likelihood:
2988.3435068945437


Hyperparameters:
[-2.03962078e+00  9.93193684e-01  1.37884280e-01  1.00000000e-03]
Likelihood gradient:
[-0.12426215 -0.02863961 -0.17970865  0.        ]
Likelihood:
2988.343506931611


Hyperparameters:
[-2.03962078e+00  9.93193685e-01  1.37884280e-01  1.00000000e-03]
Likelihood gradient:
[-0.12083981 -0.02583393 -0.17934864  0.        ]
Likelihood:
2988.3435071006625


Hyperparameters:
[-2.03962078e+00  9.93193684e-01  1.37884280e-01  1.00000000e-03]
Likelihood gradient:
[-0.12402898 -0.02829628 -0.18026469  0.        ]
Likelihood:
2988.3435069865372


Hyperparameters:
[-2.03962078e+00  9.93193685e-01  1.37884280e-01  1.00000000e-03]
Likelihood gradient:
[-0.12488053 -0.02935461 -0.18036635  0.        ]
Likelihood:
2988.3435070312826


Hyperparameters:
[-2.03962078e+00  9.93193685e-01  1.37884280e-01  1.00000000e-03]
Likelihood gradient:
[-0.1213831  -0.02544327 -0.17953341  0.        ]
Likelihood:
2988.3435070616288


Hyperparameters:
[-2.04057955e+00  9.92289256e-01  1.37883671e-01  1.00000000e-03]
Likelihood gradient:
[ 0.00195205 -0.00147095  0.03824729  0.        ]
Likelihood:
2988.343297475676


Hyperparameters:
[-2.03982215e+00  9.93003728e-01  1.37884153e-01  1.00000000e-03]
Likelihood gradient:
[-0.0996806  -0.02299288 -0.13420136  0.        ]
Likelihood:
2988.343475293339


Hyperparameters:
[-2.03966529e+00  9.93151693e-01  1.37884252e-01  1.00000000e-03]
Likelihood gradient:
[-0.12262613 -0.0298668  -0.17080073  0.        ]
Likelihood:
2988.343500481651


Hyperparameters:
[-2.03963085e+00  9.93184188e-01  1.37884274e-01  1.00000000e-03]
Likelihood gradient:
[-0.12306729 -0.0276186  -0.17758944  0.        ]
Likelihood:
2988.343505553192


Hyperparameters:
[-2.03962304e+00  9.93191552e-01  1.37884279e-01  1.00000000e-03]
Likelihood gradient:
[-0.12373342 -0.02888934 -0.17991817  0.        ]
Likelihood:
2988.3435066982147


Hyperparameters:
[-2.03962128e+00  9.93193212e-01  1.37884280e-01  1.00000000e-03]
Likelihood gradient:
[-0.12292051 -0.02669597 -0.17971924  0.        ]
Likelihood:
2988.3435069761144


Hyperparameters:
[-2.03962094e+00  9.93193530e-01  1.37884280e-01  1.00000000e-03]
Likelihood gradient:
[-0.1246278  -0.02821504 -0.18006281  0.        ]
Likelihood:
2988.3435069183997


Hyperparameters:
[-2.03962075e+00  9.93193713e-01  1.37884281e-01  1.00000000e-03]
Likelihood gradient:
[-0.12521699 -0.02877186 -0.18027796  0.        ]
Likelihood:
2988.343506993562


Hyperparameters:
[-2.03962080e+00  9.93193659e-01  1.37884280e-01  1.00000000e-03]
Likelihood gradient:
[-0.12967434 -0.03382958 -0.1813574   0.        ]
Likelihood:
2988.3435069968327


Hyperparameters:
[-2.03962084e+00  9.93193625e-01  1.37884280e-01  1.00000000e-03]
Likelihood gradient:
[-0.12681242 -0.03082337 -0.18062986  0.        ]
Likelihood:
2988.343506971636


Hyperparameters:
[-2.03962082e+00  9.93193642e-01  1.37884280e-01  1.00000000e-03]
Likelihood gradient:
[-0.12535452 -0.03031798 -0.18077121  0.        ]
Likelihood:
2988.3435069558473


Hyperparameters:
[-2.03962081e+00  9.93193651e-01  1.37884280e-01  1.00000000e-03]
Likelihood gradient:
[-0.12502367 -0.02891225 -0.18030126  0.        ]
Likelihood:
2988.3435070442483


Warning: stress not available
Precomputing KnK for hyps optimization
Done precomputing. Time: 0.014986753463745117
Hyperparameters:
[-2.03962071e+00  9.93193752e-01  1.37884281e-01  1.00000000e-03]
Likelihood gradient:
[   9.40877575    0.32457306 -201.44785349    0.        ]
Likelihood:
3202.5940036792217


Hyperparameters:
[-1.99249932e+00  9.94819291e-01 -8.71014591e-01  1.00000000e-03]
Likelihood gradient:
[ 6.43838587e+01 -5.79057410e+00  7.62929534e+03  0.00000000e+00]
Likelihood:
-5967.3400542275085


Hyperparameters:
[-2.03938244e+00  9.93201971e-01  1.32782750e-01  1.00000000e-03]
Likelihood gradient:
[8.37530619e+00 4.65941034e-01 3.74362709e+03 0.00000000e+00]
Likelihood:
3193.873977176958


Hyperparameters:
[-2.03960773e+00  9.93194199e-01  1.37606410e-01  1.00000000e-03]
Likelihood gradient:
[ 9.35308508  0.33272174 -4.96884735  0.        ]
Likelihood:
3202.6228540961747


Hyperparameters:
[-2.03338381e+00  9.93415776e-01  1.37608160e-01  1.00000000e-03]
Likelihood gradient:
[ 8.58025453  0.32520109 -4.98691812  0.        ]
Likelihood:
3202.680591126942


Hyperparameters:
[-2.00848815e+00  9.94302084e-01  1.37615160e-01  1.00000000e-03]
Likelihood gradient:
[ 5.38811447  0.29908039 -4.86529893  0.        ]
Likelihood:
3202.8627452810833


Hyperparameters:
[-1.96829185e+00  1.24954940e+00  1.37609245e-01  1.00000000e-03]
Likelihood gradient:
[-0.11683037 -4.58686343  3.76411464  0.        ]
Likelihood:
3202.3207660253884


Hyperparameters:
[-2.00255120e+00  1.03200186e+00  1.37614286e-01  1.00000000e-03]
Likelihood gradient:
[ 4.60903669 -0.81452078 -3.9588917   0.        ]
Likelihood:
3202.8840629815313


Hyperparameters:
[-1.99426158e+00  1.02603545e+00  1.37615590e-01  1.00000000e-03]
Likelihood gradient:
[ 3.49072883 -0.64619989 -2.93550264  0.        ]
Likelihood:
3202.924623085659


Hyperparameters:
[-1.97407213e+00  1.00829169e+00  1.37619167e-01  1.00000000e-03]
Likelihood gradient:
[ 0.67093557 -0.13236378 -0.47484851  0.        ]
Likelihood:
3202.980327347954


Hyperparameters:
[-1.96926744e+00  1.00372399e+00  1.37620188e-01  1.00000000e-03]
Likelihood gradient:
[-0.017125    0.0086109   0.03876559  0.        ]
Likelihood:
3202.983756234171


Hyperparameters:
[-1.96938562e+00  1.00400958e+00  1.37620193e-01  1.00000000e-03]
Likelihood gradient:
[-2.05218263e-03  8.51757218e-05 -2.13384323e-04  0.00000000e+00]
Likelihood:
3202.983720279699


Hyperparameters:
[-1.96926975e+00  1.00372957e+00  1.37620188e-01  1.00000000e-03]
Likelihood gradient:
[-0.01108416  0.01552352  0.03985612  0.        ]
Likelihood:
3202.9837556097555


Hyperparameters:
[-1.96926749e+00  1.00372411e+00  1.37620188e-01  1.00000000e-03]
Likelihood gradient:
[-0.01616846  0.0122578   0.03945705  0.        ]
Likelihood:
3202.983756215919


Hyperparameters:
[-1.96926744e+00  1.00372400e+00  1.37620188e-01  1.00000000e-03]
Likelihood gradient:
[-0.01920674  0.00709153  0.03865612  0.        ]
Likelihood:
3202.983756275804


Hyperparameters:
[-1.96926744e+00  1.00372400e+00  1.37620188e-01  1.00000000e-03]
Likelihood gradient:
[-0.01444832  0.01091641  0.03975837  0.        ]
Likelihood:
3202.983756240901


Hyperparameters:
[-1.96926744e+00  1.00372400e+00  1.37620188e-01  1.00000000e-03]
Likelihood gradient:
[-0.01920674  0.00709153  0.03865612  0.        ]
Likelihood:
3202.983756275804


Hyperparameters:
[-1.96926744e+00  1.00372400e+00  1.37620188e-01  1.00000000e-03]
Likelihood gradient:
[-0.01742698  0.00899417  0.03868894  0.        ]
Likelihood:
3202.98375615005


Hyperparameters:
[-1.96926744e+00  1.00372400e+00  1.37620188e-01  1.00000000e-03]
Likelihood gradient:
[-0.01920674  0.00709153  0.03865612  0.        ]
Likelihood:
3202.983756275804


Hyperparameters:
[-1.96926744e+00  1.00372400e+00  1.37620188e-01  1.00000000e-03]
Likelihood gradient:
[-0.01718838  0.00949782  0.03934609  0.        ]
Likelihood:
3202.983756211248


Hyperparameters:
[-1.96926744e+00  1.00372400e+00  1.37620188e-01  1.00000000e-03]
Likelihood gradient:
[-0.01920674  0.00709153  0.03865612  0.        ]
Likelihood:
3202.983756275804


Hyperparameters:
[-1.96926744e+00  1.00372400e+00  1.37620188e-01  1.00000000e-03]
Likelihood gradient:
[-0.01563053  0.01072073  0.03963219  0.        ]
Likelihood:
3202.983756213647


Hyperparameters:
[-1.96926744e+00  1.00372400e+00  1.37620188e-01  1.00000000e-03]
Likelihood gradient:
[-0.01920674  0.00709153  0.03865612  0.        ]
Likelihood:
3202.983756275804


Hyperparameters:
[-1.96926744e+00  1.00372400e+00  1.37620188e-01  1.00000000e-03]
Likelihood gradient:
[-0.01773469  0.0080977   0.03892404  0.        ]
Likelihood:
3202.9837562644825


Hyperparameters:
[-1.96926744e+00  1.00372400e+00  1.37620188e-01  1.00000000e-03]
Likelihood gradient:
[-0.01920674  0.00709153  0.03865612  0.        ]
Likelihood:
3202.983756275804


Hyperparameters:
[-1.96926744e+00  1.00372400e+00  1.37620188e-01  1.00000000e-03]
Likelihood gradient:
[-0.01686511  0.00892225  0.03886573  0.        ]
Likelihood:
3202.9837563118745


Hyperparameters:
[-1.96926744e+00  1.00372400e+00  1.37620188e-01  1.00000000e-03]
Likelihood gradient:
[-0.01213199  0.01504427  0.0398984   0.        ]
Likelihood:
3202.983756181766


Hyperparameters:
[-1.96926744e+00  1.00372400e+00  1.37620188e-01  1.00000000e-03]
Likelihood gradient:
[-0.01155903  0.01384029  0.03994062  0.        ]
Likelihood:
3202.983756247233


Hyperparameters:
[-1.96938562e+00  1.00400958e+00  1.37620193e-01  1.00000000e-03]
Likelihood gradient:
[-0.00022925  0.000987    0.0002168   0.        ]
Likelihood:
3202.9837204206196


Hyperparameters:
[-1.96932653e+00  1.00386679e+00  1.37620190e-01  1.00000000e-03]
Likelihood gradient:
[-0.00790713  0.00580183  0.020133    0.        ]
Likelihood:
3202.9837389127424


Hyperparameters:
[-1.96929699e+00  1.00379539e+00  1.37620189e-01  1.00000000e-03]
Likelihood gradient:
[-0.01005101  0.00885786  0.0299227   0.        ]
Likelihood:
3202.9837477987676


Hyperparameters:
[-1.96928222e+00  1.00375969e+00  1.37620189e-01  1.00000000e-03]
Likelihood gradient:
[-0.01324489  0.01115045  0.0350122   0.        ]
Likelihood:
3202.983752033415


Hyperparameters:
[-1.96927483e+00  1.00374184e+00  1.37620188e-01  1.00000000e-03]
Likelihood gradient:
[-0.01354561  0.01094864  0.0371232   0.        ]
Likelihood:
3202.983754098992


Hyperparameters:
[-1.96927114e+00  1.00373292e+00  1.37620188e-01  1.00000000e-03]
Likelihood gradient:
[-0.0127307   0.01273764  0.0387894   0.        ]
Likelihood:
3202.9837552703957


Hyperparameters:
[-1.96926929e+00  1.00372846e+00  1.37620188e-01  1.00000000e-03]
Likelihood gradient:
[-0.01749958  0.00889864  0.03879663  0.        ]
Likelihood:
3202.98375575468


Hyperparameters:
[-1.96926837e+00  1.00372623e+00  1.37620188e-01  1.00000000e-03]
Likelihood gradient:
[-0.01555596  0.01025153  0.03933218  0.        ]
Likelihood:
3202.983755914118


Hyperparameters:
[-1.96926791e+00  1.00372511e+00  1.37620188e-01  1.00000000e-03]
Likelihood gradient:
[-0.01214533  0.01347071  0.04008168  0.        ]
Likelihood:
3202.98375604387


Hyperparameters:
[-1.96926767e+00  1.00372455e+00  1.37620188e-01  1.00000000e-03]
Likelihood gradient:
[-0.01932905  0.00960737  0.03885391  0.        ]
Likelihood:
3202.9837561480435


Hyperparameters:
[-1.96926756e+00  1.00372427e+00  1.37620188e-01  1.00000000e-03]
Likelihood gradient:
[-0.01610826  0.00945211  0.03932364  0.        ]
Likelihood:
3202.983756140571


Hyperparameters:
[-1.96926750e+00  1.00372413e+00  1.37620188e-01  1.00000000e-03]
Likelihood gradient:
[-0.01956899  0.00716384  0.03829864  0.        ]
Likelihood:
3202.983756182064


Warning: stress not available
Precomputing KnK for hyps optimization
Done precomputing. Time: 0.019170284271240234
Hyperparameters:
[-1.96926744e+00  1.00372399e+00  1.37620188e-01  1.00000000e-03]
Likelihood gradient:
[ 3.50233825e+00  7.60290823e-01 -2.14086281e+03  0.00000000e+00]
Likelihood:
3535.454949447394


Hyperparameters:
[-1.96761514e+00  1.00408268e+00 -8.72378397e-01  1.00000000e-03]
Likelihood gradient:
[ 6.60066168e+01 -5.62300439e+00  8.03268755e+03  0.00000000e+00]
Likelihood:
-6282.324048918214


Hyperparameters:
[-1.96919532e+00  1.00373965e+00  9.35349449e-02  1.00000000e-03]
Likelihood gradient:
[-5.67121230e+00  2.10658805e+00  8.15034291e+04  0.00000000e+00]
Likelihood:
2315.4083081661793


Hyperparameters:
[-1.96926219e+00  1.00372513e+00  1.34410032e-01  1.00000000e-03]
Likelihood gradient:
[  2.8015901    0.8537482  251.85750141   0.        ]
Likelihood:
3538.5629561414844


Hyperparameters:
[2.21435273e-02 1.58819965e+00 1.35204438e-01 1.00000000e-03]
Likelihood gradient:
[ 9.32282441e+05 -5.52427991e+00  2.27614683e+05  0.00000000e+00]
Likelihood:
-21291.901410331535


Hyperparameters:
[-1.96925896e+00  1.00372608e+00  1.34410034e-01  1.00000000e-03]
Likelihood gradient:
[  2.80607728   0.85648373 251.85763336   0.        ]
Likelihood:
3538.562967515327


Hyperparameters:
[-1.96925571e+00  1.00372704e+00  1.34410035e-01  1.00000000e-03]
Likelihood gradient:
[  2.80463952   0.85712996 251.85742965   0.        ]
Likelihood:
3538.5629786789796


Hyperparameters:
[-9.73556093e-01  1.29596334e+00  1.34807236e-01  1.00000000e-03]
Likelihood gradient:
[-681.76011081   -4.93012994 1176.78220498    0.        ]
Likelihood:
3340.2957959031974


Hyperparameters:
[-1.86304878e+00  1.03489861e+00  1.34452403e-01  1.00000000e-03]
Likelihood gradient:
[-1.48646664e+01 -1.74644060e-01  2.44107814e+02  0.00000000e+00]
Likelihood:
3538.0194929530244


Hyperparameters:
[-1.94765806e+00  1.01006592e+00  1.34418651e-01  1.00000000e-03]
Likelihood gradient:
[ -0.44573113   0.63284804 249.70007338   0.        ]
Likelihood:
3538.602788332302


Hyperparameters:
[-1.95487837e+00  1.11337081e+00  1.34466173e-01  1.00000000e-03]
Likelihood gradient:
[  0.6758373   -2.21718067 208.10834552   0.        ]
Likelihood:
3538.5170521397104


Hyperparameters:
[-1.94922825e+00  1.03253146e+00  1.34428985e-01  1.00000000e-03]
Likelihood gradient:
[-1.95528756e-01 -1.00208985e-01  2.40565902e+02  0.00000000e+00]
Likelihood:
3538.6110742456785


Hyperparameters:
[-1.94940713e+00  1.03174214e+00  1.34498087e-01  1.00000000e-03]
Likelihood gradient:
[-1.55077828e-01 -7.97760071e-02  1.86024977e+02  0.00000000e+00]
Likelihood:
3538.6258579045843


Hyperparameters:
[-1.94989675e+00  1.02971242e+00  1.34657340e-01  1.00000000e-03]
Likelihood gradient:
[-4.17691023e-02 -1.90510168e-02  6.08503213e+01  0.00000000e+00]
Likelihood:
3538.6454967907102


Hyperparameters:
[-1.95004555e+00  1.02904828e+00  1.34734773e-01  1.00000000e-03]
Likelihood gradient:
[-0.0034132  -0.00085776  0.26630782  0.        ]
Likelihood:
3538.6478241477016


Hyperparameters:
[-1.95006779e+00  1.02902117e+00  1.34735109e-01  1.00000000e-03]
Likelihood gradient:
[-0.00112186 -0.00145127 -0.00078073  0.        ]
Likelihood:
3538.647816866058


Hyperparameters:
[-1.95004565e+00  1.02904816e+00  1.34734774e-01  1.00000000e-03]
Likelihood gradient:
[-0.00358136 -0.00088361  0.26496993  0.        ]
Likelihood:
3538.6478241749664


Hyperparameters:
[-1.95004574e+00  1.02904805e+00  1.34734775e-01  1.00000000e-03]
Likelihood gradient:
[-0.00745483 -0.00440367  0.26280066  0.        ]
Likelihood:
3538.647824184296


Hyperparameters:
[-1.95005677e+00  1.02903461e+00  1.34734942e-01  1.00000000e-03]
Likelihood gradient:
[-0.00178097 -0.00018239  0.13182137  0.        ]
Likelihood:
3538.647820518252


Hyperparameters:
[-1.95004583e+00  1.02904794e+00  1.34734777e-01  1.00000000e-03]
Likelihood gradient:
[-0.0103242  -0.00761046  0.26138131  0.        ]
Likelihood:
3538.6478241041186


Hyperparameters:
[-1.95004574e+00  1.02904805e+00  1.34734775e-01  1.00000000e-03]
Likelihood gradient:
[-0.0022726   0.00049253  0.26458771  0.        ]
Likelihood:
3538.6478241550285


Hyperparameters:
[-1.95004746e+00  1.02904952e+00  1.34734814e-01  1.00000000e-03]
Likelihood gradient:
[-0.00686295 -0.0051737   0.23243687  0.        ]
Likelihood:
3538.647823539379


Hyperparameters:
[-1.95004575e+00  1.02904805e+00  1.34734776e-01  1.00000000e-03]
Likelihood gradient:
[-0.00734794 -0.00693527  0.26257027  0.        ]
Likelihood:
3538.647824139902


Hyperparameters:
[-1.95004574e+00  1.02904805e+00  1.34734775e-01  1.00000000e-03]
Likelihood gradient:
[-0.00632401 -0.00404803  0.26322825  0.        ]
Likelihood:
3538.6478241589793


Hyperparameters:
[-1.95004574e+00  1.02904805e+00  1.34734775e-01  1.00000000e-03]
Likelihood gradient:
[-0.00331425 -0.00092065  0.26414626  0.        ]
Likelihood:
3538.647823989173


Hyperparameters:
[-1.95004574e+00  1.02904805e+00  1.34734775e-01  1.00000000e-03]
Likelihood gradient:
[-0.00543283 -0.00410204  0.26325727  0.        ]
Likelihood:
3538.647824156138


Hyperparameters:
[-1.95004746e+00  1.02904952e+00  1.34734814e-01  1.00000000e-03]
Likelihood gradient:
[-0.00365383 -0.00242027  0.2329695   0.        ]
Likelihood:
3538.6478235793256


Hyperparameters:
[-1.95004660e+00  1.02904878e+00  1.34734795e-01  1.00000000e-03]
Likelihood gradient:
[-0.00580935 -0.00276855  0.24799894  0.        ]
Likelihood:
3538.647823740661


Hyperparameters:
[-1.95004617e+00  1.02904842e+00  1.34734785e-01  1.00000000e-03]
Likelihood gradient:
[-0.00508277 -0.00336073  0.25583727  0.        ]
Likelihood:
3538.64782394756


Hyperparameters:
[-1.95004596e+00  1.02904823e+00  1.34734780e-01  1.00000000e-03]
Likelihood gradient:
[-0.00343561 -0.00279346  0.25981391  0.        ]
Likelihood:
3538.6478241008645


Hyperparameters:
[-1.95004585e+00  1.02904814e+00  1.34734778e-01  1.00000000e-03]
Likelihood gradient:
[-0.00244689 -0.00038698  0.2623436   0.        ]
Likelihood:
3538.6478240516426


Hyperparameters:
[-1.95004579e+00  1.02904809e+00  1.34734777e-01  1.00000000e-03]
Likelihood gradient:
[-0.00462969 -0.00378259  0.26261847  0.        ]
Likelihood:
3538.647824028567


Hyperparameters:
[-1.95004577e+00  1.02904807e+00  1.34734776e-01  1.00000000e-03]
Likelihood gradient:
[-0.00911363 -0.0068914   0.26211503  0.        ]
Likelihood:
3538.6478240241613


Hyperparameters:
[-1.95004575e+00  1.02904806e+00  1.34734776e-01  1.00000000e-03]
Likelihood gradient:
[-0.00677631 -0.00331271  0.26352382  0.        ]
Likelihood:
3538.647823935431


Hyperparameters:
[-1.95004575e+00  1.02904805e+00  1.34734776e-01  1.00000000e-03]
Likelihood gradient:
[-0.00790331 -0.0054964   0.26263814  0.        ]
Likelihood:
3538.647823963898


Hyperparameters:
[-1.95004574e+00  1.02904805e+00  1.34734776e-01  1.00000000e-03]
Likelihood gradient:
[-0.00693406 -0.00455433  0.26287498  0.        ]
Likelihood:
3538.6478241520344


Hyperparameters:
[-1.95004574e+00  1.02904805e+00  1.34734776e-01  1.00000000e-03]
Likelihood gradient:
[-0.01080697 -0.00690235  0.26252971  0.        ]
Likelihood:
3538.647824212696


Hyperparameters:
[-1.95004574e+00  1.02904805e+00  1.34734776e-01  1.00000000e-03]
Likelihood gradient:
[-0.00550115 -0.00495582  0.26274082  0.        ]
Likelihood:
3538.6478240595898


Warning: stress not available
Warning: stress not available
Warning: stress not available
Warning: stress not available
Warning: stress not available
Warning: stress not available
Warning: stress not available
Warning: stress not available
Warning: stress not available
Warning: stress not available
Warning: stress not available
Warning: stress not available
Warning: stress not available
Warning: stress not available
Warning: stress not available
Warning: stress not available
Warning: stress not available
Warning: stress not available
Warning: stress not available
Warning: stress not available
Warning: stress not available
Warning: stress not available
Warning: stress not available
Warning: stress not available
Warning: stress not available
Warning: stress not available
Warning: stress not available
Warning: stress not available
Warning: stress not available
Warning: stress not available
Warning: stress not available
Warning: stress not available
Warning: stress not available
Warning: stress not available
Warning: stress not available
Warning: stress not available
Warning: stress not available
Warning: stress not available
Warning: stress not available
Warning: stress not available
Warning: stress not available
Warning: stress not available
Warning: stress not available
Warning: stress not available
Warning: stress not available
Warning: stress not available
Warning: stress not available
Warning: stress not available
Warning: stress not available
Warning: stress not available
Warning: stress not available
Warning: stress not available
Warning: stress not available
Warning: stress not available
Warning: stress not available
Warning: stress not available
Warning: stress not available
Warning: stress not available
Warning: stress not available
Warning: stress not available
Warning: stress not available
Warning: stress not available
Warning: stress not available
Warning: stress not available
Warning: stress not available
Warning: stress not available
Warning: stress not available
Warning: stress not available
Warning: stress not available
Warning: stress not available
Warning: stress not available
Warning: stress not available
Warning: stress not available
Warning: stress not available
Warning: stress not available
Warning: stress not available
Warning: stress not available
Warning: stress not available
Warning: stress not available
Warning: stress not available
Warning: stress not available
Warning: stress not available
Warning: stress not available
Warning: stress not available
Warning: stress not available
Warning: stress not available
Warning: stress not available
Warning: stress not available
Warning: stress not available
Warning: stress not available
Warning: stress not available
Warning: stress not available
Warning: stress not available
Warning: stress not available
Warning: stress not available
Warning: stress not available
Warning: stress not available
Warning: stress not available
Warning: stress not available
Warning: stress not available
Warning: stress not available
Warning: stress not available
Warning: stress not available
Warning: stress not available
Warning: stress not available
Warning: stress not available
Warning: stress not available
Warning: stress not available
Warning: stress not available
Warning: stress not available
Warning: stress not available
Warning: stress not available
Warning: stress not available
Warning: stress not available
Warning: stress not available
Warning: stress not available
Warning: stress not available
Warning: stress not available
Warning: stress not available
Warning: stress not available
Warning: stress not available
Warning: stress not available
Warning: stress not available
Warning: stress not available
Warning: stress not available
Warning: stress not available
Warning: stress not available
Warning: stress not available
Warning: stress not available
Warning: stress not available
Warning: stress not available
Warning: stress not available
Warning: stress not available
Warning: stress not available
Warning: stress not available
Warning: stress not available
Warning: stress not available
Warning: stress not available
Warning: stress not available
Warning: stress not available
Warning: stress not available
Warning: stress not available
Warning: stress not available
Warning: stress not available
Warning: stress not available
Warning: stress not available
Warning: stress not available
Warning: stress not available
Warning: stress not available
Warning: stress not available
Warning: stress not available
Warning: stress not available
Warning: stress not available
Warning: stress not available
Warning: stress not available
Warning: stress not available
Warning: stress not available
Warning: stress not available
Warning: stress not available
Warning: stress not available
Warning: stress not available
Warning: stress not available
Warning: stress not available
Warning: stress not available
Warning: stress not available
Warning: stress not available
Warning: stress not available
Warning: stress not available
Warning: stress not available
Warning: stress not available
Warning: stress not available
Warning: stress not available
Warning: stress not available
Warning: stress not available
Warning: stress not available
Warning: stress not available
Warning: stress not available
Warning: stress not available
Warning: stress not available
Warning: stress not available
Warning: stress not available
Warning: stress not available
Warning: stress not available
Warning: stress not available
Warning: stress not available
Warning: stress not available
Warning: stress not available
Warning: stress not available
Warning: stress not available
Warning: stress not available
Warning: stress not available
Warning: stress not available
Warning: stress not available
Warning: stress not available
Warning: stress not available
Warning: stress not available
Warning: stress not available
Warning: stress not available
Warning: stress not available
Warning: stress not available
Warning: stress not available
Warning: stress not available
Warning: stress not available
Warning: stress not available
Warning: stress not available
Warning: stress not available
Warning: stress not available
Warning: stress not available
Warning: stress not available
Warning: stress not available
Warning: stress not available
Warning: stress not available
Warning: stress not available
Warning: stress not available
Warning: stress not available
Warning: stress not available
Warning: stress not available
Warning: stress not available
Warning: stress not available
Warning: stress not available
Warning: stress not available
Warning: stress not available
Warning: stress not available
Warning: stress not available
Warning: stress not available
Warning: stress not available
Warning: stress not available
Warning: stress not available
Warning: stress not available
Warning: stress not available
Warning: stress not available
Warning: stress not available
Warning: stress not available
Warning: stress not available
Warning: stress not available
Warning: stress not available
Warning: stress not available
Warning: stress not available
Warning: stress not available
Warning: stress not available
Warning: stress not available
Warning: stress not available
Warning: stress not available
Warning: stress not available
Warning: stress not available
Warning: stress not available
Warning: stress not available
Warning: stress not available
Warning: stress not available
Warning: stress not available
Warning: stress not available
Warning: stress not available
Warning: stress not available
Warning: stress not available
Warning: stress not available
Warning: stress not available
Warning: stress not available
Warning: stress not available
Warning: stress not available
Warning: stress not available
Warning: stress not available
Warning: stress not available
Warning: stress not available
Warning: stress not available
Warning: stress not available
Warning: stress not available
Warning: stress not available
Warning: stress not available
Warning: stress not available
Warning: stress not available
Warning: stress not available
Warning: stress not available
Warning: stress not available
Warning: stress not available
Warning: stress not available
Warning: stress not available
Warning: stress not available
Warning: stress not available
Warning: stress not available
Warning: stress not available
Warning: stress not available
Warning: stress not available
Warning: stress not available
Warning: stress not available
Warning: stress not available
Warning: stress not available
Warning: stress not available
Warning: stress not available
Warning: stress not available
Warning: stress not available
Warning: stress not available
Warning: stress not available
Warning: stress not available
Warning: stress not available
Warning: stress not available
Warning: stress not available
Warning: stress not available
